<?xml version="1.0" encoding="UTF-8" ?>
<testsuite tests="2" failures="0" name="lds.graph.GraphManagerTest" time="1,494.904" errors="1" skipped="0">
  <properties>
    <property name="java.runtime.name" value="Java(TM) SE Runtime Environment"/>
    <property name="java.vm.version" value="11.0.1+13-LTS"/>
    <property name="sun.boot.library.path" value="C:\Program Files\Java\jdk-11.0.1\bin"/>
    <property name="maven.multiModuleProjectDirectory" value="C:/Users/LENOVO/Documents/NetBeansProjects/lds_DrNasredine"/>
    <property name="java.vm.vendor" value="Oracle Corporation"/>
    <property name="java.vendor.url" value="http://java.oracle.com/"/>
    <property name="guice.disable.misplaced.annotation.check" value="true"/>
    <property name="path.separator" value=";"/>
    <property name="java.vm.name" value="Java HotSpot(TM) 64-Bit Server VM"/>
    <property name="sun.os.patch.level" value=""/>
    <property name="user.script" value=""/>
    <property name="user.country" value="US"/>
    <property name="sun.java.launcher" value="SUN_STANDARD"/>
    <property name="java.vm.specification.name" value="Java Virtual Machine Specification"/>
    <property name="user.dir" value="C:\Users\LENOVO\Documents\NetBeansProjects\lds_DrNasredine"/>
    <property name="java.vm.compressedOopsMode" value="32-bit"/>
    <property name="java.runtime.version" value="11.0.1+13-LTS"/>
    <property name="java.awt.graphicsenv" value="sun.awt.Win32GraphicsEnvironment"/>
    <property name="os.arch" value="amd64"/>
    <property name="java.io.tmpdir" value="C:\Users\LENOVO\AppData\Local\Temp\"/>
    <property name="line.separator" value="
"/>
    <property name="java.vm.specification.vendor" value="Oracle Corporation"/>
    <property name="user.variant" value=""/>
    <property name="os.name" value="Windows 10"/>
    <property name="classworlds.conf" value="C:/Program Files/apache-maven-3.5.3/bin/m2.conf"/>
    <property name="sun.jnu.encoding" value="Cp1256"/>
    <property name="java.library.path" value="C:\Program Files\Java\jdk-11.0.1\bin;C:\Windows\Sun\Java\bin;C:\Windows\system32;C:\Windows;C:\Users\LENOVO\bin;C:\Program Files\Git\mingw64\bin;C:\Program Files\Git\usr\local\bin;C:\Program Files\Git\usr\bin;C:\Program Files\Git\usr\bin;C:\Program Files\Git\mingw64\bin;C:\Program Files\Git\usr\bin;C:\Users\LENOVO\bin;C:\Program Files\Java\jdk-11.0.1\bin;C:\app\LENOVO\product\12.1.0\dbhome_1\bin;C:\app\LENOVO\product\12.1.0\dbhome_2\bin;C:\ProgramData\Oracle\Java\javapath;C:\Program Files (x86)\Intel\iCLS Client;C:\Program Files\Intel\iCLS Client;C:\WINDOWS\system32;C:\WINDOWS;C:\WINDOWS\System32\Wbem;C:\WINDOWS\System32\WindowsPowerShell\v1.0;C:\Program Files\Intel\Intel(R) Management Engine Components\DAL;C:\Program Files\Intel\Intel(R) Management Engine Components\IPT;C:\Program Files (x86)\Intel\Intel(R) Management Engine Components\DAL;C:\Program Files (x86)\Intel\Intel(R) Management Engine Components\IPT;C:\Program Files (x86)\Common Files\lenovo\easyplussdk\bin;C:\Program Files (x86)\Windows Kits\8.1\Windows Performance Toolkit;C:\Program Files\Microsoft SQL Server\110\Tools\Binn;C:\Users\LENOVO\.dnx\bin;C:\Program Files\Microsoft DNX\Dnvm;C:\Program Files\Microsoft SQL Server\Client SDK\ODBC\110\Tools\Binn;C:\Program Files (x86)\Microsoft SQL Server\120\Tools\Binn;C:\Program Files\Microsoft SQL Server\120\Tools\Binn;C:\Program Files\Microsoft SQL Server\120\DTS\Binn;C:\Program Files (x86)\Microsoft SQL Server\120\Tools\Binn\ManagementStudio;C:\Program Files (x86)\Microsoft SQL Server\120\DTS\Binn;C:\Program Files (x86)\NVIDIA Corporation\PhysX\Common;C:\Windows\system32;C:\Windows;C:\Windows\System32\Wbem;C:\Windows\System32\WindowsPowerShell\v1.0;C:\Program Files\Microsoft SQL Server\130\Tools\Binn;C:\Program Files (x86)\Microsoft SQL Server\110\DTS\Binn;C:\Program Files\MATLAB\MATLAB Production Server\R2015a\runtime\win64;C:\Program Files\MATLAB\MATLAB Production Server\R2015a\bin;C:\Program Files\MATLAB\MATLAB Production Server\R2015a\polyspace\bin;C:\OpenSSL-Win64\bin;C:\Program Files\Git\cmd;C:\Program Files\apache-maven-3.5.3\bin;C:\Program Files\nodejs;C:\Users\LENOVO\AppData\Local\Microsoft\WindowsApps;C:\Users\LENOVO\AppData\Roaming\npm;C:\Users\LENOVO\AppData\Local\Programs\MiKTeX 2.9\miktex\bin\x64;C:\Program Files\Git\usr\bin\vendor_perl;C:\Program Files\Git\usr\bin\core_perl;."/>
    <property name="maven.conf" value="C:/Program Files/apache-maven-3.5.3/conf"/>
    <property name="jdk.debug" value="release"/>
    <property name="java.class.version" value="55.0"/>
    <property name="java.specification.name" value="Java Platform API Specification"/>
    <property name="sun.management.compiler" value="HotSpot 64-Bit Tiered Compilers"/>
    <property name="os.version" value="10.0"/>
    <property name="library.jansi.path" value="C:/Program Files/apache-maven-3.5.3/lib/jansi-native"/>
    <property name="user.home" value="C:\Users\LENOVO"/>
    <property name="user.timezone" value="Asia/Beirut"/>
    <property name="java.awt.printerjob" value="sun.awt.windows.WPrinterJob"/>
    <property name="file.encoding" value="Cp1256"/>
    <property name="java.specification.version" value="11"/>
    <property name="user.name" value="LENOVO"/>
    <property name="java.class.path" value="C:/Program Files/apache-maven-3.5.3/boot/plexus-classworlds-2.5.2.jar"/>
    <property name="java.vm.specification.version" value="11"/>
    <property name="sun.arch.data.model" value="64"/>
    <property name="sun.java.command" value="org.codehaus.plexus.classworlds.launcher.Launcher clean install"/>
    <property name="java.home" value="C:\Program Files\Java\jdk-11.0.1"/>
    <property name="user.language" value="en"/>
    <property name="java.specification.vendor" value="Oracle Corporation"/>
    <property name="awt.toolkit" value="sun.awt.windows.WToolkit"/>
    <property name="java.vm.info" value="mixed mode"/>
    <property name="java.version" value="11.0.1"/>
    <property name="java.vendor" value="Oracle Corporation"/>
    <property name="maven.home" value="C:\Program Files\apache-maven-3.5.3"/>
    <property name="file.separator" value="\"/>
    <property name="java.version.date" value="2018-10-16"/>
    <property name="java.vendor.url.bug" value="http://bugreport.java.com/bugreport/"/>
    <property name="sun.io.unicode.encoding" value="UnicodeLittle"/>
    <property name="sun.cpu.endian" value="little"/>
    <property name="java.vendor.version" value="18.9"/>
    <property name="sun.desktop" value="windows"/>
    <property name="sun.cpu.isalist" value="amd64"/>
  </properties>
  <testcase classname="lds.graph.GraphManagerTest" name="constructGraphOfOneLevelFromDBpediaAndRunLdsdOnItTest" time="1,494.469">
    <error message="Unexpected error making the query: java.net.SocketTimeoutException: Read timed out" type="HttpException">HttpException: -1 Unexpected error making the query: java.net.SocketTimeoutException: Read timed out
	at org.apache.jena.sparql.engine.http.HttpQuery.rewrap(HttpQuery.java:374)
	at org.apache.jena.sparql.engine.http.HttpQuery.execGet(HttpQuery.java:337)
	at org.apache.jena.sparql.engine.http.HttpQuery.exec(HttpQuery.java:288)
	at org.apache.jena.sparql.engine.http.QueryEngineHTTP.execResultSetInner(QueryEngineHTTP.java:348)
	at org.apache.jena.sparql.engine.http.QueryEngineHTTP.execSelect(QueryEngineHTTP.java:340)
	at sc.research.ldq.RemoteSparqlLdDataset.executeSelectQuery(RemoteSparqlLdDataset.java:19)
	at lds.graph.LdGraphManager.addIngoingResourcesFromDataset(LdGraphManager.java:152)
	at lds.graph.LdGraphManager.addIngoingResourcesFromDataset(LdGraphManager.java:190)
	at lds.graph.LdGraphManager.getInOutResources(LdGraphManager.java:110)
	at lds.graph.GraphManagerTest.constructGraphOfOneLevelFromDBpediaAndRunLdsdOnItTest(GraphManagerTest.java:76)
	at java.base/jdk.internal.reflect.NativeMethodAccessorImpl.invoke0(Native Method)
	at java.base/jdk.internal.reflect.NativeMethodAccessorImpl.invoke(NativeMethodAccessorImpl.java:62)
	at java.base/jdk.internal.reflect.DelegatingMethodAccessorImpl.invoke(DelegatingMethodAccessorImpl.java:43)
	at java.base/java.lang.reflect.Method.invoke(Method.java:566)
	at org.junit.runners.model.FrameworkMethod$1.runReflectiveCall(FrameworkMethod.java:50)
	at org.junit.internal.runners.model.ReflectiveCallable.run(ReflectiveCallable.java:12)
	at org.junit.runners.model.FrameworkMethod.invokeExplosively(FrameworkMethod.java:47)
	at org.junit.internal.runners.statements.InvokeMethod.evaluate(InvokeMethod.java:17)
	at org.junit.runners.ParentRunner.runLeaf(ParentRunner.java:325)
	at org.junit.runners.BlockJUnit4ClassRunner.runChild(BlockJUnit4ClassRunner.java:78)
	at org.junit.runners.BlockJUnit4ClassRunner.runChild(BlockJUnit4ClassRunner.java:57)
	at org.junit.runners.ParentRunner$3.run(ParentRunner.java:290)
	at org.junit.runners.ParentRunner$1.schedule(ParentRunner.java:71)
	at org.junit.runners.ParentRunner.runChildren(ParentRunner.java:288)
	at org.junit.runners.ParentRunner.access$000(ParentRunner.java:58)
	at org.junit.runners.ParentRunner$2.evaluate(ParentRunner.java:268)
	at org.junit.runners.ParentRunner.run(ParentRunner.java:363)
	at org.apache.maven.surefire.junit4.JUnit4Provider.execute(JUnit4Provider.java:252)
	at org.apache.maven.surefire.junit4.JUnit4Provider.executeTestSet(JUnit4Provider.java:141)
	at org.apache.maven.surefire.junit4.JUnit4Provider.invoke(JUnit4Provider.java:112)
	at java.base/jdk.internal.reflect.NativeMethodAccessorImpl.invoke0(Native Method)
	at java.base/jdk.internal.reflect.NativeMethodAccessorImpl.invoke(NativeMethodAccessorImpl.java:62)
	at java.base/jdk.internal.reflect.DelegatingMethodAccessorImpl.invoke(DelegatingMethodAccessorImpl.java:43)
	at java.base/java.lang.reflect.Method.invoke(Method.java:566)
	at org.apache.maven.surefire.util.ReflectionUtils.invokeMethodWithArray(ReflectionUtils.java:189)
	at org.apache.maven.surefire.booter.ProviderFactory$ProviderProxy.invoke(ProviderFactory.java:165)
	at org.apache.maven.surefire.booter.ProviderFactory.invokeProvider(ProviderFactory.java:85)
	at org.apache.maven.surefire.booter.ForkedBooter.runSuitesInProcess(ForkedBooter.java:115)
	at org.apache.maven.surefire.booter.ForkedBooter.main(ForkedBooter.java:75)
Caused by: java.net.SocketTimeoutException: Read timed out
	at java.base/java.net.SocketInputStream.socketRead0(Native Method)
	at java.base/java.net.SocketInputStream.socketRead(SocketInputStream.java:115)
	at java.base/java.net.SocketInputStream.read(SocketInputStream.java:168)
	at java.base/java.net.SocketInputStream.read(SocketInputStream.java:140)
	at org.apache.http.impl.io.SessionInputBufferImpl.streamRead(SessionInputBufferImpl.java:137)
	at org.apache.http.impl.io.SessionInputBufferImpl.fillBuffer(SessionInputBufferImpl.java:153)
	at org.apache.http.impl.io.SessionInputBufferImpl.readLine(SessionInputBufferImpl.java:282)
	at org.apache.http.impl.conn.DefaultHttpResponseParser.parseHead(DefaultHttpResponseParser.java:138)
	at org.apache.http.impl.conn.DefaultHttpResponseParser.parseHead(DefaultHttpResponseParser.java:56)
	at org.apache.http.impl.io.AbstractMessageParser.parse(AbstractMessageParser.java:259)
	at org.apache.http.impl.DefaultBHttpClientConnection.receiveResponseHeader(DefaultBHttpClientConnection.java:163)
	at org.apache.http.impl.conn.CPoolProxy.receiveResponseHeader(CPoolProxy.java:165)
	at org.apache.http.protocol.HttpRequestExecutor.doReceiveResponse(HttpRequestExecutor.java:273)
	at org.apache.http.protocol.HttpRequestExecutor.execute(HttpRequestExecutor.java:125)
	at org.apache.http.impl.execchain.MainClientExec.execute(MainClientExec.java:272)
	at org.apache.http.impl.execchain.ProtocolExec.execute(ProtocolExec.java:185)
	at org.apache.http.impl.execchain.RetryExec.execute(RetryExec.java:89)
	at org.apache.http.impl.execchain.RedirectExec.execute(RedirectExec.java:111)
	at org.apache.http.impl.client.InternalHttpClient.doExecute(InternalHttpClient.java:185)
	at org.apache.http.impl.client.CloseableHttpClient.execute(CloseableHttpClient.java:83)
	at org.apache.http.impl.client.CloseableHttpClient.execute(CloseableHttpClient.java:56)
	at org.apache.jena.riot.web.HttpOp.exec(HttpOp.java:1081)
	at org.apache.jena.riot.web.HttpOp.execHttpGet(HttpOp.java:308)
	at org.apache.jena.riot.web.HttpOp.execHttpGet(HttpOp.java:367)
	at org.apache.jena.sparql.engine.http.HttpQuery.execGet(HttpQuery.java:326)
	... 37 more
</error>
    <system-out>Start Timer
select distinct ?subject ?property 
where 
 { GRAPH &lt;http://dbpedia.org&gt;{?subject ?property &lt;http://dbpedia.org/resource/Paris&gt;.
}}
select distinct ?subject ?property 
where 
 { GRAPH &lt;http://dbpedia.org&gt;{?subject ?property &lt;http://dbpedia.org/resource/Parris,_Texas&gt;.
}}
select distinct ?subject ?property 
where 
 { GRAPH &lt;http://dbpedia.org&gt;{?subject ?property &lt;http://dbpedia.org/resource/American_Cathedral_in_Paris&gt;.
}}
select distinct ?subject ?property 
where 
 { GRAPH &lt;http://dbpedia.org&gt;{?subject ?property &lt;http://dbpedia.org/resource/Sainte-Trinité,_Paris&gt;.
}}
select distinct ?subject ?property 
where 
 { GRAPH &lt;http://dbpedia.org&gt;{?subject ?property &lt;http://dbpedia.org/resource/List_of_stations_of_the_Paris_Métro&gt;.
}}
select distinct ?subject ?property 
where 
 { GRAPH &lt;http://dbpedia.org&gt;{?subject ?property &lt;http://dbpedia.org/resource/Terrorism_in_France&gt;.
}}
select distinct ?subject ?property 
where 
 { GRAPH &lt;http://dbpedia.org&gt;{?subject ?property &lt;http://dbpedia.org/resource/Culture_of_Paris&gt;.
}}
select distinct ?subject ?property 
where 
 { GRAPH &lt;http://dbpedia.org&gt;{?subject ?property &lt;http://dbpedia.org/resource/Music_in_Paris&gt;.
}}
select distinct ?subject ?property 
where 
 { GRAPH &lt;http://dbpedia.org&gt;{?subject ?property &lt;http://dbpedia.org/resource/Timeline_of_Paris&gt;.
}}
select distinct ?subject ?property 
where 
 { GRAPH &lt;http://dbpedia.org&gt;{?subject ?property &lt;http://dbpedia.org/resource/Overseas_Vietnamese&gt;.
}}
select distinct ?subject ?property 
where 
 { GRAPH &lt;http://dbpedia.org&gt;{?subject ?property &lt;http://dbpedia.org/resource/Tourism_in_France&gt;.
}}
select distinct ?subject ?property 
where 
 { GRAPH &lt;http://dbpedia.org&gt;{?subject ?property &lt;http://dbpedia.org/resource/List_of_tourist_attractions_in_Paris&gt;.
}}
select distinct ?subject ?property 
where 
 { GRAPH &lt;http://dbpedia.org&gt;{?subject ?property &lt;http://dbpedia.org/resource/Adrien-Marie_Legendre&gt;.
}}
select distinct ?subject ?property 
where 
 { GRAPH &lt;http://dbpedia.org&gt;{?subject ?property &lt;http://dbpedia.org/resource/André_Breton&gt;.
}}
select distinct ?subject ?property 
where 
 { GRAPH &lt;http://dbpedia.org&gt;{?subject ?property &lt;http://dbpedia.org/resource/Anselme_Payen&gt;.
}}
select distinct ?subject ?property 
where 
 { GRAPH &lt;http://dbpedia.org&gt;{?subject ?property &lt;http://dbpedia.org/resource/Charles_Maurice_de_Talleyrand-Périgord&gt;.
}}
select distinct ?subject ?property 
where 
 { GRAPH &lt;http://dbpedia.org&gt;{?subject ?property &lt;http://dbpedia.org/resource/Christiaan_Hendrik_Persoon&gt;.
}}
select distinct ?subject ?property 
where 
 { GRAPH &lt;http://dbpedia.org&gt;{?subject ?property &lt;http://dbpedia.org/resource/Edmond_Rostand&gt;.
}}
select distinct ?subject ?property 
where 
 { GRAPH &lt;http://dbpedia.org&gt;{?subject ?property &lt;http://dbpedia.org/resource/François_Arago&gt;.
}}
select distinct ?subject ?property 
where 
 { GRAPH &lt;http://dbpedia.org&gt;{?subject ?property &lt;http://dbpedia.org/resource/François_Boucher&gt;.
}}
select distinct ?subject ?property 
where 
 { GRAPH &lt;http://dbpedia.org&gt;{?subject ?property &lt;http://dbpedia.org/resource/François_Mitterrand&gt;.
}}
select distinct ?subject ?property 
where 
 { GRAPH &lt;http://dbpedia.org&gt;{?subject ?property &lt;http://dbpedia.org/resource/Gabriel_Lamé&gt;.
}}
select distinct ?subject ?property 
where 
 { GRAPH &lt;http://dbpedia.org&gt;{?subject ?property &lt;http://dbpedia.org/resource/Georg_Forster&gt;.
}}
select distinct ?subject ?property 
where 
 { GRAPH &lt;http://dbpedia.org&gt;{?subject ?property &lt;http://dbpedia.org/resource/Georges-Eugène_Haussmann&gt;.
}}
select distinct ?subject ?property 
where 
 { GRAPH &lt;http://dbpedia.org&gt;{?subject ?property &lt;http://dbpedia.org/resource/Hector_Berlioz&gt;.
}}
select distinct ?subject ?property 
where 
 { GRAPH &lt;http://dbpedia.org&gt;{?subject ?property &lt;http://dbpedia.org/resource/Henri_Lebesgue&gt;.
}}
select distinct ?subject ?property 
where 
 { GRAPH &lt;http://dbpedia.org&gt;{?subject ?property &lt;http://dbpedia.org/resource/Henri_Poincaré&gt;.
}}
select distinct ?subject ?property 
where 
 { GRAPH &lt;http://dbpedia.org&gt;{?subject ?property &lt;http://dbpedia.org/resource/Honoré_de_Balzac&gt;.
}}
select distinct ?subject ?property 
where 
 { GRAPH &lt;http://dbpedia.org&gt;{?subject ?property &lt;http://dbpedia.org/resource/Jacques_Derrida&gt;.
}}
select distinct ?subject ?property 
where 
 { GRAPH &lt;http://dbpedia.org&gt;{?subject ?property &lt;http://dbpedia.org/resource/Jacques_Vergès&gt;.
}}
select distinct ?subject ?property 
where 
 { GRAPH &lt;http://dbpedia.org&gt;{?subject ?property &lt;http://dbpedia.org/resource/Jean-Auguste-Dominique_Ingres&gt;.
}}
select distinct ?subject ?property 
where 
 { GRAPH &lt;http://dbpedia.org&gt;{?subject ?property &lt;http://dbpedia.org/resource/Jean-Baptiste_Say&gt;.
}}
select distinct ?subject ?property 
where 
 { GRAPH &lt;http://dbpedia.org&gt;{?subject ?property &lt;http://dbpedia.org/resource/Jean-Charles_de_Borda&gt;.
}}
select distinct ?subject ?property 
where 
 { GRAPH &lt;http://dbpedia.org&gt;{?subject ?property &lt;http://dbpedia.org/resource/Jean-François_Champollion&gt;.
}}
select distinct ?subject ?property 
where 
 { GRAPH &lt;http://dbpedia.org&gt;{?subject ?property &lt;http://dbpedia.org/resource/Jean_Claude_Eugène_Péclet&gt;.
}}
select distinct ?subject ?property 
where 
 { GRAPH &lt;http://dbpedia.org&gt;{?subject ?property &lt;http://dbpedia.org/resource/Jean_le_Rond_d&apos;Alembert&gt;.
}}
select distinct ?subject ?property 
where 
 { GRAPH &lt;http://dbpedia.org&gt;{?subject ?property &lt;http://dbpedia.org/resource/Jodocus_Badius&gt;.
}}
select distinct ?subject ?property 
where 
 { GRAPH &lt;http://dbpedia.org&gt;{?subject ?property &lt;http://dbpedia.org/resource/Joseph_Louis_Gay-Lussac&gt;.
}}
select distinct ?subject ?property 
where 
 { GRAPH &lt;http://dbpedia.org&gt;{?subject ?property &lt;http://dbpedia.org/resource/Louis_Petit_de_Bachaumont&gt;.
}}
select distinct ?subject ?property 
where 
 { GRAPH &lt;http://dbpedia.org&gt;{?subject ?property &lt;http://dbpedia.org/resource/Louis_VII_of_France&gt;.
}}
select distinct ?subject ?property 
where 
 { GRAPH &lt;http://dbpedia.org&gt;{?subject ?property &lt;http://dbpedia.org/resource/Louis_XVI_of_France&gt;.
}}
select distinct ?subject ?property 
where 
 { GRAPH &lt;http://dbpedia.org&gt;{?subject ?property &lt;http://dbpedia.org/resource/Marie_Antoinette&gt;.
}}
select distinct ?subject ?property 
where 
 { GRAPH &lt;http://dbpedia.org&gt;{?subject ?property &lt;http://dbpedia.org/resource/Mata_Hari&gt;.
}}
select distinct ?subject ?property 
where 
 { GRAPH &lt;http://dbpedia.org&gt;{?subject ?property &lt;http://dbpedia.org/resource/Maurice_Ravel&gt;.
}}
select distinct ?subject ?property 
where 
 { GRAPH &lt;http://dbpedia.org&gt;{?subject ?property &lt;http://dbpedia.org/resource/Max_Ernst&gt;.
}}
select distinct ?subject ?property 
where 
 { GRAPH &lt;http://dbpedia.org&gt;{?subject ?property &lt;http://dbpedia.org/resource/Molière&gt;.
}}
select distinct ?subject ?property 
where 
 { GRAPH &lt;http://dbpedia.org&gt;{?subject ?property &lt;http://dbpedia.org/resource/Ossip_Zadkine&gt;.
}}
select distinct ?subject ?property 
where 
 { GRAPH &lt;http://dbpedia.org&gt;{?subject ?property &lt;http://dbpedia.org/resource/Prosper_Ménière&gt;.
}}
select distinct ?subject ?property 
where 
 { GRAPH &lt;http://dbpedia.org&gt;{?subject ?property &lt;http://dbpedia.org/resource/Raymond_Queneau&gt;.
}}
select distinct ?subject ?property 
where 
 { GRAPH &lt;http://dbpedia.org&gt;{?subject ?property &lt;http://dbpedia.org/resource/Richard_Wright_(author)&gt;.
}}
select distinct ?subject ?property 
where 
 { GRAPH &lt;http://dbpedia.org&gt;{?subject ?property &lt;http://dbpedia.org/resource/Sarah_Bernhardt&gt;.
}}
select distinct ?subject ?property 
where 
 { GRAPH &lt;http://dbpedia.org&gt;{?subject ?property &lt;http://dbpedia.org/resource/Siméon_Denis_Poisson&gt;.
}}
select distinct ?subject ?property 
where 
 { GRAPH &lt;http://dbpedia.org&gt;{?subject ?property &lt;http://dbpedia.org/resource/Sonja_Henie&gt;.
}}
select distinct ?subject ?property 
where 
 { GRAPH &lt;http://dbpedia.org&gt;{?subject ?property &lt;http://dbpedia.org/resource/Sébastien_Le_Prestre_de_Vauban&gt;.
}}
select distinct ?subject ?property 
where 
 { GRAPH &lt;http://dbpedia.org&gt;{?subject ?property &lt;http://dbpedia.org/resource/Tristan_Tzara&gt;.
}}
select distinct ?subject ?property 
where 
 { GRAPH &lt;http://dbpedia.org&gt;{?subject ?property &lt;http://dbpedia.org/resource/Victor_Hugo&gt;.
}}
select distinct ?subject ?property 
where 
 { GRAPH &lt;http://dbpedia.org&gt;{?subject ?property &lt;http://dbpedia.org/resource/Victor_of_Aveyron&gt;.
}}
select distinct ?subject ?property 
where 
 { GRAPH &lt;http://dbpedia.org&gt;{?subject ?property &lt;http://dbpedia.org/resource/Vladimir_Arnold&gt;.
}}
select distinct ?subject ?property 
where 
 { GRAPH &lt;http://dbpedia.org&gt;{?subject ?property &lt;http://dbpedia.org/resource/Voltaire&gt;.
}}
select distinct ?subject ?property 
where 
 { GRAPH &lt;http://dbpedia.org&gt;{?subject ?property &lt;http://dbpedia.org/resource/Wallis_Simpson&gt;.
}}
select distinct ?subject ?property 
where 
 { GRAPH &lt;http://dbpedia.org&gt;{?subject ?property &lt;http://dbpedia.org/resource/Yevgeny_Zamyatin&gt;.
}}
select distinct ?subject ?property 
where 
 { GRAPH &lt;http://dbpedia.org&gt;{?subject ?property &lt;http://dbpedia.org/resource/?mile_Durkheim&gt;.
}}
select distinct ?subject ?property 
where 
 { GRAPH &lt;http://dbpedia.org&gt;{?subject ?property &lt;http://dbpedia.org/resource/?mile_Picard&gt;.
}}
select distinct ?subject ?property 
where 
 { GRAPH &lt;http://dbpedia.org&gt;{?subject ?property &lt;http://dbpedia.org/resource/?mile_Zola&gt;.
}}
select distinct ?subject ?property 
where 
 { GRAPH &lt;http://dbpedia.org&gt;{?subject ?property &lt;http://dbpedia.org/resource/Achille_Valenciennes&gt;.
}}
select distinct ?subject ?property 
where 
 { GRAPH &lt;http://dbpedia.org&gt;{?subject ?property &lt;http://dbpedia.org/resource/Claude_Lefort&gt;.
}}
select distinct ?subject ?property 
where 
 { GRAPH &lt;http://dbpedia.org&gt;{?subject ?property &lt;http://dbpedia.org/resource/Collin_d&apos;Harleville&gt;.
}}
select distinct ?subject ?property 
where 
 { GRAPH &lt;http://dbpedia.org&gt;{?subject ?property &lt;http://dbpedia.org/resource/Céline_Arnauld&gt;.
}}
select distinct ?subject ?property 
where 
 { GRAPH &lt;http://dbpedia.org&gt;{?subject ?property &lt;http://dbpedia.org/resource/Gilbert_Romme&gt;.
}}
select distinct ?subject ?property 
where 
 { GRAPH &lt;http://dbpedia.org&gt;{?subject ?property &lt;http://dbpedia.org/resource/Jacques_de_Reinach&gt;.
}}
select distinct ?subject ?property 
where 
 { GRAPH &lt;http://dbpedia.org&gt;{?subject ?property &lt;http://dbpedia.org/resource/Jean-Félix_Adolphe_Gambart&gt;.
}}
select distinct ?subject ?property 
where 
 { GRAPH &lt;http://dbpedia.org&gt;{?subject ?property &lt;http://dbpedia.org/resource/Jean_Baptiste_Bourguignon_d&apos;Anville&gt;.
}}
select distinct ?subject ?property 
where 
 { GRAPH &lt;http://dbpedia.org&gt;{?subject ?property &lt;http://dbpedia.org/resource/Joseph_Reinach&gt;.
}}
select distinct ?subject ?property 
where 
 { GRAPH &lt;http://dbpedia.org&gt;{?subject ?property &lt;http://dbpedia.org/resource/Louis,_Count_of_Clermont&gt;.
}}
select distinct ?subject ?property 
where 
 { GRAPH &lt;http://dbpedia.org&gt;{?subject ?property &lt;http://dbpedia.org/resource/Marco_Aurelio_Soto&gt;.
}}
select distinct ?subject ?property 
where 
 { GRAPH &lt;http://dbpedia.org&gt;{?subject ?property &lt;http://dbpedia.org/resource/Marie-Jean_Hérault_de_Séchelles&gt;.
}}
select distinct ?subject ?property 
where 
 { GRAPH &lt;http://dbpedia.org&gt;{?subject ?property &lt;http://dbpedia.org/resource/Paul_Collin&gt;.
}}
select distinct ?subject ?property 
where 
 { GRAPH &lt;http://dbpedia.org&gt;{?subject ?property &lt;http://dbpedia.org/resource/Pierre-Henri_de_Valenciennes&gt;.
}}
select distinct ?subject ?property 
where 
 { GRAPH &lt;http://dbpedia.org&gt;{?subject ?property &lt;http://dbpedia.org/resource/Pierre_Jean_François_Turpin&gt;.
}}
select distinct ?subject ?property 
where 
 { GRAPH &lt;http://dbpedia.org&gt;{?subject ?property &lt;http://dbpedia.org/resource/René_Vestri&gt;.
}}
select distinct ?subject ?property 
where 
 { GRAPH &lt;http://dbpedia.org&gt;{?subject ?property &lt;http://dbpedia.org/resource/Salomon_Munk&gt;.
}}
select distinct ?subject ?property 
where 
 { GRAPH &lt;http://dbpedia.org&gt;{?subject ?property &lt;http://dbpedia.org/resource/Salomon_Reinach&gt;.
}}
select distinct ?subject ?property 
where 
 { GRAPH &lt;http://dbpedia.org&gt;{?subject ?property &lt;http://dbpedia.org/resource/Théodore_Reinach&gt;.
}}
select distinct ?subject ?property 
where 
 { GRAPH &lt;http://dbpedia.org&gt;{?subject ?property &lt;http://dbpedia.org/resource/?d?n_von_Horv?th&gt;.
}}
select distinct ?subject ?property 
where 
 { GRAPH &lt;http://dbpedia.org&gt;{?subject ?property &lt;http://dbpedia.org/resource/Adhemar_de_Barros&gt;.
}}
select distinct ?subject ?property 
where 
 { GRAPH &lt;http://dbpedia.org&gt;{?subject ?property &lt;http://dbpedia.org/resource/Adrienne_Bolland&gt;.
}}
select distinct ?subject ?property 
where 
 { GRAPH &lt;http://dbpedia.org&gt;{?subject ?property &lt;http://dbpedia.org/resource/Adrienne_Lecouvreur&gt;.
}}
select distinct ?subject ?property 
where 
 { GRAPH &lt;http://dbpedia.org&gt;{?subject ?property &lt;http://dbpedia.org/resource/Adrienne_de_La_Fayette&gt;.
}}
select distinct ?subject ?property 
where 
 { GRAPH &lt;http://dbpedia.org&gt;{?subject ?property &lt;http://dbpedia.org/resource/Alain_Savary&gt;.
}}
select distinct ?subject ?property 
where 
 { GRAPH &lt;http://dbpedia.org&gt;{?subject ?property &lt;http://dbpedia.org/resource/Albert_Jacquard&gt;.
}}
select distinct ?subject ?property 
where 
 { GRAPH &lt;http://dbpedia.org&gt;{?subject ?property &lt;http://dbpedia.org/resource/Alexander_Stewart,_Duke_of_Albany&gt;.
}}
select distinct ?subject ?property 
where 
 { GRAPH &lt;http://dbpedia.org&gt;{?subject ?property &lt;http://dbpedia.org/resource/Alexandre-?tienne_Choron&gt;.
}}
select distinct ?subject ?property 
where 
 { GRAPH &lt;http://dbpedia.org&gt;{?subject ?property &lt;http://dbpedia.org/resource/Alexandre_Bennigsen&gt;.
}}
select distinct ?subject ?property 
where 
 { GRAPH &lt;http://dbpedia.org&gt;{?subject ?property &lt;http://dbpedia.org/resource/Alexandre_Renard&gt;.
}}
select distinct ?subject ?property 
where 
 { GRAPH &lt;http://dbpedia.org&gt;{?subject ?property &lt;http://dbpedia.org/resource/Alfred_Agache_(architect)&gt;.
}}
select distinct ?subject ?property 
where 
 { GRAPH &lt;http://dbpedia.org&gt;{?subject ?property &lt;http://dbpedia.org/resource/Amédée_Pichot&gt;.
}}
select distinct ?subject ?property 
where 
 { GRAPH &lt;http://dbpedia.org&gt;{?subject ?property &lt;http://dbpedia.org/resource/André-Philippe_Futa&gt;.
}}
select distinct ?subject ?property 
where 
 { GRAPH &lt;http://dbpedia.org&gt;{?subject ?property &lt;http://dbpedia.org/resource/André_Giroux_(painter)&gt;.
}}
select distinct ?subject ?property 
where 
 { GRAPH &lt;http://dbpedia.org&gt;{?subject ?property &lt;http://dbpedia.org/resource/André_Raison&gt;.
}}
select distinct ?subject ?property 
where 
 { GRAPH &lt;http://dbpedia.org&gt;{?subject ?property &lt;http://dbpedia.org/resource/Anicée_Alvina&gt;.
}}
select distinct ?subject ?property 
where 
 { GRAPH &lt;http://dbpedia.org&gt;{?subject ?property &lt;http://dbpedia.org/resource/Anne_Claude_de_Caylus&gt;.
}}
select distinct ?subject ?property 
where 
 { GRAPH &lt;http://dbpedia.org&gt;{?subject ?property &lt;http://dbpedia.org/resource/Anne_Jean_Marie_René_Savary&gt;.
}}
select distinct ?subject ?property 
where 
 { GRAPH &lt;http://dbpedia.org&gt;{?subject ?property &lt;http://dbpedia.org/resource/Antonio_Sacchini&gt;.
}}
select distinct ?subject ?property 
where 
 { GRAPH &lt;http://dbpedia.org&gt;{?subject ?property &lt;http://dbpedia.org/resource/Antonio_de_La_G?ndara&gt;.
}}
select distinct ?subject ?property 
where 
 { GRAPH &lt;http://dbpedia.org&gt;{?subject ?property &lt;http://dbpedia.org/resource/Armand-Pierre_Caussin_de_Perceval&gt;.
}}
select distinct ?subject ?property 
where 
 { GRAPH &lt;http://dbpedia.org&gt;{?subject ?property &lt;http://dbpedia.org/resource/Arthur_Morin&gt;.
}}
select distinct ?subject ?property 
where 
 { GRAPH &lt;http://dbpedia.org&gt;{?subject ?property &lt;http://dbpedia.org/resource/Bellamy_Storer_(1847–1922)&gt;.
}}
select distinct ?subject ?property 
where 
 { GRAPH &lt;http://dbpedia.org&gt;{?subject ?property &lt;http://dbpedia.org/resource/Brigitte_Engerer&gt;.
}}
select distinct ?subject ?property 
where 
 { GRAPH &lt;http://dbpedia.org&gt;{?subject ?property &lt;http://dbpedia.org/resource/Carl_Benedict_Hase&gt;.
}}
select distinct ?subject ?property 
where 
 { GRAPH &lt;http://dbpedia.org&gt;{?subject ?property &lt;http://dbpedia.org/resource/Catherine_Henriette_de_Balzac_d&apos;Entragues&gt;.
}}
select distinct ?subject ?property 
where 
 { GRAPH &lt;http://dbpedia.org&gt;{?subject ?property &lt;http://dbpedia.org/resource/Charles_Brun_(France)&gt;.
}}
select distinct ?subject ?property 
where 
 { GRAPH &lt;http://dbpedia.org&gt;{?subject ?property &lt;http://dbpedia.org/resource/Charles_Renard&gt;.
}}
select distinct ?subject ?property 
where 
 { GRAPH &lt;http://dbpedia.org&gt;{?subject ?property &lt;http://dbpedia.org/resource/Charles_Vere_Ferrers_Townshend&gt;.
}}
select distinct ?subject ?property 
where 
 { GRAPH &lt;http://dbpedia.org&gt;{?subject ?property &lt;http://dbpedia.org/resource/Christian_Metz_(critic)&gt;.
}}
select distinct ?subject ?property 
where 
 { GRAPH &lt;http://dbpedia.org&gt;{?subject ?property &lt;http://dbpedia.org/resource/Claude_Berri&gt;.
}}
select distinct ?subject ?property 
where 
 { GRAPH &lt;http://dbpedia.org&gt;{?subject ?property &lt;http://dbpedia.org/resource/Claude_Roy_(poet)&gt;.
}}
select distinct ?subject ?property 
where 
 { GRAPH &lt;http://dbpedia.org&gt;{?subject ?property &lt;http://dbpedia.org/resource/Clément_Colson&gt;.
}}
select distinct ?subject ?property 
where 
 { GRAPH &lt;http://dbpedia.org&gt;{?subject ?property &lt;http://dbpedia.org/resource/Constance_Marie_Charpentier&gt;.
}}
select distinct ?subject ?property 
where 
 { GRAPH &lt;http://dbpedia.org&gt;{?subject ?property &lt;http://dbpedia.org/resource/Cyrus_Leo_Sulzberger_II&gt;.
}}
select distinct ?subject ?property 
where 
 { GRAPH &lt;http://dbpedia.org&gt;{?subject ?property &lt;http://dbpedia.org/resource/Deanna_Durbin&gt;.
}}
select distinct ?subject ?property 
where 
 { GRAPH &lt;http://dbpedia.org&gt;{?subject ?property &lt;http://dbpedia.org/resource/Dita_Parlo&gt;.
}}
select distinct ?subject ?property 
where 
 { GRAPH &lt;http://dbpedia.org&gt;{?subject ?property &lt;http://dbpedia.org/resource/Elaine_Sturtevant&gt;.
}}
select distinct ?subject ?property 
where 
 { GRAPH &lt;http://dbpedia.org&gt;{?subject ?property &lt;http://dbpedia.org/resource/Eliane_Montel&gt;.
}}
select distinct ?subject ?property 
where 
 { GRAPH &lt;http://dbpedia.org&gt;{?subject ?property &lt;http://dbpedia.org/resource/Elvira_Popescu&gt;.
}}
select distinct ?subject ?property 
where 
 { GRAPH &lt;http://dbpedia.org&gt;{?subject ?property &lt;http://dbpedia.org/resource/Filippo_Turati&gt;.
}}
select distinct ?subject ?property 
where 
 { GRAPH &lt;http://dbpedia.org&gt;{?subject ?property &lt;http://dbpedia.org/resource/Frans_Pourbus_the_Younger&gt;.
}}
select distinct ?subject ?property 
where 
 { GRAPH &lt;http://dbpedia.org&gt;{?subject ?property &lt;http://dbpedia.org/resource/François-Marie_Perrot&gt;.
}}
select distinct ?subject ?property 
where 
 { GRAPH &lt;http://dbpedia.org&gt;{?subject ?property &lt;http://dbpedia.org/resource/François_Charpentier&gt;.
}}
select distinct ?subject ?property 
where 
 { GRAPH &lt;http://dbpedia.org&gt;{?subject ?property &lt;http://dbpedia.org/resource/François_Lenormant&gt;.
}}
select distinct ?subject ?property 
where 
 { GRAPH &lt;http://dbpedia.org&gt;{?subject ?property &lt;http://dbpedia.org/resource/François_Nau&gt;.
}}
select distinct ?subject ?property 
where 
 { GRAPH &lt;http://dbpedia.org&gt;{?subject ?property &lt;http://dbpedia.org/resource/François_Savary_de_Brèves&gt;.
}}
select distinct ?subject ?property 
where 
 { GRAPH &lt;http://dbpedia.org&gt;{?subject ?property &lt;http://dbpedia.org/resource/Frédérick_Lemaître&gt;.
}}
select distinct ?subject ?property 
where 
 { GRAPH &lt;http://dbpedia.org&gt;{?subject ?property &lt;http://dbpedia.org/resource/Félix-Sébastien_Feuillet_de_Conches&gt;.
}}
select distinct ?subject ?property 
where 
 { GRAPH &lt;http://dbpedia.org&gt;{?subject ?property &lt;http://dbpedia.org/resource/Félix_Pisani&gt;.
}}
select distinct ?subject ?property 
where 
 { GRAPH &lt;http://dbpedia.org&gt;{?subject ?property &lt;http://dbpedia.org/resource/Gaby_Casadesus&gt;.
}}
select distinct ?subject ?property 
where 
 { GRAPH &lt;http://dbpedia.org&gt;{?subject ?property &lt;http://dbpedia.org/resource/Gaston_Velle&gt;.
}}
select distinct ?subject ?property 
where 
 { GRAPH &lt;http://dbpedia.org&gt;{?subject ?property &lt;http://dbpedia.org/resource/Gaëtan_Picon&gt;.
}}
select distinct ?subject ?property 
where 
 { GRAPH &lt;http://dbpedia.org&gt;{?subject ?property &lt;http://dbpedia.org/resource/Georges_Pompidou&gt;.
}}
select distinct ?subject ?property 
where 
 { GRAPH &lt;http://dbpedia.org&gt;{?subject ?property &lt;http://dbpedia.org/resource/Georges_de_Beauregard&gt;.
}}
select distinct ?subject ?property 
where 
 { GRAPH &lt;http://dbpedia.org&gt;{?subject ?property &lt;http://dbpedia.org/resource/Giuseppe_Castiglione_(1829–1908)&gt;.
}}
select distinct ?subject ?property 
where 
 { GRAPH &lt;http://dbpedia.org&gt;{?subject ?property &lt;http://dbpedia.org/resource/Guillaume-François_Colson&gt;.
}}
select distinct ?subject ?property 
where 
 { GRAPH &lt;http://dbpedia.org&gt;{?subject ?property &lt;http://dbpedia.org/resource/Guillaume_de_l&apos;Hôpital&gt;.
}}
select distinct ?subject ?property 
where 
 { GRAPH &lt;http://dbpedia.org&gt;{?subject ?property &lt;http://dbpedia.org/resource/Gustave_Charpentier&gt;.
}}
select distinct ?subject ?property 
where 
 { GRAPH &lt;http://dbpedia.org&gt;{?subject ?property &lt;http://dbpedia.org/resource/Henri-Joseph_Rigel&gt;.
}}
select distinct ?subject ?property 
where 
 { GRAPH &lt;http://dbpedia.org&gt;{?subject ?property &lt;http://dbpedia.org/resource/Henri_Michaux&gt;.
}}
select distinct ?subject ?property 
where 
 { GRAPH &lt;http://dbpedia.org&gt;{?subject ?property &lt;http://dbpedia.org/resource/Henri_Rabaud&gt;.
}}
select distinct ?subject ?property 
where 
 { GRAPH &lt;http://dbpedia.org&gt;{?subject ?property &lt;http://dbpedia.org/resource/Isabelle_Caro&gt;.
}}
select distinct ?subject ?property 
where 
 { GRAPH &lt;http://dbpedia.org&gt;{?subject ?property &lt;http://dbpedia.org/resource/Jacques_Alexandre_Bixio&gt;.
}}
select distinct ?subject ?property 
where 
 { GRAPH &lt;http://dbpedia.org&gt;{?subject ?property &lt;http://dbpedia.org/resource/Jacques_Becker&gt;.
}}
select distinct ?subject ?property 
where 
 { GRAPH &lt;http://dbpedia.org&gt;{?subject ?property &lt;http://dbpedia.org/resource/James_Chace&gt;.
}}
select distinct ?subject ?property 
where 
 { GRAPH &lt;http://dbpedia.org&gt;{?subject ?property &lt;http://dbpedia.org/resource/James_Drummond,_2nd_Duke_of_Perth&gt;.
}}
select distinct ?subject ?property 
where 
 { GRAPH &lt;http://dbpedia.org&gt;{?subject ?property &lt;http://dbpedia.org/resource/James_Drummond,_4th_Earl_of_Perth&gt;.
}}
select distinct ?subject ?property 
where 
 { GRAPH &lt;http://dbpedia.org&gt;{?subject ?property &lt;http://dbpedia.org/resource/Jan_Andrzej_Morsztyn&gt;.
}}
select distinct ?subject ?property 
where 
 { GRAPH &lt;http://dbpedia.org&gt;{?subject ?property &lt;http://dbpedia.org/resource/Jean-Baptiste_Morin_(composer)&gt;.
}}
select distinct ?subject ?property 
where 
 { GRAPH &lt;http://dbpedia.org&gt;{?subject ?property &lt;http://dbpedia.org/resource/Jean-Baptiste_Pater&gt;.
}}
select distinct ?subject ?property 
where 
 { GRAPH &lt;http://dbpedia.org&gt;{?subject ?property &lt;http://dbpedia.org/resource/Jean-Baptiste_Pigalle&gt;.
}}
select distinct ?subject ?property 
where 
 { GRAPH &lt;http://dbpedia.org&gt;{?subject ?property &lt;http://dbpedia.org/resource/Jean-Baptiste_Stuck&gt;.
}}
select distinct ?subject ?property 
where 
 { GRAPH &lt;http://dbpedia.org&gt;{?subject ?property &lt;http://dbpedia.org/resource/Jean-François_Gilles_Colson&gt;.
}}
select distinct ?subject ?property 
where 
 { GRAPH &lt;http://dbpedia.org&gt;{?subject ?property &lt;http://dbpedia.org/resource/Jean-Frédéric_Edelmann&gt;.
}}
select distinct ?subject ?property 
where 
 { GRAPH &lt;http://dbpedia.org&gt;{?subject ?property &lt;http://dbpedia.org/resource/Jean-Jacques-Antoine_Caussin_de_Perceval&gt;.
}}
select distinct ?subject ?property 
where 
 { GRAPH &lt;http://dbpedia.org&gt;{?subject ?property &lt;http://dbpedia.org/resource/Jean-Jacques_Beauvarlet-Charpentier&gt;.
}}
select distinct ?subject ?property 
where 
 { GRAPH &lt;http://dbpedia.org&gt;{?subject ?property &lt;http://dbpedia.org/resource/Jean_Baptiste_Bory_de_Saint-Vincent&gt;.
}}
select distinct ?subject ?property 
where 
 { GRAPH &lt;http://dbpedia.org&gt;{?subject ?property &lt;http://dbpedia.org/resource/Jean_Cau_(writer)&gt;.
}}
select distinct ?subject ?property 
where 
 { GRAPH &lt;http://dbpedia.org&gt;{?subject ?property &lt;http://dbpedia.org/resource/Jean_Claude_Gilles_Colson&gt;.
}}
select distinct ?subject ?property 
where 
 { GRAPH &lt;http://dbpedia.org&gt;{?subject ?property &lt;http://dbpedia.org/resource/Jean_Gaudin_(glass_artist)&gt;.
}}
select distinct ?subject ?property 
where 
 { GRAPH &lt;http://dbpedia.org&gt;{?subject ?property &lt;http://dbpedia.org/resource/Jean_Morin_(theologian)&gt;.
}}
select distinct ?subject ?property 
where 
 { GRAPH &lt;http://dbpedia.org&gt;{?subject ?property &lt;http://dbpedia.org/resource/Jean_Pasqualini&gt;.
}}
select distinct ?subject ?property 
where 
 { GRAPH &lt;http://dbpedia.org&gt;{?subject ?property &lt;http://dbpedia.org/resource/Jean_de_Witte&gt;.
}}
select distinct ?subject ?property 
where 
 { GRAPH &lt;http://dbpedia.org&gt;{?subject ?property &lt;http://dbpedia.org/resource/Jeanette_Wohl&gt;.
}}
select distinct ?subject ?property 
where 
 { GRAPH &lt;http://dbpedia.org&gt;{?subject ?property &lt;http://dbpedia.org/resource/Johann_Vogel_(composer)&gt;.
}}
select distinct ?subject ?property 
where 
 { GRAPH &lt;http://dbpedia.org&gt;{?subject ?property &lt;http://dbpedia.org/resource/John_Gilchrist_(linguist)&gt;.
}}
select distinct ?subject ?property 
where 
 { GRAPH &lt;http://dbpedia.org&gt;{?subject ?property &lt;http://dbpedia.org/resource/Joseph_O&apos;Kelly&gt;.
}}
select distinct ?subject ?property 
where 
 { GRAPH &lt;http://dbpedia.org&gt;{?subject ?property &lt;http://dbpedia.org/resource/Joseph_Oller&gt;.
}}
select distinct ?subject ?property 
where 
 { GRAPH &lt;http://dbpedia.org&gt;{?subject ?property &lt;http://dbpedia.org/resource/Jules_Renard&gt;.
}}
select distinct ?subject ?property 
where 
 { GRAPH &lt;http://dbpedia.org&gt;{?subject ?property &lt;http://dbpedia.org/resource/Jérôme_Savary&gt;.
}}
select distinct ?subject ?property 
where 
 { GRAPH &lt;http://dbpedia.org&gt;{?subject ?property &lt;http://dbpedia.org/resource/Leo_V,_King_of_Armenia&gt;.
}}
select distinct ?subject ?property 
where 
 { GRAPH &lt;http://dbpedia.org&gt;{?subject ?property &lt;http://dbpedia.org/resource/Le?_Frankel&gt;.
}}
select distinct ?subject ?property 
where 
 { GRAPH &lt;http://dbpedia.org&gt;{?subject ?property &lt;http://dbpedia.org/resource/Lip?t_Schulhof&gt;.
}}
select distinct ?subject ?property 
where 
 { GRAPH &lt;http://dbpedia.org&gt;{?subject ?property &lt;http://dbpedia.org/resource/Louis_Bertillon&gt;.
}}
select distinct ?subject ?property 
where 
 { GRAPH &lt;http://dbpedia.org&gt;{?subject ?property &lt;http://dbpedia.org/resource/Louis_Faidherbe&gt;.
}}
select distinct ?subject ?property 
where 
 { GRAPH &lt;http://dbpedia.org&gt;{?subject ?property &lt;http://dbpedia.org/resource/Louis_de_Boissy&gt;.
}}
select distinct ?subject ?property 
where 
 { GRAPH &lt;http://dbpedia.org&gt;{?subject ?property &lt;http://dbpedia.org/resource/Lucien_Gaudin&gt;.
}}
select distinct ?subject ?property 
where 
 { GRAPH &lt;http://dbpedia.org&gt;{?subject ?property &lt;http://dbpedia.org/resource/Lucien_Muratore&gt;.
}}
select distinct ?subject ?property 
where 
 { GRAPH &lt;http://dbpedia.org&gt;{?subject ?property &lt;http://dbpedia.org/resource/Mado_Robin&gt;.
}}
select distinct ?subject ?property 
where 
 { GRAPH &lt;http://dbpedia.org&gt;{?subject ?property &lt;http://dbpedia.org/resource/Marc_Antoine_Auguste_Gaudin&gt;.
}}
select distinct ?subject ?property 
where 
 { GRAPH &lt;http://dbpedia.org&gt;{?subject ?property &lt;http://dbpedia.org/resource/Marie_Petipa&gt;.
}}
select distinct ?subject ?property 
where 
 { GRAPH &lt;http://dbpedia.org&gt;{?subject ?property &lt;http://dbpedia.org/resource/Marie_de_Gournay&gt;.
}}
select distinct ?subject ?property 
where 
 { GRAPH &lt;http://dbpedia.org&gt;{?subject ?property &lt;http://dbpedia.org/resource/Marquise_de_Caylus&gt;.
}}
select distinct ?subject ?property 
where 
 { GRAPH &lt;http://dbpedia.org&gt;{?subject ?property &lt;http://dbpedia.org/resource/Max_Stern_(gallery_owner)&gt;.
}}
select distinct ?subject ?property 
where 
 { GRAPH &lt;http://dbpedia.org&gt;{?subject ?property &lt;http://dbpedia.org/resource/Moritz_Moszkowski&gt;.
}}
select distinct ?subject ?property 
where 
 { GRAPH &lt;http://dbpedia.org&gt;{?subject ?property &lt;http://dbpedia.org/resource/Moïse_Schwab&gt;.
}}
select distinct ?subject ?property 
where 
 { GRAPH &lt;http://dbpedia.org&gt;{?subject ?property &lt;http://dbpedia.org/resource/M?rio_de_S?-Carneiro&gt;.
}}
select distinct ?subject ?property 
where 
 { GRAPH &lt;http://dbpedia.org&gt;{?subject ?property &lt;http://dbpedia.org/resource/Nikos_Papatakis&gt;.
}}
select distinct ?subject ?property 
where 
 { GRAPH &lt;http://dbpedia.org&gt;{?subject ?property &lt;http://dbpedia.org/resource/Noe_Zhordania&gt;.
}}
select distinct ?subject ?property 
where 
 { GRAPH &lt;http://dbpedia.org&gt;{?subject ?property &lt;http://dbpedia.org/resource/Paul_Auguste_Hariot&gt;.
}}
select distinct ?subject ?property 
where 
 { GRAPH &lt;http://dbpedia.org&gt;{?subject ?property &lt;http://dbpedia.org/resource/Paul_Faure_(politician)&gt;.
}}
select distinct ?subject ?property 
where 
 { GRAPH &lt;http://dbpedia.org&gt;{?subject ?property &lt;http://dbpedia.org/resource/Paul_Montel&gt;.
}}
select distinct ?subject ?property 
where 
 { GRAPH &lt;http://dbpedia.org&gt;{?subject ?property &lt;http://dbpedia.org/resource/Paul_?mile_Appell&gt;.
}}
select distinct ?subject ?property 
where 
 { GRAPH &lt;http://dbpedia.org&gt;{?subject ?property &lt;http://dbpedia.org/resource/Philippe_Buonarroti&gt;.
}}
select distinct ?subject ?property 
where 
 { GRAPH &lt;http://dbpedia.org&gt;{?subject ?property &lt;http://dbpedia.org/resource/Pierre-Auguste_Sarrus&gt;.
}}
select distinct ?subject ?property 
where 
 { GRAPH &lt;http://dbpedia.org&gt;{?subject ?property &lt;http://dbpedia.org/resource/Pierre_Coton&gt;.
}}
select distinct ?subject ?property 
where 
 { GRAPH &lt;http://dbpedia.org&gt;{?subject ?property &lt;http://dbpedia.org/resource/Pierre_Michaux&gt;.
}}
select distinct ?subject ?property 
where 
 { GRAPH &lt;http://dbpedia.org&gt;{?subject ?property &lt;http://dbpedia.org/resource/Pierre_du_Ryer&gt;.
}}
select distinct ?subject ?property 
where 
 { GRAPH &lt;http://dbpedia.org&gt;{?subject ?property &lt;http://dbpedia.org/resource/Ramon_Pichot&gt;.
}}
select distinct ?subject ?property 
where 
 { GRAPH &lt;http://dbpedia.org&gt;{?subject ?property &lt;http://dbpedia.org/resource/Rembrandt_Bugatti&gt;.
}}
select distinct ?subject ?property 
where 
 { GRAPH &lt;http://dbpedia.org&gt;{?subject ?property &lt;http://dbpedia.org/resource/René_Fonck&gt;.
}}
select distinct ?subject ?property 
where 
 { GRAPH &lt;http://dbpedia.org&gt;{?subject ?property &lt;http://dbpedia.org/resource/René_de_Birague&gt;.
}}
select distinct ?subject ?property 
where 
 { GRAPH &lt;http://dbpedia.org&gt;{?subject ?property &lt;http://dbpedia.org/resource/Renée_Carl&gt;.
}}
select distinct ?subject ?property 
where 
 { GRAPH &lt;http://dbpedia.org&gt;{?subject ?property &lt;http://dbpedia.org/resource/Renée_Carpentier-Wintz&gt;.
}}
select distinct ?subject ?property 
where 
 { GRAPH &lt;http://dbpedia.org&gt;{?subject ?property &lt;http://dbpedia.org/resource/Renée_Garilhe&gt;.
}}
select distinct ?subject ?property 
where 
 { GRAPH &lt;http://dbpedia.org&gt;{?subject ?property &lt;http://dbpedia.org/resource/Robert-Guillaume_Casadesus&gt;.
}}
select distinct ?subject ?property 
where 
 { GRAPH &lt;http://dbpedia.org&gt;{?subject ?property &lt;http://dbpedia.org/resource/Robert_Casadesus&gt;.
}}
select distinct ?subject ?property 
where 
 { GRAPH &lt;http://dbpedia.org&gt;{?subject ?property &lt;http://dbpedia.org/resource/Robert_Chambers_(English_judge)&gt;.
}}
select distinct ?subject ?property 
where 
 { GRAPH &lt;http://dbpedia.org&gt;{?subject ?property &lt;http://dbpedia.org/resource/Robert_Thomas_(director)&gt;.
}}
select distinct ?subject ?property 
where 
 { GRAPH &lt;http://dbpedia.org&gt;{?subject ?property &lt;http://dbpedia.org/resource/Rémy_Belleau&gt;.
}}
select distinct ?subject ?property 
where 
 { GRAPH &lt;http://dbpedia.org&gt;{?subject ?property &lt;http://dbpedia.org/resource/Sebastien_Michaelis&gt;.
}}
select distinct ?subject ?property 
where 
 { GRAPH &lt;http://dbpedia.org&gt;{?subject ?property &lt;http://dbpedia.org/resource/Sophie_de_Condorcet&gt;.
}}
select distinct ?subject ?property 
where 
 { GRAPH &lt;http://dbpedia.org&gt;{?subject ?property &lt;http://dbpedia.org/resource/Soraya_Esfandiary-Bakhtiari&gt;.
}}
select distinct ?subject ?property 
where 
 { GRAPH &lt;http://dbpedia.org&gt;{?subject ?property &lt;http://dbpedia.org/resource/Teta_Lando&gt;.
}}
select distinct ?subject ?property 
where 
 { GRAPH &lt;http://dbpedia.org&gt;{?subject ?property &lt;http://dbpedia.org/resource/Theodore_Kitching&gt;.
}}
select distinct ?subject ?property 
where 
 { GRAPH &lt;http://dbpedia.org&gt;{?subject ?property &lt;http://dbpedia.org/resource/Turhan_Përmeti&gt;.
}}
select distinct ?subject ?property 
where 
 { GRAPH &lt;http://dbpedia.org&gt;{?subject ?property &lt;http://dbpedia.org/resource/Ulric_Guttinguer&gt;.
}}
select distinct ?subject ?property 
where 
 { GRAPH &lt;http://dbpedia.org&gt;{?subject ?property &lt;http://dbpedia.org/resource/Victor_Brauner&gt;.
}}
select distinct ?subject ?property 
where 
 { GRAPH &lt;http://dbpedia.org&gt;{?subject ?property &lt;http://dbpedia.org/resource/?douard_Riou&gt;.
}}
select distinct ?subject ?property 
where 
 { GRAPH &lt;http://dbpedia.org&gt;{?subject ?property &lt;http://dbpedia.org/resource/?mile_Molinier&gt;.
}}
select distinct ?subject ?property 
where 
 { GRAPH &lt;http://dbpedia.org&gt;{?subject ?property &lt;http://dbpedia.org/resource/?tienne-Jules_Marey&gt;.
}}
select distinct ?subject ?property 
where 
 { GRAPH &lt;http://dbpedia.org&gt;{?subject ?property &lt;http://dbpedia.org/resource/Amar_Ben_Belgacem&gt;.
}}
select distinct ?subject ?property 
where 
 { GRAPH &lt;http://dbpedia.org&gt;{?subject ?property &lt;http://dbpedia.org/resource/C._Jérôme&gt;.
}}
select distinct ?subject ?property 
where 
 { GRAPH &lt;http://dbpedia.org&gt;{?subject ?property &lt;http://dbpedia.org/resource/Carlos_Mauricio_Valenti_Perrillat&gt;.
}}
select distinct ?subject ?property 
where 
 { GRAPH &lt;http://dbpedia.org&gt;{?subject ?property &lt;http://dbpedia.org/resource/Dominique_Baudis&gt;.
}}
select distinct ?subject ?property 
where 
 { GRAPH &lt;http://dbpedia.org&gt;{?subject ?property &lt;http://dbpedia.org/resource/François-Edmond_Pâris&gt;.
}}
select distinct ?subject ?property 
where 
 { GRAPH &lt;http://dbpedia.org&gt;{?subject ?property &lt;http://dbpedia.org/resource/Félix_Potin&gt;.
}}
select distinct ?subject ?property 
where 
 { GRAPH &lt;http://dbpedia.org&gt;{?subject ?property &lt;http://dbpedia.org/resource/Georges_Méliès&gt;.
}}
select distinct ?subject ?property 
where 
 { GRAPH &lt;http://dbpedia.org&gt;{?subject ?property &lt;http://dbpedia.org/resource/Guy_Peellaert&gt;.
}}
select distinct ?subject ?property 
where 
 { GRAPH &lt;http://dbpedia.org&gt;{?subject ?property &lt;http://dbpedia.org/resource/Henryk_Berlewi&gt;.
}}
select distinct ?subject ?property 
where 
 { GRAPH &lt;http://dbpedia.org&gt;{?subject ?property &lt;http://dbpedia.org/resource/Joseph-Henri_baron_de_Jessé&gt;.
}}
select distinct ?subject ?property 
where 
 { GRAPH &lt;http://dbpedia.org&gt;{?subject ?property &lt;http://dbpedia.org/resource/Maurice_Savin&gt;.
}}
select distinct ?subject ?property 
where 
 { GRAPH &lt;http://dbpedia.org&gt;{?subject ?property &lt;http://dbpedia.org/resource/Olivier_Ameisen&gt;.
}}
select distinct ?subject ?property 
where 
 { GRAPH &lt;http://dbpedia.org&gt;{?subject ?property &lt;http://dbpedia.org/resource/Rafel_Tona&gt;.
}}
select distinct ?subject ?property 
where 
 { GRAPH &lt;http://dbpedia.org&gt;{?subject ?property &lt;http://dbpedia.org/resource/Stéphane_Hessel&gt;.
}}
select distinct ?subject ?property 
where 
 { GRAPH &lt;http://dbpedia.org&gt;{?subject ?property &lt;http://dbpedia.org/resource/Tara_R?mer&gt;.
}}
select distinct ?subject ?property 
where 
 { GRAPH &lt;http://dbpedia.org&gt;{?subject ?property &lt;http://dbpedia.org/resource/Walram_of_Jülich&gt;.
}}
select distinct ?subject ?property 
where 
 { GRAPH &lt;http://dbpedia.org&gt;{?subject ?property &lt;http://dbpedia.org/resource/Gil_J_Wolman&gt;.
}}
select distinct ?subject ?property 
where 
 { GRAPH &lt;http://dbpedia.org&gt;{?subject ?property &lt;http://dbpedia.org/resource/Jean-François_Pierre_Peyron&gt;.
}}
select distinct ?subject ?property 
where 
 { GRAPH &lt;http://dbpedia.org&gt;{?subject ?property &lt;http://dbpedia.org/resource/Jean_Orry&gt;.
}}
select distinct ?subject ?property 
where 
 { GRAPH &lt;http://dbpedia.org&gt;{?subject ?property &lt;http://dbpedia.org/resource/Juliet_Berto&gt;.
}}
select distinct ?subject ?property 
where 
 { GRAPH &lt;http://dbpedia.org&gt;{?subject ?property &lt;http://dbpedia.org/resource/Juliusz_S?owacki&gt;.
}}
select distinct ?subject ?property 
where 
 { GRAPH &lt;http://dbpedia.org&gt;{?subject ?property &lt;http://dbpedia.org/resource/Luc-Olivier_Merson&gt;.
}}
select distinct ?subject ?property 
where 
 { GRAPH &lt;http://dbpedia.org&gt;{?subject ?property &lt;http://dbpedia.org/resource/Michel_Baud&gt;.
}}
select distinct ?subject ?property 
where 
 { GRAPH &lt;http://dbpedia.org&gt;{?subject ?property &lt;http://dbpedia.org/resource/Michel_Berto&gt;.
}}
select distinct ?subject ?property 
where 
 { GRAPH &lt;http://dbpedia.org&gt;{?subject ?property &lt;http://dbpedia.org/resource/Nicholas_Halma&gt;.
}}
select distinct ?subject ?property 
where 
 { GRAPH &lt;http://dbpedia.org&gt;{?subject ?property &lt;http://dbpedia.org/resource/Abdul_Rasul_(Iraqi_scientist)&gt;.
}}
select distinct ?subject ?property 
where 
 { GRAPH &lt;http://dbpedia.org&gt;{?subject ?property &lt;http://dbpedia.org/resource/Adam_Frans_van_der_Meulen&gt;.
}}
select distinct ?subject ?property 
where 
 { GRAPH &lt;http://dbpedia.org&gt;{?subject ?property &lt;http://dbpedia.org/resource/Agostino_Ramelli&gt;.
}}
select distinct ?subject ?property 
where 
 { GRAPH &lt;http://dbpedia.org&gt;{?subject ?property &lt;http://dbpedia.org/resource/Albert_Calmette&gt;.
}}
select distinct ?subject ?property 
where 
 { GRAPH &lt;http://dbpedia.org&gt;{?subject ?property &lt;http://dbpedia.org/resource/Alexis_Bonabes,_Marquess_of_Rougé&gt;.
}}
select distinct ?subject ?property 
where 
 { GRAPH &lt;http://dbpedia.org&gt;{?subject ?property &lt;http://dbpedia.org/resource/André_Barsacq&gt;.
}}
select distinct ?subject ?property 
where 
 { GRAPH &lt;http://dbpedia.org&gt;{?subject ?property &lt;http://dbpedia.org/resource/Anne_Julie_de_Melun&gt;.
}}
select distinct ?subject ?property 
where 
 { GRAPH &lt;http://dbpedia.org&gt;{?subject ?property &lt;http://dbpedia.org/resource/Antonio_Superchi&gt;.
}}
select distinct ?subject ?property 
where 
 { GRAPH &lt;http://dbpedia.org&gt;{?subject ?property &lt;http://dbpedia.org/resource/Antonio_Trivulzio,_iuniore&gt;.
}}
select distinct ?subject ?property 
where 
 { GRAPH &lt;http://dbpedia.org&gt;{?subject ?property &lt;http://dbpedia.org/resource/Arnaud_Berquin&gt;.
}}
select distinct ?subject ?property 
where 
 { GRAPH &lt;http://dbpedia.org&gt;{?subject ?property &lt;http://dbpedia.org/resource/Arnaud_II_de_La_Porte&gt;.
}}
select distinct ?subject ?property 
where 
 { GRAPH &lt;http://dbpedia.org&gt;{?subject ?property &lt;http://dbpedia.org/resource/Arthur_Briggs_(musician)&gt;.
}}
select distinct ?subject ?property 
where 
 { GRAPH &lt;http://dbpedia.org&gt;{?subject ?property &lt;http://dbpedia.org/resource/Aubin-Louis_Millin_de_Grandmaison&gt;.
}}
select distinct ?subject ?property 
where 
 { GRAPH &lt;http://dbpedia.org&gt;{?subject ?property &lt;http://dbpedia.org/resource/Azadeh_Shafiq&gt;.
}}
select distinct ?subject ?property 
where 
 { GRAPH &lt;http://dbpedia.org&gt;{?subject ?property &lt;http://dbpedia.org/resource/Bernard_Moitessier&gt;.
}}
select distinct ?subject ?property 
where 
 { GRAPH &lt;http://dbpedia.org&gt;{?subject ?property &lt;http://dbpedia.org/resource/Castil-Blaze&gt;.
}}
select distinct ?subject ?property 
where 
 { GRAPH &lt;http://dbpedia.org&gt;{?subject ?property &lt;http://dbpedia.org/resource/Chalakuzhy_Paulose_Mathen&gt;.
}}
select distinct ?subject ?property 
where 
 { GRAPH &lt;http://dbpedia.org&gt;{?subject ?property &lt;http://dbpedia.org/resource/Charles-Victor_Prévot,_vicomte_d&apos;Arlincourt&gt;.
}}
select distinct ?subject ?property 
where 
 { GRAPH &lt;http://dbpedia.org&gt;{?subject ?property &lt;http://dbpedia.org/resource/Charles_Coquelin&gt;.
}}
select distinct ?subject ?property 
where 
 { GRAPH &lt;http://dbpedia.org&gt;{?subject ?property &lt;http://dbpedia.org/resource/Charles_Guernier&gt;.
}}
select distinct ?subject ?property 
where 
 { GRAPH &lt;http://dbpedia.org&gt;{?subject ?property &lt;http://dbpedia.org/resource/Charles_Léopold_Laurillard&gt;.
}}
select distinct ?subject ?property 
where 
 { GRAPH &lt;http://dbpedia.org&gt;{?subject ?property &lt;http://dbpedia.org/resource/Charles_?douard_Armand-Dumaresq&gt;.
}}
select distinct ?subject ?property 
where 
 { GRAPH &lt;http://dbpedia.org&gt;{?subject ?property &lt;http://dbpedia.org/resource/Christian_Zervos&gt;.
}}
select distinct ?subject ?property 
where 
 { GRAPH &lt;http://dbpedia.org&gt;{?subject ?property &lt;http://dbpedia.org/resource/Claude-?tienne_Guyot&gt;.
}}
select distinct ?subject ?property 
where 
 { GRAPH &lt;http://dbpedia.org&gt;{?subject ?property &lt;http://dbpedia.org/resource/Claude_Audran_the_Younger&gt;.
}}
select distinct ?subject ?property 
where 
 { GRAPH &lt;http://dbpedia.org&gt;{?subject ?property &lt;http://dbpedia.org/resource/Claude_Basire&gt;.
}}
select distinct ?subject ?property 
where 
 { GRAPH &lt;http://dbpedia.org&gt;{?subject ?property &lt;http://dbpedia.org/resource/Claude_Prosper_Jolyot_de_Crébillon&gt;.
}}
select distinct ?subject ?property 
where 
 { GRAPH &lt;http://dbpedia.org&gt;{?subject ?property &lt;http://dbpedia.org/resource/César_Domela&gt;.
}}
select distinct ?subject ?property 
where 
 { GRAPH &lt;http://dbpedia.org&gt;{?subject ?property &lt;http://dbpedia.org/resource/Ernest_Boulanger_(composer)&gt;.
}}
select distinct ?subject ?property 
where 
 { GRAPH &lt;http://dbpedia.org&gt;{?subject ?property &lt;http://dbpedia.org/resource/Ernest_Boulanger_(politician)&gt;.
}}
select distinct ?subject ?property 
where 
 { GRAPH &lt;http://dbpedia.org&gt;{?subject ?property &lt;http://dbpedia.org/resource/Ernest_Fanelli&gt;.
}}
select distinct ?subject ?property 
where 
 { GRAPH &lt;http://dbpedia.org&gt;{?subject ?property &lt;http://dbpedia.org/resource/Eugène_Balme&gt;.
}}
select distinct ?subject ?property 
where 
 { GRAPH &lt;http://dbpedia.org&gt;{?subject ?property &lt;http://dbpedia.org/resource/Francesco_Fanelli&gt;.
}}
select distinct ?subject ?property 
where 
 { GRAPH &lt;http://dbpedia.org&gt;{?subject ?property &lt;http://dbpedia.org/resource/Francisco_Javier_L?pez_Pe?a&gt;.
}}
select distinct ?subject ?property 
where 
 { GRAPH &lt;http://dbpedia.org&gt;{?subject ?property &lt;http://dbpedia.org/resource/Frantz_Funck-Brentano&gt;.
}}
select distinct ?subject ?property 
where 
 { GRAPH &lt;http://dbpedia.org&gt;{?subject ?property &lt;http://dbpedia.org/resource/François-Désiré_Froment-Meurice&gt;.
}}
select distinct ?subject ?property 
where 
 { GRAPH &lt;http://dbpedia.org&gt;{?subject ?property &lt;http://dbpedia.org/resource/François-Nicholas-Madeleine_Morlot&gt;.
}}
select distinct ?subject ?property 
where 
 { GRAPH &lt;http://dbpedia.org&gt;{?subject ?property &lt;http://dbpedia.org/resource/François_Delsarte&gt;.
}}
select distinct ?subject ?property 
where 
 { GRAPH &lt;http://dbpedia.org&gt;{?subject ?property &lt;http://dbpedia.org/resource/François_Martin_(composer)&gt;.
}}
select distinct ?subject ?property 
where 
 { GRAPH &lt;http://dbpedia.org&gt;{?subject ?property &lt;http://dbpedia.org/resource/François_Picavet&gt;.
}}
select distinct ?subject ?property 
where 
 { GRAPH &lt;http://dbpedia.org&gt;{?subject ?property &lt;http://dbpedia.org/resource/François_de_La_Mothe_Le_Vayer&gt;.
}}
select distinct ?subject ?property 
where 
 { GRAPH &lt;http://dbpedia.org&gt;{?subject ?property &lt;http://dbpedia.org/resource/Félix_Vallotton&gt;.
}}
select distinct ?subject ?property 
where 
 { GRAPH &lt;http://dbpedia.org&gt;{?subject ?property &lt;http://dbpedia.org/resource/Gaston_Calmette&gt;.
}}
select distinct ?subject ?property 
where 
 { GRAPH &lt;http://dbpedia.org&gt;{?subject ?property &lt;http://dbpedia.org/resource/Geoffroy_Velten&gt;.
}}
select distinct ?subject ?property 
where 
 { GRAPH &lt;http://dbpedia.org&gt;{?subject ?property &lt;http://dbpedia.org/resource/Georges_Sadoul&gt;.
}}
select distinct ?subject ?property 
where 
 { GRAPH &lt;http://dbpedia.org&gt;{?subject ?property &lt;http://dbpedia.org/resource/Georges_Van_Parys&gt;.
}}
select distinct ?subject ?property 
where 
 { GRAPH &lt;http://dbpedia.org&gt;{?subject ?property &lt;http://dbpedia.org/resource/Gheorghe_Bengescu&gt;.
}}
select distinct ?subject ?property 
where 
 { GRAPH &lt;http://dbpedia.org&gt;{?subject ?property &lt;http://dbpedia.org/resource/Giovanni_Antonio_Galignani&gt;.
}}
select distinct ?subject ?property 
where 
 { GRAPH &lt;http://dbpedia.org&gt;{?subject ?property &lt;http://dbpedia.org/resource/Henri_Curiel&gt;.
}}
select distinct ?subject ?property 
where 
 { GRAPH &lt;http://dbpedia.org&gt;{?subject ?property &lt;http://dbpedia.org/resource/Henry_II,_Duke_of_Guise&gt;.
}}
select distinct ?subject ?property 
where 
 { GRAPH &lt;http://dbpedia.org&gt;{?subject ?property &lt;http://dbpedia.org/resource/Henry_Simon_(politician)&gt;.
}}
select distinct ?subject ?property 
where 
 { GRAPH &lt;http://dbpedia.org&gt;{?subject ?property &lt;http://dbpedia.org/resource/Honoré_Caille_du_Fourny&gt;.
}}
select distinct ?subject ?property 
where 
 { GRAPH &lt;http://dbpedia.org&gt;{?subject ?property &lt;http://dbpedia.org/resource/Jacob_Ferdinand_Voet&gt;.
}}
select distinct ?subject ?property 
where 
 { GRAPH &lt;http://dbpedia.org&gt;{?subject ?property &lt;http://dbpedia.org/resource/Jacques-Louis_Dumesnil&gt;.
}}
select distinct ?subject ?property 
where 
 { GRAPH &lt;http://dbpedia.org&gt;{?subject ?property &lt;http://dbpedia.org/resource/Jacques_Herlin&gt;.
}}
select distinct ?subject ?property 
where 
 { GRAPH &lt;http://dbpedia.org&gt;{?subject ?property &lt;http://dbpedia.org/resource/Jacques_Pierre_Abbatucci_(minister)&gt;.
}}
select distinct ?subject ?property 
where 
 { GRAPH &lt;http://dbpedia.org&gt;{?subject ?property &lt;http://dbpedia.org/resource/Jacques_Sadoul_(politician)&gt;.
}}
select distinct ?subject ?property 
where 
 { GRAPH &lt;http://dbpedia.org&gt;{?subject ?property &lt;http://dbpedia.org/resource/Jacques_Vigouroux_Duplessis&gt;.
}}
select distinct ?subject ?property 
where 
 { GRAPH &lt;http://dbpedia.org&gt;{?subject ?property &lt;http://dbpedia.org/resource/Jaime_Semprun&gt;.
}}
select distinct ?subject ?property 
where 
 { GRAPH &lt;http://dbpedia.org&gt;{?subject ?property &lt;http://dbpedia.org/resource/Jean-Baptiste_Dugas-Montbel&gt;.
}}
select distinct ?subject ?property 
where 
 { GRAPH &lt;http://dbpedia.org&gt;{?subject ?property &lt;http://dbpedia.org/resource/Jean-Pierre_Duprey&gt;.
}}
select distinct ?subject ?property 
where 
 { GRAPH &lt;http://dbpedia.org&gt;{?subject ?property &lt;http://dbpedia.org/resource/Jean_Alexandre_Buchon&gt;.
}}
select distinct ?subject ?property 
where 
 { GRAPH &lt;http://dbpedia.org&gt;{?subject ?property &lt;http://dbpedia.org/resource/Jean_Grolier_de_Servières&gt;.
}}
select distinct ?subject ?property 
where 
 { GRAPH &lt;http://dbpedia.org&gt;{?subject ?property &lt;http://dbpedia.org/resource/Jean_Hyppolite&gt;.
}}
select distinct ?subject ?property 
where 
 { GRAPH &lt;http://dbpedia.org&gt;{?subject ?property &lt;http://dbpedia.org/resource/Jean_Maximilien_Lamarque&gt;.
}}
select distinct ?subject ?property 
where 
 { GRAPH &lt;http://dbpedia.org&gt;{?subject ?property &lt;http://dbpedia.org/resource/Jim_Gérald&gt;.
}}
select distinct ?subject ?property 
where 
 { GRAPH &lt;http://dbpedia.org&gt;{?subject ?property &lt;http://dbpedia.org/resource/Johnny_Stark_(talent_manager)&gt;.
}}
select distinct ?subject ?property 
where 
 { GRAPH &lt;http://dbpedia.org&gt;{?subject ?property &lt;http://dbpedia.org/resource/Joseph-Frédéric-Benoît_Charrière&gt;.
}}
select distinct ?subject ?property 
where 
 { GRAPH &lt;http://dbpedia.org&gt;{?subject ?property &lt;http://dbpedia.org/resource/Julije_Knifer&gt;.
}}
select distinct ?subject ?property 
where 
 { GRAPH &lt;http://dbpedia.org&gt;{?subject ?property &lt;http://dbpedia.org/resource/Konstancja_Poniatowska&gt;.
}}
select distinct ?subject ?property 
where 
 { GRAPH &lt;http://dbpedia.org&gt;{?subject ?property &lt;http://dbpedia.org/resource/Louis-Joseph_Lebret&gt;.
}}
select distinct ?subject ?property 
where 
 { GRAPH &lt;http://dbpedia.org&gt;{?subject ?property &lt;http://dbpedia.org/resource/Louis-Léon_de_Brancas&gt;.
}}
select distinct ?subject ?property 
where 
 { GRAPH &lt;http://dbpedia.org&gt;{?subject ?property &lt;http://dbpedia.org/resource/Louis-Philippe_Crépin&gt;.
}}
select distinct ?subject ?property 
where 
 { GRAPH &lt;http://dbpedia.org&gt;{?subject ?property &lt;http://dbpedia.org/resource/Louis_Gernet&gt;.
}}
select distinct ?subject ?property 
where 
 { GRAPH &lt;http://dbpedia.org&gt;{?subject ?property &lt;http://dbpedia.org/resource/Louis_de_Berquin&gt;.
}}
select distinct ?subject ?property 
where 
 { GRAPH &lt;http://dbpedia.org&gt;{?subject ?property &lt;http://dbpedia.org/resource/Lucien_Gamblin&gt;.
}}
select distinct ?subject ?property 
where 
 { GRAPH &lt;http://dbpedia.org&gt;{?subject ?property &lt;http://dbpedia.org/resource/Léon_Barsacq&gt;.
}}
select distinct ?subject ?property 
where 
 { GRAPH &lt;http://dbpedia.org&gt;{?subject ?property &lt;http://dbpedia.org/resource/Madeleine_Castaing&gt;.
}}
select distinct ?subject ?property 
where 
 { GRAPH &lt;http://dbpedia.org&gt;{?subject ?property &lt;http://dbpedia.org/resource/Marie-Georges_Pascal&gt;.
}}
select distinct ?subject ?property 
where 
 { GRAPH &lt;http://dbpedia.org&gt;{?subject ?property &lt;http://dbpedia.org/resource/Marie-Madeleine_Fourcade&gt;.
}}
select distinct ?subject ?property 
where 
 { GRAPH &lt;http://dbpedia.org&gt;{?subject ?property &lt;http://dbpedia.org/resource/Marie_Anne_de_Mailly&gt;.
}}
select distinct ?subject ?property 
where 
 { GRAPH &lt;http://dbpedia.org&gt;{?subject ?property &lt;http://dbpedia.org/resource/Marie_Dumesnil&gt;.
}}
select distinct ?subject ?property 
where 
 { GRAPH &lt;http://dbpedia.org&gt;{?subject ?property &lt;http://dbpedia.org/resource/Maurice_Raizman&gt;.
}}
select distinct ?subject ?property 
where 
 { GRAPH &lt;http://dbpedia.org&gt;{?subject ?property &lt;http://dbpedia.org/resource/Michael_Herman_(mathematician)&gt;.
}}
select distinct ?subject ?property 
where 
 { GRAPH &lt;http://dbpedia.org&gt;{?subject ?property &lt;http://dbpedia.org/resource/Mohammed_Mzali&gt;.
}}
select distinct ?subject ?property 
where 
 { GRAPH &lt;http://dbpedia.org&gt;{?subject ?property &lt;http://dbpedia.org/resource/Mozaffar_Firouz&gt;.
}}
select distinct ?subject ?property 
where 
 { GRAPH &lt;http://dbpedia.org&gt;{?subject ?property &lt;http://dbpedia.org/resource/Mykhailo_Omelianovych-Pavlenko&gt;.
}}
select distinct ?subject ?property 
where 
 { GRAPH &lt;http://dbpedia.org&gt;{?subject ?property &lt;http://dbpedia.org/resource/Nicolae_Calimachi-Catargiu&gt;.
}}
select distinct ?subject ?property 
where 
 { GRAPH &lt;http://dbpedia.org&gt;{?subject ?property &lt;http://dbpedia.org/resource/Paul_Féret&gt;.
}}
select distinct ?subject ?property 
where 
 { GRAPH &lt;http://dbpedia.org&gt;{?subject ?property &lt;http://dbpedia.org/resource/Paul_Meurice&gt;.
}}
select distinct ?subject ?property 
where 
 { GRAPH &lt;http://dbpedia.org&gt;{?subject ?property &lt;http://dbpedia.org/resource/Paul_Ranson&gt;.
}}
select distinct ?subject ?property 
where 
 { GRAPH &lt;http://dbpedia.org&gt;{?subject ?property &lt;http://dbpedia.org/resource/Pierre_Dumont_(painter)&gt;.
}}
select distinct ?subject ?property 
where 
 { GRAPH &lt;http://dbpedia.org&gt;{?subject ?property &lt;http://dbpedia.org/resource/Pierre_Duval_(geographer)&gt;.
}}
select distinct ?subject ?property 
where 
 { GRAPH &lt;http://dbpedia.org&gt;{?subject ?property &lt;http://dbpedia.org/resource/Pierre_Louis_Dumesnil&gt;.
}}
select distinct ?subject ?property 
where 
 { GRAPH &lt;http://dbpedia.org&gt;{?subject ?property &lt;http://dbpedia.org/resource/Prosper_Jolyot_de_Crébillon&gt;.
}}
select distinct ?subject ?property 
where 
 { GRAPH &lt;http://dbpedia.org&gt;{?subject ?property &lt;http://dbpedia.org/resource/Raymond_Asso&gt;.
}}
select distinct ?subject ?property 
where 
 { GRAPH &lt;http://dbpedia.org&gt;{?subject ?property &lt;http://dbpedia.org/resource/Raymond_Rognoni&gt;.
}}
select distinct ?subject ?property 
where 
 { GRAPH &lt;http://dbpedia.org&gt;{?subject ?property &lt;http://dbpedia.org/resource/René_Couzinet&gt;.
}}
select distinct ?subject ?property 
where 
 { GRAPH &lt;http://dbpedia.org&gt;{?subject ?property &lt;http://dbpedia.org/resource/René_Féret&gt;.
}}
select distinct ?subject ?property 
where 
 { GRAPH &lt;http://dbpedia.org&gt;{?subject ?property &lt;http://dbpedia.org/resource/Robert_Bonfils_(French_designer)&gt;.
}}
select distinct ?subject ?property 
where 
 { GRAPH &lt;http://dbpedia.org&gt;{?subject ?property &lt;http://dbpedia.org/resource/Théodore_Tronchin&gt;.
}}
select distinct ?subject ?property 
where 
 { GRAPH &lt;http://dbpedia.org&gt;{?subject ?property &lt;http://dbpedia.org/resource/Théophile_de_Viau&gt;.
}}
select distinct ?subject ?property 
where 
 { GRAPH &lt;http://dbpedia.org&gt;{?subject ?property &lt;http://dbpedia.org/resource/Victor_Baltard&gt;.
}}
select distinct ?subject ?property 
where 
 { GRAPH &lt;http://dbpedia.org&gt;{?subject ?property &lt;http://dbpedia.org/resource/Victor_Scipion_Charles_Auguste_de_La_Garde_de_Chambonas&gt;.
}}
select distinct ?subject ?property 
where 
 { GRAPH &lt;http://dbpedia.org&gt;{?subject ?property &lt;http://dbpedia.org/resource/Victor_Séjour&gt;.
}}
select distinct ?subject ?property 
where 
 { GRAPH &lt;http://dbpedia.org&gt;{?subject ?property &lt;http://dbpedia.org/resource/Vitaly_Halberstadt&gt;.
}}
select distinct ?subject ?property 
where 
 { GRAPH &lt;http://dbpedia.org&gt;{?subject ?property &lt;http://dbpedia.org/resource/Wayne_Andrews_(historian)&gt;.
}}
select distinct ?subject ?property 
where 
 { GRAPH &lt;http://dbpedia.org&gt;{?subject ?property &lt;http://dbpedia.org/resource/Zinovy_Peshkov&gt;.
}}
select distinct ?subject ?property 
where 
 { GRAPH &lt;http://dbpedia.org&gt;{?subject ?property &lt;http://dbpedia.org/resource/?lie_Wollman&gt;.
}}
select distinct ?subject ?property 
where 
 { GRAPH &lt;http://dbpedia.org&gt;{?subject ?property &lt;http://dbpedia.org/resource/Albert,_4th_duc_de_Broglie&gt;.
}}
select distinct ?subject ?property 
where 
 { GRAPH &lt;http://dbpedia.org&gt;{?subject ?property &lt;http://dbpedia.org/resource/Anne-Louis_Girodet_de_Roussy-Trioson&gt;.
}}
select distinct ?subject ?property 
where 
 { GRAPH &lt;http://dbpedia.org&gt;{?subject ?property &lt;http://dbpedia.org/resource/Augustin_Pajou&gt;.
}}
select distinct ?subject ?property 
where 
 { GRAPH &lt;http://dbpedia.org&gt;{?subject ?property &lt;http://dbpedia.org/resource/Charles_Gaudichaud-Beaupré&gt;.
}}
select distinct ?subject ?property 
where 
 { GRAPH &lt;http://dbpedia.org&gt;{?subject ?property &lt;http://dbpedia.org/resource/Charles_Tristan,_marquis_de_Montholon&gt;.
}}
select distinct ?subject ?property 
where 
 { GRAPH &lt;http://dbpedia.org&gt;{?subject ?property &lt;http://dbpedia.org/resource/Christophe_de_Beaumont&gt;.
}}
select distinct ?subject ?property 
where 
 { GRAPH &lt;http://dbpedia.org&gt;{?subject ?property &lt;http://dbpedia.org/resource/Claude_Cheysson&gt;.
}}
select distinct ?subject ?property 
where 
 { GRAPH &lt;http://dbpedia.org&gt;{?subject ?property &lt;http://dbpedia.org/resource/Cyprian_Norwid&gt;.
}}
select distinct ?subject ?property 
where 
 { GRAPH &lt;http://dbpedia.org&gt;{?subject ?property &lt;http://dbpedia.org/resource/Frank_Ténot&gt;.
}}
select distinct ?subject ?property 
where 
 { GRAPH &lt;http://dbpedia.org&gt;{?subject ?property &lt;http://dbpedia.org/resource/François_Ponsard&gt;.
}}
select distinct ?subject ?property 
where 
 { GRAPH &lt;http://dbpedia.org&gt;{?subject ?property &lt;http://dbpedia.org/resource/François_le_Métel_de_Boisrobert&gt;.
}}
select distinct ?subject ?property 
where 
 { GRAPH &lt;http://dbpedia.org&gt;{?subject ?property &lt;http://dbpedia.org/resource/Félix_?douard_Guérin-Méneville&gt;.
}}
select distinct ?subject ?property 
where 
 { GRAPH &lt;http://dbpedia.org&gt;{?subject ?property &lt;http://dbpedia.org/resource/Gaspard_Gourgaud&gt;.
}}
select distinct ?subject ?property 
where 
 { GRAPH &lt;http://dbpedia.org&gt;{?subject ?property &lt;http://dbpedia.org/resource/Gaëtan_de_Rochebouët&gt;.
}}
select distinct ?subject ?property 
where 
 { GRAPH &lt;http://dbpedia.org&gt;{?subject ?property &lt;http://dbpedia.org/resource/Georges_Bonnet&gt;.
}}
select distinct ?subject ?property 
where 
 { GRAPH &lt;http://dbpedia.org&gt;{?subject ?property &lt;http://dbpedia.org/resource/Gilbert,_Duke_of_Burgundy&gt;.
}}
select distinct ?subject ?property 
where 
 { GRAPH &lt;http://dbpedia.org&gt;{?subject ?property &lt;http://dbpedia.org/resource/Grandizo_Munis&gt;.
}}
select distinct ?subject ?property 
where 
 { GRAPH &lt;http://dbpedia.org&gt;{?subject ?property &lt;http://dbpedia.org/resource/Guillaume_Bigourdan&gt;.
}}
select distinct ?subject ?property 
where 
 { GRAPH &lt;http://dbpedia.org&gt;{?subject ?property &lt;http://dbpedia.org/resource/Henri-Cardin-Jean-Baptiste_d&apos;Aguesseau&gt;.
}}
select distinct ?subject ?property 
where 
 { GRAPH &lt;http://dbpedia.org&gt;{?subject ?property &lt;http://dbpedia.org/resource/Henri_François_d&apos;Aguesseau&gt;.
}}
select distinct ?subject ?property 
where 
 { GRAPH &lt;http://dbpedia.org&gt;{?subject ?property &lt;http://dbpedia.org/resource/Henri_Meilhac&gt;.
}}
select distinct ?subject ?property 
where 
 { GRAPH &lt;http://dbpedia.org&gt;{?subject ?property &lt;http://dbpedia.org/resource/Henri_Queuille&gt;.
}}
select distinct ?subject ?property 
where 
 { GRAPH &lt;http://dbpedia.org&gt;{?subject ?property &lt;http://dbpedia.org/resource/J.-H._Rosny_aîné&gt;.
}}
select distinct ?subject ?property 
where 
 { GRAPH &lt;http://dbpedia.org&gt;{?subject ?property &lt;http://dbpedia.org/resource/Jacques_Arcadelt&gt;.
}}
select distinct ?subject ?property 
where 
 { GRAPH &lt;http://dbpedia.org&gt;{?subject ?property &lt;http://dbpedia.org/resource/Jean-Christophe_Yoccoz&gt;.
}}
select distinct ?subject ?property 
where 
 { GRAPH &lt;http://dbpedia.org&gt;{?subject ?property &lt;http://dbpedia.org/resource/Jean-Guillaume,_baron_Hyde_de_Neuville&gt;.
}}
select distinct ?subject ?property 
where 
 { GRAPH &lt;http://dbpedia.org&gt;{?subject ?property &lt;http://dbpedia.org/resource/Jean_Richepin&gt;.
}}
select distinct ?subject ?property 
where 
 { GRAPH &lt;http://dbpedia.org&gt;{?subject ?property &lt;http://dbpedia.org/resource/Jean_du_Vergier_de_Hauranne&gt;.
}}
select distinct ?subject ?property 
where 
 { GRAPH &lt;http://dbpedia.org&gt;{?subject ?property &lt;http://dbpedia.org/resource/John_Lemoinne&gt;.
}}
select distinct ?subject ?property 
where 
 { GRAPH &lt;http://dbpedia.org&gt;{?subject ?property &lt;http://dbpedia.org/resource/Jules_Sandeau&gt;.
}}
select distinct ?subject ?property 
where 
 { GRAPH &lt;http://dbpedia.org&gt;{?subject ?property &lt;http://dbpedia.org/resource/Juliette_Récamier&gt;.
}}
select distinct ?subject ?property 
where 
 { GRAPH &lt;http://dbpedia.org&gt;{?subject ?property &lt;http://dbpedia.org/resource/Louis-Georges_de_Bréquigny&gt;.
}}
select distinct ?subject ?property 
where 
 { GRAPH &lt;http://dbpedia.org&gt;{?subject ?property &lt;http://dbpedia.org/resource/Louis_Jules_Mancini_Mazarini&gt;.
}}
select distinct ?subject ?property 
where 
 { GRAPH &lt;http://dbpedia.org&gt;{?subject ?property &lt;http://dbpedia.org/resource/Louis_Marie_de_La_Révellière-Lépeaux&gt;.
}}
select distinct ?subject ?property 
where 
 { GRAPH &lt;http://dbpedia.org&gt;{?subject ?property &lt;http://dbpedia.org/resource/Louise_d&apos;?pinay&gt;.
}}
select distinct ?subject ?property 
where 
 { GRAPH &lt;http://dbpedia.org&gt;{?subject ?property &lt;http://dbpedia.org/resource/Louise_de_Kérouaille,_Duchess_of_Portsmouth&gt;.
}}
select distinct ?subject ?property 
where 
 { GRAPH &lt;http://dbpedia.org&gt;{?subject ?property &lt;http://dbpedia.org/resource/Léon_Say&gt;.
}}
select distinct ?subject ?property 
where 
 { GRAPH &lt;http://dbpedia.org&gt;{?subject ?property &lt;http://dbpedia.org/resource/Marie_Firmin_Bocourt&gt;.
}}
select distinct ?subject ?property 
where 
 { GRAPH &lt;http://dbpedia.org&gt;{?subject ?property &lt;http://dbpedia.org/resource/Marin_le_Roy_de_Gomberville&gt;.
}}
select distinct ?subject ?property 
where 
 { GRAPH &lt;http://dbpedia.org&gt;{?subject ?property &lt;http://dbpedia.org/resource/Michel-Jean_Sedaine&gt;.
}}
select distinct ?subject ?property 
where 
 { GRAPH &lt;http://dbpedia.org&gt;{?subject ?property &lt;http://dbpedia.org/resource/Paul_Pelliot&gt;.
}}
select distinct ?subject ?property 
where 
 { GRAPH &lt;http://dbpedia.org&gt;{?subject ?property &lt;http://dbpedia.org/resource/Peter_Lombard&gt;.
}}
select distinct ?subject ?property 
where 
 { GRAPH &lt;http://dbpedia.org&gt;{?subject ?property &lt;http://dbpedia.org/resource/Philippe_Massoni&gt;.
}}
select distinct ?subject ?property 
where 
 { GRAPH &lt;http://dbpedia.org&gt;{?subject ?property &lt;http://dbpedia.org/resource/Pierre_Bérégovoy&gt;.
}}
select distinct ?subject ?property 
where 
 { GRAPH &lt;http://dbpedia.org&gt;{?subject ?property &lt;http://dbpedia.org/resource/Pierre_Mauroy&gt;.
}}
select distinct ?subject ?property 
where 
 { GRAPH &lt;http://dbpedia.org&gt;{?subject ?property &lt;http://dbpedia.org/resource/Pierre_Plantard&gt;.
}}
select distinct ?subject ?property 
where 
 { GRAPH &lt;http://dbpedia.org&gt;{?subject ?property &lt;http://dbpedia.org/resource/Raymond_Barre&gt;.
}}
select distinct ?subject ?property 
where 
 { GRAPH &lt;http://dbpedia.org&gt;{?subject ?property &lt;http://dbpedia.org/resource/René_Barjavel&gt;.
}}
select distinct ?subject ?property 
where 
 { GRAPH &lt;http://dbpedia.org&gt;{?subject ?property &lt;http://dbpedia.org/resource/René_Caillié&gt;.
}}
select distinct ?subject ?property 
where 
 { GRAPH &lt;http://dbpedia.org&gt;{?subject ?property &lt;http://dbpedia.org/resource/René_Doumic&gt;.
}}
select distinct ?subject ?property 
where 
 { GRAPH &lt;http://dbpedia.org&gt;{?subject ?property &lt;http://dbpedia.org/resource/René_Mayer&gt;.
}}
select distinct ?subject ?property 
where 
 { GRAPH &lt;http://dbpedia.org&gt;{?subject ?property &lt;http://dbpedia.org/resource/Stanislas_de_Boufflers&gt;.
}}
select distinct ?subject ?property 
where 
 { GRAPH &lt;http://dbpedia.org&gt;{?subject ?property &lt;http://dbpedia.org/resource/Xavier_Saint-Macary&gt;.
}}
select distinct ?subject ?property 
where 
 { GRAPH &lt;http://dbpedia.org&gt;{?subject ?property &lt;http://dbpedia.org/resource/Xavier_de_Roux&gt;.
}}
select distinct ?subject ?property 
where 
 { GRAPH &lt;http://dbpedia.org&gt;{?subject ?property &lt;http://dbpedia.org/resource/Albert_Palle&gt;.
}}
select distinct ?subject ?property 
where 
 { GRAPH &lt;http://dbpedia.org&gt;{?subject ?property &lt;http://dbpedia.org/resource/Charles_Braibant&gt;.
}}
select distinct ?subject ?property 
where 
 { GRAPH &lt;http://dbpedia.org&gt;{?subject ?property &lt;http://dbpedia.org/resource/Christopher_Frank&gt;.
}}
select distinct ?subject ?property 
where 
 { GRAPH &lt;http://dbpedia.org&gt;{?subject ?property &lt;http://dbpedia.org/resource/Jean-Marc_Roberts&gt;.
}}
select distinct ?subject ?property 
where 
 { GRAPH &lt;http://dbpedia.org&gt;{?subject ?property &lt;http://dbpedia.org/resource/Jean_Freustié&gt;.
}}
select distinct ?subject ?property 
where 
 { GRAPH &lt;http://dbpedia.org&gt;{?subject ?property &lt;http://dbpedia.org/resource/Pierre_Jean_Launay&gt;.
}}
select distinct ?subject ?property 
where 
 { GRAPH &lt;http://dbpedia.org&gt;{?subject ?property &lt;http://dbpedia.org/resource/Roger_Bordier&gt;.
}}
select distinct ?subject ?property 
where 
 { GRAPH &lt;http://dbpedia.org&gt;{?subject ?property &lt;http://dbpedia.org/resource/Abdelghani_Bousta&gt;.
}}
select distinct ?subject ?property 
where 
 { GRAPH &lt;http://dbpedia.org&gt;{?subject ?property &lt;http://dbpedia.org/resource/André_Dhôtel&gt;.
}}
select distinct ?subject ?property 
where 
 { GRAPH &lt;http://dbpedia.org&gt;{?subject ?property &lt;http://dbpedia.org/resource/Ayn-al-Hayat_Rifaat&gt;.
}}
select distinct ?subject ?property 
where 
 { GRAPH &lt;http://dbpedia.org&gt;{?subject ?property &lt;http://dbpedia.org/resource/Charb&gt;.
}}
select distinct ?subject ?property 
where 
 { GRAPH &lt;http://dbpedia.org&gt;{?subject ?property &lt;http://dbpedia.org/resource/Claude_Faraggi&gt;.
}}
select distinct ?subject ?property 
where 
 { GRAPH &lt;http://dbpedia.org&gt;{?subject ?property &lt;http://dbpedia.org/resource/Dominique_Rolin&gt;.
}}
select distinct ?subject ?property 
where 
 { GRAPH &lt;http://dbpedia.org&gt;{?subject ?property &lt;http://dbpedia.org/resource/Jean-Baptiste_Marie_Pierre&gt;.
}}
select distinct ?subject ?property 
where 
 { GRAPH &lt;http://dbpedia.org&gt;{?subject ?property &lt;http://dbpedia.org/resource/Jean-Victor_Schnetz&gt;.
}}
select distinct ?subject ?property 
where 
 { GRAPH &lt;http://dbpedia.org&gt;{?subject ?property &lt;http://dbpedia.org/resource/Jean_de_La_Varende&gt;.
}}
select distinct ?subject ?property 
where 
 { GRAPH &lt;http://dbpedia.org&gt;{?subject ?property &lt;http://dbpedia.org/resource/Marie-Gabrielle_Capet&gt;.
}}
select distinct ?subject ?property 
where 
 { GRAPH &lt;http://dbpedia.org&gt;{?subject ?property &lt;http://dbpedia.org/resource/Moses_Hess&gt;.
}}
select distinct ?subject ?property 
where 
 { GRAPH &lt;http://dbpedia.org&gt;{?subject ?property &lt;http://dbpedia.org/resource/Noura&gt;.
}}
select distinct ?subject ?property 
where 
 { GRAPH &lt;http://dbpedia.org&gt;{?subject ?property &lt;http://dbpedia.org/resource/Paul_Lebeau&gt;.
}}
select distinct ?subject ?property 
where 
 { GRAPH &lt;http://dbpedia.org&gt;{?subject ?property &lt;http://dbpedia.org/resource/Princess_Françoise_of_Orléans_(1902–1953)&gt;.
}}
select distinct ?subject ?property 
where 
 { GRAPH &lt;http://dbpedia.org&gt;{?subject ?property &lt;http://dbpedia.org/resource/René_R._Khawam&gt;.
}}
select distinct ?subject ?property 
where 
 { GRAPH &lt;http://dbpedia.org&gt;{?subject ?property &lt;http://dbpedia.org/resource/Tignous&gt;.
}}
select distinct ?subject ?property 
where 
 { GRAPH &lt;http://dbpedia.org&gt;{?subject ?property &lt;http://dbpedia.org/resource/Zinaida_Serebriakova&gt;.
}}
select distinct ?subject ?property 
where 
 { GRAPH &lt;http://dbpedia.org&gt;{?subject ?property &lt;http://dbpedia.org/resource/Cornelius_Castoriadis&gt;.
}}
select distinct ?subject ?property 
where 
 { GRAPH &lt;http://dbpedia.org&gt;{?subject ?property &lt;http://dbpedia.org/resource/Ferdinand_Dutert&gt;.
}}
select distinct ?subject ?property 
where 
 { GRAPH &lt;http://dbpedia.org&gt;{?subject ?property &lt;http://dbpedia.org/resource/Jean_Gallon&gt;.
}}
select distinct ?subject ?property 
where 
 { GRAPH &lt;http://dbpedia.org&gt;{?subject ?property &lt;http://dbpedia.org/resource/Philippe_Louis_de_Noailles&gt;.
}}
select distinct ?subject ?property 
where 
 { GRAPH &lt;http://dbpedia.org&gt;{?subject ?property &lt;http://dbpedia.org/resource/Claude_Aubriet&gt;.
}}
select distinct ?subject ?property 
where 
 { GRAPH &lt;http://dbpedia.org&gt;{?subject ?property &lt;http://dbpedia.org/resource/Edmond_Faral&gt;.
}}
select distinct ?subject ?property 
where 
 { GRAPH &lt;http://dbpedia.org&gt;{?subject ?property &lt;http://dbpedia.org/resource/Félix-Jacques_Moulin&gt;.
}}
select distinct ?subject ?property 
where 
 { GRAPH &lt;http://dbpedia.org&gt;{?subject ?property &lt;http://dbpedia.org/resource/Henri_Claude&gt;.
}}
select distinct ?subject ?property 
where 
 { GRAPH &lt;http://dbpedia.org&gt;{?subject ?property &lt;http://dbpedia.org/resource/Henri_Torrès&gt;.
}}
select distinct ?subject ?property 
where 
 { GRAPH &lt;http://dbpedia.org&gt;{?subject ?property &lt;http://dbpedia.org/resource/Henry_Eccles&gt;.
}}
select distinct ?subject ?property 
where 
 { GRAPH &lt;http://dbpedia.org&gt;{?subject ?property &lt;http://dbpedia.org/resource/Ida_Mett&gt;.
}}
select distinct ?subject ?property 
where 
 { GRAPH &lt;http://dbpedia.org&gt;{?subject ?property &lt;http://dbpedia.org/resource/Joseph_Récamier&gt;.
}}
select distinct ?subject ?property 
where 
 { GRAPH &lt;http://dbpedia.org&gt;{?subject ?property &lt;http://dbpedia.org/resource/Paul_Le_Jeune&gt;.
}}
select distinct ?subject ?property 
where 
 { GRAPH &lt;http://dbpedia.org&gt;{?subject ?property &lt;http://dbpedia.org/resource/Pyotr_Suvchinsky&gt;.
}}
select distinct ?subject ?property 
where 
 { GRAPH &lt;http://dbpedia.org&gt;{?subject ?property &lt;http://dbpedia.org/resource/Rozalia_Lubomirska&gt;.
}}
select distinct ?subject ?property 
where 
 { GRAPH &lt;http://dbpedia.org&gt;{?subject ?property &lt;http://dbpedia.org/resource/Spyridon_Vasileiadis&gt;.
}}
select distinct ?subject ?property 
where 
 { GRAPH &lt;http://dbpedia.org&gt;{?subject ?property &lt;http://dbpedia.org/resource/Théophile_Thoré-Bürger&gt;.
}}
select distinct ?subject ?property 
where 
 { GRAPH &lt;http://dbpedia.org&gt;{?subject ?property &lt;http://dbpedia.org/resource/Aimé_Millet&gt;.
}}
select distinct ?subject ?property 
where 
 { GRAPH &lt;http://dbpedia.org&gt;{?subject ?property &lt;http://dbpedia.org/resource/Albert_Roccardi&gt;.
}}
select distinct ?subject ?property 
where 
 { GRAPH &lt;http://dbpedia.org&gt;{?subject ?property &lt;http://dbpedia.org/resource/Alfred-Amédée_Dodds&gt;.
}}
select distinct ?subject ?property 
where 
 { GRAPH &lt;http://dbpedia.org&gt;{?subject ?property &lt;http://dbpedia.org/resource/Alfred_Dehodencq&gt;.
}}
select distinct ?subject ?property 
where 
 { GRAPH &lt;http://dbpedia.org&gt;{?subject ?property &lt;http://dbpedia.org/resource/Ambroise_Louis_Garneray&gt;.
}}
select distinct ?subject ?property 
where 
 { GRAPH &lt;http://dbpedia.org&gt;{?subject ?property &lt;http://dbpedia.org/resource/Anatoly_Nikolaievich_Demidov,_1st_Prince_of_San_Donato&gt;.
}}
select distinct ?subject ?property 
where 
 { GRAPH &lt;http://dbpedia.org&gt;{?subject ?property &lt;http://dbpedia.org/resource/Bénigne_Dauvergne_de_Saint-Mars&gt;.
}}
select distinct ?subject ?property 
where 
 { GRAPH &lt;http://dbpedia.org&gt;{?subject ?property &lt;http://dbpedia.org/resource/Camille-Marie_Stamaty&gt;.
}}
select distinct ?subject ?property 
where 
 { GRAPH &lt;http://dbpedia.org&gt;{?subject ?property &lt;http://dbpedia.org/resource/Charles-François-Prosper_Guérin&gt;.
}}
select distinct ?subject ?property 
where 
 { GRAPH &lt;http://dbpedia.org&gt;{?subject ?property &lt;http://dbpedia.org/resource/Charles-Nicolas-Sigisbert_Sonnini_de_Manoncourt&gt;.
}}
select distinct ?subject ?property 
where 
 { GRAPH &lt;http://dbpedia.org&gt;{?subject ?property &lt;http://dbpedia.org/resource/Charles-Simon_Catel&gt;.
}}
select distinct ?subject ?property 
where 
 { GRAPH &lt;http://dbpedia.org&gt;{?subject ?property &lt;http://dbpedia.org/resource/Eugène-Melchior_Péligot&gt;.
}}
select distinct ?subject ?property 
where 
 { GRAPH &lt;http://dbpedia.org&gt;{?subject ?property &lt;http://dbpedia.org/resource/Frederick_III,_Prince_of_Salm-Kyrburg&gt;.
}}
select distinct ?subject ?property 
where 
 { GRAPH &lt;http://dbpedia.org&gt;{?subject ?property &lt;http://dbpedia.org/resource/Fyodor_Viktorovich_Vinberg&gt;.
}}
select distinct ?subject ?property 
where 
 { GRAPH &lt;http://dbpedia.org&gt;{?subject ?property &lt;http://dbpedia.org/resource/Gaspard_Laurent_Bayle&gt;.
}}
select distinct ?subject ?property 
where 
 { GRAPH &lt;http://dbpedia.org&gt;{?subject ?property &lt;http://dbpedia.org/resource/Georges_Demen?&gt;.
}}
select distinct ?subject ?property 
where 
 { GRAPH &lt;http://dbpedia.org&gt;{?subject ?property &lt;http://dbpedia.org/resource/Henri_Legrand_du_Saulle&gt;.
}}
select distinct ?subject ?property 
where 
 { GRAPH &lt;http://dbpedia.org&gt;{?subject ?property &lt;http://dbpedia.org/resource/Henri_Oreiller&gt;.
}}
select distinct ?subject ?property 
where 
 { GRAPH &lt;http://dbpedia.org&gt;{?subject ?property &lt;http://dbpedia.org/resource/Henry_Bauchau&gt;.
}}
select distinct ?subject ?property 
where 
 { GRAPH &lt;http://dbpedia.org&gt;{?subject ?property &lt;http://dbpedia.org/resource/Hubert_de_Brienne&gt;.
}}
select distinct ?subject ?property 
where 
 { GRAPH &lt;http://dbpedia.org&gt;{?subject ?property &lt;http://dbpedia.org/resource/Jack_Belden&gt;.
}}
select distinct ?subject ?property 
where 
 { GRAPH &lt;http://dbpedia.org&gt;{?subject ?property &lt;http://dbpedia.org/resource/Jacques-Marie_Huvé&gt;.
}}
select distinct ?subject ?property 
where 
 { GRAPH &lt;http://dbpedia.org&gt;{?subject ?property &lt;http://dbpedia.org/resource/James_Herring&gt;.
}}
select distinct ?subject ?property 
where 
 { GRAPH &lt;http://dbpedia.org&gt;{?subject ?property &lt;http://dbpedia.org/resource/Jean-François_Bizot&gt;.
}}
select distinct ?subject ?property 
where 
 { GRAPH &lt;http://dbpedia.org&gt;{?subject ?property &lt;http://dbpedia.org/resource/Jean_Dunand&gt;.
}}
select distinct ?subject ?property 
where 
 { GRAPH &lt;http://dbpedia.org&gt;{?subject ?property &lt;http://dbpedia.org/resource/Jean_Godin_des_Odonais&gt;.
}}
select distinct ?subject ?property 
where 
 { GRAPH &lt;http://dbpedia.org&gt;{?subject ?property &lt;http://dbpedia.org/resource/Jean_Martin&gt;.
}}
select distinct ?subject ?property 
where 
 { GRAPH &lt;http://dbpedia.org&gt;{?subject ?property &lt;http://dbpedia.org/resource/Joseph_David_Sinzheim&gt;.
}}
select distinct ?subject ?property 
where 
 { GRAPH &lt;http://dbpedia.org&gt;{?subject ?property &lt;http://dbpedia.org/resource/Louis_Delasiauve&gt;.
}}
select distinct ?subject ?property 
where 
 { GRAPH &lt;http://dbpedia.org&gt;{?subject ?property &lt;http://dbpedia.org/resource/Louis_Pierre_Gratiolet&gt;.
}}
select distinct ?subject ?property 
where 
 { GRAPH &lt;http://dbpedia.org&gt;{?subject ?property &lt;http://dbpedia.org/resource/Léon_Rostan&gt;.
}}
select distinct ?subject ?property 
where 
 { GRAPH &lt;http://dbpedia.org&gt;{?subject ?property &lt;http://dbpedia.org/resource/Madho_Rao_Scindia&gt;.
}}
select distinct ?subject ?property 
where 
 { GRAPH &lt;http://dbpedia.org&gt;{?subject ?property &lt;http://dbpedia.org/resource/Marc_Nicolas_Louis_Pécheux&gt;.
}}
select distinct ?subject ?property 
where 
 { GRAPH &lt;http://dbpedia.org&gt;{?subject ?property &lt;http://dbpedia.org/resource/Martial_Gueroult&gt;.
}}
select distinct ?subject ?property 
where 
 { GRAPH &lt;http://dbpedia.org&gt;{?subject ?property &lt;http://dbpedia.org/resource/Maurice_Calka&gt;.
}}
select distinct ?subject ?property 
where 
 { GRAPH &lt;http://dbpedia.org&gt;{?subject ?property &lt;http://dbpedia.org/resource/Nicolas_Robert&gt;.
}}
select distinct ?subject ?property 
where 
 { GRAPH &lt;http://dbpedia.org&gt;{?subject ?property &lt;http://dbpedia.org/resource/Nikolai_Evreinov&gt;.
}}
select distinct ?subject ?property 
where 
 { GRAPH &lt;http://dbpedia.org&gt;{?subject ?property &lt;http://dbpedia.org/resource/Pierre-Joseph-Guillaume_Zimmermann&gt;.
}}
select distinct ?subject ?property 
where 
 { GRAPH &lt;http://dbpedia.org&gt;{?subject ?property &lt;http://dbpedia.org/resource/Pierre-Jules_Mêne&gt;.
}}
select distinct ?subject ?property 
where 
 { GRAPH &lt;http://dbpedia.org&gt;{?subject ?property &lt;http://dbpedia.org/resource/Pierre_Golle&gt;.
}}
select distinct ?subject ?property 
where 
 { GRAPH &lt;http://dbpedia.org&gt;{?subject ?property &lt;http://dbpedia.org/resource/Pierre_Grimal&gt;.
}}
select distinct ?subject ?property 
where 
 { GRAPH &lt;http://dbpedia.org&gt;{?subject ?property &lt;http://dbpedia.org/resource/Pierre_Monatte&gt;.
}}
select distinct ?subject ?property 
where 
 { GRAPH &lt;http://dbpedia.org&gt;{?subject ?property &lt;http://dbpedia.org/resource/Pierre_Watier&gt;.
}}
select distinct ?subject ?property 
where 
 { GRAPH &lt;http://dbpedia.org&gt;{?subject ?property &lt;http://dbpedia.org/resource/Raïssa_Maritain&gt;.
}}
select distinct ?subject ?property 
where 
 { GRAPH &lt;http://dbpedia.org&gt;{?subject ?property &lt;http://dbpedia.org/resource/Robert_Le_Lorrain&gt;.
}}
select distinct ?subject ?property 
where 
 { GRAPH &lt;http://dbpedia.org&gt;{?subject ?property &lt;http://dbpedia.org/resource/Valentin_Magnan&gt;.
}}
select distinct ?subject ?property 
where 
 { GRAPH &lt;http://dbpedia.org&gt;{?subject ?property &lt;http://dbpedia.org/resource/W?adys?aw_Baka?owicz&gt;.
}}
select distinct ?subject ?property 
where 
 { GRAPH &lt;http://dbpedia.org&gt;{?subject ?property &lt;http://dbpedia.org/resource/?vry_Schatzman&gt;.
}}
select distinct ?subject ?property 
where 
 { GRAPH &lt;http://dbpedia.org&gt;{?subject ?property &lt;http://dbpedia.org/resource/Albert_Bedouce&gt;.
}}
select distinct ?subject ?property 
where 
 { GRAPH &lt;http://dbpedia.org&gt;{?subject ?property &lt;http://dbpedia.org/resource/André_Mallarmé&gt;.
}}
select distinct ?subject ?property 
where 
 { GRAPH &lt;http://dbpedia.org&gt;{?subject ?property &lt;http://dbpedia.org/resource/Eugène_Claudius-Petit&gt;.
}}
select distinct ?subject ?property 
where 
 { GRAPH &lt;http://dbpedia.org&gt;{?subject ?property &lt;http://dbpedia.org/resource/Fernand_David&gt;.
}}
select distinct ?subject ?property 
where 
 { GRAPH &lt;http://dbpedia.org&gt;{?subject ?property &lt;http://dbpedia.org/resource/Henri_Bléhaut&gt;.
}}
select distinct ?subject ?property 
where 
 { GRAPH &lt;http://dbpedia.org&gt;{?subject ?property &lt;http://dbpedia.org/resource/Joseph_Capus&gt;.
}}
select distinct ?subject ?property 
where 
 { GRAPH &lt;http://dbpedia.org&gt;{?subject ?property &lt;http://dbpedia.org/resource/Paul_Bastid&gt;.
}}
select distinct ?subject ?property 
where 
 { GRAPH &lt;http://dbpedia.org&gt;{?subject ?property &lt;http://dbpedia.org/resource/Paul_Jourdain&gt;.
}}
select distinct ?subject ?property 
where 
 { GRAPH &lt;http://dbpedia.org&gt;{?subject ?property &lt;http://dbpedia.org/resource/Pierre-Olivier_Lapie&gt;.
}}
select distinct ?subject ?property 
where 
 { GRAPH &lt;http://dbpedia.org&gt;{?subject ?property &lt;http://dbpedia.org/resource/Roger_Duchet&gt;.
}}
select distinct ?subject ?property 
where 
 { GRAPH &lt;http://dbpedia.org&gt;{?subject ?property &lt;http://dbpedia.org/resource/Antoine-?léonor-Léon_Leclerc_de_Juigné&gt;.
}}
select distinct ?subject ?property 
where 
 { GRAPH &lt;http://dbpedia.org&gt;{?subject ?property &lt;http://dbpedia.org/resource/Catherine_of_Lorraine&gt;.
}}
select distinct ?subject ?property 
where 
 { GRAPH &lt;http://dbpedia.org&gt;{?subject ?property &lt;http://dbpedia.org/resource/Jacques_Bonne-Gigault_de_Bellefonds&gt;.
}}
select distinct ?subject ?property 
where 
 { GRAPH &lt;http://dbpedia.org&gt;{?subject ?property &lt;http://dbpedia.org/resource/Pierre_Magnin&gt;.
}}
select distinct ?subject ?property 
where 
 { GRAPH &lt;http://dbpedia.org&gt;{?subject ?property &lt;http://dbpedia.org/resource/Francisque_Poulbot&gt;.
}}
select distinct ?subject ?property 
where 
 { GRAPH &lt;http://dbpedia.org&gt;{?subject ?property &lt;http://dbpedia.org/resource/Georges_Spanelly&gt;.
}}
select distinct ?subject ?property 
where 
 { GRAPH &lt;http://dbpedia.org&gt;{?subject ?property &lt;http://dbpedia.org/resource/Maurice_Escande&gt;.
}}
select distinct ?subject ?property 
where 
 { GRAPH &lt;http://dbpedia.org&gt;{?subject ?property &lt;http://dbpedia.org/resource/Philippe_Richard&gt;.
}}
select distinct ?subject ?property 
where 
 { GRAPH &lt;http://dbpedia.org&gt;{?subject ?property &lt;http://dbpedia.org/resource/?mile_Drain&gt;.
}}
select distinct ?subject ?property 
where 
 { GRAPH &lt;http://dbpedia.org&gt;{?subject ?property &lt;http://dbpedia.org/resource/Adrien_L._J._Leps&gt;.
}}
select distinct ?subject ?property 
where 
 { GRAPH &lt;http://dbpedia.org&gt;{?subject ?property &lt;http://dbpedia.org/resource/Alexandre_Marcel&gt;.
}}
select distinct ?subject ?property 
where 
 { GRAPH &lt;http://dbpedia.org&gt;{?subject ?property &lt;http://dbpedia.org/resource/Alexandre_Miniac&gt;.
}}
select distinct ?subject ?property 
where 
 { GRAPH &lt;http://dbpedia.org&gt;{?subject ?property &lt;http://dbpedia.org/resource/Arthur_Hall_Smith&gt;.
}}
select distinct ?subject ?property 
where 
 { GRAPH &lt;http://dbpedia.org&gt;{?subject ?property &lt;http://dbpedia.org/resource/Auguste-Siméon_Garneray&gt;.
}}
select distinct ?subject ?property 
where 
 { GRAPH &lt;http://dbpedia.org&gt;{?subject ?property &lt;http://dbpedia.org/resource/Carel_Van_Falens&gt;.
}}
select distinct ?subject ?property 
where 
 { GRAPH &lt;http://dbpedia.org&gt;{?subject ?property &lt;http://dbpedia.org/resource/Carlo_Imbonati&gt;.
}}
select distinct ?subject ?property 
where 
 { GRAPH &lt;http://dbpedia.org&gt;{?subject ?property &lt;http://dbpedia.org/resource/Charles-Amable_Lenoir&gt;.
}}
select distinct ?subject ?property 
where 
 { GRAPH &lt;http://dbpedia.org&gt;{?subject ?property &lt;http://dbpedia.org/resource/Charles_Boulanger_de_Boisfremont&gt;.
}}
select distinct ?subject ?property 
where 
 { GRAPH &lt;http://dbpedia.org&gt;{?subject ?property &lt;http://dbpedia.org/resource/Christine_Fabréga&gt;.
}}
select distinct ?subject ?property 
where 
 { GRAPH &lt;http://dbpedia.org&gt;{?subject ?property &lt;http://dbpedia.org/resource/Denis_Foyatier&gt;.
}}
select distinct ?subject ?property 
where 
 { GRAPH &lt;http://dbpedia.org&gt;{?subject ?property &lt;http://dbpedia.org/resource/Eugène_Varlin&gt;.
}}
select distinct ?subject ?property 
where 
 { GRAPH &lt;http://dbpedia.org&gt;{?subject ?property &lt;http://dbpedia.org/resource/François_Guérin&gt;.
}}
select distinct ?subject ?property 
where 
 { GRAPH &lt;http://dbpedia.org&gt;{?subject ?property &lt;http://dbpedia.org/resource/François_Joullain&gt;.
}}
select distinct ?subject ?property 
where 
 { GRAPH &lt;http://dbpedia.org&gt;{?subject ?property &lt;http://dbpedia.org/resource/Germaine_Ribière&gt;.
}}
select distinct ?subject ?property 
where 
 { GRAPH &lt;http://dbpedia.org&gt;{?subject ?property &lt;http://dbpedia.org/resource/Horia_Damian&gt;.
}}
select distinct ?subject ?property 
where 
 { GRAPH &lt;http://dbpedia.org&gt;{?subject ?property &lt;http://dbpedia.org/resource/Hugues_Rebell&gt;.
}}
select distinct ?subject ?property 
where 
 { GRAPH &lt;http://dbpedia.org&gt;{?subject ?property &lt;http://dbpedia.org/resource/Jacques-Antoine_de_Chambarlhac_de_Laubespin&gt;.
}}
select distinct ?subject ?property 
where 
 { GRAPH &lt;http://dbpedia.org&gt;{?subject ?property &lt;http://dbpedia.org/resource/Jacques_Augustin_Catherine_Pajou&gt;.
}}
select distinct ?subject ?property 
where 
 { GRAPH &lt;http://dbpedia.org&gt;{?subject ?property &lt;http://dbpedia.org/resource/Jacques_Thuillier&gt;.
}}
select distinct ?subject ?property 
where 
 { GRAPH &lt;http://dbpedia.org&gt;{?subject ?property &lt;http://dbpedia.org/resource/Jean-Baptiste-Claude_Delisle_de_Sales&gt;.
}}
select distinct ?subject ?property 
where 
 { GRAPH &lt;http://dbpedia.org&gt;{?subject ?property &lt;http://dbpedia.org/resource/Jean-Louis_Pascal&gt;.
}}
select distinct ?subject ?property 
where 
 { GRAPH &lt;http://dbpedia.org&gt;{?subject ?property &lt;http://dbpedia.org/resource/Louis-Jean_Lévesque_de_Pouilly&gt;.
}}
select distinct ?subject ?property 
where 
 { GRAPH &lt;http://dbpedia.org&gt;{?subject ?property &lt;http://dbpedia.org/resource/Louis-Jules_André&gt;.
}}
select distinct ?subject ?property 
where 
 { GRAPH &lt;http://dbpedia.org&gt;{?subject ?property &lt;http://dbpedia.org/resource/Louis_Kahn_(admiral)&gt;.
}}
select distinct ?subject ?property 
where 
 { GRAPH &lt;http://dbpedia.org&gt;{?subject ?property &lt;http://dbpedia.org/resource/Louis_van_Waefelghem&gt;.
}}
select distinct ?subject ?property 
where 
 { GRAPH &lt;http://dbpedia.org&gt;{?subject ?property &lt;http://dbpedia.org/resource/Lucien_Brasseur&gt;.
}}
select distinct ?subject ?property 
where 
 { GRAPH &lt;http://dbpedia.org&gt;{?subject ?property &lt;http://dbpedia.org/resource/Ludvig_Karsten&gt;.
}}
select distinct ?subject ?property 
where 
 { GRAPH &lt;http://dbpedia.org&gt;{?subject ?property &lt;http://dbpedia.org/resource/Marcel_Nogues&gt;.
}}
select distinct ?subject ?property 
where 
 { GRAPH &lt;http://dbpedia.org&gt;{?subject ?property &lt;http://dbpedia.org/resource/Maria_de_La_Cerda_y_de_Lara&gt;.
}}
select distinct ?subject ?property 
where 
 { GRAPH &lt;http://dbpedia.org&gt;{?subject ?property &lt;http://dbpedia.org/resource/Nicasius_Bernaerts&gt;.
}}
select distinct ?subject ?property 
where 
 { GRAPH &lt;http://dbpedia.org&gt;{?subject ?property &lt;http://dbpedia.org/resource/Nicolas-Guy_Brenet&gt;.
}}
select distinct ?subject ?property 
where 
 { GRAPH &lt;http://dbpedia.org&gt;{?subject ?property &lt;http://dbpedia.org/resource/Patrick_Cauvin&gt;.
}}
select distinct ?subject ?property 
where 
 { GRAPH &lt;http://dbpedia.org&gt;{?subject ?property &lt;http://dbpedia.org/resource/Paul_Guigou&gt;.
}}
select distinct ?subject ?property 
where 
 { GRAPH &lt;http://dbpedia.org&gt;{?subject ?property &lt;http://dbpedia.org/resource/Pegeen_Vail_Guggenheim&gt;.
}}
select distinct ?subject ?property 
where 
 { GRAPH &lt;http://dbpedia.org&gt;{?subject ?property &lt;http://dbpedia.org/resource/Pierre-Michel_Alix&gt;.
}}
select distinct ?subject ?property 
where 
 { GRAPH &lt;http://dbpedia.org&gt;{?subject ?property &lt;http://dbpedia.org/resource/Pierre_Emmanuel_Damoye&gt;.
}}
select distinct ?subject ?property 
where 
 { GRAPH &lt;http://dbpedia.org&gt;{?subject ?property &lt;http://dbpedia.org/resource/Prosper_Dérivis&gt;.
}}
select distinct ?subject ?property 
where 
 { GRAPH &lt;http://dbpedia.org&gt;{?subject ?property &lt;http://dbpedia.org/resource/Rosalie_Duthé&gt;.
}}
select distinct ?subject ?property 
where 
 { GRAPH &lt;http://dbpedia.org&gt;{?subject ?property &lt;http://dbpedia.org/resource/Samuel_Bernard_(artist)&gt;.
}}
select distinct ?subject ?property 
where 
 { GRAPH &lt;http://dbpedia.org&gt;{?subject ?property &lt;http://dbpedia.org/resource/Sarkis_Diranian&gt;.
}}
select distinct ?subject ?property 
where 
 { GRAPH &lt;http://dbpedia.org&gt;{?subject ?property &lt;http://dbpedia.org/resource/Victor_Ségoffin&gt;.
}}
select distinct ?subject ?property 
where 
 { GRAPH &lt;http://dbpedia.org&gt;{?subject ?property &lt;http://dbpedia.org/resource/?douard_Bertin&gt;.
}}
select distinct ?subject ?property 
where 
 { GRAPH &lt;http://dbpedia.org&gt;{?subject ?property &lt;http://dbpedia.org/resource/Jeyhun_Hajibeyli&gt;.
}}
select distinct ?subject ?property 
where 
 { GRAPH &lt;http://dbpedia.org&gt;{?subject ?property &lt;http://dbpedia.org/resource/Juan_Cris?stomo_Torrico&gt;.
}}
select distinct ?subject ?property 
where 
 { GRAPH &lt;http://dbpedia.org&gt;{?subject ?property &lt;http://dbpedia.org/resource/Victor_Auguste,_baron_Duperré&gt;.
}}
select distinct ?subject ?property 
where 
 { GRAPH &lt;http://dbpedia.org&gt;{?subject ?property &lt;http://dbpedia.org/resource/Jean-François_Berruyer&gt;.
}}
select distinct ?subject ?property 
where 
 { GRAPH &lt;http://dbpedia.org&gt;{?subject ?property &lt;http://dbpedia.org/resource/Louis_Pierre_Alexis_Pothau&gt;.
}}
select distinct ?subject ?property 
where 
 { GRAPH &lt;http://dbpedia.org&gt;{?subject ?property &lt;http://dbpedia.org/resource/Marc_Detton&gt;.
}}
select distinct ?subject ?property 
where 
 { GRAPH &lt;http://dbpedia.org&gt;{?subject ?property &lt;http://dbpedia.org/resource/Carlotta_Brianza&gt;.
}}
select distinct ?subject ?property 
where 
 { GRAPH &lt;http://dbpedia.org&gt;{?subject ?property &lt;http://dbpedia.org/resource/Edme_?tienne_Borne_Desfourneaux&gt;.
}}
select distinct ?subject ?property 
where 
 { GRAPH &lt;http://dbpedia.org&gt;{?subject ?property &lt;http://dbpedia.org/resource/Fernand_Bisson_de_la_Roque&gt;.
}}
select distinct ?subject ?property 
where 
 { GRAPH &lt;http://dbpedia.org&gt;{?subject ?property &lt;http://dbpedia.org/resource/François_Abadie&gt;.
}}
select distinct ?subject ?property 
where 
 { GRAPH &lt;http://dbpedia.org&gt;{?subject ?property &lt;http://dbpedia.org/resource/George_Foottit&gt;.
}}
select distinct ?subject ?property 
where 
 { GRAPH &lt;http://dbpedia.org&gt;{?subject ?property &lt;http://dbpedia.org/resource/Gilles_Joseph_Martin_Bruneteau&gt;.
}}
select distinct ?subject ?property 
where 
 { GRAPH &lt;http://dbpedia.org&gt;{?subject ?property &lt;http://dbpedia.org/resource/Guillaume_François_d&apos;Aigremont&gt;.
}}
select distinct ?subject ?property 
where 
 { GRAPH &lt;http://dbpedia.org&gt;{?subject ?property &lt;http://dbpedia.org/resource/Jacques_Augustin_Mourgue&gt;.
}}
select distinct ?subject ?property 
where 
 { GRAPH &lt;http://dbpedia.org&gt;{?subject ?property &lt;http://dbpedia.org/resource/Jean-Baptiste_Hus&gt;.
}}
select distinct ?subject ?property 
where 
 { GRAPH &lt;http://dbpedia.org&gt;{?subject ?property &lt;http://dbpedia.org/resource/Jean-Baptiste_Teste&gt;.
}}
select distinct ?subject ?property 
where 
 { GRAPH &lt;http://dbpedia.org&gt;{?subject ?property &lt;http://dbpedia.org/resource/Jean_Bernard_Tarbé_de_Vauxclairs&gt;.
}}
select distinct ?subject ?property 
where 
 { GRAPH &lt;http://dbpedia.org&gt;{?subject ?property &lt;http://dbpedia.org/resource/Louis-Joseph_Charlier&gt;.
}}
select distinct ?subject ?property 
where 
 { GRAPH &lt;http://dbpedia.org&gt;{?subject ?property &lt;http://dbpedia.org/resource/Nicolas_Félix_Vandive&gt;.
}}
select distinct ?subject ?property 
where 
 { GRAPH &lt;http://dbpedia.org&gt;{?subject ?property &lt;http://dbpedia.org/resource/Onésiphore_Pecqueur&gt;.
}}
select distinct ?subject ?property 
where 
 { GRAPH &lt;http://dbpedia.org&gt;{?subject ?property &lt;http://dbpedia.org/resource/Publio_Fausto_Andrelini&gt;.
}}
select distinct ?subject ?property 
where 
 { GRAPH &lt;http://dbpedia.org&gt;{?subject ?property &lt;http://dbpedia.org/resource/Stanislas-Marie_Maillard&gt;.
}}
select distinct ?subject ?property 
where 
 { GRAPH &lt;http://dbpedia.org&gt;{?subject ?property &lt;http://dbpedia.org/resource/Camille_de_Tournon-Simiane&gt;.
}}
select distinct ?subject ?property 
where 
 { GRAPH &lt;http://dbpedia.org&gt;{?subject ?property &lt;http://dbpedia.org/resource/Grégoire_Coffinières_de_Nordeck&gt;.
}}
select distinct ?subject ?property 
where 
 { GRAPH &lt;http://dbpedia.org&gt;{?subject ?property &lt;http://dbpedia.org/resource/René_Lemarant_de_Kerdaniel&gt;.
}}
select distinct ?subject ?property 
where 
 { GRAPH &lt;http://dbpedia.org&gt;{?subject ?property &lt;http://dbpedia.org/resource/Auguste_de_Creuse&gt;.
}}
select distinct ?subject ?property 
where 
 { GRAPH &lt;http://dbpedia.org&gt;{?subject ?property &lt;http://dbpedia.org/resource/Charles_Genty&gt;.
}}
select distinct ?subject ?property 
where 
 { GRAPH &lt;http://dbpedia.org&gt;{?subject ?property &lt;http://dbpedia.org/resource/Jean-Simon_de_Champigny&gt;.
}}
select distinct ?subject ?property 
where 
 { GRAPH &lt;http://dbpedia.org&gt;{?subject ?property &lt;http://dbpedia.org/resource/Lazare_Duvaux&gt;.
}}
select distinct ?subject ?property 
where 
 { GRAPH &lt;http://dbpedia.org&gt;{?subject ?property &lt;http://dbpedia.org/resource/Louis-Victor_Marcé&gt;.
}}
select distinct ?subject ?property 
where 
 { GRAPH &lt;http://dbpedia.org&gt;{?subject ?property &lt;http://dbpedia.org/resource/Louis_Duret&gt;.
}}
select distinct ?subject ?property 
where 
 { GRAPH &lt;http://dbpedia.org&gt;{?subject ?property &lt;http://dbpedia.org/resource/?mile_Vacher&gt;.
}}
select distinct ?subject ?property 
where 
 { GRAPH &lt;http://dbpedia.org&gt;{?subject ?property &lt;http://dbpedia.org/resource/Charles-Jean-François_Chéron&gt;.
}}
select distinct ?subject ?property 
where 
 { GRAPH &lt;http://dbpedia.org&gt;{?subject ?property &lt;http://dbpedia.org/resource/Ted_Richmond&gt;.
}}
select distinct ?subject ?property 
where 
 { GRAPH &lt;http://dbpedia.org&gt;{?subject ?property &lt;http://dbpedia.org/resource/Grigory_Aleksinsky&gt;.
}}
select distinct ?subject ?property 
where 
 { GRAPH &lt;http://dbpedia.org&gt;{?subject ?property &lt;http://dbpedia.org/resource/Vladimir_Zlobin&gt;.
}}
select distinct ?subject ?property 
where 
 { GRAPH &lt;http://dbpedia.org&gt;{?subject ?property &lt;http://dbpedia.org/resource/Togrul_Narimanbekov&gt;.
}}
select distinct ?subject ?property 
where 
 { GRAPH &lt;http://dbpedia.org&gt;{?subject ?property &lt;http://dbpedia.org/resource/Ahmet_Kaya&gt;.
}}
select distinct ?subject ?property 
where 
 { GRAPH &lt;http://dbpedia.org&gt;{?subject ?property &lt;http://dbpedia.org/resource/Farhad_Mehrad&gt;.
}}
select distinct ?subject ?property 
where 
 { GRAPH &lt;http://dbpedia.org&gt;{?subject ?property &lt;http://dbpedia.org/resource/Grégoire_Michonze&gt;.
}}
select distinct ?subject ?property 
where 
 { GRAPH &lt;http://dbpedia.org&gt;{?subject ?property &lt;http://dbpedia.org/resource/Jes?s_Rafael_Soto&gt;.
}}
select distinct ?subject ?property 
where 
 { GRAPH &lt;http://dbpedia.org&gt;{?subject ?property &lt;http://dbpedia.org/resource/Bj?rnstjerne_Bj?rnson&gt;.
}}
select distinct ?subject ?property 
where 
 { GRAPH &lt;http://dbpedia.org&gt;{?subject ?property &lt;http://dbpedia.org/resource/Pierre_Richard-Willm&gt;.
}}
select distinct ?subject ?property 
where 
 { GRAPH &lt;http://dbpedia.org&gt;{?subject ?property &lt;http://dbpedia.org/resource/Charles_Deutsch&gt;.
}}
select distinct ?subject ?property 
where 
 { GRAPH &lt;http://dbpedia.org&gt;{?subject ?property &lt;http://dbpedia.org/resource/Charles_de_Morny,_Duke_of_Morny&gt;.
}}
select distinct ?subject ?property 
where 
 { GRAPH &lt;http://dbpedia.org&gt;{?subject ?property &lt;http://dbpedia.org/resource/Claude_Chappe&gt;.
}}
select distinct ?subject ?property 
where 
 { GRAPH &lt;http://dbpedia.org&gt;{?subject ?property &lt;http://dbpedia.org/resource/Ernest_Picard&gt;.
}}
select distinct ?subject ?property 
where 
 { GRAPH &lt;http://dbpedia.org&gt;{?subject ?property &lt;http://dbpedia.org/resource/Eugène_Rouher&gt;.
}}
select distinct ?subject ?property 
where 
 { GRAPH &lt;http://dbpedia.org&gt;{?subject ?property &lt;http://dbpedia.org/resource/Felice_Orsini&gt;.
}}
select distinct ?subject ?property 
where 
 { GRAPH &lt;http://dbpedia.org&gt;{?subject ?property &lt;http://dbpedia.org/resource/François_Certain_Canrobert&gt;.
}}
select distinct ?subject ?property 
where 
 { GRAPH &lt;http://dbpedia.org&gt;{?subject ?property &lt;http://dbpedia.org/resource/Gabriel_Hanotaux&gt;.
}}
select distinct ?subject ?property 
where 
 { GRAPH &lt;http://dbpedia.org&gt;{?subject ?property &lt;http://dbpedia.org/resource/Guillaume_Budé&gt;.
}}
select distinct ?subject ?property 
where 
 { GRAPH &lt;http://dbpedia.org&gt;{?subject ?property &lt;http://dbpedia.org/resource/Henri_Brisson&gt;.
}}
select distinct ?subject ?property 
where 
 { GRAPH &lt;http://dbpedia.org&gt;{?subject ?property &lt;http://dbpedia.org/resource/Jean_Daurat&gt;.
}}
select distinct ?subject ?property 
where 
 { GRAPH &lt;http://dbpedia.org&gt;{?subject ?property &lt;http://dbpedia.org/resource/Joachim_du_Bellay&gt;.
}}
select distinct ?subject ?property 
where 
 { GRAPH &lt;http://dbpedia.org&gt;{?subject ?property &lt;http://dbpedia.org/resource/Joan_Littlewood&gt;.
}}
select distinct ?subject ?property 
where 
 { GRAPH &lt;http://dbpedia.org&gt;{?subject ?property &lt;http://dbpedia.org/resource/Jules_Ferry&gt;.
}}
select distinct ?subject ?property 
where 
 { GRAPH &lt;http://dbpedia.org&gt;{?subject ?property &lt;http://dbpedia.org/resource/Louis-Jean-Marie_Daubenton&gt;.
}}
select distinct ?subject ?property 
where 
 { GRAPH &lt;http://dbpedia.org&gt;{?subject ?property &lt;http://dbpedia.org/resource/Marc_Riboud&gt;.
}}
select distinct ?subject ?property 
where 
 { GRAPH &lt;http://dbpedia.org&gt;{?subject ?property &lt;http://dbpedia.org/resource/Marcello_Mastroianni&gt;.
}}
select distinct ?subject ?property 
where 
 { GRAPH &lt;http://dbpedia.org&gt;{?subject ?property &lt;http://dbpedia.org/resource/René_Daumal&gt;.
}}
select distinct ?subject ?property 
where 
 { GRAPH &lt;http://dbpedia.org&gt;{?subject ?property &lt;http://dbpedia.org/resource/René_Goblet&gt;.
}}
select distinct ?subject ?property 
where 
 { GRAPH &lt;http://dbpedia.org&gt;{?subject ?property &lt;http://dbpedia.org/resource/Samuel_Hahnemann&gt;.
}}
select distinct ?subject ?property 
where 
 { GRAPH &lt;http://dbpedia.org&gt;{?subject ?property &lt;http://dbpedia.org/resource/Thomas_Robert_Bugeaud&gt;.
}}
select distinct ?subject ?property 
where 
 { GRAPH &lt;http://dbpedia.org&gt;{?subject ?property &lt;http://dbpedia.org/resource/Vincent,_Count_Benedetti&gt;.
}}
select distinct ?subject ?property 
where 
 { GRAPH &lt;http://dbpedia.org&gt;{?subject ?property &lt;http://dbpedia.org/resource/William_Waddington&gt;.
}}
select distinct ?subject ?property 
where 
 { GRAPH &lt;http://dbpedia.org&gt;{?subject ?property &lt;http://dbpedia.org/resource/Ward_Swingle&gt;.
}}
select distinct ?subject ?property 
where 
 { GRAPH &lt;http://dbpedia.org&gt;{?subject ?property &lt;http://dbpedia.org/resource/Adolphe_Niel&gt;.
}}
select distinct ?subject ?property 
where 
 { GRAPH &lt;http://dbpedia.org&gt;{?subject ?property &lt;http://dbpedia.org/resource/Albert_Sorel&gt;.
}}
select distinct ?subject ?property 
where 
 { GRAPH &lt;http://dbpedia.org&gt;{?subject ?property &lt;http://dbpedia.org/resource/Alexis_Clairaut&gt;.
}}
select distinct ?subject ?property 
where 
 { GRAPH &lt;http://dbpedia.org&gt;{?subject ?property &lt;http://dbpedia.org/resource/Alfred_de_Musset&gt;.
}}
select distinct ?subject ?property 
where 
 { GRAPH &lt;http://dbpedia.org&gt;{?subject ?property &lt;http://dbpedia.org/resource/Allan_Kardec&gt;.
}}
select distinct ?subject ?property 
where 
 { GRAPH &lt;http://dbpedia.org&gt;{?subject ?property &lt;http://dbpedia.org/resource/Alphonse_de_Lamartine&gt;.
}}
select distinct ?subject ?property 
where 
 { GRAPH &lt;http://dbpedia.org&gt;{?subject ?property &lt;http://dbpedia.org/resource/André_Marie_Jean_Jacques_Dupin&gt;.
}}
select distinct ?subject ?property 
where 
 { GRAPH &lt;http://dbpedia.org&gt;{?subject ?property &lt;http://dbpedia.org/resource/André_Morellet&gt;.
}}
select distinct ?subject ?property 
where 
 { GRAPH &lt;http://dbpedia.org&gt;{?subject ?property &lt;http://dbpedia.org/resource/Antoine_Destutt_de_Tracy&gt;.
}}
select distinct ?subject ?property 
where 
 { GRAPH &lt;http://dbpedia.org&gt;{?subject ?property &lt;http://dbpedia.org/resource/Antoine_Jérôme_Balard&gt;.
}}
select distinct ?subject ?property 
where 
 { GRAPH &lt;http://dbpedia.org&gt;{?subject ?property &lt;http://dbpedia.org/resource/Antoine_Quentin_Fouquier-Tinville&gt;.
}}
select distinct ?subject ?property 
where 
 { GRAPH &lt;http://dbpedia.org&gt;{?subject ?property &lt;http://dbpedia.org/resource/Aristide_Briand&gt;.
}}
select distinct ?subject ?property 
where 
 { GRAPH &lt;http://dbpedia.org&gt;{?subject ?property &lt;http://dbpedia.org/resource/Armand_Gensonné&gt;.
}}
select distinct ?subject ?property 
where 
 { GRAPH &lt;http://dbpedia.org&gt;{?subject ?property &lt;http://dbpedia.org/resource/Augustin_Barruel&gt;.
}}
select distinct ?subject ?property 
where 
 { GRAPH &lt;http://dbpedia.org&gt;{?subject ?property &lt;http://dbpedia.org/resource/Baron_d&apos;Holbach&gt;.
}}
select distinct ?subject ?property 
where 
 { GRAPH &lt;http://dbpedia.org&gt;{?subject ?property &lt;http://dbpedia.org/resource/Bernard_Le_Bovier_de_Fontenelle&gt;.
}}
select distinct ?subject ?property 
where 
 { GRAPH &lt;http://dbpedia.org&gt;{?subject ?property &lt;http://dbpedia.org/resource/Bertrand-François_Mahé_de_La_Bourdonnais&gt;.
}}
select distinct ?subject ?property 
where 
 { GRAPH &lt;http://dbpedia.org&gt;{?subject ?property &lt;http://dbpedia.org/resource/Blaise_Cendrars&gt;.
}}
select distinct ?subject ?property 
where 
 { GRAPH &lt;http://dbpedia.org&gt;{?subject ?property &lt;http://dbpedia.org/resource/Camille_Desmoulins&gt;.
}}
select distinct ?subject ?property 
where 
 { GRAPH &lt;http://dbpedia.org&gt;{?subject ?property &lt;http://dbpedia.org/resource/Camille_Jordan_(politician)&gt;.
}}
select distinct ?subject ?property 
where 
 { GRAPH &lt;http://dbpedia.org&gt;{?subject ?property &lt;http://dbpedia.org/resource/Charles_Joseph,_comte_de_Flahaut&gt;.
}}
select distinct ?subject ?property 
where 
 { GRAPH &lt;http://dbpedia.org&gt;{?subject ?property &lt;http://dbpedia.org/resource/Charles_Le_Brun&gt;.
}}
select distinct ?subject ?property 
where 
 { GRAPH &lt;http://dbpedia.org&gt;{?subject ?property &lt;http://dbpedia.org/resource/Charles_Percier&gt;.
}}
select distinct ?subject ?property 
where 
 { GRAPH &lt;http://dbpedia.org&gt;{?subject ?property &lt;http://dbpedia.org/resource/Charles_de_Rémusat&gt;.
}}
select distinct ?subject ?property 
where 
 { GRAPH &lt;http://dbpedia.org&gt;{?subject ?property &lt;http://dbpedia.org/resource/Claude_Adrien_Helvétius&gt;.
}}
select distinct ?subject ?property 
where 
 { GRAPH &lt;http://dbpedia.org&gt;{?subject ?property &lt;http://dbpedia.org/resource/Claude_Pouillet&gt;.
}}
select distinct ?subject ?property 
where 
 { GRAPH &lt;http://dbpedia.org&gt;{?subject ?property &lt;http://dbpedia.org/resource/Constantin_François_de_Chassebœuf,_comte_de_Volney&gt;.
}}
select distinct ?subject ?property 
where 
 { GRAPH &lt;http://dbpedia.org&gt;{?subject ?property &lt;http://dbpedia.org/resource/Eugène_Marin_Labiche&gt;.
}}
select distinct ?subject ?property 
where 
 { GRAPH &lt;http://dbpedia.org&gt;{?subject ?property &lt;http://dbpedia.org/resource/François-René_de_Chateaubriand&gt;.
}}
select distinct ?subject ?property 
where 
 { GRAPH &lt;http://dbpedia.org&gt;{?subject ?property &lt;http://dbpedia.org/resource/François_Ravaillac&gt;.
}}
select distinct ?subject ?property 
where 
 { GRAPH &lt;http://dbpedia.org&gt;{?subject ?property &lt;http://dbpedia.org/resource/François_Victor_Alphonse_Aulard&gt;.
}}
select distinct ?subject ?property 
where 
 { GRAPH &lt;http://dbpedia.org&gt;{?subject ?property &lt;http://dbpedia.org/resource/Félix_Ravaisson-Mollien&gt;.
}}
select distinct ?subject ?property 
where 
 { GRAPH &lt;http://dbpedia.org&gt;{?subject ?property &lt;http://dbpedia.org/resource/Georges_Cadoudal&gt;.
}}
select distinct ?subject ?property 
where 
 { GRAPH &lt;http://dbpedia.org&gt;{?subject ?property &lt;http://dbpedia.org/resource/Giacomo_Meyerbeer&gt;.
}}
select distinct ?subject ?property 
where 
 { GRAPH &lt;http://dbpedia.org&gt;{?subject ?property &lt;http://dbpedia.org/resource/Guillaume_Morel&gt;.
}}
select distinct ?subject ?property 
where 
 { GRAPH &lt;http://dbpedia.org&gt;{?subject ?property &lt;http://dbpedia.org/resource/Henri_Laurens&gt;.
}}
select distinct ?subject ?property 
where 
 { GRAPH &lt;http://dbpedia.org&gt;{?subject ?property &lt;http://dbpedia.org/resource/Isaac_de_Benserade&gt;.
}}
select distinct ?subject ?property 
where 
 { GRAPH &lt;http://dbpedia.org&gt;{?subject ?property &lt;http://dbpedia.org/resource/Ivan_Bunin&gt;.
}}
select distinct ?subject ?property 
where 
 { GRAPH &lt;http://dbpedia.org&gt;{?subject ?property &lt;http://dbpedia.org/resource/Jack_Pickford&gt;.
}}
select distinct ?subject ?property 
where 
 { GRAPH &lt;http://dbpedia.org&gt;{?subject ?property &lt;http://dbpedia.org/resource/Jacqueline_Pascal&gt;.
}}
select distinct ?subject ?property 
where 
 { GRAPH &lt;http://dbpedia.org&gt;{?subject ?property &lt;http://dbpedia.org/resource/Jacques_Antoine_Hippolyte,_Comte_de_Guibert&gt;.
}}
select distinct ?subject ?property 
where 
 { GRAPH &lt;http://dbpedia.org&gt;{?subject ?property &lt;http://dbpedia.org/resource/Jacques_Mesrine&gt;.
}}
select distinct ?subject ?property 
where 
 { GRAPH &lt;http://dbpedia.org&gt;{?subject ?property &lt;http://dbpedia.org/resource/Jean-Charles_Pichegru&gt;.
}}
select distinct ?subject ?property 
where 
 { GRAPH &lt;http://dbpedia.org&gt;{?subject ?property &lt;http://dbpedia.org/resource/Jean_Baptiste_Gay,_vicomte_de_Martignac&gt;.
}}
select distinct ?subject ?property 
where 
 { GRAPH &lt;http://dbpedia.org&gt;{?subject ?property &lt;http://dbpedia.org/resource/Jean_Baptiste_Joseph_Delambre&gt;.
}}
select distinct ?subject ?property 
where 
 { GRAPH &lt;http://dbpedia.org&gt;{?subject ?property &lt;http://dbpedia.org/resource/Jean_Barraqué&gt;.
}}
select distinct ?subject ?property 
where 
 { GRAPH &lt;http://dbpedia.org&gt;{?subject ?property &lt;http://dbpedia.org/resource/Jean_Chapelain&gt;.
}}
select distinct ?subject ?property 
where 
 { GRAPH &lt;http://dbpedia.org&gt;{?subject ?property &lt;http://dbpedia.org/resource/Jean_Crotti&gt;.
}}
select distinct ?subject ?property 
where 
 { GRAPH &lt;http://dbpedia.org&gt;{?subject ?property &lt;http://dbpedia.org/resource/Jean_Desmarets&gt;.
}}
select distinct ?subject ?property 
where 
 { GRAPH &lt;http://dbpedia.org&gt;{?subject ?property &lt;http://dbpedia.org/resource/Jean_Genet&gt;.
}}
select distinct ?subject ?property 
where 
 { GRAPH &lt;http://dbpedia.org&gt;{?subject ?property &lt;http://dbpedia.org/resource/Jean_Léonard_Marie_Poiseuille&gt;.
}}
select distinct ?subject ?property 
where 
 { GRAPH &lt;http://dbpedia.org&gt;{?subject ?property &lt;http://dbpedia.org/resource/Jean_Moréas&gt;.
}}
select distinct ?subject ?property 
where 
 { GRAPH &lt;http://dbpedia.org&gt;{?subject ?property &lt;http://dbpedia.org/resource/Jean_Philibert_Damiron&gt;.
}}
select distinct ?subject ?property 
where 
 { GRAPH &lt;http://dbpedia.org&gt;{?subject ?property &lt;http://dbpedia.org/resource/Jeanne_Julia_Bartet&gt;.
}}
select distinct ?subject ?property 
where 
 { GRAPH &lt;http://dbpedia.org&gt;{?subject ?property &lt;http://dbpedia.org/resource/Joseph-Marie_Quérard&gt;.
}}
select distinct ?subject ?property 
where 
 { GRAPH &lt;http://dbpedia.org&gt;{?subject ?property &lt;http://dbpedia.org/resource/Joseph_Joffre&gt;.
}}
select distinct ?subject ?property 
where 
 { GRAPH &lt;http://dbpedia.org&gt;{?subject ?property &lt;http://dbpedia.org/resource/Joseph_Vinoy&gt;.
}}
select distinct ?subject ?property 
where 
 { GRAPH &lt;http://dbpedia.org&gt;{?subject ?property &lt;http://dbpedia.org/resource/Jules_Bonnot&gt;.
}}
select distinct ?subject ?property 
where 
 { GRAPH &lt;http://dbpedia.org&gt;{?subject ?property &lt;http://dbpedia.org/resource/Jules_Simon&gt;.
}}
select distinct ?subject ?property 
where 
 { GRAPH &lt;http://dbpedia.org&gt;{?subject ?property &lt;http://dbpedia.org/resource/Justin_Clinchant&gt;.
}}
select distinct ?subject ?property 
where 
 { GRAPH &lt;http://dbpedia.org&gt;{?subject ?property &lt;http://dbpedia.org/resource/Karl_Bodmer&gt;.
}}
select distinct ?subject ?property 
where 
 { GRAPH &lt;http://dbpedia.org&gt;{?subject ?property &lt;http://dbpedia.org/resource/Madame_du_Barry&gt;.
}}
select distinct ?subject ?property 
where 
 { GRAPH &lt;http://dbpedia.org&gt;{?subject ?property &lt;http://dbpedia.org/resource/Maine_de_Biran&gt;.
}}
select distinct ?subject ?property 
where 
 { GRAPH &lt;http://dbpedia.org&gt;{?subject ?property &lt;http://dbpedia.org/resource/Marcellin_Berthelot&gt;.
}}
select distinct ?subject ?property 
where 
 { GRAPH &lt;http://dbpedia.org&gt;{?subject ?property &lt;http://dbpedia.org/resource/Marie_Anne_de_Vichy-Chamrond,_marquise_du_Deffand&gt;.
}}
select distinct ?subject ?property 
where 
 { GRAPH &lt;http://dbpedia.org&gt;{?subject ?property &lt;http://dbpedia.org/resource/Marie_d&apos;Agoult&gt;.
}}
select distinct ?subject ?property 
where 
 { GRAPH &lt;http://dbpedia.org&gt;{?subject ?property &lt;http://dbpedia.org/resource/Mathieu_Molé&gt;.
}}
select distinct ?subject ?property 
where 
 { GRAPH &lt;http://dbpedia.org&gt;{?subject ?property &lt;http://dbpedia.org/resource/Maurice_Pialat&gt;.
}}
select distinct ?subject ?property 
where 
 { GRAPH &lt;http://dbpedia.org&gt;{?subject ?property &lt;http://dbpedia.org/resource/Maurice_Tourneux&gt;.
}}
select distinct ?subject ?property 
where 
 { GRAPH &lt;http://dbpedia.org&gt;{?subject ?property &lt;http://dbpedia.org/resource/Max_Nordau&gt;.
}}
select distinct ?subject ?property 
where 
 { GRAPH &lt;http://dbpedia.org&gt;{?subject ?property &lt;http://dbpedia.org/resource/Mellin_de_Saint-Gelais&gt;.
}}
select distinct ?subject ?property 
where 
 { GRAPH &lt;http://dbpedia.org&gt;{?subject ?property &lt;http://dbpedia.org/resource/Michel_Eugène_Chevreul&gt;.
}}
select distinct ?subject ?property 
where 
 { GRAPH &lt;http://dbpedia.org&gt;{?subject ?property &lt;http://dbpedia.org/resource/Natalie_Clifford_Barney&gt;.
}}
select distinct ?subject ?property 
where 
 { GRAPH &lt;http://dbpedia.org&gt;{?subject ?property &lt;http://dbpedia.org/resource/Nicolas_Luckner&gt;.
}}
select distinct ?subject ?property 
where 
 { GRAPH &lt;http://dbpedia.org&gt;{?subject ?property &lt;http://dbpedia.org/resource/Nicolas_Malebranche&gt;.
}}
select distinct ?subject ?property 
where 
 { GRAPH &lt;http://dbpedia.org&gt;{?subject ?property &lt;http://dbpedia.org/resource/Odilon_Redon&gt;.
}}
select distinct ?subject ?property 
where 
 { GRAPH &lt;http://dbpedia.org&gt;{?subject ?property &lt;http://dbpedia.org/resource/Paul_Pellisson&gt;.
}}
select distinct ?subject ?property 
where 
 { GRAPH &lt;http://dbpedia.org&gt;{?subject ?property &lt;http://dbpedia.org/resource/Paul_Signac&gt;.
}}
select distinct ?subject ?property 
where 
 { GRAPH &lt;http://dbpedia.org&gt;{?subject ?property &lt;http://dbpedia.org/resource/Paul_de_Rémusat&gt;.
}}
select distinct ?subject ?property 
where 
 { GRAPH &lt;http://dbpedia.org&gt;{?subject ?property &lt;http://dbpedia.org/resource/Philippe_Pinel&gt;.
}}
select distinct ?subject ?property 
where 
 { GRAPH &lt;http://dbpedia.org&gt;{?subject ?property &lt;http://dbpedia.org/resource/Pierre_Boulle&gt;.
}}
select distinct ?subject ?property 
where 
 { GRAPH &lt;http://dbpedia.org&gt;{?subject ?property &lt;http://dbpedia.org/resource/Pierre_Gaspard_Chaumette&gt;.
}}
select distinct ?subject ?property 
where 
 { GRAPH &lt;http://dbpedia.org&gt;{?subject ?property &lt;http://dbpedia.org/resource/Pierre_Laromiguière&gt;.
}}
select distinct ?subject ?property 
where 
 { GRAPH &lt;http://dbpedia.org&gt;{?subject ?property &lt;http://dbpedia.org/resource/Pierre_Victor,_baron_Malouet&gt;.
}}
select distinct ?subject ?property 
where 
 { GRAPH &lt;http://dbpedia.org&gt;{?subject ?property &lt;http://dbpedia.org/resource/Pierre_Victurnien_Vergniaud&gt;.
}}
select distinct ?subject ?property 
where 
 { GRAPH &lt;http://dbpedia.org&gt;{?subject ?property &lt;http://dbpedia.org/resource/Remy_de_Gourmont&gt;.
}}
select distinct ?subject ?property 
where 
 { GRAPH &lt;http://dbpedia.org&gt;{?subject ?property &lt;http://dbpedia.org/resource/Rudolph_Koenig&gt;.
}}
select distinct ?subject ?property 
where 
 { GRAPH &lt;http://dbpedia.org&gt;{?subject ?property &lt;http://dbpedia.org/resource/Susan_Travers&gt;.
}}
select distinct ?subject ?property 
where 
 { GRAPH &lt;http://dbpedia.org&gt;{?subject ?property &lt;http://dbpedia.org/resource/Suzanne_Duchamp&gt;.
}}
select distinct ?subject ?property 
where 
 { GRAPH &lt;http://dbpedia.org&gt;{?subject ?property &lt;http://dbpedia.org/resource/Suzanne_Valadon&gt;.
}}
select distinct ?subject ?property 
where 
 { GRAPH &lt;http://dbpedia.org&gt;{?subject ?property &lt;http://dbpedia.org/resource/Théodore_Simon_Jouffroy&gt;.
}}
select distinct ?subject ?property 
where 
 { GRAPH &lt;http://dbpedia.org&gt;{?subject ?property &lt;http://dbpedia.org/resource/Valentin_Conrart&gt;.
}}
select distinct ?subject ?property 
where 
 { GRAPH &lt;http://dbpedia.org&gt;{?subject ?property &lt;http://dbpedia.org/resource/Vincent_Voiture&gt;.
}}
select distinct ?subject ?property 
where 
 { GRAPH &lt;http://dbpedia.org&gt;{?subject ?property &lt;http://dbpedia.org/resource/?douard_Pailleron&gt;.
}}
select distinct ?subject ?property 
where 
 { GRAPH &lt;http://dbpedia.org&gt;{?subject ?property &lt;http://dbpedia.org/resource/?mile_Saisset&gt;.
}}
select distinct ?subject ?property 
where 
 { GRAPH &lt;http://dbpedia.org&gt;{?subject ?property &lt;http://dbpedia.org/resource/?tienne_Joseph_Louis_Garnier-Pagès&gt;.
}}
select distinct ?subject ?property 
where 
 { GRAPH &lt;http://dbpedia.org&gt;{?subject ?property &lt;http://dbpedia.org/resource/Adolphe_Yvon&gt;.
}}
select distinct ?subject ?property 
where 
 { GRAPH &lt;http://dbpedia.org&gt;{?subject ?property &lt;http://dbpedia.org/resource/Paul_Niclausse&gt;.
}}
select distinct ?subject ?property 
where 
 { GRAPH &lt;http://dbpedia.org&gt;{?subject ?property &lt;http://dbpedia.org/resource/Roland_Dorgelès&gt;.
}}
select distinct ?subject ?property 
where 
 { GRAPH &lt;http://dbpedia.org&gt;{?subject ?property &lt;http://dbpedia.org/resource/Alexander_Izvolsky&gt;.
}}
select distinct ?subject ?property 
where 
 { GRAPH &lt;http://dbpedia.org&gt;{?subject ?property &lt;http://dbpedia.org/resource/Alfred_Moquin-Tandon&gt;.
}}
select distinct ?subject ?property 
where 
 { GRAPH &lt;http://dbpedia.org&gt;{?subject ?property &lt;http://dbpedia.org/resource/André_Schiffrin&gt;.
}}
select distinct ?subject ?property 
where 
 { GRAPH &lt;http://dbpedia.org&gt;{?subject ?property &lt;http://dbpedia.org/resource/Armand_de_Vignerot_du_Plessis&gt;.
}}
select distinct ?subject ?property 
where 
 { GRAPH &lt;http://dbpedia.org&gt;{?subject ?property &lt;http://dbpedia.org/resource/Carlos_Herrera&gt;.
}}
select distinct ?subject ?property 
where 
 { GRAPH &lt;http://dbpedia.org&gt;{?subject ?property &lt;http://dbpedia.org/resource/Charles_du_Fresne,_sieur_du_Cange&gt;.
}}
select distinct ?subject ?property 
where 
 { GRAPH &lt;http://dbpedia.org&gt;{?subject ?property &lt;http://dbpedia.org/resource/Georgy_Lvov&gt;.
}}
select distinct ?subject ?property 
where 
 { GRAPH &lt;http://dbpedia.org&gt;{?subject ?property &lt;http://dbpedia.org/resource/Heinrich_Gottfried_Ollendorff&gt;.
}}
select distinct ?subject ?property 
where 
 { GRAPH &lt;http://dbpedia.org&gt;{?subject ?property &lt;http://dbpedia.org/resource/Henri_Jules,_Prince_of_Condé&gt;.
}}
select distinct ?subject ?property 
where 
 { GRAPH &lt;http://dbpedia.org&gt;{?subject ?property &lt;http://dbpedia.org/resource/Hugues-Bernard_Maret,_duc_de_Bassano&gt;.
}}
select distinct ?subject ?property 
where 
 { GRAPH &lt;http://dbpedia.org&gt;{?subject ?property &lt;http://dbpedia.org/resource/Jean_Louis_Armand_de_Quatrefages_de_Bréau&gt;.
}}
select distinct ?subject ?property 
where 
 { GRAPH &lt;http://dbpedia.org&gt;{?subject ?property &lt;http://dbpedia.org/resource/Jean_Picard&gt;.
}}
select distinct ?subject ?property 
where 
 { GRAPH &lt;http://dbpedia.org&gt;{?subject ?property &lt;http://dbpedia.org/resource/Joseph_Roth&gt;.
}}
select distinct ?subject ?property 
where 
 { GRAPH &lt;http://dbpedia.org&gt;{?subject ?property &lt;http://dbpedia.org/resource/Louis_Bourdaloue&gt;.
}}
select distinct ?subject ?property 
where 
 { GRAPH &lt;http://dbpedia.org&gt;{?subject ?property &lt;http://dbpedia.org/resource/Louis_Charles_Delescluze&gt;.
}}
select distinct ?subject ?property 
where 
 { GRAPH &lt;http://dbpedia.org&gt;{?subject ?property &lt;http://dbpedia.org/resource/Lucien_Gaulard&gt;.
}}
select distinct ?subject ?property 
where 
 { GRAPH &lt;http://dbpedia.org&gt;{?subject ?property &lt;http://dbpedia.org/resource/Madeleine_Vionnet&gt;.
}}
select distinct ?subject ?property 
where 
 { GRAPH &lt;http://dbpedia.org&gt;{?subject ?property &lt;http://dbpedia.org/resource/Maria_Jolas&gt;.
}}
select distinct ?subject ?property 
where 
 { GRAPH &lt;http://dbpedia.org&gt;{?subject ?property &lt;http://dbpedia.org/resource/Myron_T._Herrick&gt;.
}}
select distinct ?subject ?property 
where 
 { GRAPH &lt;http://dbpedia.org&gt;{?subject ?property &lt;http://dbpedia.org/resource/Otto_Wels&gt;.
}}
select distinct ?subject ?property 
where 
 { GRAPH &lt;http://dbpedia.org&gt;{?subject ?property &lt;http://dbpedia.org/resource/Philip_Barker-Webb&gt;.
}}
select distinct ?subject ?property 
where 
 { GRAPH &lt;http://dbpedia.org&gt;{?subject ?property &lt;http://dbpedia.org/resource/Pierre_Lou?s&gt;.
}}
select distinct ?subject ?property 
where 
 { GRAPH &lt;http://dbpedia.org&gt;{?subject ?property &lt;http://dbpedia.org/resource/Pierre_Ossian_Bonnet&gt;.
}}
select distinct ?subject ?property 
where 
 { GRAPH &lt;http://dbpedia.org&gt;{?subject ?property &lt;http://dbpedia.org/resource/Suzanne_Lenglen&gt;.
}}
select distinct ?subject ?property 
where 
 { GRAPH &lt;http://dbpedia.org&gt;{?subject ?property &lt;http://dbpedia.org/resource/?mile-Jacques_Ruhlmann&gt;.
}}
select distinct ?subject ?property 
where 
 { GRAPH &lt;http://dbpedia.org&gt;{?subject ?property &lt;http://dbpedia.org/resource/Alexandre_Falguière&gt;.
}}
select distinct ?subject ?property 
where 
 { GRAPH &lt;http://dbpedia.org&gt;{?subject ?property &lt;http://dbpedia.org/resource/Alexandre_Lagoya&gt;.
}}
select distinct ?subject ?property 
where 
 { GRAPH &lt;http://dbpedia.org&gt;{?subject ?property &lt;http://dbpedia.org/resource/Anatole_de_Monzie&gt;.
}}
select distinct ?subject ?property 
where 
 { GRAPH &lt;http://dbpedia.org&gt;{?subject ?property &lt;http://dbpedia.org/resource/Antoine_Coysevox&gt;.
}}
select distinct ?subject ?property 
where 
 { GRAPH &lt;http://dbpedia.org&gt;{?subject ?property &lt;http://dbpedia.org/resource/Aristide_Bruant&gt;.
}}
select distinct ?subject ?property 
where 
 { GRAPH &lt;http://dbpedia.org&gt;{?subject ?property &lt;http://dbpedia.org/resource/Bon-Adrien_Jeannot_de_Moncey&gt;.
}}
select distinct ?subject ?property 
where 
 { GRAPH &lt;http://dbpedia.org&gt;{?subject ?property &lt;http://dbpedia.org/resource/Catherine-Dominique_de_Pérignon&gt;.
}}
select distinct ?subject ?property 
where 
 { GRAPH &lt;http://dbpedia.org&gt;{?subject ?property &lt;http://dbpedia.org/resource/Constant_Troyon&gt;.
}}
select distinct ?subject ?property 
where 
 { GRAPH &lt;http://dbpedia.org&gt;{?subject ?property &lt;http://dbpedia.org/resource/Célestin_Bouglé&gt;.
}}
select distinct ?subject ?property 
where 
 { GRAPH &lt;http://dbpedia.org&gt;{?subject ?property &lt;http://dbpedia.org/resource/Daisy_Fellowes&gt;.
}}
select distinct ?subject ?property 
where 
 { GRAPH &lt;http://dbpedia.org&gt;{?subject ?property &lt;http://dbpedia.org/resource/Daniele_Manin&gt;.
}}
select distinct ?subject ?property 
where 
 { GRAPH &lt;http://dbpedia.org&gt;{?subject ?property &lt;http://dbpedia.org/resource/Duleep_Singh&gt;.
}}
select distinct ?subject ?property 
where 
 { GRAPH &lt;http://dbpedia.org&gt;{?subject ?property &lt;http://dbpedia.org/resource/Erté&gt;.
}}
select distinct ?subject ?property 
where 
 { GRAPH &lt;http://dbpedia.org&gt;{?subject ?property &lt;http://dbpedia.org/resource/Ferdinando_Carulli&gt;.
}}
select distinct ?subject ?property 
where 
 { GRAPH &lt;http://dbpedia.org&gt;{?subject ?property &lt;http://dbpedia.org/resource/Francesco_Primaticcio&gt;.
}}
select distinct ?subject ?property 
where 
 { GRAPH &lt;http://dbpedia.org&gt;{?subject ?property &lt;http://dbpedia.org/resource/Fréhel&gt;.
}}
select distinct ?subject ?property 
where 
 { GRAPH &lt;http://dbpedia.org&gt;{?subject ?property &lt;http://dbpedia.org/resource/Gabriel,_comte_de_Montgomery&gt;.
}}
select distinct ?subject ?property 
where 
 { GRAPH &lt;http://dbpedia.org&gt;{?subject ?property &lt;http://dbpedia.org/resource/George_Etherege&gt;.
}}
select distinct ?subject ?property 
where 
 { GRAPH &lt;http://dbpedia.org&gt;{?subject ?property &lt;http://dbpedia.org/resource/Guillaume_Dupuytren&gt;.
}}
select distinct ?subject ?property 
where 
 { GRAPH &lt;http://dbpedia.org&gt;{?subject ?property &lt;http://dbpedia.org/resource/Henri_Herz&gt;.
}}
select distinct ?subject ?property 
where 
 { GRAPH &lt;http://dbpedia.org&gt;{?subject ?property &lt;http://dbpedia.org/resource/Henri_Laborit&gt;.
}}
select distinct ?subject ?property 
where 
 { GRAPH &lt;http://dbpedia.org&gt;{?subject ?property &lt;http://dbpedia.org/resource/Henri_Mordacq&gt;.
}}
select distinct ?subject ?property 
where 
 { GRAPH &lt;http://dbpedia.org&gt;{?subject ?property &lt;http://dbpedia.org/resource/J._C._Mardrus&gt;.
}}
select distinct ?subject ?property 
where 
 { GRAPH &lt;http://dbpedia.org&gt;{?subject ?property &lt;http://dbpedia.org/resource/Jacques_Brugnon&gt;.
}}
select distinct ?subject ?property 
where 
 { GRAPH &lt;http://dbpedia.org&gt;{?subject ?property &lt;http://dbpedia.org/resource/Jean_Baptiste_Antoine_Auget_de_Montyon&gt;.
}}
select distinct ?subject ?property 
where 
 { GRAPH &lt;http://dbpedia.org&gt;{?subject ?property &lt;http://dbpedia.org/resource/Jean_Dorst&gt;.
}}
select distinct ?subject ?property 
where 
 { GRAPH &lt;http://dbpedia.org&gt;{?subject ?property &lt;http://dbpedia.org/resource/Jean_Eustache&gt;.
}}
select distinct ?subject ?property 
where 
 { GRAPH &lt;http://dbpedia.org&gt;{?subject ?property &lt;http://dbpedia.org/resource/Jean_Jouvenet&gt;.
}}
select distinct ?subject ?property 
where 
 { GRAPH &lt;http://dbpedia.org&gt;{?subject ?property &lt;http://dbpedia.org/resource/Jeanne_Hébuterne&gt;.
}}
select distinct ?subject ?property 
where 
 { GRAPH &lt;http://dbpedia.org&gt;{?subject ?property &lt;http://dbpedia.org/resource/Joseph_Paul_Gaimard&gt;.
}}
select distinct ?subject ?property 
where 
 { GRAPH &lt;http://dbpedia.org&gt;{?subject ?property &lt;http://dbpedia.org/resource/La_Goulue&gt;.
}}
select distinct ?subject ?property 
where 
 { GRAPH &lt;http://dbpedia.org&gt;{?subject ?property &lt;http://dbpedia.org/resource/Louis-Sébastien_Le_Nain_de_Tillemont&gt;.
}}
select distinct ?subject ?property 
where 
 { GRAPH &lt;http://dbpedia.org&gt;{?subject ?property &lt;http://dbpedia.org/resource/Louis_Poinsot&gt;.
}}
select distinct ?subject ?property 
where 
 { GRAPH &lt;http://dbpedia.org&gt;{?subject ?property &lt;http://dbpedia.org/resource/Léopold_Zborowski&gt;.
}}
select distinct ?subject ?property 
where 
 { GRAPH &lt;http://dbpedia.org&gt;{?subject ?property &lt;http://dbpedia.org/resource/Manuel_Prado_Ugarteche&gt;.
}}
select distinct ?subject ?property 
where 
 { GRAPH &lt;http://dbpedia.org&gt;{?subject ?property &lt;http://dbpedia.org/resource/Marcel_Prévost&gt;.
}}
select distinct ?subject ?property 
where 
 { GRAPH &lt;http://dbpedia.org&gt;{?subject ?property &lt;http://dbpedia.org/resource/Marie-Laure_de_Noailles&gt;.
}}
select distinct ?subject ?property 
where 
 { GRAPH &lt;http://dbpedia.org&gt;{?subject ?property &lt;http://dbpedia.org/resource/Marin_Marais&gt;.
}}
select distinct ?subject ?property 
where 
 { GRAPH &lt;http://dbpedia.org&gt;{?subject ?property &lt;http://dbpedia.org/resource/Michel_de_Certeau&gt;.
}}
select distinct ?subject ?property 
where 
 { GRAPH &lt;http://dbpedia.org&gt;{?subject ?property &lt;http://dbpedia.org/resource/Nicolas_Lancret&gt;.
}}
select distinct ?subject ?property 
where 
 { GRAPH &lt;http://dbpedia.org&gt;{?subject ?property &lt;http://dbpedia.org/resource/Pierre-Paul_Prud&apos;hon&gt;.
}}
select distinct ?subject ?property 
where 
 { GRAPH &lt;http://dbpedia.org&gt;{?subject ?property &lt;http://dbpedia.org/resource/Pridi_Banomyong&gt;.
}}
select distinct ?subject ?property 
where 
 { GRAPH &lt;http://dbpedia.org&gt;{?subject ?property &lt;http://dbpedia.org/resource/Roger_Peyrefitte&gt;.
}}
select distinct ?subject ?property 
where 
 { GRAPH &lt;http://dbpedia.org&gt;{?subject ?property &lt;http://dbpedia.org/resource/Simon_Vouet&gt;.
}}
select distinct ?subject ?property 
where 
 { GRAPH &lt;http://dbpedia.org&gt;{?subject ?property &lt;http://dbpedia.org/resource/Sourou-Migan_Apithy&gt;.
}}
select distinct ?subject ?property 
where 
 { GRAPH &lt;http://dbpedia.org&gt;{?subject ?property &lt;http://dbpedia.org/resource/Vincenzo_Gioberti&gt;.
}}
select distinct ?subject ?property 
where 
 { GRAPH &lt;http://dbpedia.org&gt;{?subject ?property &lt;http://dbpedia.org/resource/Wassily_de_Basil&gt;.
}}
select distinct ?subject ?property 
where 
 { GRAPH &lt;http://dbpedia.org&gt;{?subject ?property &lt;http://dbpedia.org/resource/Yves-Joseph_de_Kerguelen-Trémarec&gt;.
}}
select distinct ?subject ?property 
where 
 { GRAPH &lt;http://dbpedia.org&gt;{?subject ?property &lt;http://dbpedia.org/resource/?tienne_Aymonier&gt;.
}}
select distinct ?subject ?property 
where 
 { GRAPH &lt;http://dbpedia.org&gt;{?subject ?property &lt;http://dbpedia.org/resource/Michel_Gauquelin&gt;.
}}
select distinct ?subject ?property 
where 
 { GRAPH &lt;http://dbpedia.org&gt;{?subject ?property &lt;http://dbpedia.org/resource/Ali_bin_Hamud_of_Zanzibar&gt;.
}}
select distinct ?subject ?property 
where 
 { GRAPH &lt;http://dbpedia.org&gt;{?subject ?property &lt;http://dbpedia.org/resource/Armand_de_Kersaint&gt;.
}}
select distinct ?subject ?property 
where 
 { GRAPH &lt;http://dbpedia.org&gt;{?subject ?property &lt;http://dbpedia.org/resource/Auguste_Michel-Lévy&gt;.
}}
select distinct ?subject ?property 
where 
 { GRAPH &lt;http://dbpedia.org&gt;{?subject ?property &lt;http://dbpedia.org/resource/Dimitri_Riabouchinsky&gt;.
}}
select distinct ?subject ?property 
where 
 { GRAPH &lt;http://dbpedia.org&gt;{?subject ?property &lt;http://dbpedia.org/resource/Elizabeth_Charlotte,_Princess_of_the_Palatinate&gt;.
}}
select distinct ?subject ?property 
where 
 { GRAPH &lt;http://dbpedia.org&gt;{?subject ?property &lt;http://dbpedia.org/resource/Eustache_Le_Sueur&gt;.
}}
select distinct ?subject ?property 
where 
 { GRAPH &lt;http://dbpedia.org&gt;{?subject ?property &lt;http://dbpedia.org/resource/Gabriel_Auguste_Daubrée&gt;.
}}
select distinct ?subject ?property 
where 
 { GRAPH &lt;http://dbpedia.org&gt;{?subject ?property &lt;http://dbpedia.org/resource/Gabrielle_Réjane&gt;.
}}
select distinct ?subject ?property 
where 
 { GRAPH &lt;http://dbpedia.org&gt;{?subject ?property &lt;http://dbpedia.org/resource/Isabeau_of_Bavaria&gt;.
}}
select distinct ?subject ?property 
where 
 { GRAPH &lt;http://dbpedia.org&gt;{?subject ?property &lt;http://dbpedia.org/resource/Jean-Baptiste_Boussingault&gt;.
}}
select distinct ?subject ?property 
where 
 { GRAPH &lt;http://dbpedia.org&gt;{?subject ?property &lt;http://dbpedia.org/resource/Joachim_Lelewel&gt;.
}}
select distinct ?subject ?property 
where 
 { GRAPH &lt;http://dbpedia.org&gt;{?subject ?property &lt;http://dbpedia.org/resource/Johannes_de_Sacrobosco&gt;.
}}
select distinct ?subject ?property 
where 
 { GRAPH &lt;http://dbpedia.org&gt;{?subject ?property &lt;http://dbpedia.org/resource/Joseph_Babinski&gt;.
}}
select distinct ?subject ?property 
where 
 { GRAPH &lt;http://dbpedia.org&gt;{?subject ?property &lt;http://dbpedia.org/resource/Ko_Yong-hui&gt;.
}}
select distinct ?subject ?property 
where 
 { GRAPH &lt;http://dbpedia.org&gt;{?subject ?property &lt;http://dbpedia.org/resource/Sabine_Zlatin&gt;.
}}
select distinct ?subject ?property 
where 
 { GRAPH &lt;http://dbpedia.org&gt;{?subject ?property &lt;http://dbpedia.org/resource/Sadegh_Hedayat&gt;.
}}
select distinct ?subject ?property 
where 
 { GRAPH &lt;http://dbpedia.org&gt;{?subject ?property &lt;http://dbpedia.org/resource/Théophile_Alajouanine&gt;.
}}
select distinct ?subject ?property 
where 
 { GRAPH &lt;http://dbpedia.org&gt;{?subject ?property &lt;http://dbpedia.org/resource/Victor_Noir&gt;.
}}
select distinct ?subject ?property 
where 
 { GRAPH &lt;http://dbpedia.org&gt;{?subject ?property &lt;http://dbpedia.org/resource/Wols&gt;.
}}
select distinct ?subject ?property 
where 
 { GRAPH &lt;http://dbpedia.org&gt;{?subject ?property &lt;http://dbpedia.org/resource/Colette_Audry&gt;.
}}
select distinct ?subject ?property 
where 
 { GRAPH &lt;http://dbpedia.org&gt;{?subject ?property &lt;http://dbpedia.org/resource/Istv?n_S?ndorfi&gt;.
}}
select distinct ?subject ?property 
where 
 { GRAPH &lt;http://dbpedia.org&gt;{?subject ?property &lt;http://dbpedia.org/resource/Louis-Gaston_de_Sonis&gt;.
}}
select distinct ?subject ?property 
where 
 { GRAPH &lt;http://dbpedia.org&gt;{?subject ?property &lt;http://dbpedia.org/resource/Ernest_Mercier&gt;.
}}
select distinct ?subject ?property 
where 
 { GRAPH &lt;http://dbpedia.org&gt;{?subject ?property &lt;http://dbpedia.org/resource/Achille_Souchard&gt;.
}}
select distinct ?subject ?property 
where 
 { GRAPH &lt;http://dbpedia.org&gt;{?subject ?property &lt;http://dbpedia.org/resource/André_Blondel&gt;.
}}
select distinct ?subject ?property 
where 
 { GRAPH &lt;http://dbpedia.org&gt;{?subject ?property &lt;http://dbpedia.org/resource/Charles_Combes&gt;.
}}
select distinct ?subject ?property 
where 
 { GRAPH &lt;http://dbpedia.org&gt;{?subject ?property &lt;http://dbpedia.org/resource/Eugène_Belgrand&gt;.
}}
select distinct ?subject ?property 
where 
 { GRAPH &lt;http://dbpedia.org&gt;{?subject ?property &lt;http://dbpedia.org/resource/François_Clément_Sauvage&gt;.
}}
select distinct ?subject ?property 
where 
 { GRAPH &lt;http://dbpedia.org&gt;{?subject ?property &lt;http://dbpedia.org/resource/Louis-François-Clement_Breguet&gt;.
}}
select distinct ?subject ?property 
where 
 { GRAPH &lt;http://dbpedia.org&gt;{?subject ?property &lt;http://dbpedia.org/resource/Ludwig_Deutsch&gt;.
}}
select distinct ?subject ?property 
where 
 { GRAPH &lt;http://dbpedia.org&gt;{?subject ?property &lt;http://dbpedia.org/resource/Manuel_Godoy&gt;.
}}
select distinct ?subject ?property 
where 
 { GRAPH &lt;http://dbpedia.org&gt;{?subject ?property &lt;http://dbpedia.org/resource/Pierre_Georget&gt;.
}}
select distinct ?subject ?property 
where 
 { GRAPH &lt;http://dbpedia.org&gt;{?subject ?property &lt;http://dbpedia.org/resource/Alva_Belmont&gt;.
}}
select distinct ?subject ?property 
where 
 { GRAPH &lt;http://dbpedia.org&gt;{?subject ?property &lt;http://dbpedia.org/resource/Bathilde_d&apos;Orléans&gt;.
}}
select distinct ?subject ?property 
where 
 { GRAPH &lt;http://dbpedia.org&gt;{?subject ?property &lt;http://dbpedia.org/resource/Louise_Henriette_de_Bourbon&gt;.
}}
select distinct ?subject ?property 
where 
 { GRAPH &lt;http://dbpedia.org&gt;{?subject ?property &lt;http://dbpedia.org/resource/?rik_Izraelewicz&gt;.
}}
select distinct ?subject ?property 
where 
 { GRAPH &lt;http://dbpedia.org&gt;{?subject ?property &lt;http://dbpedia.org/resource/Claude_de_Malleville&gt;.
}}
select distinct ?subject ?property 
where 
 { GRAPH &lt;http://dbpedia.org&gt;{?subject ?property &lt;http://dbpedia.org/resource/Jacques_Companeez&gt;.
}}
select distinct ?subject ?property 
where 
 { GRAPH &lt;http://dbpedia.org&gt;{?subject ?property &lt;http://dbpedia.org/resource/Louis_de_Sancerre&gt;.
}}
select distinct ?subject ?property 
where 
 { GRAPH &lt;http://dbpedia.org&gt;{?subject ?property &lt;http://dbpedia.org/resource/Paul_Reclus&gt;.
}}
select distinct ?subject ?property 
where 
 { GRAPH &lt;http://dbpedia.org&gt;{?subject ?property &lt;http://dbpedia.org/resource/André_Dupont-Sommer&gt;.
}}
select distinct ?subject ?property 
where 
 { GRAPH &lt;http://dbpedia.org&gt;{?subject ?property &lt;http://dbpedia.org/resource/Guy-Marie_Sallier&gt;.
}}
select distinct ?subject ?property 
where 
 { GRAPH &lt;http://dbpedia.org&gt;{?subject ?property &lt;http://dbpedia.org/resource/Alexandre_Séon&gt;.
}}
select distinct ?subject ?property 
where 
 { GRAPH &lt;http://dbpedia.org&gt;{?subject ?property &lt;http://dbpedia.org/resource/André_Barde&gt;.
}}
select distinct ?subject ?property 
where 
 { GRAPH &lt;http://dbpedia.org&gt;{?subject ?property &lt;http://dbpedia.org/resource/Anna_d&apos;Este&gt;.
}}
select distinct ?subject ?property 
where 
 { GRAPH &lt;http://dbpedia.org&gt;{?subject ?property &lt;http://dbpedia.org/resource/Antoine-Laurent_Baudron&gt;.
}}
select distinct ?subject ?property 
where 
 { GRAPH &lt;http://dbpedia.org&gt;{?subject ?property &lt;http://dbpedia.org/resource/Armand_Gautier&gt;.
}}
select distinct ?subject ?property 
where 
 { GRAPH &lt;http://dbpedia.org&gt;{?subject ?property &lt;http://dbpedia.org/resource/Auguste-Arthur,_Comte_de_Beugnot&gt;.
}}
select distinct ?subject ?property 
where 
 { GRAPH &lt;http://dbpedia.org&gt;{?subject ?property &lt;http://dbpedia.org/resource/Auguste-Barthélemy_Glaize&gt;.
}}
select distinct ?subject ?property 
where 
 { GRAPH &lt;http://dbpedia.org&gt;{?subject ?property &lt;http://dbpedia.org/resource/Auguste_Cain&gt;.
}}
select distinct ?subject ?property 
where 
 { GRAPH &lt;http://dbpedia.org&gt;{?subject ?property &lt;http://dbpedia.org/resource/Bernard_Giraudeau&gt;.
}}
select distinct ?subject ?property 
where 
 { GRAPH &lt;http://dbpedia.org&gt;{?subject ?property &lt;http://dbpedia.org/resource/Camille_Mauclair&gt;.
}}
select distinct ?subject ?property 
where 
 { GRAPH &lt;http://dbpedia.org&gt;{?subject ?property &lt;http://dbpedia.org/resource/Charles-Louis_Pinson_de_Ménerville&gt;.
}}
select distinct ?subject ?property 
where 
 { GRAPH &lt;http://dbpedia.org&gt;{?subject ?property &lt;http://dbpedia.org/resource/Claude_Charles_Marie_du_Campe_de_Rosamel&gt;.
}}
select distinct ?subject ?property 
where 
 { GRAPH &lt;http://dbpedia.org&gt;{?subject ?property &lt;http://dbpedia.org/resource/Count_Renaud_de_la_Frégeolière&gt;.
}}
select distinct ?subject ?property 
where 
 { GRAPH &lt;http://dbpedia.org&gt;{?subject ?property &lt;http://dbpedia.org/resource/Delfina_Potocka&gt;.
}}
select distinct ?subject ?property 
where 
 { GRAPH &lt;http://dbpedia.org&gt;{?subject ?property &lt;http://dbpedia.org/resource/Dimitri_Kirsanoff&gt;.
}}
select distinct ?subject ?property 
where 
 { GRAPH &lt;http://dbpedia.org&gt;{?subject ?property &lt;http://dbpedia.org/resource/Emmanuel_Théaulon&gt;.
}}
select distinct ?subject ?property 
where 
 { GRAPH &lt;http://dbpedia.org&gt;{?subject ?property &lt;http://dbpedia.org/resource/Ernest_Beaux&gt;.
}}
select distinct ?subject ?property 
where 
 { GRAPH &lt;http://dbpedia.org&gt;{?subject ?property &lt;http://dbpedia.org/resource/Ernest_Cadine&gt;.
}}
select distinct ?subject ?property 
where 
 { GRAPH &lt;http://dbpedia.org&gt;{?subject ?property &lt;http://dbpedia.org/resource/François_Dauverné&gt;.
}}
select distinct ?subject ?property 
where 
 { GRAPH &lt;http://dbpedia.org&gt;{?subject ?property &lt;http://dbpedia.org/resource/François_Noël&gt;.
}}
select distinct ?subject ?property 
where 
 { GRAPH &lt;http://dbpedia.org&gt;{?subject ?property &lt;http://dbpedia.org/resource/François_Rebel&gt;.
}}
select distinct ?subject ?property 
where 
 { GRAPH &lt;http://dbpedia.org&gt;{?subject ?property &lt;http://dbpedia.org/resource/Frédéric_de_Courcy&gt;.
}}
select distinct ?subject ?property 
where 
 { GRAPH &lt;http://dbpedia.org&gt;{?subject ?property &lt;http://dbpedia.org/resource/Félia_Litvinne&gt;.
}}
select distinct ?subject ?property 
where 
 { GRAPH &lt;http://dbpedia.org&gt;{?subject ?property &lt;http://dbpedia.org/resource/Gabriel_de_Rochechouart_de_Mortemart&gt;.
}}
select distinct ?subject ?property 
where 
 { GRAPH &lt;http://dbpedia.org&gt;{?subject ?property &lt;http://dbpedia.org/resource/Georges_Condominas&gt;.
}}
select distinct ?subject ?property 
where 
 { GRAPH &lt;http://dbpedia.org&gt;{?subject ?property &lt;http://dbpedia.org/resource/Georges_Diebolt&gt;.
}}
select distinct ?subject ?property 
where 
 { GRAPH &lt;http://dbpedia.org&gt;{?subject ?property &lt;http://dbpedia.org/resource/Guillaume_Dustan&gt;.
}}
select distinct ?subject ?property 
where 
 { GRAPH &lt;http://dbpedia.org&gt;{?subject ?property &lt;http://dbpedia.org/resource/Henri_Guédon&gt;.
}}
select distinct ?subject ?property 
where 
 { GRAPH &lt;http://dbpedia.org&gt;{?subject ?property &lt;http://dbpedia.org/resource/Henri_Paul_Nénot&gt;.
}}
select distinct ?subject ?property 
where 
 { GRAPH &lt;http://dbpedia.org&gt;{?subject ?property &lt;http://dbpedia.org/resource/Henry_Lerolle&gt;.
}}
select distinct ?subject ?property 
where 
 { GRAPH &lt;http://dbpedia.org&gt;{?subject ?property &lt;http://dbpedia.org/resource/Honoré_Tournély&gt;.
}}
select distinct ?subject ?property 
where 
 { GRAPH &lt;http://dbpedia.org&gt;{?subject ?property &lt;http://dbpedia.org/resource/Jean-Baptiste_Rondelet&gt;.
}}
select distinct ?subject ?property 
where 
 { GRAPH &lt;http://dbpedia.org&gt;{?subject ?property &lt;http://dbpedia.org/resource/Jean-Jacques_Feuchère&gt;.
}}
select distinct ?subject ?property 
where 
 { GRAPH &lt;http://dbpedia.org&gt;{?subject ?property &lt;http://dbpedia.org/resource/Jean-Louis_Burnouf&gt;.
}}
select distinct ?subject ?property 
where 
 { GRAPH &lt;http://dbpedia.org&gt;{?subject ?property &lt;http://dbpedia.org/resource/Jean_Cohen&gt;.
}}
select distinct ?subject ?property 
where 
 { GRAPH &lt;http://dbpedia.org&gt;{?subject ?property &lt;http://dbpedia.org/resource/Jean_Debry&gt;.
}}
select distinct ?subject ?property 
where 
 { GRAPH &lt;http://dbpedia.org&gt;{?subject ?property &lt;http://dbpedia.org/resource/Jean_Follain&gt;.
}}
select distinct ?subject ?property 
where 
 { GRAPH &lt;http://dbpedia.org&gt;{?subject ?property &lt;http://dbpedia.org/resource/Jean_Mattéoli&gt;.
}}
select distinct ?subject ?property 
where 
 { GRAPH &lt;http://dbpedia.org&gt;{?subject ?property &lt;http://dbpedia.org/resource/Jean_de_Limur&gt;.
}}
select distinct ?subject ?property 
where 
 { GRAPH &lt;http://dbpedia.org&gt;{?subject ?property &lt;http://dbpedia.org/resource/Jules-Clément_Chaplain&gt;.
}}
select distinct ?subject ?property 
where 
 { GRAPH &lt;http://dbpedia.org&gt;{?subject ?property &lt;http://dbpedia.org/resource/Jules-Martial_Regnault_de_Prémaray&gt;.
}}
select distinct ?subject ?property 
where 
 { GRAPH &lt;http://dbpedia.org&gt;{?subject ?property &lt;http://dbpedia.org/resource/Kiyoshi_Hasegawa&gt;.
}}
select distinct ?subject ?property 
where 
 { GRAPH &lt;http://dbpedia.org&gt;{?subject ?property &lt;http://dbpedia.org/resource/Louis-Benoît_Picard&gt;.
}}
select distinct ?subject ?property 
where 
 { GRAPH &lt;http://dbpedia.org&gt;{?subject ?property &lt;http://dbpedia.org/resource/Louis_Lecoin&gt;.
}}
select distinct ?subject ?property 
where 
 { GRAPH &lt;http://dbpedia.org&gt;{?subject ?property &lt;http://dbpedia.org/resource/Louis_Moinet&gt;.
}}
select distinct ?subject ?property 
where 
 { GRAPH &lt;http://dbpedia.org&gt;{?subject ?property &lt;http://dbpedia.org/resource/Louis_Rapkine&gt;.
}}
select distinct ?subject ?property 
where 
 { GRAPH &lt;http://dbpedia.org&gt;{?subject ?property &lt;http://dbpedia.org/resource/Louis_Varney&gt;.
}}
select distinct ?subject ?property 
where 
 { GRAPH &lt;http://dbpedia.org&gt;{?subject ?property &lt;http://dbpedia.org/resource/Louise_?lisabeth_de_Bourbon&gt;.
}}
select distinct ?subject ?property 
where 
 { GRAPH &lt;http://dbpedia.org&gt;{?subject ?property &lt;http://dbpedia.org/resource/Léon_Laya&gt;.
}}
select distinct ?subject ?property 
where 
 { GRAPH &lt;http://dbpedia.org&gt;{?subject ?property &lt;http://dbpedia.org/resource/Léon_Ollé-Laprune&gt;.
}}
select distinct ?subject ?property 
where 
 { GRAPH &lt;http://dbpedia.org&gt;{?subject ?property &lt;http://dbpedia.org/resource/Léon_Vaudoyer&gt;.
}}
select distinct ?subject ?property 
where 
 { GRAPH &lt;http://dbpedia.org&gt;{?subject ?property &lt;http://dbpedia.org/resource/Léopold_Bernhard_Bernstamm&gt;.
}}
select distinct ?subject ?property 
where 
 { GRAPH &lt;http://dbpedia.org&gt;{?subject ?property &lt;http://dbpedia.org/resource/Marc_Sautet&gt;.
}}
select distinct ?subject ?property 
where 
 { GRAPH &lt;http://dbpedia.org&gt;{?subject ?property &lt;http://dbpedia.org/resource/Marc_Tiffeneau&gt;.
}}
select distinct ?subject ?property 
where 
 { GRAPH &lt;http://dbpedia.org&gt;{?subject ?property &lt;http://dbpedia.org/resource/Marco_Bordogni&gt;.
}}
select distinct ?subject ?property 
where 
 { GRAPH &lt;http://dbpedia.org&gt;{?subject ?property &lt;http://dbpedia.org/resource/Margaret_of_Geneva&gt;.
}}
select distinct ?subject ?property 
where 
 { GRAPH &lt;http://dbpedia.org&gt;{?subject ?property &lt;http://dbpedia.org/resource/Marian_Hannah_Winter&gt;.
}}
select distinct ?subject ?property 
where 
 { GRAPH &lt;http://dbpedia.org&gt;{?subject ?property &lt;http://dbpedia.org/resource/Marie_Victoire_de_Noailles&gt;.
}}
select distinct ?subject ?property 
where 
 { GRAPH &lt;http://dbpedia.org&gt;{?subject ?property &lt;http://dbpedia.org/resource/Mathurin_Moreau&gt;.
}}
select distinct ?subject ?property 
where 
 { GRAPH &lt;http://dbpedia.org&gt;{?subject ?property &lt;http://dbpedia.org/resource/Maurice_Dorléac&gt;.
}}
select distinct ?subject ?property 
where 
 { GRAPH &lt;http://dbpedia.org&gt;{?subject ?property &lt;http://dbpedia.org/resource/Michel-Robert_Penchaud&gt;.
}}
select distinct ?subject ?property 
where 
 { GRAPH &lt;http://dbpedia.org&gt;{?subject ?property &lt;http://dbpedia.org/resource/Michel_Particelli_d&apos;Emery&gt;.
}}
select distinct ?subject ?property 
where 
 { GRAPH &lt;http://dbpedia.org&gt;{?subject ?property &lt;http://dbpedia.org/resource/Nicolas_Chalon_du_Blé&gt;.
}}
select distinct ?subject ?property 
where 
 { GRAPH &lt;http://dbpedia.org&gt;{?subject ?property &lt;http://dbpedia.org/resource/Nicolas_Levasseur&gt;.
}}
select distinct ?subject ?property 
where 
 { GRAPH &lt;http://dbpedia.org&gt;{?subject ?property &lt;http://dbpedia.org/resource/Nicolas_Lupot&gt;.
}}
select distinct ?subject ?property 
where 
 { GRAPH &lt;http://dbpedia.org&gt;{?subject ?property &lt;http://dbpedia.org/resource/Nicolas_Roret&gt;.
}}
select distinct ?subject ?property 
where 
 { GRAPH &lt;http://dbpedia.org&gt;{?subject ?property &lt;http://dbpedia.org/resource/Paul_Dermée&gt;.
}}
select distinct ?subject ?property 
where 
 { GRAPH &lt;http://dbpedia.org&gt;{?subject ?property &lt;http://dbpedia.org/resource/Paul_Huvelin&gt;.
}}
select distinct ?subject ?property 
where 
 { GRAPH &lt;http://dbpedia.org&gt;{?subject ?property &lt;http://dbpedia.org/resource/Paul_Vaillant-Couturier&gt;.
}}
select distinct ?subject ?property 
where 
 { GRAPH &lt;http://dbpedia.org&gt;{?subject ?property &lt;http://dbpedia.org/resource/Pierre_Alexandre_Schoenewerk&gt;.
}}
select distinct ?subject ?property 
where 
 { GRAPH &lt;http://dbpedia.org&gt;{?subject ?property &lt;http://dbpedia.org/resource/Pierre_Félix_Masseau&gt;.
}}
select distinct ?subject ?property 
where 
 { GRAPH &lt;http://dbpedia.org&gt;{?subject ?property &lt;http://dbpedia.org/resource/Pierre_Mollaret&gt;.
}}
select distinct ?subject ?property 
where 
 { GRAPH &lt;http://dbpedia.org&gt;{?subject ?property &lt;http://dbpedia.org/resource/Pierre_Quétineau&gt;.
}}
select distinct ?subject ?property 
where 
 { GRAPH &lt;http://dbpedia.org&gt;{?subject ?property &lt;http://dbpedia.org/resource/Pierre_Roche&gt;.
}}
select distinct ?subject ?property 
where 
 { GRAPH &lt;http://dbpedia.org&gt;{?subject ?property &lt;http://dbpedia.org/resource/Raymond_Suvigny&gt;.
}}
select distinct ?subject ?property 
where 
 { GRAPH &lt;http://dbpedia.org&gt;{?subject ?property &lt;http://dbpedia.org/resource/René-Nicolas_Dufriche_Desgenettes&gt;.
}}
select distinct ?subject ?property 
where 
 { GRAPH &lt;http://dbpedia.org&gt;{?subject ?property &lt;http://dbpedia.org/resource/Robert_Gaguin&gt;.
}}
select distinct ?subject ?property 
where 
 { GRAPH &lt;http://dbpedia.org&gt;{?subject ?property &lt;http://dbpedia.org/resource/Salom?n_de_la_Selva&gt;.
}}
select distinct ?subject ?property 
where 
 { GRAPH &lt;http://dbpedia.org&gt;{?subject ?property &lt;http://dbpedia.org/resource/Serge_Elisséeff&gt;.
}}
select distinct ?subject ?property 
where 
 { GRAPH &lt;http://dbpedia.org&gt;{?subject ?property &lt;http://dbpedia.org/resource/Suzanne_Juyol&gt;.
}}
select distinct ?subject ?property 
where 
 { GRAPH &lt;http://dbpedia.org&gt;{?subject ?property &lt;http://dbpedia.org/resource/Walter_Van_Rensselaer_Berry&gt;.
}}
select distinct ?subject ?property 
where 
 { GRAPH &lt;http://dbpedia.org&gt;{?subject ?property &lt;http://dbpedia.org/resource/X._B._Saintine&gt;.
}}
select distinct ?subject ?property 
where 
 { GRAPH &lt;http://dbpedia.org&gt;{?subject ?property &lt;http://dbpedia.org/resource/Ellen_Andrée&gt;.
}}
select distinct ?subject ?property 
where 
 { GRAPH &lt;http://dbpedia.org&gt;{?subject ?property &lt;http://dbpedia.org/resource/Jeanne_Baptiste_d&apos;Albert_de_Luynes&gt;.
}}
select distinct ?subject ?property 
where 
 { GRAPH &lt;http://dbpedia.org&gt;{?subject ?property &lt;http://dbpedia.org/resource/?tienne-Hippolyte_Godde&gt;.
}}
select distinct ?subject ?property 
where 
 { GRAPH &lt;http://dbpedia.org&gt;{?subject ?property &lt;http://dbpedia.org/resource/?tienne-Prosper_Berne-Bellecour&gt;.
}}
select distinct ?subject ?property 
where 
 { GRAPH &lt;http://dbpedia.org&gt;{?subject ?property &lt;http://dbpedia.org/resource/?tienne_Becker&gt;.
}}
select distinct ?subject ?property 
where 
 { GRAPH &lt;http://dbpedia.org&gt;{?subject ?property &lt;http://dbpedia.org/resource/?tienne_Lancereaux&gt;.
}}
select distinct ?subject ?property 
where 
 { GRAPH &lt;http://dbpedia.org&gt;{?subject ?property &lt;http://dbpedia.org/resource/?tienne_Lauréault_de_Foncemagne&gt;.
}}
select distinct ?subject ?property 
where 
 { GRAPH &lt;http://dbpedia.org&gt;{?subject ?property &lt;http://dbpedia.org/resource/?tienne_Martin&gt;.
}}
select distinct ?subject ?property 
where 
 { GRAPH &lt;http://dbpedia.org&gt;{?subject ?property &lt;http://dbpedia.org/resource/?tienne_Pariset&gt;.
}}
select distinct ?subject ?property 
where 
 { GRAPH &lt;http://dbpedia.org&gt;{?subject ?property &lt;http://dbpedia.org/resource/André_Chamson&gt;.
}}
select distinct ?subject ?property 
where 
 { GRAPH &lt;http://dbpedia.org&gt;{?subject ?property &lt;http://dbpedia.org/resource/Augustin_Grisolle&gt;.
}}
select distinct ?subject ?property 
where 
 { GRAPH &lt;http://dbpedia.org&gt;{?subject ?property &lt;http://dbpedia.org/resource/Claude-François-Xavier_Millot&gt;.
}}
select distinct ?subject ?property 
where 
 { GRAPH &lt;http://dbpedia.org&gt;{?subject ?property &lt;http://dbpedia.org/resource/Claude_Gros_de_Boze&gt;.
}}
select distinct ?subject ?property 
where 
 { GRAPH &lt;http://dbpedia.org&gt;{?subject ?property &lt;http://dbpedia.org/resource/Ernest_Seillière&gt;.
}}
select distinct ?subject ?property 
where 
 { GRAPH &lt;http://dbpedia.org&gt;{?subject ?property &lt;http://dbpedia.org/resource/Jean-Gérard_Lacuée,_count_of_Cessac&gt;.
}}
select distinct ?subject ?property 
where 
 { GRAPH &lt;http://dbpedia.org&gt;{?subject ?property &lt;http://dbpedia.org/resource/Jean_Ballesdens&gt;.
}}
select distinct ?subject ?property 
where 
 { GRAPH &lt;http://dbpedia.org&gt;{?subject ?property &lt;http://dbpedia.org/resource/Jean_Guéhenno&gt;.
}}
select distinct ?subject ?property 
where 
 { GRAPH &lt;http://dbpedia.org&gt;{?subject ?property &lt;http://dbpedia.org/resource/Leyly_Matine-Daftary&gt;.
}}
select distinct ?subject ?property 
where 
 { GRAPH &lt;http://dbpedia.org&gt;{?subject ?property &lt;http://dbpedia.org/resource/Louis_de_Bouillé&gt;.
}}
select distinct ?subject ?property 
where 
 { GRAPH &lt;http://dbpedia.org&gt;{?subject ?property &lt;http://dbpedia.org/resource/Paul_Tallement_the_Younger&gt;.
}}
select distinct ?subject ?property 
where 
 { GRAPH &lt;http://dbpedia.org&gt;{?subject ?property &lt;http://dbpedia.org/resource/Robert_Louis_Antral&gt;.
}}
select distinct ?subject ?property 
where 
 { GRAPH &lt;http://dbpedia.org&gt;{?subject ?property &lt;http://dbpedia.org/resource/Adrien_d&apos;?pinay&gt;.
}}
select distinct ?subject ?property 
where 
 { GRAPH &lt;http://dbpedia.org&gt;{?subject ?property &lt;http://dbpedia.org/resource/Alexander_Lukomsky&gt;.
}}
select distinct ?subject ?property 
where 
 { GRAPH &lt;http://dbpedia.org&gt;{?subject ?property &lt;http://dbpedia.org/resource/Alexandre_Bigot&gt;.
}}
select distinct ?subject ?property 
where 
 { GRAPH &lt;http://dbpedia.org&gt;{?subject ?property &lt;http://dbpedia.org/resource/Ambroise_Tardieu&gt;.
}}
select distinct ?subject ?property 
where 
 { GRAPH &lt;http://dbpedia.org&gt;{?subject ?property &lt;http://dbpedia.org/resource/André_Rivoire&gt;.
}}
select distinct ?subject ?property 
where 
 { GRAPH &lt;http://dbpedia.org&gt;{?subject ?property &lt;http://dbpedia.org/resource/Antonin_Carlès&gt;.
}}
select distinct ?subject ?property 
where 
 { GRAPH &lt;http://dbpedia.org&gt;{?subject ?property &lt;http://dbpedia.org/resource/Armand_Jean_de_Vignerot_du_Plessis&gt;.
}}
select distinct ?subject ?property 
where 
 { GRAPH &lt;http://dbpedia.org&gt;{?subject ?property &lt;http://dbpedia.org/resource/Athanase_Louis_Marie_de_Loménie,_comte_de_Brienne&gt;.
}}
select distinct ?subject ?property 
where 
 { GRAPH &lt;http://dbpedia.org&gt;{?subject ?property &lt;http://dbpedia.org/resource/Augusta_Déjerine-Klumpke&gt;.
}}
select distinct ?subject ?property 
where 
 { GRAPH &lt;http://dbpedia.org&gt;{?subject ?property &lt;http://dbpedia.org/resource/Bernard_de_la_Monnoye&gt;.
}}
select distinct ?subject ?property 
where 
 { GRAPH &lt;http://dbpedia.org&gt;{?subject ?property &lt;http://dbpedia.org/resource/Bon-Joseph_Dacier&gt;.
}}
select distinct ?subject ?property 
where 
 { GRAPH &lt;http://dbpedia.org&gt;{?subject ?property &lt;http://dbpedia.org/resource/Bo?idar_Kantu?er&gt;.
}}
select distinct ?subject ?property 
where 
 { GRAPH &lt;http://dbpedia.org&gt;{?subject ?property &lt;http://dbpedia.org/resource/Charles-Claude_Genest&gt;.
}}
select distinct ?subject ?property 
where 
 { GRAPH &lt;http://dbpedia.org&gt;{?subject ?property &lt;http://dbpedia.org/resource/Charles-François_Beautemps-Beaupré&gt;.
}}
select distinct ?subject ?property 
where 
 { GRAPH &lt;http://dbpedia.org&gt;{?subject ?property &lt;http://dbpedia.org/resource/Charles-Pierre_Colardeau&gt;.
}}
select distinct ?subject ?property 
where 
 { GRAPH &lt;http://dbpedia.org&gt;{?subject ?property &lt;http://dbpedia.org/resource/Charles_Costa_de_Beauregard&gt;.
}}
select distinct ?subject ?property 
where 
 { GRAPH &lt;http://dbpedia.org&gt;{?subject ?property &lt;http://dbpedia.org/resource/Charles_d&apos;Orléans_de_Rothelin&gt;.
}}
select distinct ?subject ?property 
where 
 { GRAPH &lt;http://dbpedia.org&gt;{?subject ?property &lt;http://dbpedia.org/resource/Claude-François-Alexandre_Houtteville&gt;.
}}
select distinct ?subject ?property 
where 
 { GRAPH &lt;http://dbpedia.org&gt;{?subject ?property &lt;http://dbpedia.org/resource/Claude-François_Fraguier&gt;.
}}
select distinct ?subject ?property 
where 
 { GRAPH &lt;http://dbpedia.org&gt;{?subject ?property &lt;http://dbpedia.org/resource/Claude_Boyer&gt;.
}}
select distinct ?subject ?property 
where 
 { GRAPH &lt;http://dbpedia.org&gt;{?subject ?property &lt;http://dbpedia.org/resource/Claude_Jeancolas&gt;.
}}
select distinct ?subject ?property 
where 
 { GRAPH &lt;http://dbpedia.org&gt;{?subject ?property &lt;http://dbpedia.org/resource/Claude_Sallier&gt;.
}}
select distinct ?subject ?property 
where 
 { GRAPH &lt;http://dbpedia.org&gt;{?subject ?property &lt;http://dbpedia.org/resource/Clément_Métezeau&gt;.
}}
select distinct ?subject ?property 
where 
 { GRAPH &lt;http://dbpedia.org&gt;{?subject ?property &lt;http://dbpedia.org/resource/Constant_Detré&gt;.
}}
select distinct ?subject ?property 
where 
 { GRAPH &lt;http://dbpedia.org&gt;{?subject ?property &lt;http://dbpedia.org/resource/Edme_Mongin&gt;.
}}
select distinct ?subject ?property 
where 
 { GRAPH &lt;http://dbpedia.org&gt;{?subject ?property &lt;http://dbpedia.org/resource/Emmanuel_Bondeville&gt;.
}}
select distinct ?subject ?property 
where 
 { GRAPH &lt;http://dbpedia.org&gt;{?subject ?property &lt;http://dbpedia.org/resource/Emmanuel_Dupaty&gt;.
}}
select distinct ?subject ?property 
where 
 { GRAPH &lt;http://dbpedia.org&gt;{?subject ?property &lt;http://dbpedia.org/resource/Fernand_Gregh&gt;.
}}
select distinct ?subject ?property 
where 
 { GRAPH &lt;http://dbpedia.org&gt;{?subject ?property &lt;http://dbpedia.org/resource/Francis_Charmes&gt;.
}}
select distinct ?subject ?property 
where 
 { GRAPH &lt;http://dbpedia.org&gt;{?subject ?property &lt;http://dbpedia.org/resource/François-Augustin_de_Paradis_de_Moncrif&gt;.
}}
select distinct ?subject ?property 
where 
 { GRAPH &lt;http://dbpedia.org&gt;{?subject ?property &lt;http://dbpedia.org/resource/François_Racine_de_Monville&gt;.
}}
select distinct ?subject ?property 
where 
 { GRAPH &lt;http://dbpedia.org&gt;{?subject ?property &lt;http://dbpedia.org/resource/Félix-Julien-Jean_Bigot_de_Préameneu&gt;.
}}
select distinct ?subject ?property 
where 
 { GRAPH &lt;http://dbpedia.org&gt;{?subject ?property &lt;http://dbpedia.org/resource/Georges_Izard&gt;.
}}
select distinct ?subject ?property 
where 
 { GRAPH &lt;http://dbpedia.org&gt;{?subject ?property &lt;http://dbpedia.org/resource/Georges_Lecomte&gt;.
}}
select distinct ?subject ?property 
where 
 { GRAPH &lt;http://dbpedia.org&gt;{?subject ?property &lt;http://dbpedia.org/resource/Germain_Louis_Chauvelin&gt;.
}}
select distinct ?subject ?property 
where 
 { GRAPH &lt;http://dbpedia.org&gt;{?subject ?property &lt;http://dbpedia.org/resource/Guillaume_Bautru&gt;.
}}
select distinct ?subject ?property 
where 
 { GRAPH &lt;http://dbpedia.org&gt;{?subject ?property &lt;http://dbpedia.org/resource/Guillaume_Colletet&gt;.
}}
select distinct ?subject ?property 
where 
 { GRAPH &lt;http://dbpedia.org&gt;{?subject ?property &lt;http://dbpedia.org/resource/Guillaume_Massieu&gt;.
}}
select distinct ?subject ?property 
where 
 { GRAPH &lt;http://dbpedia.org&gt;{?subject ?property &lt;http://dbpedia.org/resource/Henri-Frédéric_Iselin&gt;.
}}
select distinct ?subject ?property 
where 
 { GRAPH &lt;http://dbpedia.org&gt;{?subject ?property &lt;http://dbpedia.org/resource/Henri-Gabriel_Ibels&gt;.
}}
select distinct ?subject ?property 
where 
 { GRAPH &lt;http://dbpedia.org&gt;{?subject ?property &lt;http://dbpedia.org/resource/Henri_Massis&gt;.
}}
select distinct ?subject ?property 
where 
 { GRAPH &lt;http://dbpedia.org&gt;{?subject ?property &lt;http://dbpedia.org/resource/Henri_Rollan&gt;.
}}
select distinct ?subject ?property 
where 
 { GRAPH &lt;http://dbpedia.org&gt;{?subject ?property &lt;http://dbpedia.org/resource/Henry_Franklin-Bouillon&gt;.
}}
select distinct ?subject ?property 
where 
 { GRAPH &lt;http://dbpedia.org&gt;{?subject ?property &lt;http://dbpedia.org/resource/Jacques_Adam&gt;.
}}
select distinct ?subject ?property 
where 
 { GRAPH &lt;http://dbpedia.org&gt;{?subject ?property &lt;http://dbpedia.org/resource/Jacques_Cassagne&gt;.
}}
select distinct ?subject ?property 
where 
 { GRAPH &lt;http://dbpedia.org&gt;{?subject ?property &lt;http://dbpedia.org/resource/Jacques_de_Tourreil&gt;.
}}
select distinct ?subject ?property 
where 
 { GRAPH &lt;http://dbpedia.org&gt;{?subject ?property &lt;http://dbpedia.org/resource/Jaques_?tienne_Gay&gt;.
}}
select distinct ?subject ?property 
where 
 { GRAPH &lt;http://dbpedia.org&gt;{?subject ?property &lt;http://dbpedia.org/resource/Jean-Baptiste_Berthier&gt;.
}}
select distinct ?subject ?property 
where 
 { GRAPH &lt;http://dbpedia.org&gt;{?subject ?property &lt;http://dbpedia.org/resource/Jean-François_Du_Bellay_du_Resnel&gt;.
}}
select distinct ?subject ?property 
where 
 { GRAPH &lt;http://dbpedia.org&gt;{?subject ?property &lt;http://dbpedia.org/resource/Jean-François_Roger&gt;.
}}
select distinct ?subject ?property 
where 
 { GRAPH &lt;http://dbpedia.org&gt;{?subject ?property &lt;http://dbpedia.org/resource/Jean-François_de_Chamillart&gt;.
}}
select distinct ?subject ?property 
where 
 { GRAPH &lt;http://dbpedia.org&gt;{?subject ?property &lt;http://dbpedia.org/resource/Jean-Gilles_du_Coëtlosquet&gt;.
}}
select distinct ?subject ?property 
where 
 { GRAPH &lt;http://dbpedia.org&gt;{?subject ?property &lt;http://dbpedia.org/resource/Jean-Louis_Brian&gt;.
}}
select distinct ?subject ?property 
where 
 { GRAPH &lt;http://dbpedia.org&gt;{?subject ?property &lt;http://dbpedia.org/resource/Jean-Louis_Vaudoyer&gt;.
}}
select distinct ?subject ?property 
where 
 { GRAPH &lt;http://dbpedia.org&gt;{?subject ?property &lt;http://dbpedia.org/resource/Jean_Baffier&gt;.
}}
select distinct ?subject ?property 
where 
 { GRAPH &lt;http://dbpedia.org&gt;{?subject ?property &lt;http://dbpedia.org/resource/Jean_Barbier_d&apos;Aucour&gt;.
}}
select distinct ?subject ?property 
where 
 { GRAPH &lt;http://dbpedia.org&gt;{?subject ?property &lt;http://dbpedia.org/resource/Jean_Boivin_the_Younger&gt;.
}}
select distinct ?subject ?property 
where 
 { GRAPH &lt;http://dbpedia.org&gt;{?subject ?property &lt;http://dbpedia.org/resource/Jean_Gallois&gt;.
}}
select distinct ?subject ?property 
where 
 { GRAPH &lt;http://dbpedia.org&gt;{?subject ?property &lt;http://dbpedia.org/resource/Jean_Ogier_de_Gombauld&gt;.
}}
select distinct ?subject ?property 
where 
 { GRAPH &lt;http://dbpedia.org&gt;{?subject ?property &lt;http://dbpedia.org/resource/Jean_Piveteau&gt;.
}}
select distinct ?subject ?property 
where 
 { GRAPH &lt;http://dbpedia.org&gt;{?subject ?property &lt;http://dbpedia.org/resource/Jean_Poperen&gt;.
}}
select distinct ?subject ?property 
where 
 { GRAPH &lt;http://dbpedia.org&gt;{?subject ?property &lt;http://dbpedia.org/resource/Joseph_Caillot&gt;.
}}
select distinct ?subject ?property 
where 
 { GRAPH &lt;http://dbpedia.org&gt;{?subject ?property &lt;http://dbpedia.org/resource/Joseph_Roffo&gt;.
}}
select distinct ?subject ?property 
where 
 { GRAPH &lt;http://dbpedia.org&gt;{?subject ?property &lt;http://dbpedia.org/resource/Just_de_Noailles&gt;.
}}
select distinct ?subject ?property 
where 
 { GRAPH &lt;http://dbpedia.org&gt;{?subject ?property &lt;http://dbpedia.org/resource/Landgravine_Caroline_of_Hesse-Rotenburg&gt;.
}}
select distinct ?subject ?property 
where 
 { GRAPH &lt;http://dbpedia.org&gt;{?subject ?property &lt;http://dbpedia.org/resource/Louis_Chevalier&gt;.
}}
select distinct ?subject ?property 
where 
 { GRAPH &lt;http://dbpedia.org&gt;{?subject ?property &lt;http://dbpedia.org/resource/Louis_François_de_Monteynard&gt;.
}}
select distinct ?subject ?property 
where 
 { GRAPH &lt;http://dbpedia.org&gt;{?subject ?property &lt;http://dbpedia.org/resource/Louis_Giry&gt;.
}}
select distinct ?subject ?property 
where 
 { GRAPH &lt;http://dbpedia.org&gt;{?subject ?property &lt;http://dbpedia.org/resource/Louis_de_Beaupoil_de_Saint-Aulaire&gt;.
}}
select distinct ?subject ?property 
where 
 { GRAPH &lt;http://dbpedia.org&gt;{?subject ?property &lt;http://dbpedia.org/resource/Louis_de_Courcillon&gt;.
}}
select distinct ?subject ?property 
where 
 { GRAPH &lt;http://dbpedia.org&gt;{?subject ?property &lt;http://dbpedia.org/resource/Lucien_Millevoye&gt;.
}}
select distinct ?subject ?property 
where 
 { GRAPH &lt;http://dbpedia.org&gt;{?subject ?property &lt;http://dbpedia.org/resource/Marie-Suzanne_Giroust&gt;.
}}
select distinct ?subject ?property 
where 
 { GRAPH &lt;http://dbpedia.org&gt;{?subject ?property &lt;http://dbpedia.org/resource/Marie_Anne_Doublet&gt;.
}}
select distinct ?subject ?property 
where 
 { GRAPH &lt;http://dbpedia.org&gt;{?subject ?property &lt;http://dbpedia.org/resource/Marie_Roze&gt;.
}}
select distinct ?subject ?property 
where 
 { GRAPH &lt;http://dbpedia.org&gt;{?subject ?property &lt;http://dbpedia.org/resource/Maryse_Guy_Mitsouko&gt;.
}}
select distinct ?subject ?property 
where 
 { GRAPH &lt;http://dbpedia.org&gt;{?subject ?property &lt;http://dbpedia.org/resource/Michel_Guillaume_Baby&gt;.
}}
select distinct ?subject ?property 
where 
 { GRAPH &lt;http://dbpedia.org&gt;{?subject ?property &lt;http://dbpedia.org/resource/Michel_Le_Clerc&gt;.
}}
select distinct ?subject ?property 
where 
 { GRAPH &lt;http://dbpedia.org&gt;{?subject ?property &lt;http://dbpedia.org/resource/Michel_Paul_Guy_de_Chabanon&gt;.
}}
select distinct ?subject ?property 
where 
 { GRAPH &lt;http://dbpedia.org&gt;{?subject ?property &lt;http://dbpedia.org/resource/Nicolas-Hubert_de_Mongault&gt;.
}}
select distinct ?subject ?property 
where 
 { GRAPH &lt;http://dbpedia.org&gt;{?subject ?property &lt;http://dbpedia.org/resource/Nicolas_de_Malézieu&gt;.
}}
select distinct ?subject ?property 
where 
 { GRAPH &lt;http://dbpedia.org&gt;{?subject ?property &lt;http://dbpedia.org/resource/Paul_Cabet&gt;.
}}
select distinct ?subject ?property 
where 
 { GRAPH &lt;http://dbpedia.org&gt;{?subject ?property &lt;http://dbpedia.org/resource/Philippe_Castelli&gt;.
}}
select distinct ?subject ?property 
where 
 { GRAPH &lt;http://dbpedia.org&gt;{?subject ?property &lt;http://dbpedia.org/resource/Pierre-Nicolas_Beauvallet&gt;.
}}
select distinct ?subject ?property 
where 
 { GRAPH &lt;http://dbpedia.org&gt;{?subject ?property &lt;http://dbpedia.org/resource/Pierre_César_Charles_de_Sercey&gt;.
}}
select distinct ?subject ?property 
where 
 { GRAPH &lt;http://dbpedia.org&gt;{?subject ?property &lt;http://dbpedia.org/resource/Pierre_Marie_de_Grave&gt;.
}}
select distinct ?subject ?property 
where 
 { GRAPH &lt;http://dbpedia.org&gt;{?subject ?property &lt;http://dbpedia.org/resource/Pierre_de_Nolhac&gt;.
}}
select distinct ?subject ?property 
where 
 { GRAPH &lt;http://dbpedia.org&gt;{?subject ?property &lt;http://dbpedia.org/resource/Piotr_Kowalski&gt;.
}}
select distinct ?subject ?property 
where 
 { GRAPH &lt;http://dbpedia.org&gt;{?subject ?property &lt;http://dbpedia.org/resource/René_Besse&gt;.
}}
select distinct ?subject ?property 
where 
 { GRAPH &lt;http://dbpedia.org&gt;{?subject ?property &lt;http://dbpedia.org/resource/Rose_Caron&gt;.
}}
select distinct ?subject ?property 
where 
 { GRAPH &lt;http://dbpedia.org&gt;{?subject ?property &lt;http://dbpedia.org/resource/Simon_Charles_Miger&gt;.
}}
select distinct ?subject ?property 
where 
 { GRAPH &lt;http://dbpedia.org&gt;{?subject ?property &lt;http://dbpedia.org/resource/Thomas_Regnaudin&gt;.
}}
select distinct ?subject ?property 
where 
 { GRAPH &lt;http://dbpedia.org&gt;{?subject ?property &lt;http://dbpedia.org/resource/Théophile_Laforge&gt;.
}}
select distinct ?subject ?property 
where 
 { GRAPH &lt;http://dbpedia.org&gt;{?subject ?property &lt;http://dbpedia.org/resource/Véronique_Silver&gt;.
}}
select distinct ?subject ?property 
where 
 { GRAPH &lt;http://dbpedia.org&gt;{?subject ?property &lt;http://dbpedia.org/resource/William_Wyld&gt;.
}}
select distinct ?subject ?property 
where 
 { GRAPH &lt;http://dbpedia.org&gt;{?subject ?property &lt;http://dbpedia.org/resource/?douard_Hervé&gt;.
}}
select distinct ?subject ?property 
where 
 { GRAPH &lt;http://dbpedia.org&gt;{?subject ?property &lt;http://dbpedia.org/resource/?tienne_Clavier&gt;.
}}
select distinct ?subject ?property 
where 
 { GRAPH &lt;http://dbpedia.org&gt;{?subject ?property &lt;http://dbpedia.org/resource/Emmanuel_Maximilien-Joseph_Guidal&gt;.
}}
select distinct ?subject ?property 
where 
 { GRAPH &lt;http://dbpedia.org&gt;{?subject ?property &lt;http://dbpedia.org/resource/Jean-Louis_Dumas&gt;.
}}
select distinct ?subject ?property 
where 
 { GRAPH &lt;http://dbpedia.org&gt;{?subject ?property &lt;http://dbpedia.org/resource/Jean_de_Marguenat&gt;.
}}
select distinct ?subject ?property 
where 
 { GRAPH &lt;http://dbpedia.org&gt;{?subject ?property &lt;http://dbpedia.org/resource/Victor_Lahorie&gt;.
}}
select distinct ?subject ?property 
where 
 { GRAPH &lt;http://dbpedia.org&gt;{?subject ?property &lt;http://dbpedia.org/resource/Alex_Joffé&gt;.
}}
select distinct ?subject ?property 
where 
 { GRAPH &lt;http://dbpedia.org&gt;{?subject ?property &lt;http://dbpedia.org/resource/Alexandre_Debain&gt;.
}}
select distinct ?subject ?property 
where 
 { GRAPH &lt;http://dbpedia.org&gt;{?subject ?property &lt;http://dbpedia.org/resource/Alexandre_Deleyre&gt;.
}}
select distinct ?subject ?property 
where 
 { GRAPH &lt;http://dbpedia.org&gt;{?subject ?property &lt;http://dbpedia.org/resource/Allan_Eugene_Updegraff&gt;.
}}
select distinct ?subject ?property 
where 
 { GRAPH &lt;http://dbpedia.org&gt;{?subject ?property &lt;http://dbpedia.org/resource/Antoine_Le_Roux_de_Lincy&gt;.
}}
select distinct ?subject ?property 
where 
 { GRAPH &lt;http://dbpedia.org&gt;{?subject ?property &lt;http://dbpedia.org/resource/Ant?nio_Nunes_Ribeiro_Sanches&gt;.
}}
select distinct ?subject ?property 
where 
 { GRAPH &lt;http://dbpedia.org&gt;{?subject ?property &lt;http://dbpedia.org/resource/Auguste_Brouet&gt;.
}}
select distinct ?subject ?property 
where 
 { GRAPH &lt;http://dbpedia.org&gt;{?subject ?property &lt;http://dbpedia.org/resource/Augustin-Pierre_Dubrunfaut&gt;.
}}
select distinct ?subject ?property 
where 
 { GRAPH &lt;http://dbpedia.org&gt;{?subject ?property &lt;http://dbpedia.org/resource/Bertrand_Pelletier&gt;.
}}
select distinct ?subject ?property 
where 
 { GRAPH &lt;http://dbpedia.org&gt;{?subject ?property &lt;http://dbpedia.org/resource/Carl_Guttenberg&gt;.
}}
select distinct ?subject ?property 
where 
 { GRAPH &lt;http://dbpedia.org&gt;{?subject ?property &lt;http://dbpedia.org/resource/Charles-Edmond_Perrin&gt;.
}}
select distinct ?subject ?property 
where 
 { GRAPH &lt;http://dbpedia.org&gt;{?subject ?property &lt;http://dbpedia.org/resource/Claude_Yvon&gt;.
}}
select distinct ?subject ?property 
where 
 { GRAPH &lt;http://dbpedia.org&gt;{?subject ?property &lt;http://dbpedia.org/resource/Edme_Mentelle&gt;.
}}
select distinct ?subject ?property 
where 
 { GRAPH &lt;http://dbpedia.org&gt;{?subject ?property &lt;http://dbpedia.org/resource/Eugène_Tucherer&gt;.
}}
select distinct ?subject ?property 
where 
 { GRAPH &lt;http://dbpedia.org&gt;{?subject ?property &lt;http://dbpedia.org/resource/Francis_Ryck&gt;.
}}
select distinct ?subject ?property 
where 
 { GRAPH &lt;http://dbpedia.org&gt;{?subject ?property &lt;http://dbpedia.org/resource/Gaetano_Giulio_Zumbo&gt;.
}}
select distinct ?subject ?property 
where 
 { GRAPH &lt;http://dbpedia.org&gt;{?subject ?property &lt;http://dbpedia.org/resource/Germain_Bazin&gt;.
}}
select distinct ?subject ?property 
where 
 { GRAPH &lt;http://dbpedia.org&gt;{?subject ?property &lt;http://dbpedia.org/resource/Gustave-Henri_Colin&gt;.
}}
select distinct ?subject ?property 
where 
 { GRAPH &lt;http://dbpedia.org&gt;{?subject ?property &lt;http://dbpedia.org/resource/Gustave_Fallot&gt;.
}}
select distinct ?subject ?property 
where 
 { GRAPH &lt;http://dbpedia.org&gt;{?subject ?property &lt;http://dbpedia.org/resource/Henri_Rouart&gt;.
}}
select distinct ?subject ?property 
where 
 { GRAPH &lt;http://dbpedia.org&gt;{?subject ?property &lt;http://dbpedia.org/resource/Issachar_Ber_Ryback&gt;.
}}
select distinct ?subject ?property 
where 
 { GRAPH &lt;http://dbpedia.org&gt;{?subject ?property &lt;http://dbpedia.org/resource/Issoufou_Saidou-Djermakoye&gt;.
}}
select distinct ?subject ?property 
where 
 { GRAPH &lt;http://dbpedia.org&gt;{?subject ?property &lt;http://dbpedia.org/resource/Jaime_Montestrela&gt;.
}}
select distinct ?subject ?property 
where 
 { GRAPH &lt;http://dbpedia.org&gt;{?subject ?property &lt;http://dbpedia.org/resource/Jean-Baptiste_Martin&gt;.
}}
select distinct ?subject ?property 
where 
 { GRAPH &lt;http://dbpedia.org&gt;{?subject ?property &lt;http://dbpedia.org/resource/Jean-Georges_Sieber&gt;.
}}
select distinct ?subject ?property 
where 
 { GRAPH &lt;http://dbpedia.org&gt;{?subject ?property &lt;http://dbpedia.org/resource/Jean-Marie_Bayol&gt;.
}}
select distinct ?subject ?property 
where 
 { GRAPH &lt;http://dbpedia.org&gt;{?subject ?property &lt;http://dbpedia.org/resource/Jean_Pestré&gt;.
}}
select distinct ?subject ?property 
where 
 { GRAPH &lt;http://dbpedia.org&gt;{?subject ?property &lt;http://dbpedia.org/resource/Jean_Prodromidès&gt;.
}}
select distinct ?subject ?property 
where 
 { GRAPH &lt;http://dbpedia.org&gt;{?subject ?property &lt;http://dbpedia.org/resource/Joseph_Barbanègre&gt;.
}}
select distinct ?subject ?property 
where 
 { GRAPH &lt;http://dbpedia.org&gt;{?subject ?property &lt;http://dbpedia.org/resource/Jules_Berry&gt;.
}}
select distinct ?subject ?property 
where 
 { GRAPH &lt;http://dbpedia.org&gt;{?subject ?property &lt;http://dbpedia.org/resource/J?zef_Szermentowski&gt;.
}}
select distinct ?subject ?property 
where 
 { GRAPH &lt;http://dbpedia.org&gt;{?subject ?property &lt;http://dbpedia.org/resource/Ketti_Gallian&gt;.
}}
select distinct ?subject ?property 
where 
 { GRAPH &lt;http://dbpedia.org&gt;{?subject ?property &lt;http://dbpedia.org/resource/Louis_Blaringhem&gt;.
}}
select distinct ?subject ?property 
where 
 { GRAPH &lt;http://dbpedia.org&gt;{?subject ?property &lt;http://dbpedia.org/resource/Louis_Seigner&gt;.
}}
select distinct ?subject ?property 
where 
 { GRAPH &lt;http://dbpedia.org&gt;{?subject ?property &lt;http://dbpedia.org/resource/Léon_Martinaud-Déplat&gt;.
}}
select distinct ?subject ?property 
where 
 { GRAPH &lt;http://dbpedia.org&gt;{?subject ?property &lt;http://dbpedia.org/resource/Léon_Printemps&gt;.
}}
select distinct ?subject ?property 
where 
 { GRAPH &lt;http://dbpedia.org&gt;{?subject ?property &lt;http://dbpedia.org/resource/Madeleine_Barot&gt;.
}}
select distinct ?subject ?property 
where 
 { GRAPH &lt;http://dbpedia.org&gt;{?subject ?property &lt;http://dbpedia.org/resource/Madeleine_de_Puisieux&gt;.
}}
select distinct ?subject ?property 
where 
 { GRAPH &lt;http://dbpedia.org&gt;{?subject ?property &lt;http://dbpedia.org/resource/Manuel_Orazi&gt;.
}}
select distinct ?subject ?property 
where 
 { GRAPH &lt;http://dbpedia.org&gt;{?subject ?property &lt;http://dbpedia.org/resource/Marcel_Bataillon&gt;.
}}
select distinct ?subject ?property 
where 
 { GRAPH &lt;http://dbpedia.org&gt;{?subject ?property &lt;http://dbpedia.org/resource/Maurice_Dugowson&gt;.
}}
select distinct ?subject ?property 
where 
 { GRAPH &lt;http://dbpedia.org&gt;{?subject ?property &lt;http://dbpedia.org/resource/Maurice_Labro&gt;.
}}
select distinct ?subject ?property 
where 
 { GRAPH &lt;http://dbpedia.org&gt;{?subject ?property &lt;http://dbpedia.org/resource/Michel-Antoine_David&gt;.
}}
select distinct ?subject ?property 
where 
 { GRAPH &lt;http://dbpedia.org&gt;{?subject ?property &lt;http://dbpedia.org/resource/Nicolas_Lenglet_Du_Fresnoy&gt;.
}}
select distinct ?subject ?property 
where 
 { GRAPH &lt;http://dbpedia.org&gt;{?subject ?property &lt;http://dbpedia.org/resource/Paul_Fallot&gt;.
}}
select distinct ?subject ?property 
where 
 { GRAPH &lt;http://dbpedia.org&gt;{?subject ?property &lt;http://dbpedia.org/resource/Paul_Topinard&gt;.
}}
select distinct ?subject ?property 
where 
 { GRAPH &lt;http://dbpedia.org&gt;{?subject ?property &lt;http://dbpedia.org/resource/Raymond_Dandy&gt;.
}}
select distinct ?subject ?property 
where 
 { GRAPH &lt;http://dbpedia.org&gt;{?subject ?property &lt;http://dbpedia.org/resource/Roger_Dumas_(composer)&gt;.
}}
select distinct ?subject ?property 
where 
 { GRAPH &lt;http://dbpedia.org&gt;{?subject ?property &lt;http://dbpedia.org/resource/Rosita_Mauri&gt;.
}}
select distinct ?subject ?property 
where 
 { GRAPH &lt;http://dbpedia.org&gt;{?subject ?property &lt;http://dbpedia.org/resource/Tadeusz_Gorecki&gt;.
}}
select distinct ?subject ?property 
where 
 { GRAPH &lt;http://dbpedia.org&gt;{?subject ?property &lt;http://dbpedia.org/resource/Urbain_de_Vandenesse&gt;.
}}
select distinct ?subject ?property 
where 
 { GRAPH &lt;http://dbpedia.org&gt;{?subject ?property &lt;http://dbpedia.org/resource/Victor_Leydet&gt;.
}}
select distinct ?subject ?property 
where 
 { GRAPH &lt;http://dbpedia.org&gt;{?subject ?property &lt;http://dbpedia.org/resource/Vladimir_de_Terlikowski&gt;.
}}
select distinct ?subject ?property 
where 
 { GRAPH &lt;http://dbpedia.org&gt;{?subject ?property &lt;http://dbpedia.org/resource/Adrien_Moreau&gt;.
}}
select distinct ?subject ?property 
where 
 { GRAPH &lt;http://dbpedia.org&gt;{?subject ?property &lt;http://dbpedia.org/resource/André_Bonin&gt;.
}}
select distinct ?subject ?property 
where 
 { GRAPH &lt;http://dbpedia.org&gt;{?subject ?property &lt;http://dbpedia.org/resource/André_Gardère&gt;.
}}
select distinct ?subject ?property 
where 
 { GRAPH &lt;http://dbpedia.org&gt;{?subject ?property &lt;http://dbpedia.org/resource/Anne_de_Montafié,_Countess_of_Clermont-en-Beauvaisis&gt;.
}}
select distinct ?subject ?property 
where 
 { GRAPH &lt;http://dbpedia.org&gt;{?subject ?property &lt;http://dbpedia.org/resource/Antoine_Ansiaux&gt;.
}}
select distinct ?subject ?property 
where 
 { GRAPH &lt;http://dbpedia.org&gt;{?subject ?property &lt;http://dbpedia.org/resource/Antoine_Vitré&gt;.
}}
select distinct ?subject ?property 
where 
 { GRAPH &lt;http://dbpedia.org&gt;{?subject ?property &lt;http://dbpedia.org/resource/Arnault_Tzanck&gt;.
}}
select distinct ?subject ?property 
where 
 { GRAPH &lt;http://dbpedia.org&gt;{?subject ?property &lt;http://dbpedia.org/resource/Benoît_Audran_the_Younger&gt;.
}}
select distinct ?subject ?property 
where 
 { GRAPH &lt;http://dbpedia.org&gt;{?subject ?property &lt;http://dbpedia.org/resource/Camille,_Prince_of_Marsan&gt;.
}}
select distinct ?subject ?property 
where 
 { GRAPH &lt;http://dbpedia.org&gt;{?subject ?property &lt;http://dbpedia.org/resource/Carl_Tr?g?rdh&gt;.
}}
select distinct ?subject ?property 
where 
 { GRAPH &lt;http://dbpedia.org&gt;{?subject ?property &lt;http://dbpedia.org/resource/Charles,_Count_of_Marsan&gt;.
}}
select distinct ?subject ?property 
where 
 { GRAPH &lt;http://dbpedia.org&gt;{?subject ?property &lt;http://dbpedia.org/resource/Charles_Audran&gt;.
}}
select distinct ?subject ?property 
where 
 { GRAPH &lt;http://dbpedia.org&gt;{?subject ?property &lt;http://dbpedia.org/resource/Charles_Louis,_Count_of_Marsan&gt;.
}}
select distinct ?subject ?property 
where 
 { GRAPH &lt;http://dbpedia.org&gt;{?subject ?property &lt;http://dbpedia.org/resource/Charles_Pierre_Corvisart&gt;.
}}
select distinct ?subject ?property 
where 
 { GRAPH &lt;http://dbpedia.org&gt;{?subject ?property &lt;http://dbpedia.org/resource/Edme-François_Gersaint&gt;.
}}
select distinct ?subject ?property 
where 
 { GRAPH &lt;http://dbpedia.org&gt;{?subject ?property &lt;http://dbpedia.org/resource/Edmond_Pourchot&gt;.
}}
select distinct ?subject ?property 
where 
 { GRAPH &lt;http://dbpedia.org&gt;{?subject ?property &lt;http://dbpedia.org/resource/Elena_Libera&gt;.
}}
select distinct ?subject ?property 
where 
 { GRAPH &lt;http://dbpedia.org&gt;{?subject ?property &lt;http://dbpedia.org/resource/Eugénie_Buffet&gt;.
}}
select distinct ?subject ?property 
where 
 { GRAPH &lt;http://dbpedia.org&gt;{?subject ?property &lt;http://dbpedia.org/resource/Francesco_Salvolini&gt;.
}}
select distinct ?subject ?property 
where 
 { GRAPH &lt;http://dbpedia.org&gt;{?subject ?property &lt;http://dbpedia.org/resource/Gaston_Bonet-Maury&gt;.
}}
select distinct ?subject ?property 
where 
 { GRAPH &lt;http://dbpedia.org&gt;{?subject ?property &lt;http://dbpedia.org/resource/Godefroy_Maurice_de_La_Tour_d&apos;Auvergne,_Duke_of_Bouillon&gt;.
}}
select distinct ?subject ?property 
where 
 { GRAPH &lt;http://dbpedia.org&gt;{?subject ?property &lt;http://dbpedia.org/resource/Growth_of_Pedro_II_of_Brazil&gt;.
}}
select distinct ?subject ?property 
where 
 { GRAPH &lt;http://dbpedia.org&gt;{?subject ?property &lt;http://dbpedia.org/resource/Henri-Auguste_Patey&gt;.
}}
select distinct ?subject ?property 
where 
 { GRAPH &lt;http://dbpedia.org&gt;{?subject ?property &lt;http://dbpedia.org/resource/Hippolyte_Bellangé&gt;.
}}
select distinct ?subject ?property 
where 
 { GRAPH &lt;http://dbpedia.org&gt;{?subject ?property &lt;http://dbpedia.org/resource/Hubert-Pascal_Ameilhon&gt;.
}}
select distinct ?subject ?property 
where 
 { GRAPH &lt;http://dbpedia.org&gt;{?subject ?property &lt;http://dbpedia.org/resource/Ignace_Morgenstern&gt;.
}}
select distinct ?subject ?property 
where 
 { GRAPH &lt;http://dbpedia.org&gt;{?subject ?property &lt;http://dbpedia.org/resource/Jacques-François_Amand&gt;.
}}
select distinct ?subject ?property 
where 
 { GRAPH &lt;http://dbpedia.org&gt;{?subject ?property &lt;http://dbpedia.org/resource/Jacques_Autreau&gt;.
}}
select distinct ?subject ?property 
where 
 { GRAPH &lt;http://dbpedia.org&gt;{?subject ?property &lt;http://dbpedia.org/resource/Jacques_Firmin_Beauvarlet&gt;.
}}
select distinct ?subject ?property 
where 
 { GRAPH &lt;http://dbpedia.org&gt;{?subject ?property &lt;http://dbpedia.org/resource/Jean-Baptiste_Grosier&gt;.
}}
select distinct ?subject ?property 
where 
 { GRAPH &lt;http://dbpedia.org&gt;{?subject ?property &lt;http://dbpedia.org/resource/Jean-Claude_Chambellan_Duplessis&gt;.
}}
select distinct ?subject ?property 
where 
 { GRAPH &lt;http://dbpedia.org&gt;{?subject ?property &lt;http://dbpedia.org/resource/Jean-François_Le_Gonidec&gt;.
}}
select distinct ?subject ?property 
where 
 { GRAPH &lt;http://dbpedia.org&gt;{?subject ?property &lt;http://dbpedia.org/resource/Jean-Joël_Barbier&gt;.
}}
select distinct ?subject ?property 
where 
 { GRAPH &lt;http://dbpedia.org&gt;{?subject ?property &lt;http://dbpedia.org/resource/Jean-Louis_Bertucelli&gt;.
}}
select distinct ?subject ?property 
where 
 { GRAPH &lt;http://dbpedia.org&gt;{?subject ?property &lt;http://dbpedia.org/resource/Jean_André&gt;.
}}
select distinct ?subject ?property 
where 
 { GRAPH &lt;http://dbpedia.org&gt;{?subject ?property &lt;http://dbpedia.org/resource/Jean_Asfar&gt;.
}}
select distinct ?subject ?property 
where 
 { GRAPH &lt;http://dbpedia.org&gt;{?subject ?property &lt;http://dbpedia.org/resource/Jean_Charles_Baquoy&gt;.
}}
select distinct ?subject ?property 
where 
 { GRAPH &lt;http://dbpedia.org&gt;{?subject ?property &lt;http://dbpedia.org/resource/Jeannou_Lacaze&gt;.
}}
select distinct ?subject ?property 
where 
 { GRAPH &lt;http://dbpedia.org&gt;{?subject ?property &lt;http://dbpedia.org/resource/Julien_Le_Blant&gt;.
}}
select distinct ?subject ?property 
where 
 { GRAPH &lt;http://dbpedia.org&gt;{?subject ?property &lt;http://dbpedia.org/resource/Katherine_Wilmot&gt;.
}}
select distinct ?subject ?property 
where 
 { GRAPH &lt;http://dbpedia.org&gt;{?subject ?property &lt;http://dbpedia.org/resource/Landgravine_Hedwig_of_Hesse-Rotenburg&gt;.
}}
select distinct ?subject ?property 
where 
 { GRAPH &lt;http://dbpedia.org&gt;{?subject ?property &lt;http://dbpedia.org/resource/Landgravine_Victoria_of_Hesse-Rotenburg&gt;.
}}
select distinct ?subject ?property 
where 
 { GRAPH &lt;http://dbpedia.org&gt;{?subject ?property &lt;http://dbpedia.org/resource/Louis,_Duke_of_Rohan&gt;.
}}
select distinct ?subject ?property 
where 
 { GRAPH &lt;http://dbpedia.org&gt;{?subject ?property &lt;http://dbpedia.org/resource/Louis_Fursy_Henri_Compère&gt;.
}}
select distinct ?subject ?property 
where 
 { GRAPH &lt;http://dbpedia.org&gt;{?subject ?property &lt;http://dbpedia.org/resource/Louis_Marie_Quicherat&gt;.
}}
select distinct ?subject ?property 
where 
 { GRAPH &lt;http://dbpedia.org&gt;{?subject ?property &lt;http://dbpedia.org/resource/Léon_Belly&gt;.
}}
select distinct ?subject ?property 
where 
 { GRAPH &lt;http://dbpedia.org&gt;{?subject ?property &lt;http://dbpedia.org/resource/Marguerite,_Duchess_of_Rohan&gt;.
}}
select distinct ?subject ?property 
where 
 { GRAPH &lt;http://dbpedia.org&gt;{?subject ?property &lt;http://dbpedia.org/resource/Marie_Armande_de_La_Trémoille&gt;.
}}
select distinct ?subject ?property 
where 
 { GRAPH &lt;http://dbpedia.org&gt;{?subject ?property &lt;http://dbpedia.org/resource/Marie_Epstein&gt;.
}}
select distinct ?subject ?property 
where 
 { GRAPH &lt;http://dbpedia.org&gt;{?subject ?property &lt;http://dbpedia.org/resource/Marie_Sophie_de_Courcillon&gt;.
}}
select distinct ?subject ?property 
where 
 { GRAPH &lt;http://dbpedia.org&gt;{?subject ?property &lt;http://dbpedia.org/resource/Maurice_Maindron&gt;.
}}
select distinct ?subject ?property 
where 
 { GRAPH &lt;http://dbpedia.org&gt;{?subject ?property &lt;http://dbpedia.org/resource/Michel-François_Dandré-Bardon&gt;.
}}
select distinct ?subject ?property 
where 
 { GRAPH &lt;http://dbpedia.org&gt;{?subject ?property &lt;http://dbpedia.org/resource/Nicolas_Baudesson&gt;.
}}
select distinct ?subject ?property 
where 
 { GRAPH &lt;http://dbpedia.org&gt;{?subject ?property &lt;http://dbpedia.org/resource/Nicolas_Bertin&gt;.
}}
select distinct ?subject ?property 
where 
 { GRAPH &lt;http://dbpedia.org&gt;{?subject ?property &lt;http://dbpedia.org/resource/Philibert_Jean-Baptiste_Curial&gt;.
}}
select distinct ?subject ?property 
where 
 { GRAPH &lt;http://dbpedia.org&gt;{?subject ?property &lt;http://dbpedia.org/resource/Pierre-Antoine_Baudouin&gt;.
}}
select distinct ?subject ?property 
where 
 { GRAPH &lt;http://dbpedia.org&gt;{?subject ?property &lt;http://dbpedia.org/resource/Pierre-François_Basan&gt;.
}}
select distinct ?subject ?property 
where 
 { GRAPH &lt;http://dbpedia.org&gt;{?subject ?property &lt;http://dbpedia.org/resource/Pierre_Patel&gt;.
}}
select distinct ?subject ?property 
where 
 { GRAPH &lt;http://dbpedia.org&gt;{?subject ?property &lt;http://dbpedia.org/resource/Prosper-Gabriel_Audran&gt;.
}}
select distinct ?subject ?property 
where 
 { GRAPH &lt;http://dbpedia.org&gt;{?subject ?property &lt;http://dbpedia.org/resource/René_Le_Somptier&gt;.
}}
select distinct ?subject ?property 
where 
 { GRAPH &lt;http://dbpedia.org&gt;{?subject ?property &lt;http://dbpedia.org/resource/René_Lemoine&gt;.
}}
select distinct ?subject ?property 
where 
 { GRAPH &lt;http://dbpedia.org&gt;{?subject ?property &lt;http://dbpedia.org/resource/Robert-Joseph_Auguste&gt;.
}}
select distinct ?subject ?property 
where 
 { GRAPH &lt;http://dbpedia.org&gt;{?subject ?property &lt;http://dbpedia.org/resource/Sophie_Tatischeff&gt;.
}}
select distinct ?subject ?property 
where 
 { GRAPH &lt;http://dbpedia.org&gt;{?subject ?property &lt;http://dbpedia.org/resource/Suzanne_Henriette_of_Lorraine&gt;.
}}
select distinct ?subject ?property 
where 
 { GRAPH &lt;http://dbpedia.org&gt;{?subject ?property &lt;http://dbpedia.org/resource/Victor_Delbos&gt;.
}}
select distinct ?subject ?property 
where 
 { GRAPH &lt;http://dbpedia.org&gt;{?subject ?property &lt;http://dbpedia.org/resource/Victor_Roger&gt;.
}}
select distinct ?subject ?property 
where 
 { GRAPH &lt;http://dbpedia.org&gt;{?subject ?property &lt;http://dbpedia.org/resource/William_Tilbury_Fox&gt;.
}}
select distinct ?subject ?property 
where 
 { GRAPH &lt;http://dbpedia.org&gt;{?subject ?property &lt;http://dbpedia.org/resource/Achille_Essebac&gt;.
}}
select distinct ?subject ?property 
where 
 { GRAPH &lt;http://dbpedia.org&gt;{?subject ?property &lt;http://dbpedia.org/resource/Adélaïde_Victoire_Hall&gt;.
}}
select distinct ?subject ?property 
where 
 { GRAPH &lt;http://dbpedia.org&gt;{?subject ?property &lt;http://dbpedia.org/resource/Agripina_Samper_Agudelo&gt;.
}}
select distinct ?subject ?property 
where 
 { GRAPH &lt;http://dbpedia.org&gt;{?subject ?property &lt;http://dbpedia.org/resource/Albert_Vizentini&gt;.
}}
select distinct ?subject ?property 
where 
 { GRAPH &lt;http://dbpedia.org&gt;{?subject ?property &lt;http://dbpedia.org/resource/Aleksandr_Nelidov&gt;.
}}
select distinct ?subject ?property 
where 
 { GRAPH &lt;http://dbpedia.org&gt;{?subject ?property &lt;http://dbpedia.org/resource/André_Bouys&gt;.
}}
select distinct ?subject ?property 
where 
 { GRAPH &lt;http://dbpedia.org&gt;{?subject ?property &lt;http://dbpedia.org/resource/Antoine-Laurent_Castellan&gt;.
}}
select distinct ?subject ?property 
where 
 { GRAPH &lt;http://dbpedia.org&gt;{?subject ?property &lt;http://dbpedia.org/resource/Antoine_Samuel_Adam-Salomon&gt;.
}}
select distinct ?subject ?property 
where 
 { GRAPH &lt;http://dbpedia.org&gt;{?subject ?property &lt;http://dbpedia.org/resource/Armand-Charles_Caraffe&gt;.
}}
select distinct ?subject ?property 
where 
 { GRAPH &lt;http://dbpedia.org&gt;{?subject ?property &lt;http://dbpedia.org/resource/Bocage_(actor)&gt;.
}}
select distinct ?subject ?property 
where 
 { GRAPH &lt;http://dbpedia.org&gt;{?subject ?property &lt;http://dbpedia.org/resource/Charles_(Jean-Marie)_Lucas&gt;.
}}
select distinct ?subject ?property 
where 
 { GRAPH &lt;http://dbpedia.org&gt;{?subject ?property &lt;http://dbpedia.org/resource/Charles_Beaubrun&gt;.
}}
select distinct ?subject ?property 
where 
 { GRAPH &lt;http://dbpedia.org&gt;{?subject ?property &lt;http://dbpedia.org/resource/Claudine_Bouzonnet-Stella&gt;.
}}
select distinct ?subject ?property 
where 
 { GRAPH &lt;http://dbpedia.org&gt;{?subject ?property &lt;http://dbpedia.org/resource/Didier_Lefèvre&gt;.
}}
select distinct ?subject ?property 
where 
 { GRAPH &lt;http://dbpedia.org&gt;{?subject ?property &lt;http://dbpedia.org/resource/Ernest_Breton&gt;.
}}
select distinct ?subject ?property 
where 
 { GRAPH &lt;http://dbpedia.org&gt;{?subject ?property &lt;http://dbpedia.org/resource/Eugène-Ferdinand_Buttura&gt;.
}}
select distinct ?subject ?property 
where 
 { GRAPH &lt;http://dbpedia.org&gt;{?subject ?property &lt;http://dbpedia.org/resource/Eugène_Béjot&gt;.
}}
select distinct ?subject ?property 
where 
 { GRAPH &lt;http://dbpedia.org&gt;{?subject ?property &lt;http://dbpedia.org/resource/Franklin_B._Carpenter&gt;.
}}
select distinct ?subject ?property 
where 
 { GRAPH &lt;http://dbpedia.org&gt;{?subject ?property &lt;http://dbpedia.org/resource/François_Bonnemer&gt;.
}}
select distinct ?subject ?property 
where 
 { GRAPH &lt;http://dbpedia.org&gt;{?subject ?property &lt;http://dbpedia.org/resource/François_Bouchot&gt;.
}}
select distinct ?subject ?property 
where 
 { GRAPH &lt;http://dbpedia.org&gt;{?subject ?property &lt;http://dbpedia.org/resource/Féréol_Bonnemaison&gt;.
}}
select distinct ?subject ?property 
where 
 { GRAPH &lt;http://dbpedia.org&gt;{?subject ?property &lt;http://dbpedia.org/resource/Gabriel_Briard&gt;.
}}
select distinct ?subject ?property 
where 
 { GRAPH &lt;http://dbpedia.org&gt;{?subject ?property &lt;http://dbpedia.org/resource/George_Barbu_?tirbei&gt;.
}}
select distinct ?subject ?property 
where 
 { GRAPH &lt;http://dbpedia.org&gt;{?subject ?property &lt;http://dbpedia.org/resource/George_Breakston&gt;.
}}
select distinct ?subject ?property 
where 
 { GRAPH &lt;http://dbpedia.org&gt;{?subject ?property &lt;http://dbpedia.org/resource/George_Maximilianovich,_6th_Duke_of_Leuchtenberg&gt;.
}}
select distinct ?subject ?property 
where 
 { GRAPH &lt;http://dbpedia.org&gt;{?subject ?property &lt;http://dbpedia.org/resource/Georges_Pillement&gt;.
}}
select distinct ?subject ?property 
where 
 { GRAPH &lt;http://dbpedia.org&gt;{?subject ?property &lt;http://dbpedia.org/resource/Guillaume_Seignac&gt;.
}}
select distinct ?subject ?property 
where 
 { GRAPH &lt;http://dbpedia.org&gt;{?subject ?property &lt;http://dbpedia.org/resource/Guy_de_Lussigny&gt;.
}}
select distinct ?subject ?property 
where 
 { GRAPH &lt;http://dbpedia.org&gt;{?subject ?property &lt;http://dbpedia.org/resource/Henri_Buguet&gt;.
}}
select distinct ?subject ?property 
where 
 { GRAPH &lt;http://dbpedia.org&gt;{?subject ?property &lt;http://dbpedia.org/resource/Henri_Labussière&gt;.
}}
select distinct ?subject ?property 
where 
 { GRAPH &lt;http://dbpedia.org&gt;{?subject ?property &lt;http://dbpedia.org/resource/Hugues_Merle&gt;.
}}
select distinct ?subject ?property 
where 
 { GRAPH &lt;http://dbpedia.org&gt;{?subject ?property &lt;http://dbpedia.org/resource/Isaac_Briot&gt;.
}}
select distinct ?subject ?property 
where 
 { GRAPH &lt;http://dbpedia.org&gt;{?subject ?property &lt;http://dbpedia.org/resource/Jacques-Philippe_Caresme&gt;.
}}
select distinct ?subject ?property 
where 
 { GRAPH &lt;http://dbpedia.org&gt;{?subject ?property &lt;http://dbpedia.org/resource/Jacques_Poitrenaud&gt;.
}}
select distinct ?subject ?property 
where 
 { GRAPH &lt;http://dbpedia.org&gt;{?subject ?property &lt;http://dbpedia.org/resource/Jacques_Vilfrid&gt;.
}}
select distinct ?subject ?property 
where 
 { GRAPH &lt;http://dbpedia.org&gt;{?subject ?property &lt;http://dbpedia.org/resource/Jean-François_Brémond&gt;.
}}
select distinct ?subject ?property 
where 
 { GRAPH &lt;http://dbpedia.org&gt;{?subject ?property &lt;http://dbpedia.org/resource/Jean-Jacques_Bernard&gt;.
}}
select distinct ?subject ?property 
where 
 { GRAPH &lt;http://dbpedia.org&gt;{?subject ?property &lt;http://dbpedia.org/resource/Jean-Laurent_Kopp&gt;.
}}
select distinct ?subject ?property 
where 
 { GRAPH &lt;http://dbpedia.org&gt;{?subject ?property &lt;http://dbpedia.org/resource/Jean_Baptiste_de_Champaigne&gt;.
}}
select distinct ?subject ?property 
where 
 { GRAPH &lt;http://dbpedia.org&gt;{?subject ?property &lt;http://dbpedia.org/resource/Jean_Pelet&gt;.
}}
select distinct ?subject ?property 
where 
 { GRAPH &lt;http://dbpedia.org&gt;{?subject ?property &lt;http://dbpedia.org/resource/Jean_du_Tillet&gt;.
}}
select distinct ?subject ?property 
where 
 { GRAPH &lt;http://dbpedia.org&gt;{?subject ?property &lt;http://dbpedia.org/resource/Jules-Claude_Ziegler&gt;.
}}
select distinct ?subject ?property 
where 
 { GRAPH &lt;http://dbpedia.org&gt;{?subject ?property &lt;http://dbpedia.org/resource/Julie_Dorus-Gras&gt;.
}}
select distinct ?subject ?property 
where 
 { GRAPH &lt;http://dbpedia.org&gt;{?subject ?property &lt;http://dbpedia.org/resource/Louis-Guillaume_Otto&gt;.
}}
select distinct ?subject ?property 
where 
 { GRAPH &lt;http://dbpedia.org&gt;{?subject ?property &lt;http://dbpedia.org/resource/Louis_Malvy&gt;.
}}
select distinct ?subject ?property 
where 
 { GRAPH &lt;http://dbpedia.org&gt;{?subject ?property &lt;http://dbpedia.org/resource/Léon_Gingras&gt;.
}}
select distinct ?subject ?property 
where 
 { GRAPH &lt;http://dbpedia.org&gt;{?subject ?property &lt;http://dbpedia.org/resource/Mathurin_Cherpitel&gt;.
}}
select distinct ?subject ?property 
where 
 { GRAPH &lt;http://dbpedia.org&gt;{?subject ?property &lt;http://dbpedia.org/resource/Maurice_Piot&gt;.
}}
select distinct ?subject ?property 
where 
 { GRAPH &lt;http://dbpedia.org&gt;{?subject ?property &lt;http://dbpedia.org/resource/Michel_Honoré_Bounieu&gt;.
}}
select distinct ?subject ?property 
where 
 { GRAPH &lt;http://dbpedia.org&gt;{?subject ?property &lt;http://dbpedia.org/resource/Nicolae_Rosetti-B?l?nescu&gt;.
}}
select distinct ?subject ?property 
where 
 { GRAPH &lt;http://dbpedia.org&gt;{?subject ?property &lt;http://dbpedia.org/resource/Olivier_Séchan&gt;.
}}
select distinct ?subject ?property 
where 
 { GRAPH &lt;http://dbpedia.org&gt;{?subject ?property &lt;http://dbpedia.org/resource/Paul_Foucher&gt;.
}}
select distinct ?subject ?property 
where 
 { GRAPH &lt;http://dbpedia.org&gt;{?subject ?property &lt;http://dbpedia.org/resource/Philibert-Louis_Debucourt&gt;.
}}
select distinct ?subject ?property 
where 
 { GRAPH &lt;http://dbpedia.org&gt;{?subject ?property &lt;http://dbpedia.org/resource/Pierre-Robert_Le_Cornier_de_Cideville&gt;.
}}
select distinct ?subject ?property 
where 
 { GRAPH &lt;http://dbpedia.org&gt;{?subject ?property &lt;http://dbpedia.org/resource/Pierre_Billon_(director)&gt;.
}}
select distinct ?subject ?property 
where 
 { GRAPH &lt;http://dbpedia.org&gt;{?subject ?property &lt;http://dbpedia.org/resource/Pierre_Chambiges&gt;.
}}
select distinct ?subject ?property 
where 
 { GRAPH &lt;http://dbpedia.org&gt;{?subject ?property &lt;http://dbpedia.org/resource/Pierre_Prévost_(painter)&gt;.
}}
select distinct ?subject ?property 
where 
 { GRAPH &lt;http://dbpedia.org&gt;{?subject ?property &lt;http://dbpedia.org/resource/Pierre_Voizard&gt;.
}}
select distinct ?subject ?property 
where 
 { GRAPH &lt;http://dbpedia.org&gt;{?subject ?property &lt;http://dbpedia.org/resource/Prince_Joseph_of_Monaco&gt;.
}}
select distinct ?subject ?property 
where 
 { GRAPH &lt;http://dbpedia.org&gt;{?subject ?property &lt;http://dbpedia.org/resource/Robert_Rollis&gt;.
}}
select distinct ?subject ?property 
where 
 { GRAPH &lt;http://dbpedia.org&gt;{?subject ?property &lt;http://dbpedia.org/resource/Semyon_Yushkevich&gt;.
}}
select distinct ?subject ?property 
where 
 { GRAPH &lt;http://dbpedia.org&gt;{?subject ?property &lt;http://dbpedia.org/resource/Stanley_Loomis&gt;.
}}
select distinct ?subject ?property 
where 
 { GRAPH &lt;http://dbpedia.org&gt;{?subject ?property &lt;http://dbpedia.org/resource/Thérèse_Quentin&gt;.
}}
select distinct ?subject ?property 
where 
 { GRAPH &lt;http://dbpedia.org&gt;{?subject ?property &lt;http://dbpedia.org/resource/Thérèse_Wartel&gt;.
}}
select distinct ?subject ?property 
where 
 { GRAPH &lt;http://dbpedia.org&gt;{?subject ?property &lt;http://dbpedia.org/resource/Vasile_Boerescu&gt;.
}}
select distinct ?subject ?property 
where 
 { GRAPH &lt;http://dbpedia.org&gt;{?subject ?property &lt;http://dbpedia.org/resource/?tienne_Richard&gt;.
}}
select distinct ?subject ?property 
where 
 { GRAPH &lt;http://dbpedia.org&gt;{?subject ?property &lt;http://dbpedia.org/resource/?smail_Erez&gt;.
}}
select distinct ?subject ?property 
where 
 { GRAPH &lt;http://dbpedia.org&gt;{?subject ?property &lt;http://dbpedia.org/resource/Pierre_Massé&gt;.
}}
select distinct ?subject ?property 
where 
 { GRAPH &lt;http://dbpedia.org&gt;{?subject ?property &lt;http://dbpedia.org/resource/Lucien-Victor_Guirand_de_Scévola&gt;.
}}
select distinct ?subject ?property 
where 
 { GRAPH &lt;http://dbpedia.org&gt;{?subject ?property &lt;http://dbpedia.org/resource/Akbar_agha_Sheykhulislamov&gt;.
}}
select distinct ?subject ?property 
where 
 { GRAPH &lt;http://dbpedia.org&gt;{?subject ?property &lt;http://dbpedia.org/resource/Armand_Toussaint&gt;.
}}
select distinct ?subject ?property 
where 
 { GRAPH &lt;http://dbpedia.org&gt;{?subject ?property &lt;http://dbpedia.org/resource/Arshag_Chobanian&gt;.
}}
select distinct ?subject ?property 
where 
 { GRAPH &lt;http://dbpedia.org&gt;{?subject ?property &lt;http://dbpedia.org/resource/August_Hagborg&gt;.
}}
select distinct ?subject ?property 
where 
 { GRAPH &lt;http://dbpedia.org&gt;{?subject ?property &lt;http://dbpedia.org/resource/Brigitte_Borghese&gt;.
}}
select distinct ?subject ?property 
where 
 { GRAPH &lt;http://dbpedia.org&gt;{?subject ?property &lt;http://dbpedia.org/resource/Claude_Duflos&gt;.
}}
select distinct ?subject ?property 
where 
 { GRAPH &lt;http://dbpedia.org&gt;{?subject ?property &lt;http://dbpedia.org/resource/Emmanuel_Fauré-Fremiet&gt;.
}}
select distinct ?subject ?property 
where 
 { GRAPH &lt;http://dbpedia.org&gt;{?subject ?property &lt;http://dbpedia.org/resource/Emmy_Lynn&gt;.
}}
select distinct ?subject ?property 
where 
 { GRAPH &lt;http://dbpedia.org&gt;{?subject ?property &lt;http://dbpedia.org/resource/Enrico_Fonda&gt;.
}}
select distinct ?subject ?property 
where 
 { GRAPH &lt;http://dbpedia.org&gt;{?subject ?property &lt;http://dbpedia.org/resource/Ernest_Jean-Marie_Millard_de_Bois_Durand&gt;.
}}
select distinct ?subject ?property 
where 
 { GRAPH &lt;http://dbpedia.org&gt;{?subject ?property &lt;http://dbpedia.org/resource/François_Eisen&gt;.
}}
select distinct ?subject ?property 
where 
 { GRAPH &lt;http://dbpedia.org&gt;{?subject ?property &lt;http://dbpedia.org/resource/Gaspard_Duchange&gt;.
}}
select distinct ?subject ?property 
where 
 { GRAPH &lt;http://dbpedia.org&gt;{?subject ?property &lt;http://dbpedia.org/resource/Germaine_Thyssens-Valentin&gt;.
}}
select distinct ?subject ?property 
where 
 { GRAPH &lt;http://dbpedia.org&gt;{?subject ?property &lt;http://dbpedia.org/resource/Giuseppe_Palizzi&gt;.
}}
select distinct ?subject ?property 
where 
 { GRAPH &lt;http://dbpedia.org&gt;{?subject ?property &lt;http://dbpedia.org/resource/Gustave_Belot&gt;.
}}
select distinct ?subject ?property 
where 
 { GRAPH &lt;http://dbpedia.org&gt;{?subject ?property &lt;http://dbpedia.org/resource/Henri_Delacroix&gt;.
}}
select distinct ?subject ?property 
where 
 { GRAPH &lt;http://dbpedia.org&gt;{?subject ?property &lt;http://dbpedia.org/resource/Hieronymus_Francken_I&gt;.
}}
select distinct ?subject ?property 
where 
 { GRAPH &lt;http://dbpedia.org&gt;{?subject ?property &lt;http://dbpedia.org/resource/Jan_Marian_Kaczmarek&gt;.
}}
select distinct ?subject ?property 
where 
 { GRAPH &lt;http://dbpedia.org&gt;{?subject ?property &lt;http://dbpedia.org/resource/Jean-Baptiste_Henri_Durand-Brager&gt;.
}}
select distinct ?subject ?property 
where 
 { GRAPH &lt;http://dbpedia.org&gt;{?subject ?property &lt;http://dbpedia.org/resource/Jean-Jacques-François_Le_Barbier&gt;.
}}
select distinct ?subject ?property 
where 
 { GRAPH &lt;http://dbpedia.org&gt;{?subject ?property &lt;http://dbpedia.org/resource/Joseph_P._Allyn&gt;.
}}
select distinct ?subject ?property 
where 
 { GRAPH &lt;http://dbpedia.org&gt;{?subject ?property &lt;http://dbpedia.org/resource/Juan_Mar?a_Maury&gt;.
}}
select distinct ?subject ?property 
where 
 { GRAPH &lt;http://dbpedia.org&gt;{?subject ?property &lt;http://dbpedia.org/resource/Louis_Carré_(mathematician)&gt;.
}}
select distinct ?subject ?property 
where 
 { GRAPH &lt;http://dbpedia.org&gt;{?subject ?property &lt;http://dbpedia.org/resource/Luc_Agbala&gt;.
}}
select distinct ?subject ?property 
where 
 { GRAPH &lt;http://dbpedia.org&gt;{?subject ?property &lt;http://dbpedia.org/resource/Ludovic-Napoléon_Lepic&gt;.
}}
select distinct ?subject ?property 
where 
 { GRAPH &lt;http://dbpedia.org&gt;{?subject ?property &lt;http://dbpedia.org/resource/Léon-Victor_Dupré&gt;.
}}
select distinct ?subject ?property 
where 
 { GRAPH &lt;http://dbpedia.org&gt;{?subject ?property &lt;http://dbpedia.org/resource/Marcel_Baltazard&gt;.
}}
select distinct ?subject ?property 
where 
 { GRAPH &lt;http://dbpedia.org&gt;{?subject ?property &lt;http://dbpedia.org/resource/Mirza_Asadullayev&gt;.
}}
select distinct ?subject ?property 
where 
 { GRAPH &lt;http://dbpedia.org&gt;{?subject ?property &lt;http://dbpedia.org/resource/Napoléon_Alexandre_Berthier&gt;.
}}
select distinct ?subject ?property 
where 
 { GRAPH &lt;http://dbpedia.org&gt;{?subject ?property &lt;http://dbpedia.org/resource/Nicolas-François_Roussel_d&apos;Hurbal&gt;.
}}
select distinct ?subject ?property 
where 
 { GRAPH &lt;http://dbpedia.org&gt;{?subject ?property &lt;http://dbpedia.org/resource/Nicolas_Edelinck&gt;.
}}
select distinct ?subject ?property 
where 
 { GRAPH &lt;http://dbpedia.org&gt;{?subject ?property &lt;http://dbpedia.org/resource/Nicolas_Mathieu_Rieussec&gt;.
}}
select distinct ?subject ?property 
where 
 { GRAPH &lt;http://dbpedia.org&gt;{?subject ?property &lt;http://dbpedia.org/resource/Petrus_Bertius&gt;.
}}
select distinct ?subject ?property 
where 
 { GRAPH &lt;http://dbpedia.org&gt;{?subject ?property &lt;http://dbpedia.org/resource/Samuel-François_Lhéritier&gt;.
}}
select distinct ?subject ?property 
where 
 { GRAPH &lt;http://dbpedia.org&gt;{?subject ?property &lt;http://dbpedia.org/resource/Stepan_Shevyryov&gt;.
}}
select distinct ?subject ?property 
where 
 { GRAPH &lt;http://dbpedia.org&gt;{?subject ?property &lt;http://dbpedia.org/resource/?mile_Lauvrière&gt;.
}}
select distinct ?subject ?property 
where 
 { GRAPH &lt;http://dbpedia.org&gt;{?subject ?property &lt;http://dbpedia.org/resource/Francisque_Gay&gt;.
}}
select distinct ?subject ?property 
where 
 { GRAPH &lt;http://dbpedia.org&gt;{?subject ?property &lt;http://dbpedia.org/resource/Henri_Cliquet-Pleyel&gt;.
}}
select distinct ?subject ?property 
where 
 { GRAPH &lt;http://dbpedia.org&gt;{?subject ?property &lt;http://dbpedia.org/resource/Isaac_Carasso&gt;.
}}
select distinct ?subject ?property 
where 
 { GRAPH &lt;http://dbpedia.org&gt;{?subject ?property &lt;http://dbpedia.org/resource/Jean_Sarrailh&gt;.
}}
select distinct ?subject ?property 
where 
 { GRAPH &lt;http://dbpedia.org&gt;{?subject ?property &lt;http://dbpedia.org/resource/José_Miguel_de_Carvajal-Vargas,_2nd_Duke_of_San_Carlos&gt;.
}}
select distinct ?subject ?property 
where 
 { GRAPH &lt;http://dbpedia.org&gt;{?subject ?property &lt;http://dbpedia.org/resource/Nicholas_Afanasiev&gt;.
}}
select distinct ?subject ?property 
where 
 { GRAPH &lt;http://dbpedia.org&gt;{?subject ?property &lt;http://dbpedia.org/resource/Santiago_Arcos&gt;.
}}
select distinct ?subject ?property 
where 
 { GRAPH &lt;http://dbpedia.org&gt;{?subject ?property &lt;http://dbpedia.org/resource/Albert-Félix-Théophile_Thomas&gt;.
}}
select distinct ?subject ?property 
where 
 { GRAPH &lt;http://dbpedia.org&gt;{?subject ?property &lt;http://dbpedia.org/resource/Antonio_Mije&gt;.
}}
select distinct ?subject ?property 
where 
 { GRAPH &lt;http://dbpedia.org&gt;{?subject ?property &lt;http://dbpedia.org/resource/Augustin_Chaboseau&gt;.
}}
select distinct ?subject ?property 
where 
 { GRAPH &lt;http://dbpedia.org&gt;{?subject ?property &lt;http://dbpedia.org/resource/Henri_Gisquet&gt;.
}}
select distinct ?subject ?property 
where 
 { GRAPH &lt;http://dbpedia.org&gt;{?subject ?property &lt;http://dbpedia.org/resource/José_D?az_Fuentes&gt;.
}}
select distinct ?subject ?property 
where 
 { GRAPH &lt;http://dbpedia.org&gt;{?subject ?property &lt;http://dbpedia.org/resource/Julio_Just_Gimeno&gt;.
}}
select distinct ?subject ?property 
where 
 { GRAPH &lt;http://dbpedia.org&gt;{?subject ?property &lt;http://dbpedia.org/resource/Eugène_Olivier&gt;.
}}
select distinct ?subject ?property 
where 
 { GRAPH &lt;http://dbpedia.org&gt;{?subject ?property &lt;http://dbpedia.org/resource/François_Massieu&gt;.
}}
select distinct ?subject ?property 
where 
 { GRAPH &lt;http://dbpedia.org&gt;{?subject ?property &lt;http://dbpedia.org/resource/Gabriel_Compayré&gt;.
}}
select distinct ?subject ?property 
where 
 { GRAPH &lt;http://dbpedia.org&gt;{?subject ?property &lt;http://dbpedia.org/resource/Agricol_Perdiguier&gt;.
}}
select distinct ?subject ?property 
where 
 { GRAPH &lt;http://dbpedia.org&gt;{?subject ?property &lt;http://dbpedia.org/resource/Gaston_Alibert&gt;.
}}
select distinct ?subject ?property 
where 
 { GRAPH &lt;http://dbpedia.org&gt;{?subject ?property &lt;http://dbpedia.org/resource/Mariana_Cox_Méndez&gt;.
}}
select distinct ?subject ?property 
where 
 { GRAPH &lt;http://dbpedia.org&gt;{?subject ?property &lt;http://dbpedia.org/resource/Alfred_Pasquali&gt;.
}}
select distinct ?subject ?property 
where 
 { GRAPH &lt;http://dbpedia.org&gt;{?subject ?property &lt;http://dbpedia.org/resource/Beremundo_Gonz?lez_Rodr?guez&gt;.
}}
select distinct ?subject ?property 
where 
 { GRAPH &lt;http://dbpedia.org&gt;{?subject ?property &lt;http://dbpedia.org/resource/Claudius_Marioton&gt;.
}}
select distinct ?subject ?property 
where 
 { GRAPH &lt;http://dbpedia.org&gt;{?subject ?property &lt;http://dbpedia.org/resource/Eutrope_Bouret&gt;.
}}
select distinct ?subject ?property 
where 
 { GRAPH &lt;http://dbpedia.org&gt;{?subject ?property &lt;http://dbpedia.org/resource/Fernand_Fabre&gt;.
}}
select distinct ?subject ?property 
where 
 { GRAPH &lt;http://dbpedia.org&gt;{?subject ?property &lt;http://dbpedia.org/resource/François-Bernard_Lépicié&gt;.
}}
select distinct ?subject ?property 
where 
 { GRAPH &lt;http://dbpedia.org&gt;{?subject ?property &lt;http://dbpedia.org/resource/Georges_Monca&gt;.
}}
select distinct ?subject ?property 
where 
 { GRAPH &lt;http://dbpedia.org&gt;{?subject ?property &lt;http://dbpedia.org/resource/Georges_Vitaly&gt;.
}}
select distinct ?subject ?property 
where 
 { GRAPH &lt;http://dbpedia.org&gt;{?subject ?property &lt;http://dbpedia.org/resource/Gustave_de_Rothschild&gt;.
}}
select distinct ?subject ?property 
where 
 { GRAPH &lt;http://dbpedia.org&gt;{?subject ?property &lt;http://dbpedia.org/resource/Jean-François_Persoz&gt;.
}}
select distinct ?subject ?property 
where 
 { GRAPH &lt;http://dbpedia.org&gt;{?subject ?property &lt;http://dbpedia.org/resource/Jean_Nohain&gt;.
}}
select distinct ?subject ?property 
where 
 { GRAPH &lt;http://dbpedia.org&gt;{?subject ?property &lt;http://dbpedia.org/resource/Jeanne_Lion&gt;.
}}
select distinct ?subject ?property 
where 
 { GRAPH &lt;http://dbpedia.org&gt;{?subject ?property &lt;http://dbpedia.org/resource/Joëlle_Bernard&gt;.
}}
select distinct ?subject ?property 
where 
 { GRAPH &lt;http://dbpedia.org&gt;{?subject ?property &lt;http://dbpedia.org/resource/Louis-Joseph_Daumas&gt;.
}}
select distinct ?subject ?property 
where 
 { GRAPH &lt;http://dbpedia.org&gt;{?subject ?property &lt;http://dbpedia.org/resource/Louise_de_Bourbon&gt;.
}}
select distinct ?subject ?property 
where 
 { GRAPH &lt;http://dbpedia.org&gt;{?subject ?property &lt;http://dbpedia.org/resource/Luitz-Morat&gt;.
}}
select distinct ?subject ?property 
where 
 { GRAPH &lt;http://dbpedia.org&gt;{?subject ?property &lt;http://dbpedia.org/resource/Léon_Sée&gt;.
}}
select distinct ?subject ?property 
where 
 { GRAPH &lt;http://dbpedia.org&gt;{?subject ?property &lt;http://dbpedia.org/resource/Marcel_André&gt;.
}}
select distinct ?subject ?property 
where 
 { GRAPH &lt;http://dbpedia.org&gt;{?subject ?property &lt;http://dbpedia.org/resource/Maurice_de_Canonge&gt;.
}}
select distinct ?subject ?property 
where 
 { GRAPH &lt;http://dbpedia.org&gt;{?subject ?property &lt;http://dbpedia.org/resource/Micheline_Francey&gt;.
}}
select distinct ?subject ?property 
where 
 { GRAPH &lt;http://dbpedia.org&gt;{?subject ?property &lt;http://dbpedia.org/resource/Mika_Feldman_de_Etchebéhère&gt;.
}}
select distinct ?subject ?property 
where 
 { GRAPH &lt;http://dbpedia.org&gt;{?subject ?property &lt;http://dbpedia.org/resource/Pierre-Thomas-Nicolas_Hurtaut&gt;.
}}
select distinct ?subject ?property 
where 
 { GRAPH &lt;http://dbpedia.org&gt;{?subject ?property &lt;http://dbpedia.org/resource/Simon_Mopinot&gt;.
}}
select distinct ?subject ?property 
where 
 { GRAPH &lt;http://dbpedia.org&gt;{?subject ?property &lt;http://dbpedia.org/resource/Joseph_de_La_Roche_Daillon&gt;.
}}
select distinct ?subject ?property 
where 
 { GRAPH &lt;http://dbpedia.org&gt;{?subject ?property &lt;http://dbpedia.org/resource/Marguerin_de_la_Bigne&gt;.
}}
select distinct ?subject ?property 
where 
 { GRAPH &lt;http://dbpedia.org&gt;{?subject ?property &lt;http://dbpedia.org/resource/Alexandre_Breffort&gt;.
}}
select distinct ?subject ?property 
where 
 { GRAPH &lt;http://dbpedia.org&gt;{?subject ?property &lt;http://dbpedia.org/resource/André_Truong_Trong_Thi&gt;.
}}
select distinct ?subject ?property 
where 
 { GRAPH &lt;http://dbpedia.org&gt;{?subject ?property &lt;http://dbpedia.org/resource/Antoine-Louis_Cornette&gt;.
}}
select distinct ?subject ?property 
where 
 { GRAPH &lt;http://dbpedia.org&gt;{?subject ?property &lt;http://dbpedia.org/resource/Antoine_Galiot_Mandat_de_Grancey&gt;.
}}
select distinct ?subject ?property 
where 
 { GRAPH &lt;http://dbpedia.org&gt;{?subject ?property &lt;http://dbpedia.org/resource/Antoine_de_La_Garanderie&gt;.
}}
select distinct ?subject ?property 
where 
 { GRAPH &lt;http://dbpedia.org&gt;{?subject ?property &lt;http://dbpedia.org/resource/Claude-Alexandre_Ysabeau&gt;.
}}
select distinct ?subject ?property 
where 
 { GRAPH &lt;http://dbpedia.org&gt;{?subject ?property &lt;http://dbpedia.org/resource/Claude_Heymann&gt;.
}}
select distinct ?subject ?property 
where 
 { GRAPH &lt;http://dbpedia.org&gt;{?subject ?property &lt;http://dbpedia.org/resource/Daniel_Tauvry&gt;.
}}
select distinct ?subject ?property 
where 
 { GRAPH &lt;http://dbpedia.org&gt;{?subject ?property &lt;http://dbpedia.org/resource/François_Tallemant_the_Elder&gt;.
}}
select distinct ?subject ?property 
where 
 { GRAPH &lt;http://dbpedia.org&gt;{?subject ?property &lt;http://dbpedia.org/resource/Henri_Admirat&gt;.
}}
select distinct ?subject ?property 
where 
 { GRAPH &lt;http://dbpedia.org&gt;{?subject ?property &lt;http://dbpedia.org/resource/Jean-Baptiste_Mailhe&gt;.
}}
select distinct ?subject ?property 
where 
 { GRAPH &lt;http://dbpedia.org&gt;{?subject ?property &lt;http://dbpedia.org/resource/Jean_Le_Fustec&gt;.
}}
select distinct ?subject ?property 
where 
 { GRAPH &lt;http://dbpedia.org&gt;{?subject ?property &lt;http://dbpedia.org/resource/Jean_Louail&gt;.
}}
select distinct ?subject ?property 
where 
 { GRAPH &lt;http://dbpedia.org&gt;{?subject ?property &lt;http://dbpedia.org/resource/Joseph_de_Joannis&gt;.
}}
select distinct ?subject ?property 
where 
 { GRAPH &lt;http://dbpedia.org&gt;{?subject ?property &lt;http://dbpedia.org/resource/Léo_Hamon&gt;.
}}
select distinct ?subject ?property 
where 
 { GRAPH &lt;http://dbpedia.org&gt;{?subject ?property &lt;http://dbpedia.org/resource/Marcel-Edmond_Naegelen&gt;.
}}
select distinct ?subject ?property 
where 
 { GRAPH &lt;http://dbpedia.org&gt;{?subject ?property &lt;http://dbpedia.org/resource/Maurice_Leloir&gt;.
}}
select distinct ?subject ?property 
where 
 { GRAPH &lt;http://dbpedia.org&gt;{?subject ?property &lt;http://dbpedia.org/resource/Michel_Demuth&gt;.
}}
select distinct ?subject ?property 
where 
 { GRAPH &lt;http://dbpedia.org&gt;{?subject ?property &lt;http://dbpedia.org/resource/Robert_Lazurick&gt;.
}}
select distinct ?subject ?property 
where 
 { GRAPH &lt;http://dbpedia.org&gt;{?subject ?property &lt;http://dbpedia.org/resource/Alain_Escoffier&gt;.
}}
select distinct ?subject ?property 
where 
 { GRAPH &lt;http://dbpedia.org&gt;{?subject ?property &lt;http://dbpedia.org/resource/René_Paresce&gt;.
}}
select distinct ?subject ?property 
where 
 { GRAPH &lt;http://dbpedia.org&gt;{?subject ?property &lt;http://dbpedia.org/resource/Henri_Bouchet-Doumenq&gt;.
}}
select distinct ?subject ?property 
where 
 { GRAPH &lt;http://dbpedia.org&gt;{?subject ?property &lt;http://dbpedia.org/resource/Honoré_du_Laurens&gt;.
}}
select distinct ?subject ?property 
where 
 { GRAPH &lt;http://dbpedia.org&gt;{?subject ?property &lt;http://dbpedia.org/resource/Jean_de_Montpezat_de_Carbon&gt;.
}}
select distinct ?subject ?property 
where 
 { GRAPH &lt;http://dbpedia.org&gt;{?subject ?property &lt;http://dbpedia.org/resource/Nicolas_Mathieu&gt;.
}}
select distinct ?subject ?property 
where 
 { GRAPH &lt;http://dbpedia.org&gt;{?subject ?property &lt;http://dbpedia.org/resource/Pierre-Antoine_Labouchère&gt;.
}}
select distinct ?subject ?property 
where 
 { GRAPH &lt;http://dbpedia.org&gt;{?subject ?property &lt;http://dbpedia.org/resource/Victurnien-Jean-Baptiste_de_Rochechouart_de_Mortemart&gt;.
}}
select distinct ?subject ?property 
where 
 { GRAPH &lt;http://dbpedia.org&gt;{?subject ?property &lt;http://dbpedia.org/resource/Claude_Dormy&gt;.
}}
select distinct ?subject ?property 
where 
 { GRAPH &lt;http://dbpedia.org&gt;{?subject ?property &lt;http://dbpedia.org/resource/Claude_Le_Tonnelier_de_Breteuil&gt;.
}}
select distinct ?subject ?property 
where 
 { GRAPH &lt;http://dbpedia.org&gt;{?subject ?property &lt;http://dbpedia.org/resource/Emmanuel_Véry-Hermence&gt;.
}}
select distinct ?subject ?property 
where 
 { GRAPH &lt;http://dbpedia.org&gt;{?subject ?property &lt;http://dbpedia.org/resource/Ernest_Quost&gt;.
}}
select distinct ?subject ?property 
where 
 { GRAPH &lt;http://dbpedia.org&gt;{?subject ?property &lt;http://dbpedia.org/resource/Francois-Joseph-Marie_Clary&gt;.
}}
select distinct ?subject ?property 
where 
 { GRAPH &lt;http://dbpedia.org&gt;{?subject ?property &lt;http://dbpedia.org/resource/François_Pidou_de_Saint_Olon&gt;.
}}
select distinct ?subject ?property 
where 
 { GRAPH &lt;http://dbpedia.org&gt;{?subject ?property &lt;http://dbpedia.org/resource/Gabriel_Thubières_de_Levy_de_Queylus&gt;.
}}
select distinct ?subject ?property 
where 
 { GRAPH &lt;http://dbpedia.org&gt;{?subject ?property &lt;http://dbpedia.org/resource/Henri-Joseph_de_Forestier&gt;.
}}
select distinct ?subject ?property 
where 
 { GRAPH &lt;http://dbpedia.org&gt;{?subject ?property &lt;http://dbpedia.org/resource/Jean_Vincent_de_Tulles&gt;.
}}
select distinct ?subject ?property 
where 
 { GRAPH &lt;http://dbpedia.org&gt;{?subject ?property &lt;http://dbpedia.org/resource/Louis_Chomel&gt;.
}}
select distinct ?subject ?property 
where 
 { GRAPH &lt;http://dbpedia.org&gt;{?subject ?property &lt;http://dbpedia.org/resource/Hassan_Honarmandi&gt;.
}}
select distinct ?subject ?property 
where 
 { GRAPH &lt;http://dbpedia.org&gt;{?subject ?property &lt;http://dbpedia.org/resource/Olivier_Rayet&gt;.
}}
select distinct ?subject ?property 
where 
 { GRAPH &lt;http://dbpedia.org&gt;{?subject ?property &lt;http://dbpedia.org/resource/Aimé_Thomé_de_Gamond&gt;.
}}
select distinct ?subject ?property 
where 
 { GRAPH &lt;http://dbpedia.org&gt;{?subject ?property &lt;http://dbpedia.org/resource/Augusta_Preitinger&gt;.
}}
select distinct ?subject ?property 
where 
 { GRAPH &lt;http://dbpedia.org&gt;{?subject ?property &lt;http://dbpedia.org/resource/Jean_Alfred_Marioton&gt;.
}}
select distinct ?subject ?property 
where 
 { GRAPH &lt;http://dbpedia.org&gt;{?subject ?property &lt;http://dbpedia.org/resource/Jules_Béhier&gt;.
}}
select distinct ?subject ?property 
where 
 { GRAPH &lt;http://dbpedia.org&gt;{?subject ?property &lt;http://dbpedia.org/resource/Luce_Langevin-Dubus&gt;.
}}
select distinct ?subject ?property 
where 
 { GRAPH &lt;http://dbpedia.org&gt;{?subject ?property &lt;http://dbpedia.org/resource/Lydia_Delectorskaya&gt;.
}}
select distinct ?subject ?property 
where 
 { GRAPH &lt;http://dbpedia.org&gt;{?subject ?property &lt;http://dbpedia.org/resource/Marie-Thérèse_Maurette&gt;.
}}
select distinct ?subject ?property 
where 
 { GRAPH &lt;http://dbpedia.org&gt;{?subject ?property &lt;http://dbpedia.org/resource/Murder_of_Laetitia_Toureaux&gt;.
}}
select distinct ?subject ?property 
where 
 { GRAPH &lt;http://dbpedia.org&gt;{?subject ?property &lt;http://dbpedia.org/resource/Pierre_Roux-Dorlut&gt;.
}}
select distinct ?subject ?property 
where 
 { GRAPH &lt;http://dbpedia.org&gt;{?subject ?property &lt;http://dbpedia.org/resource/Zareh_Mutafian&gt;.
}}
select distinct ?subject ?property 
where 
 { GRAPH &lt;http://dbpedia.org&gt;{?subject ?property &lt;http://dbpedia.org/resource/Abbé_Pierre&gt;.
}}
select distinct ?subject ?property 
where 
 { GRAPH &lt;http://dbpedia.org&gt;{?subject ?property &lt;http://dbpedia.org/resource/Achille-Louis-Joseph_Sirouy&gt;.
}}
select distinct ?subject ?property 
where 
 { GRAPH &lt;http://dbpedia.org&gt;{?subject ?property &lt;http://dbpedia.org/resource/Achille_Devéria&gt;.
}}
select distinct ?subject ?property 
where 
 { GRAPH &lt;http://dbpedia.org&gt;{?subject ?property &lt;http://dbpedia.org/resource/Achille_Etna_Michallon&gt;.
}}
select distinct ?subject ?property 
where 
 { GRAPH &lt;http://dbpedia.org&gt;{?subject ?property &lt;http://dbpedia.org/resource/Achille_Joseph_Delamare&gt;.
}}
select distinct ?subject ?property 
where 
 { GRAPH &lt;http://dbpedia.org&gt;{?subject ?property &lt;http://dbpedia.org/resource/Achille_Valois&gt;.
}}
select distinct ?subject ?property 
where 
 { GRAPH &lt;http://dbpedia.org&gt;{?subject ?property &lt;http://dbpedia.org/resource/Adam_Lux&gt;.
}}
select distinct ?subject ?property 
where 
 { GRAPH &lt;http://dbpedia.org&gt;{?subject ?property &lt;http://dbpedia.org/resource/Albéric_Second&gt;.
}}
select distinct ?subject ?property 
where 
 { GRAPH &lt;http://dbpedia.org&gt;{?subject ?property &lt;http://dbpedia.org/resource/Alexander_Galich_(writer)&gt;.
}}
select distinct ?subject ?property 
where 
 { GRAPH &lt;http://dbpedia.org&gt;{?subject ?property &lt;http://dbpedia.org/resource/Alexander_Herzen&gt;.
}}
select distinct ?subject ?property 
where 
 { GRAPH &lt;http://dbpedia.org&gt;{?subject ?property &lt;http://dbpedia.org/resource/Alexander_Roslin&gt;.
}}
select distinct ?subject ?property 
where 
 { GRAPH &lt;http://dbpedia.org&gt;{?subject ?property &lt;http://dbpedia.org/resource/Alfred_Philippe_Roll&gt;.
}}
select distinct ?subject ?property 
where 
 { GRAPH &lt;http://dbpedia.org&gt;{?subject ?property &lt;http://dbpedia.org/resource/Anatole_de_Baudot&gt;.
}}
select distinct ?subject ?property 
where 
 { GRAPH &lt;http://dbpedia.org&gt;{?subject ?property &lt;http://dbpedia.org/resource/André-Hercule_de_Fleury&gt;.
}}
select distinct ?subject ?property 
where 
 { GRAPH &lt;http://dbpedia.org&gt;{?subject ?property &lt;http://dbpedia.org/resource/Anna_de_Noailles&gt;.
}}
select distinct ?subject ?property 
where 
 { GRAPH &lt;http://dbpedia.org&gt;{?subject ?property &lt;http://dbpedia.org/resource/Anne_de_Montmorency&gt;.
}}
select distinct ?subject ?property 
where 
 { GRAPH &lt;http://dbpedia.org&gt;{?subject ?property &lt;http://dbpedia.org/resource/Antoine_Bussy&gt;.
}}
select distinct ?subject ?property 
where 
 { GRAPH &lt;http://dbpedia.org&gt;{?subject ?property &lt;http://dbpedia.org/resource/Antonin_Proust&gt;.
}}
select distinct ?subject ?property 
where 
 { GRAPH &lt;http://dbpedia.org&gt;{?subject ?property &lt;http://dbpedia.org/resource/Aristotle_Onassis&gt;.
}}
select distinct ?subject ?property 
where 
 { GRAPH &lt;http://dbpedia.org&gt;{?subject ?property &lt;http://dbpedia.org/resource/Blaise_de_Vigenère&gt;.
}}
select distinct ?subject ?property 
where 
 { GRAPH &lt;http://dbpedia.org&gt;{?subject ?property &lt;http://dbpedia.org/resource/Béla_Grünwald&gt;.
}}
select distinct ?subject ?property 
where 
 { GRAPH &lt;http://dbpedia.org&gt;{?subject ?property &lt;http://dbpedia.org/resource/Charles-Augustin_de_Coulomb&gt;.
}}
select distinct ?subject ?property 
where 
 { GRAPH &lt;http://dbpedia.org&gt;{?subject ?property &lt;http://dbpedia.org/resource/Charles-François_Racot_de_Grandval&gt;.
}}
select distinct ?subject ?property 
where 
 { GRAPH &lt;http://dbpedia.org&gt;{?subject ?property &lt;http://dbpedia.org/resource/Charles-Louis_Sainte-Foy&gt;.
}}
select distinct ?subject ?property 
where 
 { GRAPH &lt;http://dbpedia.org&gt;{?subject ?property &lt;http://dbpedia.org/resource/Charles_de_Schomberg&gt;.
}}
select distinct ?subject ?property 
where 
 { GRAPH &lt;http://dbpedia.org&gt;{?subject ?property &lt;http://dbpedia.org/resource/Chevalier_de_Saint-Georges&gt;.
}}
select distinct ?subject ?property 
where 
 { GRAPH &lt;http://dbpedia.org&gt;{?subject ?property &lt;http://dbpedia.org/resource/Christian_de_Villeneuve-Esclapon&gt;.
}}
select distinct ?subject ?property 
where 
 { GRAPH &lt;http://dbpedia.org&gt;{?subject ?property &lt;http://dbpedia.org/resource/Claude-Louis_Mathieu&gt;.
}}
select distinct ?subject ?property 
where 
 { GRAPH &lt;http://dbpedia.org&gt;{?subject ?property &lt;http://dbpedia.org/resource/Claude_Fleury&gt;.
}}
select distinct ?subject ?property 
where 
 { GRAPH &lt;http://dbpedia.org&gt;{?subject ?property &lt;http://dbpedia.org/resource/Claude_Louis,_Comte_de_Saint-Germain&gt;.
}}
select distinct ?subject ?property 
where 
 { GRAPH &lt;http://dbpedia.org&gt;{?subject ?property &lt;http://dbpedia.org/resource/Clémence_de_Grandval&gt;.
}}
select distinct ?subject ?property 
where 
 { GRAPH &lt;http://dbpedia.org&gt;{?subject ?property &lt;http://dbpedia.org/resource/Coco_Chanel&gt;.
}}
select distinct ?subject ?property 
where 
 { GRAPH &lt;http://dbpedia.org&gt;{?subject ?property &lt;http://dbpedia.org/resource/Conrad_Malte-Brun&gt;.
}}
select distinct ?subject ?property 
where 
 { GRAPH &lt;http://dbpedia.org&gt;{?subject ?property &lt;http://dbpedia.org/resource/César_Vallejo&gt;.
}}
select distinct ?subject ?property 
where 
 { GRAPH &lt;http://dbpedia.org&gt;{?subject ?property &lt;http://dbpedia.org/resource/David-Maurice-Joseph_Mathieu_de_La_Redorte&gt;.
}}
select distinct ?subject ?property 
where 
 { GRAPH &lt;http://dbpedia.org&gt;{?subject ?property &lt;http://dbpedia.org/resource/Elia_Frosio&gt;.
}}
select distinct ?subject ?property 
where 
 { GRAPH &lt;http://dbpedia.org&gt;{?subject ?property &lt;http://dbpedia.org/resource/Elsa_Schiaparelli&gt;.
}}
select distinct ?subject ?property 
where 
 { GRAPH &lt;http://dbpedia.org&gt;{?subject ?property &lt;http://dbpedia.org/resource/Elsa_von_Freytag-Loringhoven&gt;.
}}
select distinct ?subject ?property 
where 
 { GRAPH &lt;http://dbpedia.org&gt;{?subject ?property &lt;http://dbpedia.org/resource/Emilio_Grau_Sala&gt;.
}}
select distinct ?subject ?property 
where 
 { GRAPH &lt;http://dbpedia.org&gt;{?subject ?property &lt;http://dbpedia.org/resource/Eugène_Delacroix&gt;.
}}
select distinct ?subject ?property 
where 
 { GRAPH &lt;http://dbpedia.org&gt;{?subject ?property &lt;http://dbpedia.org/resource/Eugène_Minkowski&gt;.
}}
select distinct ?subject ?property 
where 
 { GRAPH &lt;http://dbpedia.org&gt;{?subject ?property &lt;http://dbpedia.org/resource/France_Roche&gt;.
}}
select distinct ?subject ?property 
where 
 { GRAPH &lt;http://dbpedia.org&gt;{?subject ?property &lt;http://dbpedia.org/resource/Francis_Poulenc&gt;.
}}
select distinct ?subject ?property 
where 
 { GRAPH &lt;http://dbpedia.org&gt;{?subject ?property &lt;http://dbpedia.org/resource/François-Joseph_Double&gt;.
}}
select distinct ?subject ?property 
where 
 { GRAPH &lt;http://dbpedia.org&gt;{?subject ?property &lt;http://dbpedia.org/resource/François_de_Beauvilliers,_1st_duc_de_Saint-Aignan&gt;.
}}
select distinct ?subject ?property 
where 
 { GRAPH &lt;http://dbpedia.org&gt;{?subject ?property &lt;http://dbpedia.org/resource/François_de_Malherbe&gt;.
}}
select distinct ?subject ?property 
where 
 { GRAPH &lt;http://dbpedia.org&gt;{?subject ?property &lt;http://dbpedia.org/resource/Frederick_William_von_Hessenstein&gt;.
}}
select distinct ?subject ?property 
where 
 { GRAPH &lt;http://dbpedia.org&gt;{?subject ?property &lt;http://dbpedia.org/resource/Félix_Mesnil&gt;.
}}
select distinct ?subject ?property 
where 
 { GRAPH &lt;http://dbpedia.org&gt;{?subject ?property &lt;http://dbpedia.org/resource/Gabriel_Fauré&gt;.
}}
select distinct ?subject ?property 
where 
 { GRAPH &lt;http://dbpedia.org&gt;{?subject ?property &lt;http://dbpedia.org/resource/Gabriel_de_Saint-Aubin&gt;.
}}
select distinct ?subject ?property 
where 
 { GRAPH &lt;http://dbpedia.org&gt;{?subject ?property &lt;http://dbpedia.org/resource/Gabrielle-Suzanne_Barbot_de_Villeneuve&gt;.
}}
select distinct ?subject ?property 
where 
 { GRAPH &lt;http://dbpedia.org&gt;{?subject ?property &lt;http://dbpedia.org/resource/Georges_Mathieu&gt;.
}}
select distinct ?subject ?property 
where 
 { GRAPH &lt;http://dbpedia.org&gt;{?subject ?property &lt;http://dbpedia.org/resource/Godfrey_of_Fontaines&gt;.
}}
select distinct ?subject ?property 
where 
 { GRAPH &lt;http://dbpedia.org&gt;{?subject ?property &lt;http://dbpedia.org/resource/Gustave_Delacroix_de_Ravignan&gt;.
}}
select distinct ?subject ?property 
where 
 { GRAPH &lt;http://dbpedia.org&gt;{?subject ?property &lt;http://dbpedia.org/resource/Gustave_Kahn&gt;.
}}
select distinct ?subject ?property 
where 
 { GRAPH &lt;http://dbpedia.org&gt;{?subject ?property &lt;http://dbpedia.org/resource/Henri-Alexandre_Wallon&gt;.
}}
select distinct ?subject ?property 
where 
 { GRAPH &lt;http://dbpedia.org&gt;{?subject ?property &lt;http://dbpedia.org/resource/Henri_Marie_Ducrotay_de_Blainville&gt;.
}}
select distinct ?subject ?property 
where 
 { GRAPH &lt;http://dbpedia.org&gt;{?subject ?property &lt;http://dbpedia.org/resource/Henri_Wallon_(psychologist)&gt;.
}}
select distinct ?subject ?property 
where 
 { GRAPH &lt;http://dbpedia.org&gt;{?subject ?property &lt;http://dbpedia.org/resource/Henry_Wellesley,_1st_Baron_Cowley&gt;.
}}
select distinct ?subject ?property 
where 
 { GRAPH &lt;http://dbpedia.org&gt;{?subject ?property &lt;http://dbpedia.org/resource/Herman_Frasch&gt;.
}}
select distinct ?subject ?property 
where 
 { GRAPH &lt;http://dbpedia.org&gt;{?subject ?property &lt;http://dbpedia.org/resource/Isidore_Pils&gt;.
}}
select distinct ?subject ?property 
where 
 { GRAPH &lt;http://dbpedia.org&gt;{?subject ?property &lt;http://dbpedia.org/resource/Jacques-René_Tenon&gt;.
}}
select distinct ?subject ?property 
where 
 { GRAPH &lt;http://dbpedia.org&gt;{?subject ?property &lt;http://dbpedia.org/resource/Jacques_Stella&gt;.
}}
select distinct ?subject ?property 
where 
 { GRAPH &lt;http://dbpedia.org&gt;{?subject ?property &lt;http://dbpedia.org/resource/Jacques_Tati&gt;.
}}
select distinct ?subject ?property 
where 
 { GRAPH &lt;http://dbpedia.org&gt;{?subject ?property &lt;http://dbpedia.org/resource/Jean-Baptiste_Drouet,_Comte_d&apos;Erlon&gt;.
}}
select distinct ?subject ?property 
where 
 { GRAPH &lt;http://dbpedia.org&gt;{?subject ?property &lt;http://dbpedia.org/resource/Jean-Baptiste_Tati_Loutard&gt;.
}}
select distinct ?subject ?property 
where 
 { GRAPH &lt;http://dbpedia.org&gt;{?subject ?property &lt;http://dbpedia.org/resource/Jean-François_Delacroix&gt;.
}}
select distinct ?subject ?property 
where 
 { GRAPH &lt;http://dbpedia.org&gt;{?subject ?property &lt;http://dbpedia.org/resource/Jean-François_Revel&gt;.
}}
select distinct ?subject ?property 
where 
 { GRAPH &lt;http://dbpedia.org&gt;{?subject ?property &lt;http://dbpedia.org/resource/Jean-Luc_Lagardère&gt;.
}}
select distinct ?subject ?property 
where 
 { GRAPH &lt;http://dbpedia.org&gt;{?subject ?property &lt;http://dbpedia.org/resource/Jean-Robert_Argand&gt;.
}}
select distinct ?subject ?property 
where 
 { GRAPH &lt;http://dbpedia.org&gt;{?subject ?property &lt;http://dbpedia.org/resource/Jean_Baptiste_Louis_Pierre&gt;.
}}
select distinct ?subject ?property 
where 
 { GRAPH &lt;http://dbpedia.org&gt;{?subject ?property &lt;http://dbpedia.org/resource/Jean_Charles_Athanase_Peltier&gt;.
}}
select distinct ?subject ?property 
where 
 { GRAPH &lt;http://dbpedia.org&gt;{?subject ?property &lt;http://dbpedia.org/resource/Jean_Coulomb&gt;.
}}
select distinct ?subject ?property 
where 
 { GRAPH &lt;http://dbpedia.org&gt;{?subject ?property &lt;http://dbpedia.org/resource/Jean_François_de_Saint-Lambert&gt;.
}}
select distinct ?subject ?property 
where 
 { GRAPH &lt;http://dbpedia.org&gt;{?subject ?property &lt;http://dbpedia.org/resource/Jean_de_La_Fontaine&gt;.
}}
select distinct ?subject ?property 
where 
 { GRAPH &lt;http://dbpedia.org&gt;{?subject ?property &lt;http://dbpedia.org/resource/Joseph-Nicolas_Robert-Fleury&gt;.
}}
select distinct ?subject ?property 
where 
 { GRAPH &lt;http://dbpedia.org&gt;{?subject ?property &lt;http://dbpedia.org/resource/Jules-Henri_Vernoy_de_Saint-Georges&gt;.
}}
select distinct ?subject ?property 
where 
 { GRAPH &lt;http://dbpedia.org&gt;{?subject ?property &lt;http://dbpedia.org/resource/Jules_Janin&gt;.
}}
select distinct ?subject ?property 
where 
 { GRAPH &lt;http://dbpedia.org&gt;{?subject ?property &lt;http://dbpedia.org/resource/Julien_Vallou_de_Villeneuve&gt;.
}}
select distinct ?subject ?property 
where 
 { GRAPH &lt;http://dbpedia.org&gt;{?subject ?property &lt;http://dbpedia.org/resource/Leonora_Dori&gt;.
}}
select distinct ?subject ?property 
where 
 { GRAPH &lt;http://dbpedia.org&gt;{?subject ?property &lt;http://dbpedia.org/resource/Louis_Auguste_Say&gt;.
}}
select distinct ?subject ?property 
where 
 { GRAPH &lt;http://dbpedia.org&gt;{?subject ?property &lt;http://dbpedia.org/resource/Louis_Fleury&gt;.
}}
select distinct ?subject ?property 
where 
 { GRAPH &lt;http://dbpedia.org&gt;{?subject ?property &lt;http://dbpedia.org/resource/Louis_Le_Chatelier&gt;.
}}
select distinct ?subject ?property 
where 
 { GRAPH &lt;http://dbpedia.org&gt;{?subject ?property &lt;http://dbpedia.org/resource/Lucien_Poincaré&gt;.
}}
select distinct ?subject ?property 
where 
 { GRAPH &lt;http://dbpedia.org&gt;{?subject ?property &lt;http://dbpedia.org/resource/Léon_Level&gt;.
}}
select distinct ?subject ?property 
where 
 { GRAPH &lt;http://dbpedia.org&gt;{?subject ?property &lt;http://dbpedia.org/resource/Maria_Helena_Vieira_da_Silva&gt;.
}}
select distinct ?subject ?property 
where 
 { GRAPH &lt;http://dbpedia.org&gt;{?subject ?property &lt;http://dbpedia.org/resource/Marie_Say&gt;.
}}
select distinct ?subject ?property 
where 
 { GRAPH &lt;http://dbpedia.org&gt;{?subject ?property &lt;http://dbpedia.org/resource/Martin_Bouquet&gt;.
}}
select distinct ?subject ?property 
where 
 { GRAPH &lt;http://dbpedia.org&gt;{?subject ?property &lt;http://dbpedia.org/resource/Mathieu_Orfila&gt;.
}}
select distinct ?subject ?property 
where 
 { GRAPH &lt;http://dbpedia.org&gt;{?subject ?property &lt;http://dbpedia.org/resource/Maurice_Janin&gt;.
}}
select distinct ?subject ?property 
where 
 { GRAPH &lt;http://dbpedia.org&gt;{?subject ?property &lt;http://dbpedia.org/resource/Melchior_de_Polignac&gt;.
}}
select distinct ?subject ?property 
where 
 { GRAPH &lt;http://dbpedia.org&gt;{?subject ?property &lt;http://dbpedia.org/resource/Melchior_de_Vogüé&gt;.
}}
select distinct ?subject ?property 
where 
 { GRAPH &lt;http://dbpedia.org&gt;{?subject ?property &lt;http://dbpedia.org/resource/Mikhail_Taube&gt;.
}}
select distinct ?subject ?property 
where 
 { GRAPH &lt;http://dbpedia.org&gt;{?subject ?property &lt;http://dbpedia.org/resource/Mireille_Hartuch&gt;.
}}
select distinct ?subject ?property 
where 
 { GRAPH &lt;http://dbpedia.org&gt;{?subject ?property &lt;http://dbpedia.org/resource/Norman_MacLeod_of_MacLeod&gt;.
}}
select distinct ?subject ?property 
where 
 { GRAPH &lt;http://dbpedia.org&gt;{?subject ?property &lt;http://dbpedia.org/resource/Paul-Hippolyte_de_Beauvilliers,_duke_of_Saint-Aignan&gt;.
}}
select distinct ?subject ?property 
where 
 { GRAPH &lt;http://dbpedia.org&gt;{?subject ?property &lt;http://dbpedia.org/resource/Paul_Broca&gt;.
}}
select distinct ?subject ?property 
where 
 { GRAPH &lt;http://dbpedia.org&gt;{?subject ?property &lt;http://dbpedia.org/resource/Pedro_II_of_Brazil&gt;.
}}
select distinct ?subject ?property 
where 
 { GRAPH &lt;http://dbpedia.org&gt;{?subject ?property &lt;http://dbpedia.org/resource/Pierre-François_Percy&gt;.
}}
select distinct ?subject ?property 
where 
 { GRAPH &lt;http://dbpedia.org&gt;{?subject ?property &lt;http://dbpedia.org/resource/Pierre_Balmain&gt;.
}}
select distinct ?subject ?property 
where 
 { GRAPH &lt;http://dbpedia.org&gt;{?subject ?property &lt;http://dbpedia.org/resource/Pierre_Cathala&gt;.
}}
select distinct ?subject ?property 
where 
 { GRAPH &lt;http://dbpedia.org&gt;{?subject ?property &lt;http://dbpedia.org/resource/Pierre_Edmond_Teisserenc_de_Bort&gt;.
}}
select distinct ?subject ?property 
where 
 { GRAPH &lt;http://dbpedia.org&gt;{?subject ?property &lt;http://dbpedia.org/resource/Pierre_Gassendi&gt;.
}}
select distinct ?subject ?property 
where 
 { GRAPH &lt;http://dbpedia.org&gt;{?subject ?property &lt;http://dbpedia.org/resource/Pierre_Puvis_de_Chavannes&gt;.
}}
select distinct ?subject ?property 
where 
 { GRAPH &lt;http://dbpedia.org&gt;{?subject ?property &lt;http://dbpedia.org/resource/Raymond_Janin&gt;.
}}
select distinct ?subject ?property 
where 
 { GRAPH &lt;http://dbpedia.org&gt;{?subject ?property &lt;http://dbpedia.org/resource/Raymond_Poincaré&gt;.
}}
select distinct ?subject ?property 
where 
 { GRAPH &lt;http://dbpedia.org&gt;{?subject ?property &lt;http://dbpedia.org/resource/Robert_Bulwer-Lytton,_1st_Earl_of_Lytton&gt;.
}}
select distinct ?subject ?property 
where 
 { GRAPH &lt;http://dbpedia.org&gt;{?subject ?property &lt;http://dbpedia.org/resource/Roberto_Duarte_Silva&gt;.
}}
select distinct ?subject ?property 
where 
 { GRAPH &lt;http://dbpedia.org&gt;{?subject ?property &lt;http://dbpedia.org/resource/Roger_Pierre&gt;.
}}
select distinct ?subject ?property 
where 
 { GRAPH &lt;http://dbpedia.org&gt;{?subject ?property &lt;http://dbpedia.org/resource/Ruth_Fischer&gt;.
}}
select distinct ?subject ?property 
where 
 { GRAPH &lt;http://dbpedia.org&gt;{?subject ?property &lt;http://dbpedia.org/resource/Sassoon_Eskell&gt;.
}}
select distinct ?subject ?property 
where 
 { GRAPH &lt;http://dbpedia.org&gt;{?subject ?property &lt;http://dbpedia.org/resource/Sir_Richard_Wallace,_1st_Baronet&gt;.
}}
select distinct ?subject ?property 
where 
 { GRAPH &lt;http://dbpedia.org&gt;{?subject ?property &lt;http://dbpedia.org/resource/Stephen_Heller&gt;.
}}
select distinct ?subject ?property 
where 
 { GRAPH &lt;http://dbpedia.org&gt;{?subject ?property &lt;http://dbpedia.org/resource/Thomas_Muir_of_Huntershill&gt;.
}}
select distinct ?subject ?property 
where 
 { GRAPH &lt;http://dbpedia.org&gt;{?subject ?property &lt;http://dbpedia.org/resource/Théodore_de_Banville&gt;.
}}
select distinct ?subject ?property 
where 
 { GRAPH &lt;http://dbpedia.org&gt;{?subject ?property &lt;http://dbpedia.org/resource/Viktor_Nekrasov&gt;.
}}
select distinct ?subject ?property 
where 
 { GRAPH &lt;http://dbpedia.org&gt;{?subject ?property &lt;http://dbpedia.org/resource/Wilhelm_Homberg&gt;.
}}
select distinct ?subject ?property 
where 
 { GRAPH &lt;http://dbpedia.org&gt;{?subject ?property &lt;http://dbpedia.org/resource/William_Pole-Tylney-Long-Wellesley,_5th_Earl_of_Mornington&gt;.
}}
select distinct ?subject ?property 
where 
 { GRAPH &lt;http://dbpedia.org&gt;{?subject ?property &lt;http://dbpedia.org/resource/Yves_Saint_Laurent_(designer)&gt;.
}}
select distinct ?subject ?property 
where 
 { GRAPH &lt;http://dbpedia.org&gt;{?subject ?property &lt;http://dbpedia.org/resource/Zadoc_Kahn&gt;.
}}
select distinct ?subject ?property 
where 
 { GRAPH &lt;http://dbpedia.org&gt;{?subject ?property &lt;http://dbpedia.org/resource/?douard_Chavannes&gt;.
}}
select distinct ?subject ?property 
where 
 { GRAPH &lt;http://dbpedia.org&gt;{?subject ?property &lt;http://dbpedia.org/resource/Charles_Cros&gt;.
}}
select distinct ?subject ?property 
where 
 { GRAPH &lt;http://dbpedia.org&gt;{?subject ?property &lt;http://dbpedia.org/resource/Childebert_I&gt;.
}}
select distinct ?subject ?property 
where 
 { GRAPH &lt;http://dbpedia.org&gt;{?subject ?property &lt;http://dbpedia.org/resource/Claude_Chabrol&gt;.
}}
select distinct ?subject ?property 
where 
 { GRAPH &lt;http://dbpedia.org&gt;{?subject ?property &lt;http://dbpedia.org/resource/Francis_Picabia&gt;.
}}
select distinct ?subject ?property 
where 
 { GRAPH &lt;http://dbpedia.org&gt;{?subject ?property &lt;http://dbpedia.org/resource/Gabrielle_d&apos;Estrées&gt;.
}}
select distinct ?subject ?property 
where 
 { GRAPH &lt;http://dbpedia.org&gt;{?subject ?property &lt;http://dbpedia.org/resource/Hippolyte_Hélyot&gt;.
}}
select distinct ?subject ?property 
where 
 { GRAPH &lt;http://dbpedia.org&gt;{?subject ?property &lt;http://dbpedia.org/resource/Isidore_de_Lara&gt;.
}}
select distinct ?subject ?property 
where 
 { GRAPH &lt;http://dbpedia.org&gt;{?subject ?property &lt;http://dbpedia.org/resource/Jacques_Paul_Migne&gt;.
}}
select distinct ?subject ?property 
where 
 { GRAPH &lt;http://dbpedia.org&gt;{?subject ?property &lt;http://dbpedia.org/resource/Paul_Claudel&gt;.
}}
select distinct ?subject ?property 
where 
 { GRAPH &lt;http://dbpedia.org&gt;{?subject ?property &lt;http://dbpedia.org/resource/Pierre_Bourdieu&gt;.
}}
select distinct ?subject ?property 
where 
 { GRAPH &lt;http://dbpedia.org&gt;{?subject ?property &lt;http://dbpedia.org/resource/Robert_Bresson&gt;.
}}
select distinct ?subject ?property 
where 
 { GRAPH &lt;http://dbpedia.org&gt;{?subject ?property &lt;http://dbpedia.org/resource/Ernest_Sanson&gt;.
}}
select distinct ?subject ?property 
where 
 { GRAPH &lt;http://dbpedia.org&gt;{?subject ?property &lt;http://dbpedia.org/resource/Henri_Delaunay&gt;.
}}
select distinct ?subject ?property 
where 
 { GRAPH &lt;http://dbpedia.org&gt;{?subject ?property &lt;http://dbpedia.org/resource/Jean-Baptiste_Sanson_de_Pongerville&gt;.
}}
select distinct ?subject ?property 
where 
 { GRAPH &lt;http://dbpedia.org&gt;{?subject ?property &lt;http://dbpedia.org/resource/Joseph_Delaunay&gt;.
}}
select distinct ?subject ?property 
where 
 { GRAPH &lt;http://dbpedia.org&gt;{?subject ?property &lt;http://dbpedia.org/resource/Lia_Félix&gt;.
}}
select distinct ?subject ?property 
where 
 { GRAPH &lt;http://dbpedia.org&gt;{?subject ?property &lt;http://dbpedia.org/resource/Nicolas-Jacques_Conté&gt;.
}}
select distinct ?subject ?property 
where 
 { GRAPH &lt;http://dbpedia.org&gt;{?subject ?property &lt;http://dbpedia.org/resource/Nicolas_Sanson&gt;.
}}
select distinct ?subject ?property 
where 
 { GRAPH &lt;http://dbpedia.org&gt;{?subject ?property &lt;http://dbpedia.org/resource/Sonia_Delaunay&gt;.
}}
select distinct ?subject ?property 
where 
 { GRAPH &lt;http://dbpedia.org&gt;{?subject ?property &lt;http://dbpedia.org/resource/S?ndor_Garbai&gt;.
}}
select distinct ?subject ?property 
where 
 { GRAPH &lt;http://dbpedia.org&gt;{?subject ?property &lt;http://dbpedia.org/resource/Vadim_Delaunay&gt;.
}}
select distinct ?subject ?property 
where 
 { GRAPH &lt;http://dbpedia.org&gt;{?subject ?property &lt;http://dbpedia.org/resource/?mile_Deschanel&gt;.
}}
select distinct ?subject ?property 
where 
 { GRAPH &lt;http://dbpedia.org&gt;{?subject ?property &lt;http://dbpedia.org/resource/Alan_Douglas_(record_producer)&gt;.
}}
select distinct ?subject ?property 
where 
 { GRAPH &lt;http://dbpedia.org&gt;{?subject ?property &lt;http://dbpedia.org/resource/Aleksei_Chichibabin&gt;.
}}
select distinct ?subject ?property 
where 
 { GRAPH &lt;http://dbpedia.org&gt;{?subject ?property &lt;http://dbpedia.org/resource/Alexandre_de_Laborde&gt;.
}}
select distinct ?subject ?property 
where 
 { GRAPH &lt;http://dbpedia.org&gt;{?subject ?property &lt;http://dbpedia.org/resource/Alexandru_Proca&gt;.
}}
select distinct ?subject ?property 
where 
 { GRAPH &lt;http://dbpedia.org&gt;{?subject ?property &lt;http://dbpedia.org/resource/Alphonse_Royer&gt;.
}}
select distinct ?subject ?property 
where 
 { GRAPH &lt;http://dbpedia.org&gt;{?subject ?property &lt;http://dbpedia.org/resource/Andrei_Sinyavsky&gt;.
}}
select distinct ?subject ?property 
where 
 { GRAPH &lt;http://dbpedia.org&gt;{?subject ?property &lt;http://dbpedia.org/resource/Andrew_Porter_(Civil_War_general)&gt;.
}}
select distinct ?subject ?property 
where 
 { GRAPH &lt;http://dbpedia.org&gt;{?subject ?property &lt;http://dbpedia.org/resource/André-Marie_Mbida&gt;.
}}
select distinct ?subject ?property 
where 
 { GRAPH &lt;http://dbpedia.org&gt;{?subject ?property &lt;http://dbpedia.org/resource/André_Berthelot&gt;.
}}
select distinct ?subject ?property 
where 
 { GRAPH &lt;http://dbpedia.org&gt;{?subject ?property &lt;http://dbpedia.org/resource/André_Bloch_(composer)&gt;.
}}
select distinct ?subject ?property 
where 
 { GRAPH &lt;http://dbpedia.org&gt;{?subject ?property &lt;http://dbpedia.org/resource/Andrée_Putman&gt;.
}}
select distinct ?subject ?property 
where 
 { GRAPH &lt;http://dbpedia.org&gt;{?subject ?property &lt;http://dbpedia.org/resource/Angiolo_Vestris&gt;.
}}
select distinct ?subject ?property 
where 
 { GRAPH &lt;http://dbpedia.org&gt;{?subject ?property &lt;http://dbpedia.org/resource/Anne-Marie_Marchand&gt;.
}}
select distinct ?subject ?property 
where 
 { GRAPH &lt;http://dbpedia.org&gt;{?subject ?property &lt;http://dbpedia.org/resource/Antonieta_Rivas_Mercado&gt;.
}}
select distinct ?subject ?property 
where 
 { GRAPH &lt;http://dbpedia.org&gt;{?subject ?property &lt;http://dbpedia.org/resource/Arlette_Marchal&gt;.
}}
select distinct ?subject ?property 
where 
 { GRAPH &lt;http://dbpedia.org&gt;{?subject ?property &lt;http://dbpedia.org/resource/Artur_London&gt;.
}}
select distinct ?subject ?property 
where 
 { GRAPH &lt;http://dbpedia.org&gt;{?subject ?property &lt;http://dbpedia.org/resource/Auguste-Louis-Albéric,_prince_d&apos;Arenberg&gt;.
}}
select distinct ?subject ?property 
where 
 { GRAPH &lt;http://dbpedia.org&gt;{?subject ?property &lt;http://dbpedia.org/resource/Auguste_Vestris&gt;.
}}
select distinct ?subject ?property 
where 
 { GRAPH &lt;http://dbpedia.org&gt;{?subject ?property &lt;http://dbpedia.org/resource/Banine&gt;.
}}
select distinct ?subject ?property 
where 
 { GRAPH &lt;http://dbpedia.org&gt;{?subject ?property &lt;http://dbpedia.org/resource/Barnabé_Brisson&gt;.
}}
select distinct ?subject ?property 
where 
 { GRAPH &lt;http://dbpedia.org&gt;{?subject ?property &lt;http://dbpedia.org/resource/Boris_Zaytsev_(writer)&gt;.
}}
select distinct ?subject ?property 
where 
 { GRAPH &lt;http://dbpedia.org&gt;{?subject ?property &lt;http://dbpedia.org/resource/Camille_Doucet&gt;.
}}
select distinct ?subject ?property 
where 
 { GRAPH &lt;http://dbpedia.org&gt;{?subject ?property &lt;http://dbpedia.org/resource/Charles-Victor_Langlois&gt;.
}}
select distinct ?subject ?property 
where 
 { GRAPH &lt;http://dbpedia.org&gt;{?subject ?property &lt;http://dbpedia.org/resource/Charles_Chamberland&gt;.
}}
select distinct ?subject ?property 
where 
 { GRAPH &lt;http://dbpedia.org&gt;{?subject ?property &lt;http://dbpedia.org/resource/Charles_Dupin&gt;.
}}
select distinct ?subject ?property 
where 
 { GRAPH &lt;http://dbpedia.org&gt;{?subject ?property &lt;http://dbpedia.org/resource/Charles_François_Houbigant&gt;.
}}
select distinct ?subject ?property 
where 
 { GRAPH &lt;http://dbpedia.org&gt;{?subject ?property &lt;http://dbpedia.org/resource/Charles_Mangin&gt;.
}}
select distinct ?subject ?property 
where 
 { GRAPH &lt;http://dbpedia.org&gt;{?subject ?property &lt;http://dbpedia.org/resource/Charles_Prince_(actor)&gt;.
}}
select distinct ?subject ?property 
where 
 { GRAPH &lt;http://dbpedia.org&gt;{?subject ?property &lt;http://dbpedia.org/resource/Claude_Bourdet&gt;.
}}
select distinct ?subject ?property 
where 
 { GRAPH &lt;http://dbpedia.org&gt;{?subject ?property &lt;http://dbpedia.org/resource/Claude_Joseph_Vernet&gt;.
}}
select distinct ?subject ?property 
where 
 { GRAPH &lt;http://dbpedia.org&gt;{?subject ?property &lt;http://dbpedia.org/resource/Claude_Ramey&gt;.
}}
select distinct ?subject ?property 
where 
 { GRAPH &lt;http://dbpedia.org&gt;{?subject ?property &lt;http://dbpedia.org/resource/Dominique_Venner&gt;.
}}
select distinct ?subject ?property 
where 
 { GRAPH &lt;http://dbpedia.org&gt;{?subject ?property &lt;http://dbpedia.org/resource/Dynam-Victor_Fumet&gt;.
}}
select distinct ?subject ?property 
where 
 { GRAPH &lt;http://dbpedia.org&gt;{?subject ?property &lt;http://dbpedia.org/resource/Edward_Behr_(journalist)&gt;.
}}
select distinct ?subject ?property 
where 
 { GRAPH &lt;http://dbpedia.org&gt;{?subject ?property &lt;http://dbpedia.org/resource/Francesco_Piranesi&gt;.
}}
select distinct ?subject ?property 
where 
 { GRAPH &lt;http://dbpedia.org&gt;{?subject ?property &lt;http://dbpedia.org/resource/Francisco_Mart?n_Melgar_y_Rodr?guez&gt;.
}}
select distinct ?subject ?property 
where 
 { GRAPH &lt;http://dbpedia.org&gt;{?subject ?property &lt;http://dbpedia.org/resource/François_Jean_Baptiste_Quesnel&gt;.
}}
select distinct ?subject ?property 
where 
 { GRAPH &lt;http://dbpedia.org&gt;{?subject ?property &lt;http://dbpedia.org/resource/François_Maspero&gt;.
}}
select distinct ?subject ?property 
where 
 { GRAPH &lt;http://dbpedia.org&gt;{?subject ?property &lt;http://dbpedia.org/resource/François_Quesnel&gt;.
}}
select distinct ?subject ?property 
where 
 { GRAPH &lt;http://dbpedia.org&gt;{?subject ?property &lt;http://dbpedia.org/resource/François_Zdenek_Eberl&gt;.
}}
select distinct ?subject ?property 
where 
 { GRAPH &lt;http://dbpedia.org&gt;{?subject ?property &lt;http://dbpedia.org/resource/Françoise_Adnet&gt;.
}}
select distinct ?subject ?property 
where 
 { GRAPH &lt;http://dbpedia.org&gt;{?subject ?property &lt;http://dbpedia.org/resource/Françoise_Basseporte&gt;.
}}
select distinct ?subject ?property 
where 
 { GRAPH &lt;http://dbpedia.org&gt;{?subject ?property &lt;http://dbpedia.org/resource/Françoise_Dolto&gt;.
}}
select distinct ?subject ?property 
where 
 { GRAPH &lt;http://dbpedia.org&gt;{?subject ?property &lt;http://dbpedia.org/resource/Françoise_Giroud&gt;.
}}
select distinct ?subject ?property 
where 
 { GRAPH &lt;http://dbpedia.org&gt;{?subject ?property &lt;http://dbpedia.org/resource/Françoise_Prévost&gt;.
}}
select distinct ?subject ?property 
where 
 { GRAPH &lt;http://dbpedia.org&gt;{?subject ?property &lt;http://dbpedia.org/resource/Françoise_de_Graffigny&gt;.
}}
select distinct ?subject ?property 
where 
 { GRAPH &lt;http://dbpedia.org&gt;{?subject ?property &lt;http://dbpedia.org/resource/Félix_Baciocchi_(1803–1866)&gt;.
}}
select distinct ?subject ?property 
where 
 { GRAPH &lt;http://dbpedia.org&gt;{?subject ?property &lt;http://dbpedia.org/resource/Gaston_Maspero&gt;.
}}
select distinct ?subject ?property 
where 
 { GRAPH &lt;http://dbpedia.org&gt;{?subject ?property &lt;http://dbpedia.org/resource/Gaston_Redon&gt;.
}}
select distinct ?subject ?property 
where 
 { GRAPH &lt;http://dbpedia.org&gt;{?subject ?property &lt;http://dbpedia.org/resource/Gaston_Tissandier&gt;.
}}
select distinct ?subject ?property 
where 
 { GRAPH &lt;http://dbpedia.org&gt;{?subject ?property &lt;http://dbpedia.org/resource/George_Devereux&gt;.
}}
select distinct ?subject ?property 
where 
 { GRAPH &lt;http://dbpedia.org&gt;{?subject ?property &lt;http://dbpedia.org/resource/Georges_Polti&gt;.
}}
select distinct ?subject ?property 
where 
 { GRAPH &lt;http://dbpedia.org&gt;{?subject ?property &lt;http://dbpedia.org/resource/Gerasimos_Vokos&gt;.
}}
select distinct ?subject ?property 
where 
 { GRAPH &lt;http://dbpedia.org&gt;{?subject ?property &lt;http://dbpedia.org/resource/Germain_Pilon&gt;.
}}
select distinct ?subject ?property 
where 
 { GRAPH &lt;http://dbpedia.org&gt;{?subject ?property &lt;http://dbpedia.org/resource/Giovanni_Battista_Caviglia&gt;.
}}
select distinct ?subject ?property 
where 
 { GRAPH &lt;http://dbpedia.org&gt;{?subject ?property &lt;http://dbpedia.org/resource/Greta_Knutson&gt;.
}}
select distinct ?subject ?property 
where 
 { GRAPH &lt;http://dbpedia.org&gt;{?subject ?property &lt;http://dbpedia.org/resource/Guillaume-François_Rouelle&gt;.
}}
select distinct ?subject ?property 
where 
 { GRAPH &lt;http://dbpedia.org&gt;{?subject ?property &lt;http://dbpedia.org/resource/Guillaume_Ferrus&gt;.
}}
select distinct ?subject ?property 
where 
 { GRAPH &lt;http://dbpedia.org&gt;{?subject ?property &lt;http://dbpedia.org/resource/Henri-Georges_Clouzot&gt;.
}}
select distinct ?subject ?property 
where 
 { GRAPH &lt;http://dbpedia.org&gt;{?subject ?property &lt;http://dbpedia.org/resource/Henri_Ernest_Baillon&gt;.
}}
select distinct ?subject ?property 
where 
 { GRAPH &lt;http://dbpedia.org&gt;{?subject ?property &lt;http://dbpedia.org/resource/Henri_Langlois&gt;.
}}
select distinct ?subject ?property 
where 
 { GRAPH &lt;http://dbpedia.org&gt;{?subject ?property &lt;http://dbpedia.org/resource/Henri_Martin_(historian)&gt;.
}}
select distinct ?subject ?property 
where 
 { GRAPH &lt;http://dbpedia.org&gt;{?subject ?property &lt;http://dbpedia.org/resource/Henri_Mathias_Berthelot&gt;.
}}
select distinct ?subject ?property 
where 
 { GRAPH &lt;http://dbpedia.org&gt;{?subject ?property &lt;http://dbpedia.org/resource/Hippolyte_Langlois&gt;.
}}
select distinct ?subject ?property 
where 
 { GRAPH &lt;http://dbpedia.org&gt;{?subject ?property &lt;http://dbpedia.org/resource/Hippolyte_Lecomte&gt;.
}}
select distinct ?subject ?property 
where 
 { GRAPH &lt;http://dbpedia.org&gt;{?subject ?property &lt;http://dbpedia.org/resource/Honoré_III,_Prince_of_Monaco&gt;.
}}
select distinct ?subject ?property 
where 
 { GRAPH &lt;http://dbpedia.org&gt;{?subject ?property &lt;http://dbpedia.org/resource/Honoré_IV,_Prince_of_Monaco&gt;.
}}
select distinct ?subject ?property 
where 
 { GRAPH &lt;http://dbpedia.org&gt;{?subject ?property &lt;http://dbpedia.org/resource/Honoré_V,_Prince_of_Monaco&gt;.
}}
select distinct ?subject ?property 
where 
 { GRAPH &lt;http://dbpedia.org&gt;{?subject ?property &lt;http://dbpedia.org/resource/Horace_Vernet&gt;.
}}
select distinct ?subject ?property 
where 
 { GRAPH &lt;http://dbpedia.org&gt;{?subject ?property &lt;http://dbpedia.org/resource/Hugo_Demarco&gt;.
}}
select distinct ?subject ?property 
where 
 { GRAPH &lt;http://dbpedia.org&gt;{?subject ?property &lt;http://dbpedia.org/resource/Ismaël_Bullialdus&gt;.
}}
select distinct ?subject ?property 
where 
 { GRAPH &lt;http://dbpedia.org&gt;{?subject ?property &lt;http://dbpedia.org/resource/Israel_Silvestre&gt;.
}}
select distinct ?subject ?property 
where 
 { GRAPH &lt;http://dbpedia.org&gt;{?subject ?property &lt;http://dbpedia.org/resource/Jacques-Antoine-Marie_Lemoine&gt;.
}}
select distinct ?subject ?property 
where 
 { GRAPH &lt;http://dbpedia.org&gt;{?subject ?property &lt;http://dbpedia.org/resource/Jacques_Bergier&gt;.
}}
select distinct ?subject ?property 
where 
 { GRAPH &lt;http://dbpedia.org&gt;{?subject ?property &lt;http://dbpedia.org/resource/Jacques_Duby&gt;.
}}
select distinct ?subject ?property 
where 
 { GRAPH &lt;http://dbpedia.org&gt;{?subject ?property &lt;http://dbpedia.org/resource/Jacques_Dupin&gt;.
}}
select distinct ?subject ?property 
where 
 { GRAPH &lt;http://dbpedia.org&gt;{?subject ?property &lt;http://dbpedia.org/resource/Jacques_Lauriston&gt;.
}}
select distinct ?subject ?property 
where 
 { GRAPH &lt;http://dbpedia.org&gt;{?subject ?property &lt;http://dbpedia.org/resource/Janusz_Bokszczanin&gt;.
}}
select distinct ?subject ?property 
where 
 { GRAPH &lt;http://dbpedia.org&gt;{?subject ?property &lt;http://dbpedia.org/resource/Jean-Baptiste_Marchand&gt;.
}}
select distinct ?subject ?property 
where 
 { GRAPH &lt;http://dbpedia.org&gt;{?subject ?property &lt;http://dbpedia.org/resource/Jean-Baptiste_Rey&gt;.
}}
select distinct ?subject ?property 
where 
 { GRAPH &lt;http://dbpedia.org&gt;{?subject ?property &lt;http://dbpedia.org/resource/Jean-Charles_Langlois&gt;.
}}
select distinct ?subject ?property 
where 
 { GRAPH &lt;http://dbpedia.org&gt;{?subject ?property &lt;http://dbpedia.org/resource/Jean-Claude_Redon_de_Beaupréau&gt;.
}}
select distinct ?subject ?property 
where 
 { GRAPH &lt;http://dbpedia.org&gt;{?subject ?property &lt;http://dbpedia.org/resource/Jean-Jacques_Henner&gt;.
}}
select distinct ?subject ?property 
where 
 { GRAPH &lt;http://dbpedia.org&gt;{?subject ?property &lt;http://dbpedia.org/resource/Jean-Jacques_Olier&gt;.
}}
select distinct ?subject ?property 
where 
 { GRAPH &lt;http://dbpedia.org&gt;{?subject ?property &lt;http://dbpedia.org/resource/Jean-Joseph_de_Laborde&gt;.
}}
select distinct ?subject ?property 
where 
 { GRAPH &lt;http://dbpedia.org&gt;{?subject ?property &lt;http://dbpedia.org/resource/Jean-Marcel_Jeanneney&gt;.
}}
select distinct ?subject ?property 
where 
 { GRAPH &lt;http://dbpedia.org&gt;{?subject ?property &lt;http://dbpedia.org/resource/Jean-Marie_Balestre&gt;.
}}
select distinct ?subject ?property 
where 
 { GRAPH &lt;http://dbpedia.org&gt;{?subject ?property &lt;http://dbpedia.org/resource/Jean-Marie_Claude_Alexandre_Goujon&gt;.
}}
select distinct ?subject ?property 
where 
 { GRAPH &lt;http://dbpedia.org&gt;{?subject ?property &lt;http://dbpedia.org/resource/Jean-Marie_Leclair&gt;.
}}
select distinct ?subject ?property 
where 
 { GRAPH &lt;http://dbpedia.org&gt;{?subject ?property &lt;http://dbpedia.org/resource/Jean_Antoine_Ernest_Constans&gt;.
}}
select distinct ?subject ?property 
where 
 { GRAPH &lt;http://dbpedia.org&gt;{?subject ?property &lt;http://dbpedia.org/resource/Jean_Denis,_comte_Lanjuinais&gt;.
}}
select distinct ?subject ?property 
where 
 { GRAPH &lt;http://dbpedia.org&gt;{?subject ?property &lt;http://dbpedia.org/resource/Jean_François_Aimé_Dejean&gt;.
}}
select distinct ?subject ?property 
where 
 { GRAPH &lt;http://dbpedia.org&gt;{?subject ?property &lt;http://dbpedia.org/resource/Jean_Law_de_Lauriston&gt;.
}}
select distinct ?subject ?property 
where 
 { GRAPH &lt;http://dbpedia.org&gt;{?subject ?property &lt;http://dbpedia.org/resource/Jean_Lemaire_de_Belges&gt;.
}}
select distinct ?subject ?property 
where 
 { GRAPH &lt;http://dbpedia.org&gt;{?subject ?property &lt;http://dbpedia.org/resource/Jean_Reynier&gt;.
}}
select distinct ?subject ?property 
where 
 { GRAPH &lt;http://dbpedia.org&gt;{?subject ?property &lt;http://dbpedia.org/resource/Jean_Richer&gt;.
}}
select distinct ?subject ?property 
where 
 { GRAPH &lt;http://dbpedia.org&gt;{?subject ?property &lt;http://dbpedia.org/resource/Jean_Rustin&gt;.
}}
select distinct ?subject ?property 
where 
 { GRAPH &lt;http://dbpedia.org&gt;{?subject ?property &lt;http://dbpedia.org/resource/Jeanne_Paquin&gt;.
}}
select distinct ?subject ?property 
where 
 { GRAPH &lt;http://dbpedia.org&gt;{?subject ?property &lt;http://dbpedia.org/resource/Joachim_Gasquet&gt;.
}}
select distinct ?subject ?property 
where 
 { GRAPH &lt;http://dbpedia.org&gt;{?subject ?property &lt;http://dbpedia.org/resource/Joseph-Nicolas-Pancrace_Royer&gt;.
}}
select distinct ?subject ?property 
where 
 { GRAPH &lt;http://dbpedia.org&gt;{?subject ?property &lt;http://dbpedia.org/resource/Joseph_Florimond_Loubat&gt;.
}}
select distinct ?subject ?property 
where 
 { GRAPH &lt;http://dbpedia.org&gt;{?subject ?property &lt;http://dbpedia.org/resource/Joseph_Naudet&gt;.
}}
select distinct ?subject ?property 
where 
 { GRAPH &lt;http://dbpedia.org&gt;{?subject ?property &lt;http://dbpedia.org/resource/Jules_Bastide&gt;.
}}
select distinct ?subject ?property 
where 
 { GRAPH &lt;http://dbpedia.org&gt;{?subject ?property &lt;http://dbpedia.org/resource/Jules_Jeanneney&gt;.
}}
select distinct ?subject ?property 
where 
 { GRAPH &lt;http://dbpedia.org&gt;{?subject ?property &lt;http://dbpedia.org/resource/Laurent_Grimod_de_La_Reynière&gt;.
}}
select distinct ?subject ?property 
where 
 { GRAPH &lt;http://dbpedia.org&gt;{?subject ?property &lt;http://dbpedia.org/resource/Louis-Philippe_de_Vaudreuil&gt;.
}}
select distinct ?subject ?property 
where 
 { GRAPH &lt;http://dbpedia.org&gt;{?subject ?property &lt;http://dbpedia.org/resource/Louis_Dejean&gt;.
}}
select distinct ?subject ?property 
where 
 { GRAPH &lt;http://dbpedia.org&gt;{?subject ?property &lt;http://dbpedia.org/resource/Louis_Emmanuel_Rey&gt;.
}}
select distinct ?subject ?property 
where 
 { GRAPH &lt;http://dbpedia.org&gt;{?subject ?property &lt;http://dbpedia.org/resource/Louis_Lemoine&gt;.
}}
select distinct ?subject ?property 
where 
 { GRAPH &lt;http://dbpedia.org&gt;{?subject ?property &lt;http://dbpedia.org/resource/Louis_Marchand&gt;.
}}
select distinct ?subject ?property 
where 
 { GRAPH &lt;http://dbpedia.org&gt;{?subject ?property &lt;http://dbpedia.org/resource/Louis_Ramond_de_Carbonnières&gt;.
}}
select distinct ?subject ?property 
where 
 { GRAPH &lt;http://dbpedia.org&gt;{?subject ?property &lt;http://dbpedia.org/resource/Louis_d&apos;Orléans,_Duke_of_Orléans&gt;.
}}
select distinct ?subject ?property 
where 
 { GRAPH &lt;http://dbpedia.org&gt;{?subject ?property &lt;http://dbpedia.org/resource/Louis_de_Grandpré&gt;.
}}
select distinct ?subject ?property 
where 
 { GRAPH &lt;http://dbpedia.org&gt;{?subject ?property &lt;http://dbpedia.org/resource/Louis_de_Luxembourg,_Count_of_Saint-Pol&gt;.
}}
select distinct ?subject ?property 
where 
 { GRAPH &lt;http://dbpedia.org&gt;{?subject ?property &lt;http://dbpedia.org/resource/Louis_de_Silvestre&gt;.
}}
select distinct ?subject ?property 
where 
 { GRAPH &lt;http://dbpedia.org&gt;{?subject ?property &lt;http://dbpedia.org/resource/Lucien_Daudet&gt;.
}}
select distinct ?subject ?property 
where 
 { GRAPH &lt;http://dbpedia.org&gt;{?subject ?property &lt;http://dbpedia.org/resource/Madeleine_Lemaire&gt;.
}}
select distinct ?subject ?property 
where 
 { GRAPH &lt;http://dbpedia.org&gt;{?subject ?property &lt;http://dbpedia.org/resource/Mama_Ouattara&gt;.
}}
select distinct ?subject ?property 
where 
 { GRAPH &lt;http://dbpedia.org&gt;{?subject ?property &lt;http://dbpedia.org/resource/Mandé_Sidibé&gt;.
}}
select distinct ?subject ?property 
where 
 { GRAPH &lt;http://dbpedia.org&gt;{?subject ?property &lt;http://dbpedia.org/resource/Marc_Pincherle&gt;.
}}
select distinct ?subject ?property 
where 
 { GRAPH &lt;http://dbpedia.org&gt;{?subject ?property &lt;http://dbpedia.org/resource/Marcel_Brillouin&gt;.
}}
select distinct ?subject ?property 
where 
 { GRAPH &lt;http://dbpedia.org&gt;{?subject ?property &lt;http://dbpedia.org/resource/Marie-Claude_Vaillant-Couturier&gt;.
}}
select distinct ?subject ?property 
where 
 { GRAPH &lt;http://dbpedia.org&gt;{?subject ?property &lt;http://dbpedia.org/resource/Marie-Victoire_Lemoine&gt;.
}}
select distinct ?subject ?property 
where 
 { GRAPH &lt;http://dbpedia.org&gt;{?subject ?property &lt;http://dbpedia.org/resource/Marie_Lucas_Robiquet&gt;.
}}
select distinct ?subject ?property 
where 
 { GRAPH &lt;http://dbpedia.org&gt;{?subject ?property &lt;http://dbpedia.org/resource/Martine_Franck&gt;.
}}
select distinct ?subject ?property 
where 
 { GRAPH &lt;http://dbpedia.org&gt;{?subject ?property &lt;http://dbpedia.org/resource/Mathurin_Jacques_Brisson&gt;.
}}
select distinct ?subject ?property 
where 
 { GRAPH &lt;http://dbpedia.org&gt;{?subject ?property &lt;http://dbpedia.org/resource/Maurice_Delafosse&gt;.
}}
select distinct ?subject ?property 
where 
 { GRAPH &lt;http://dbpedia.org&gt;{?subject ?property &lt;http://dbpedia.org/resource/Maurice_Garçon&gt;.
}}
select distinct ?subject ?property 
where 
 { GRAPH &lt;http://dbpedia.org&gt;{?subject ?property &lt;http://dbpedia.org/resource/Maurice_Joly&gt;.
}}
select distinct ?subject ?property 
where 
 { GRAPH &lt;http://dbpedia.org&gt;{?subject ?property &lt;http://dbpedia.org/resource/Maurus_Dantine&gt;.
}}
select distinct ?subject ?property 
where 
 { GRAPH &lt;http://dbpedia.org&gt;{?subject ?property &lt;http://dbpedia.org/resource/Megumi_Satsu&gt;.
}}
select distinct ?subject ?property 
where 
 { GRAPH &lt;http://dbpedia.org&gt;{?subject ?property &lt;http://dbpedia.org/resource/Michel_Duchaussoy&gt;.
}}
select distinct ?subject ?property 
where 
 { GRAPH &lt;http://dbpedia.org&gt;{?subject ?property &lt;http://dbpedia.org/resource/Michel_Roux_(actor)&gt;.
}}
select distinct ?subject ?property 
where 
 { GRAPH &lt;http://dbpedia.org&gt;{?subject ?property &lt;http://dbpedia.org/resource/Mihail_Sturdza&gt;.
}}
select distinct ?subject ?property 
where 
 { GRAPH &lt;http://dbpedia.org&gt;{?subject ?property &lt;http://dbpedia.org/resource/Morvan_Marchal&gt;.
}}
select distinct ?subject ?property 
where 
 { GRAPH &lt;http://dbpedia.org&gt;{?subject ?property &lt;http://dbpedia.org/resource/Natalya_Gorbanevskaya&gt;.
}}
select distinct ?subject ?property 
where 
 { GRAPH &lt;http://dbpedia.org&gt;{?subject ?property &lt;http://dbpedia.org/resource/Nestor_Léon_Marchand&gt;.
}}
select distinct ?subject ?property 
where 
 { GRAPH &lt;http://dbpedia.org&gt;{?subject ?property &lt;http://dbpedia.org/resource/Nicolas-Sylvestre_Bergier&gt;.
}}
select distinct ?subject ?property 
where 
 { GRAPH &lt;http://dbpedia.org&gt;{?subject ?property &lt;http://dbpedia.org/resource/Nicolas_Lebègue&gt;.
}}
select distinct ?subject ?property 
where 
 { GRAPH &lt;http://dbpedia.org&gt;{?subject ?property &lt;http://dbpedia.org/resource/Pascale_Ogier&gt;.
}}
select distinct ?subject ?property 
where 
 { GRAPH &lt;http://dbpedia.org&gt;{?subject ?property &lt;http://dbpedia.org/resource/Paul-Jacques-Aimé_Baudry&gt;.
}}
select distinct ?subject ?property 
where 
 { GRAPH &lt;http://dbpedia.org&gt;{?subject ?property &lt;http://dbpedia.org/resource/Paul_Arma&gt;.
}}
select distinct ?subject ?property 
where 
 { GRAPH &lt;http://dbpedia.org&gt;{?subject ?property &lt;http://dbpedia.org/resource/Paul_Colas&gt;.
}}
select distinct ?subject ?property 
where 
 { GRAPH &lt;http://dbpedia.org&gt;{?subject ?property &lt;http://dbpedia.org/resource/Paul_Henri_Lecomte&gt;.
}}
select distinct ?subject ?property 
where 
 { GRAPH &lt;http://dbpedia.org&gt;{?subject ?property &lt;http://dbpedia.org/resource/Paul_Pau&gt;.
}}
select distinct ?subject ?property 
where 
 { GRAPH &lt;http://dbpedia.org&gt;{?subject ?property &lt;http://dbpedia.org/resource/Petar_?ivkovi?&gt;.
}}
select distinct ?subject ?property 
where 
 { GRAPH &lt;http://dbpedia.org&gt;{?subject ?property &lt;http://dbpedia.org/resource/Philippe_Berthelot&gt;.
}}
select distinct ?subject ?property 
where 
 { GRAPH &lt;http://dbpedia.org&gt;{?subject ?property &lt;http://dbpedia.org/resource/Philippe_Honoré_(cartoonist)&gt;.
}}
select distinct ?subject ?property 
where 
 { GRAPH &lt;http://dbpedia.org&gt;{?subject ?property &lt;http://dbpedia.org/resource/Philippe_Joseph_Henri_Lemaire&gt;.
}}
select distinct ?subject ?property 
where 
 { GRAPH &lt;http://dbpedia.org&gt;{?subject ?property &lt;http://dbpedia.org/resource/Pierre-Antoine_Lemoine&gt;.
}}
select distinct ?subject ?property 
where 
 { GRAPH &lt;http://dbpedia.org&gt;{?subject ?property &lt;http://dbpedia.org/resource/Pierre-Claude_Nivelle_de_La_Chaussée&gt;.
}}
select distinct ?subject ?property 
where 
 { GRAPH &lt;http://dbpedia.org&gt;{?subject ?property &lt;http://dbpedia.org/resource/Pierre-Gustave_Roze&gt;.
}}
select distinct ?subject ?property 
where 
 { GRAPH &lt;http://dbpedia.org&gt;{?subject ?property &lt;http://dbpedia.org/resource/Pierre-Victor_Galland&gt;.
}}
select distinct ?subject ?property 
where 
 { GRAPH &lt;http://dbpedia.org&gt;{?subject ?property &lt;http://dbpedia.org/resource/Pierre_Bernard_(graphic_designer)&gt;.
}}
select distinct ?subject ?property 
where 
 { GRAPH &lt;http://dbpedia.org&gt;{?subject ?property &lt;http://dbpedia.org/resource/Pierre_Charles_Dejean&gt;.
}}
select distinct ?subject ?property 
where 
 { GRAPH &lt;http://dbpedia.org&gt;{?subject ?property &lt;http://dbpedia.org/resource/Pierre_François_Marie_Auguste_Dejean&gt;.
}}
select distinct ?subject ?property 
where 
 { GRAPH &lt;http://dbpedia.org&gt;{?subject ?property &lt;http://dbpedia.org/resource/Pierre_Jean_Robiquet&gt;.
}}
select distinct ?subject ?property 
where 
 { GRAPH &lt;http://dbpedia.org&gt;{?subject ?property &lt;http://dbpedia.org/resource/Pierre_Paul_?mile_Roux&gt;.
}}
select distinct ?subject ?property 
where 
 { GRAPH &lt;http://dbpedia.org&gt;{?subject ?property &lt;http://dbpedia.org/resource/Pierre_Quesnel&gt;.
}}
select distinct ?subject ?property 
where 
 { GRAPH &lt;http://dbpedia.org&gt;{?subject ?property &lt;http://dbpedia.org/resource/Pietro_Francavilla&gt;.
}}
select distinct ?subject ?property 
where 
 { GRAPH &lt;http://dbpedia.org&gt;{?subject ?property &lt;http://dbpedia.org/resource/Prince_Francis,_Count_of_Trapani&gt;.
}}
select distinct ?subject ?property 
where 
 { GRAPH &lt;http://dbpedia.org&gt;{?subject ?property &lt;http://dbpedia.org/resource/Raymond_Lebègue&gt;.
}}
select distinct ?subject ?property 
where 
 { GRAPH &lt;http://dbpedia.org&gt;{?subject ?property &lt;http://dbpedia.org/resource/René-Prosper_Tassin&gt;.
}}
select distinct ?subject ?property 
where 
 { GRAPH &lt;http://dbpedia.org&gt;{?subject ?property &lt;http://dbpedia.org/resource/René_Berthelot&gt;.
}}
select distinct ?subject ?property 
where 
 { GRAPH &lt;http://dbpedia.org&gt;{?subject ?property &lt;http://dbpedia.org/resource/Robert_Buron&gt;.
}}
select distinct ?subject ?property 
where 
 { GRAPH &lt;http://dbpedia.org&gt;{?subject ?property &lt;http://dbpedia.org/resource/Roger_Gilbert-Lecomte&gt;.
}}
select distinct ?subject ?property 
where 
 { GRAPH &lt;http://dbpedia.org&gt;{?subject ?property &lt;http://dbpedia.org/resource/Rose_Vestris&gt;.
}}
select distinct ?subject ?property 
where 
 { GRAPH &lt;http://dbpedia.org&gt;{?subject ?property &lt;http://dbpedia.org/resource/Samuel_Collins_(physician)&gt;.
}}
select distinct ?subject ?property 
where 
 { GRAPH &lt;http://dbpedia.org&gt;{?subject ?property &lt;http://dbpedia.org/resource/Serge_Nigg&gt;.
}}
select distinct ?subject ?property 
where 
 { GRAPH &lt;http://dbpedia.org&gt;{?subject ?property &lt;http://dbpedia.org/resource/Simon_Mathurin_Lantara&gt;.
}}
select distinct ?subject ?property 
where 
 { GRAPH &lt;http://dbpedia.org&gt;{?subject ?property &lt;http://dbpedia.org/resource/Son_Sann&gt;.
}}
select distinct ?subject ?property 
where 
 { GRAPH &lt;http://dbpedia.org&gt;{?subject ?property &lt;http://dbpedia.org/resource/Thomas_Arthur,_comte_de_Lally&gt;.
}}
select distinct ?subject ?property 
where 
 { GRAPH &lt;http://dbpedia.org&gt;{?subject ?property &lt;http://dbpedia.org/resource/Théodore_Géricault&gt;.
}}
select distinct ?subject ?property 
where 
 { GRAPH &lt;http://dbpedia.org&gt;{?subject ?property &lt;http://dbpedia.org/resource/Véra_Clouzot&gt;.
}}
select distinct ?subject ?property 
where 
 { GRAPH &lt;http://dbpedia.org&gt;{?subject ?property &lt;http://dbpedia.org/resource/Yves_Congar&gt;.
}}
select distinct ?subject ?property 
where 
 { GRAPH &lt;http://dbpedia.org&gt;{?subject ?property &lt;http://dbpedia.org/resource/Yves_Rocher&gt;.
}}
select distinct ?subject ?property 
where 
 { GRAPH &lt;http://dbpedia.org&gt;{?subject ?property &lt;http://dbpedia.org/resource/?mile-Alexandre_Taskin&gt;.
}}
select distinct ?subject ?property 
where 
 { GRAPH &lt;http://dbpedia.org&gt;{?subject ?property &lt;http://dbpedia.org/resource/?mile_Garçon&gt;.
}}
select distinct ?subject ?property 
where 
 { GRAPH &lt;http://dbpedia.org&gt;{?subject ?property &lt;http://dbpedia.org/resource/?mile_Lemoine&gt;.
}}
select distinct ?subject ?property 
where 
 { GRAPH &lt;http://dbpedia.org&gt;{?subject ?property &lt;http://dbpedia.org/resource/?milie_Charmy&gt;.
}}
select distinct ?subject ?property 
where 
 { GRAPH &lt;http://dbpedia.org&gt;{?subject ?property &lt;http://dbpedia.org/resource/Abraham_Bosse&gt;.
}}
select distinct ?subject ?property 
where 
 { GRAPH &lt;http://dbpedia.org&gt;{?subject ?property &lt;http://dbpedia.org/resource/Adolphe_Napoléon_Didron&gt;.
}}
select distinct ?subject ?property 
where 
 { GRAPH &lt;http://dbpedia.org&gt;{?subject ?property &lt;http://dbpedia.org/resource/Alain_Mimoun&gt;.
}}
select distinct ?subject ?property 
where 
 { GRAPH &lt;http://dbpedia.org&gt;{?subject ?property &lt;http://dbpedia.org/resource/Anton_Solomoukha&gt;.
}}
select distinct ?subject ?property 
where 
 { GRAPH &lt;http://dbpedia.org&gt;{?subject ?property &lt;http://dbpedia.org/resource/Arletty&gt;.
}}
select distinct ?subject ?property 
where 
 { GRAPH &lt;http://dbpedia.org&gt;{?subject ?property &lt;http://dbpedia.org/resource/Augusta_Holmès&gt;.
}}
select distinct ?subject ?property 
where 
 { GRAPH &lt;http://dbpedia.org&gt;{?subject ?property &lt;http://dbpedia.org/resource/Bill_Hardman&gt;.
}}
select distinct ?subject ?property 
where 
 { GRAPH &lt;http://dbpedia.org&gt;{?subject ?property &lt;http://dbpedia.org/resource/Charles_Ernest_Beulé&gt;.
}}
select distinct ?subject ?property 
where 
 { GRAPH &lt;http://dbpedia.org&gt;{?subject ?property &lt;http://dbpedia.org/resource/François_Louis,_Prince_of_Conti&gt;.
}}
select distinct ?subject ?property 
where 
 { GRAPH &lt;http://dbpedia.org&gt;{?subject ?property &lt;http://dbpedia.org/resource/Frederick_IV,_Duke_of_Lorraine&gt;.
}}
select distinct ?subject ?property 
where 
 { GRAPH &lt;http://dbpedia.org&gt;{?subject ?property &lt;http://dbpedia.org/resource/Gen_Paul&gt;.
}}
select distinct ?subject ?property 
where 
 { GRAPH &lt;http://dbpedia.org&gt;{?subject ?property &lt;http://dbpedia.org/resource/Henri_Dutilleux&gt;.
}}
select distinct ?subject ?property 
where 
 { GRAPH &lt;http://dbpedia.org&gt;{?subject ?property &lt;http://dbpedia.org/resource/Henri_de_France&gt;.
}}
select distinct ?subject ?property 
where 
 { GRAPH &lt;http://dbpedia.org&gt;{?subject ?property &lt;http://dbpedia.org/resource/Hubert_Lagardelle&gt;.
}}
select distinct ?subject ?property 
where 
 { GRAPH &lt;http://dbpedia.org&gt;{?subject ?property &lt;http://dbpedia.org/resource/Isabella_of_Hainault&gt;.
}}
select distinct ?subject ?property 
where 
 { GRAPH &lt;http://dbpedia.org&gt;{?subject ?property &lt;http://dbpedia.org/resource/Ivan_Wyschnegradsky&gt;.
}}
select distinct ?subject ?property 
where 
 { GRAPH &lt;http://dbpedia.org&gt;{?subject ?property &lt;http://dbpedia.org/resource/Jacques_Pelletier_du_Mans&gt;.
}}
select distinct ?subject ?property 
where 
 { GRAPH &lt;http://dbpedia.org&gt;{?subject ?property &lt;http://dbpedia.org/resource/Jean-Antoine_Letronne&gt;.
}}
select distinct ?subject ?property 
where 
 { GRAPH &lt;http://dbpedia.org&gt;{?subject ?property &lt;http://dbpedia.org/resource/Joseph_Lakanal&gt;.
}}
select distinct ?subject ?property 
where 
 { GRAPH &lt;http://dbpedia.org&gt;{?subject ?property &lt;http://dbpedia.org/resource/Jules_Quicherat&gt;.
}}
select distinct ?subject ?property 
where 
 { GRAPH &lt;http://dbpedia.org&gt;{?subject ?property &lt;http://dbpedia.org/resource/Loie_Fuller&gt;.
}}
select distinct ?subject ?property 
where 
 { GRAPH &lt;http://dbpedia.org&gt;{?subject ?property &lt;http://dbpedia.org/resource/Louis_François,_Prince_of_Conti&gt;.
}}
select distinct ?subject ?property 
where 
 { GRAPH &lt;http://dbpedia.org&gt;{?subject ?property &lt;http://dbpedia.org/resource/Patrick_Dewaere&gt;.
}}
select distinct ?subject ?property 
where 
 { GRAPH &lt;http://dbpedia.org&gt;{?subject ?property &lt;http://dbpedia.org/resource/Philippe_de_La_Hire&gt;.
}}
select distinct ?subject ?property 
where 
 { GRAPH &lt;http://dbpedia.org&gt;{?subject ?property &lt;http://dbpedia.org/resource/Roger_Caillois&gt;.
}}
select distinct ?subject ?property 
where 
 { GRAPH &lt;http://dbpedia.org&gt;{?subject ?property &lt;http://dbpedia.org/resource/Samuel_de_Sorbiere&gt;.
}}
select distinct ?subject ?property 
where 
 { GRAPH &lt;http://dbpedia.org&gt;{?subject ?property &lt;http://dbpedia.org/resource/Théophile-Jules_Pelouze&gt;.
}}
select distinct ?subject ?property 
where 
 { GRAPH &lt;http://dbpedia.org&gt;{?subject ?property &lt;http://dbpedia.org/resource/Abdelhafid_Boussouf&gt;.
}}
select distinct ?subject ?property 
where 
 { GRAPH &lt;http://dbpedia.org&gt;{?subject ?property &lt;http://dbpedia.org/resource/André_Michel_Lwoff&gt;.
}}
select distinct ?subject ?property 
where 
 { GRAPH &lt;http://dbpedia.org&gt;{?subject ?property &lt;http://dbpedia.org/resource/Auguste_Chevalier&gt;.
}}
select distinct ?subject ?property 
where 
 { GRAPH &lt;http://dbpedia.org&gt;{?subject ?property &lt;http://dbpedia.org/resource/Aziz_Sedki&gt;.
}}
select distinct ?subject ?property 
where 
 { GRAPH &lt;http://dbpedia.org&gt;{?subject ?property &lt;http://dbpedia.org/resource/Bahi_Ladgham&gt;.
}}
select distinct ?subject ?property 
where 
 { GRAPH &lt;http://dbpedia.org&gt;{?subject ?property &lt;http://dbpedia.org/resource/Claude_Lévi-Strauss&gt;.
}}
select distinct ?subject ?property 
where 
 { GRAPH &lt;http://dbpedia.org&gt;{?subject ?property &lt;http://dbpedia.org/resource/Eliyahu_Ben-Elissar&gt;.
}}
select distinct ?subject ?property 
where 
 { GRAPH &lt;http://dbpedia.org&gt;{?subject ?property &lt;http://dbpedia.org/resource/Fawwaz_bin_Abdulaziz_Al_Saud&gt;.
}}
select distinct ?subject ?property 
where 
 { GRAPH &lt;http://dbpedia.org&gt;{?subject ?property &lt;http://dbpedia.org/resource/Georges_Schehadé&gt;.
}}
select distinct ?subject ?property 
where 
 { GRAPH &lt;http://dbpedia.org&gt;{?subject ?property &lt;http://dbpedia.org/resource/Georges_Tarabichi&gt;.
}}
select distinct ?subject ?property 
where 
 { GRAPH &lt;http://dbpedia.org&gt;{?subject ?property &lt;http://dbpedia.org/resource/Gholam-Hossein_Sa&apos;edi&gt;.
}}
select distinct ?subject ?property 
where 
 { GRAPH &lt;http://dbpedia.org&gt;{?subject ?property &lt;http://dbpedia.org/resource/Habib_Chatty&gt;.
}}
select distinct ?subject ?property 
where 
 { GRAPH &lt;http://dbpedia.org&gt;{?subject ?property &lt;http://dbpedia.org/resource/Hadj_Abderrahmane&gt;.
}}
select distinct ?subject ?property 
where 
 { GRAPH &lt;http://dbpedia.org&gt;{?subject ?property &lt;http://dbpedia.org/resource/Henri_Fayol&gt;.
}}
select distinct ?subject ?property 
where 
 { GRAPH &lt;http://dbpedia.org&gt;{?subject ?property &lt;http://dbpedia.org/resource/Rachid_Mimouni&gt;.
}}
select distinct ?subject ?property 
where 
 { GRAPH &lt;http://dbpedia.org&gt;{?subject ?property &lt;http://dbpedia.org/resource/Randa_Chahal_Sabag&gt;.
}}
select distinct ?subject ?property 
where 
 { GRAPH &lt;http://dbpedia.org&gt;{?subject ?property &lt;http://dbpedia.org/resource/Tony_Aubin&gt;.
}}
select distinct ?subject ?property 
where 
 { GRAPH &lt;http://dbpedia.org&gt;{?subject ?property &lt;http://dbpedia.org/resource/Ulfat_Idilbi&gt;.
}}
select distinct ?subject ?property 
where 
 { GRAPH &lt;http://dbpedia.org&gt;{?subject ?property &lt;http://dbpedia.org/resource/Vincent-Marie_Viénot,_Count_of_Vaublanc&gt;.
}}
select distinct ?subject ?property 
where 
 { GRAPH &lt;http://dbpedia.org&gt;{?subject ?property &lt;http://dbpedia.org/resource/Yahya_El_Mashad&gt;.
}}
select distinct ?subject ?property 
where 
 { GRAPH &lt;http://dbpedia.org&gt;{?subject ?property &lt;http://dbpedia.org/resource/Félix_Louis_Leullier&gt;.
}}
select distinct ?subject ?property 
where 
 { GRAPH &lt;http://dbpedia.org&gt;{?subject ?property &lt;http://dbpedia.org/resource/Gilles-Marie_Oppenordt&gt;.
}}
select distinct ?subject ?property 
where 
 { GRAPH &lt;http://dbpedia.org&gt;{?subject ?property &lt;http://dbpedia.org/resource/Jacques_Antoine&gt;.
}}
select distinct ?subject ?property 
where 
 { GRAPH &lt;http://dbpedia.org&gt;{?subject ?property &lt;http://dbpedia.org/resource/Jean_Carbonnier&gt;.
}}
select distinct ?subject ?property 
where 
 { GRAPH &lt;http://dbpedia.org&gt;{?subject ?property &lt;http://dbpedia.org/resource/Laura_Clifford_Barney&gt;.
}}
select distinct ?subject ?property 
where 
 { GRAPH &lt;http://dbpedia.org&gt;{?subject ?property &lt;http://dbpedia.org/resource/Philippe,_Duke_of_Vendôme&gt;.
}}
select distinct ?subject ?property 
where 
 { GRAPH &lt;http://dbpedia.org&gt;{?subject ?property &lt;http://dbpedia.org/resource/Pierre-Herman_Dosquet&gt;.
}}
select distinct ?subject ?property 
where 
 { GRAPH &lt;http://dbpedia.org&gt;{?subject ?property &lt;http://dbpedia.org/resource/Achille_Richard&gt;.
}}
select distinct ?subject ?property 
where 
 { GRAPH &lt;http://dbpedia.org&gt;{?subject ?property &lt;http://dbpedia.org/resource/Adam_Weisweiler&gt;.
}}
select distinct ?subject ?property 
where 
 { GRAPH &lt;http://dbpedia.org&gt;{?subject ?property &lt;http://dbpedia.org/resource/André-Georges_Haudricourt&gt;.
}}
select distinct ?subject ?property 
where 
 { GRAPH &lt;http://dbpedia.org&gt;{?subject ?property &lt;http://dbpedia.org/resource/André_Cayatte&gt;.
}}
select distinct ?subject ?property 
where 
 { GRAPH &lt;http://dbpedia.org&gt;{?subject ?property &lt;http://dbpedia.org/resource/Angelo_Tarchi&gt;.
}}
select distinct ?subject ?property 
where 
 { GRAPH &lt;http://dbpedia.org&gt;{?subject ?property &lt;http://dbpedia.org/resource/Antoni_Szalowski&gt;.
}}
select distinct ?subject ?property 
where 
 { GRAPH &lt;http://dbpedia.org&gt;{?subject ?property &lt;http://dbpedia.org/resource/Antonia_Bembo&gt;.
}}
select distinct ?subject ?property 
where 
 { GRAPH &lt;http://dbpedia.org&gt;{?subject ?property &lt;http://dbpedia.org/resource/Arthur_Saint-Léon&gt;.
}}
select distinct ?subject ?property 
where 
 { GRAPH &lt;http://dbpedia.org&gt;{?subject ?property &lt;http://dbpedia.org/resource/Auguste_Maquet&gt;.
}}
select distinct ?subject ?property 
where 
 { GRAPH &lt;http://dbpedia.org&gt;{?subject ?property &lt;http://dbpedia.org/resource/Bettina_Graziani&gt;.
}}
select distinct ?subject ?property 
where 
 { GRAPH &lt;http://dbpedia.org&gt;{?subject ?property &lt;http://dbpedia.org/resource/Camille_Arambourg&gt;.
}}
select distinct ?subject ?property 
where 
 { GRAPH &lt;http://dbpedia.org&gt;{?subject ?property &lt;http://dbpedia.org/resource/Charles_Bargue&gt;.
}}
select distinct ?subject ?property 
where 
 { GRAPH &lt;http://dbpedia.org&gt;{?subject ?property &lt;http://dbpedia.org/resource/Charles_de_Lorencez&gt;.
}}
select distinct ?subject ?property 
where 
 { GRAPH &lt;http://dbpedia.org&gt;{?subject ?property &lt;http://dbpedia.org/resource/Charles_de_Wailly&gt;.
}}
select distinct ?subject ?property 
where 
 { GRAPH &lt;http://dbpedia.org&gt;{?subject ?property &lt;http://dbpedia.org/resource/Claire_Croiza&gt;.
}}
select distinct ?subject ?property 
where 
 { GRAPH &lt;http://dbpedia.org&gt;{?subject ?property &lt;http://dbpedia.org/resource/Claude_Vasconi&gt;.
}}
select distinct ?subject ?property 
where 
 { GRAPH &lt;http://dbpedia.org&gt;{?subject ?property &lt;http://dbpedia.org/resource/Claudio_Treves&gt;.
}}
select distinct ?subject ?property 
where 
 { GRAPH &lt;http://dbpedia.org&gt;{?subject ?property &lt;http://dbpedia.org/resource/Constantin_Levaditi&gt;.
}}
select distinct ?subject ?property 
where 
 { GRAPH &lt;http://dbpedia.org&gt;{?subject ?property &lt;http://dbpedia.org/resource/César-Mansuète_Despretz&gt;.
}}
select distinct ?subject ?property 
where 
 { GRAPH &lt;http://dbpedia.org&gt;{?subject ?property &lt;http://dbpedia.org/resource/David_Ferdinand_Koreff&gt;.
}}
select distinct ?subject ?property 
where 
 { GRAPH &lt;http://dbpedia.org&gt;{?subject ?property &lt;http://dbpedia.org/resource/Denis_Decrès&gt;.
}}
select distinct ?subject ?property 
where 
 { GRAPH &lt;http://dbpedia.org&gt;{?subject ?property &lt;http://dbpedia.org/resource/Elizabeth_Bradley&gt;.
}}
select distinct ?subject ?property 
where 
 { GRAPH &lt;http://dbpedia.org&gt;{?subject ?property &lt;http://dbpedia.org/resource/Francis_Carco&gt;.
}}
select distinct ?subject ?property 
where 
 { GRAPH &lt;http://dbpedia.org&gt;{?subject ?property &lt;http://dbpedia.org/resource/François_Anthoine&gt;.
}}
select distinct ?subject ?property 
where 
 { GRAPH &lt;http://dbpedia.org&gt;{?subject ?property &lt;http://dbpedia.org/resource/François_Dupré&gt;.
}}
select distinct ?subject ?property 
where 
 { GRAPH &lt;http://dbpedia.org&gt;{?subject ?property &lt;http://dbpedia.org/resource/François_Lespingola&gt;.
}}
select distinct ?subject ?property 
where 
 { GRAPH &lt;http://dbpedia.org&gt;{?subject ?property &lt;http://dbpedia.org/resource/Félix_Esquirou_de_Parieu&gt;.
}}
select distinct ?subject ?property 
where 
 { GRAPH &lt;http://dbpedia.org&gt;{?subject ?property &lt;http://dbpedia.org/resource/Gabriel_Louis_Angoulvant&gt;.
}}
select distinct ?subject ?property 
where 
 { GRAPH &lt;http://dbpedia.org&gt;{?subject ?property &lt;http://dbpedia.org/resource/Georges_Painvin&gt;.
}}
select distinct ?subject ?property 
where 
 { GRAPH &lt;http://dbpedia.org&gt;{?subject ?property &lt;http://dbpedia.org/resource/Gilles_Aillaud&gt;.
}}
select distinct ?subject ?property 
where 
 { GRAPH &lt;http://dbpedia.org&gt;{?subject ?property &lt;http://dbpedia.org/resource/Gilles_Guérin&gt;.
}}
select distinct ?subject ?property 
where 
 { GRAPH &lt;http://dbpedia.org&gt;{?subject ?property &lt;http://dbpedia.org/resource/Guy_Laroche&gt;.
}}
select distinct ?subject ?property 
where 
 { GRAPH &lt;http://dbpedia.org&gt;{?subject ?property &lt;http://dbpedia.org/resource/Henri-Paul_Motte&gt;.
}}
select distinct ?subject ?property 
where 
 { GRAPH &lt;http://dbpedia.org&gt;{?subject ?property &lt;http://dbpedia.org/resource/Henry_of_Franconia&gt;.
}}
select distinct ?subject ?property 
where 
 { GRAPH &lt;http://dbpedia.org&gt;{?subject ?property &lt;http://dbpedia.org/resource/Hippolyte_Mège-Mouriès&gt;.
}}
select distinct ?subject ?property 
where 
 { GRAPH &lt;http://dbpedia.org&gt;{?subject ?property &lt;http://dbpedia.org/resource/Hubert_Rostaing&gt;.
}}
select distinct ?subject ?property 
where 
 { GRAPH &lt;http://dbpedia.org&gt;{?subject ?property &lt;http://dbpedia.org/resource/Jacques_Goddet&gt;.
}}
select distinct ?subject ?property 
where 
 { GRAPH &lt;http://dbpedia.org&gt;{?subject ?property &lt;http://dbpedia.org/resource/Jean-Pierre_Clément&gt;.
}}
select distinct ?subject ?property 
where 
 { GRAPH &lt;http://dbpedia.org&gt;{?subject ?property &lt;http://dbpedia.org/resource/Jean-Pierre_Nicéron&gt;.
}}
select distinct ?subject ?property 
where 
 { GRAPH &lt;http://dbpedia.org&gt;{?subject ?property &lt;http://dbpedia.org/resource/Jean_Antoine_Injalbert&gt;.
}}
select distinct ?subject ?property 
where 
 { GRAPH &lt;http://dbpedia.org&gt;{?subject ?property &lt;http://dbpedia.org/resource/Jean_Hamburger&gt;.
}}
select distinct ?subject ?property 
where 
 { GRAPH &lt;http://dbpedia.org&gt;{?subject ?property &lt;http://dbpedia.org/resource/Jean_Mistler&gt;.
}}
select distinct ?subject ?property 
where 
 { GRAPH &lt;http://dbpedia.org&gt;{?subject ?property &lt;http://dbpedia.org/resource/Jean_de_Beaugrand&gt;.
}}
select distinct ?subject ?property 
where 
 { GRAPH &lt;http://dbpedia.org&gt;{?subject ?property &lt;http://dbpedia.org/resource/John_Cooper_(hurdler)&gt;.
}}
select distinct ?subject ?property 
where 
 { GRAPH &lt;http://dbpedia.org&gt;{?subject ?property &lt;http://dbpedia.org/resource/José_White_Lafitte&gt;.
}}
select distinct ?subject ?property 
where 
 { GRAPH &lt;http://dbpedia.org&gt;{?subject ?property &lt;http://dbpedia.org/resource/Jules-Robert_de_Cotte&gt;.
}}
select distinct ?subject ?property 
where 
 { GRAPH &lt;http://dbpedia.org&gt;{?subject ?property &lt;http://dbpedia.org/resource/Jules_Porgès&gt;.
}}
select distinct ?subject ?property 
where 
 { GRAPH &lt;http://dbpedia.org&gt;{?subject ?property &lt;http://dbpedia.org/resource/Justinien_de_Clary&gt;.
}}
select distinct ?subject ?property 
where 
 { GRAPH &lt;http://dbpedia.org&gt;{?subject ?property &lt;http://dbpedia.org/resource/King_Kester_Emeneya&gt;.
}}
select distinct ?subject ?property 
where 
 { GRAPH &lt;http://dbpedia.org&gt;{?subject ?property &lt;http://dbpedia.org/resource/Louis_Thiroux_de_Crosne&gt;.
}}
select distinct ?subject ?property 
where 
 { GRAPH &lt;http://dbpedia.org&gt;{?subject ?property &lt;http://dbpedia.org/resource/Lucien_Bodard&gt;.
}}
select distinct ?subject ?property 
where 
 { GRAPH &lt;http://dbpedia.org&gt;{?subject ?property &lt;http://dbpedia.org/resource/Maurice_Kriegel-Valrimont&gt;.
}}
select distinct ?subject ?property 
where 
 { GRAPH &lt;http://dbpedia.org&gt;{?subject ?property &lt;http://dbpedia.org/resource/Maurice_Sarrail&gt;.
}}
select distinct ?subject ?property 
where 
 { GRAPH &lt;http://dbpedia.org&gt;{?subject ?property &lt;http://dbpedia.org/resource/Moritz_Hochschild&gt;.
}}
select distinct ?subject ?property 
where 
 { GRAPH &lt;http://dbpedia.org&gt;{?subject ?property &lt;http://dbpedia.org/resource/Nicolas_Pineau&gt;.
}}
select distinct ?subject ?property 
where 
 { GRAPH &lt;http://dbpedia.org&gt;{?subject ?property &lt;http://dbpedia.org/resource/Paul_Duboc&gt;.
}}
select distinct ?subject ?property 
where 
 { GRAPH &lt;http://dbpedia.org&gt;{?subject ?property &lt;http://dbpedia.org/resource/Pierre_Brumoy&gt;.
}}
select distinct ?subject ?property 
where 
 { GRAPH &lt;http://dbpedia.org&gt;{?subject ?property &lt;http://dbpedia.org/resource/Pierre_Dupuis&gt;.
}}
select distinct ?subject ?property 
where 
 { GRAPH &lt;http://dbpedia.org&gt;{?subject ?property &lt;http://dbpedia.org/resource/Pierre_Rossier&gt;.
}}
select distinct ?subject ?property 
where 
 { GRAPH &lt;http://dbpedia.org&gt;{?subject ?property &lt;http://dbpedia.org/resource/René_Jeannel&gt;.
}}
select distinct ?subject ?property 
where 
 { GRAPH &lt;http://dbpedia.org&gt;{?subject ?property &lt;http://dbpedia.org/resource/Ricardo_Güiraldes&gt;.
}}
select distinct ?subject ?property 
where 
 { GRAPH &lt;http://dbpedia.org&gt;{?subject ?property &lt;http://dbpedia.org/resource/Roger_de_Barbarin&gt;.
}}
select distinct ?subject ?property 
where 
 { GRAPH &lt;http://dbpedia.org&gt;{?subject ?property &lt;http://dbpedia.org/resource/Théophile_Marion_Dumersan&gt;.
}}
select distinct ?subject ?property 
where 
 { GRAPH &lt;http://dbpedia.org&gt;{?subject ?property &lt;http://dbpedia.org/resource/Vincent_Houdry&gt;.
}}
select distinct ?subject ?property 
where 
 { GRAPH &lt;http://dbpedia.org&gt;{?subject ?property &lt;http://dbpedia.org/resource/Albert_Bartholomé&gt;.
}}
select distinct ?subject ?property 
where 
 { GRAPH &lt;http://dbpedia.org&gt;{?subject ?property &lt;http://dbpedia.org/resource/Albin_Roussin&gt;.
}}
select distinct ?subject ?property 
where 
 { GRAPH &lt;http://dbpedia.org&gt;{?subject ?property &lt;http://dbpedia.org/resource/Alexandra_Boulat&gt;.
}}
select distinct ?subject ?property 
where 
 { GRAPH &lt;http://dbpedia.org&gt;{?subject ?property &lt;http://dbpedia.org/resource/Alexandre_Antigna&gt;.
}}
select distinct ?subject ?property 
where 
 { GRAPH &lt;http://dbpedia.org&gt;{?subject ?property &lt;http://dbpedia.org/resource/Alexandre_Jacovleff&gt;.
}}
select distinct ?subject ?property 
where 
 { GRAPH &lt;http://dbpedia.org&gt;{?subject ?property &lt;http://dbpedia.org/resource/André_Hekking&gt;.
}}
select distinct ?subject ?property 
where 
 { GRAPH &lt;http://dbpedia.org&gt;{?subject ?property &lt;http://dbpedia.org/resource/Ange-François_Fariau&gt;.
}}
select distinct ?subject ?property 
where 
 { GRAPH &lt;http://dbpedia.org&gt;{?subject ?property &lt;http://dbpedia.org/resource/Antoine_Danchet&gt;.
}}
select distinct ?subject ?property 
where 
 { GRAPH &lt;http://dbpedia.org&gt;{?subject ?property &lt;http://dbpedia.org/resource/Antoine_Simon&gt;.
}}
select distinct ?subject ?property 
where 
 { GRAPH &lt;http://dbpedia.org&gt;{?subject ?property &lt;http://dbpedia.org/resource/Antonio_Franconi&gt;.
}}
select distinct ?subject ?property 
where 
 { GRAPH &lt;http://dbpedia.org&gt;{?subject ?property &lt;http://dbpedia.org/resource/Arthur_MacEvoy&gt;.
}}
select distinct ?subject ?property 
where 
 { GRAPH &lt;http://dbpedia.org&gt;{?subject ?property &lt;http://dbpedia.org/resource/Augustin_Renaudet&gt;.
}}
select distinct ?subject ?property 
where 
 { GRAPH &lt;http://dbpedia.org&gt;{?subject ?property &lt;http://dbpedia.org/resource/Barthélemy_Prieur&gt;.
}}
select distinct ?subject ?property 
where 
 { GRAPH &lt;http://dbpedia.org&gt;{?subject ?property &lt;http://dbpedia.org/resource/Bernard_Laidebeur&gt;.
}}
select distinct ?subject ?property 
where 
 { GRAPH &lt;http://dbpedia.org&gt;{?subject ?property &lt;http://dbpedia.org/resource/Boris_Souvarine&gt;.
}}
select distinct ?subject ?property 
where 
 { GRAPH &lt;http://dbpedia.org&gt;{?subject ?property &lt;http://dbpedia.org/resource/Camille_Armand_Jules_Marie,_Prince_de_Polignac&gt;.
}}
select distinct ?subject ?property 
where 
 { GRAPH &lt;http://dbpedia.org&gt;{?subject ?property &lt;http://dbpedia.org/resource/Charles_Marie_Louis_Joseph_Sarrabezolles&gt;.
}}
select distinct ?subject ?property 
where 
 { GRAPH &lt;http://dbpedia.org&gt;{?subject ?property &lt;http://dbpedia.org/resource/Charles_Picard&gt;.
}}
select distinct ?subject ?property 
where 
 { GRAPH &lt;http://dbpedia.org&gt;{?subject ?property &lt;http://dbpedia.org/resource/Charles_Poulenard&gt;.
}}
select distinct ?subject ?property 
where 
 { GRAPH &lt;http://dbpedia.org&gt;{?subject ?property &lt;http://dbpedia.org/resource/Christian_Bérard&gt;.
}}
select distinct ?subject ?property 
where 
 { GRAPH &lt;http://dbpedia.org&gt;{?subject ?property &lt;http://dbpedia.org/resource/Christian_Thams&gt;.
}}
select distinct ?subject ?property 
where 
 { GRAPH &lt;http://dbpedia.org&gt;{?subject ?property &lt;http://dbpedia.org/resource/Christophe-Gabriel_Allegrain&gt;.
}}
select distinct ?subject ?property 
where 
 { GRAPH &lt;http://dbpedia.org&gt;{?subject ?property &lt;http://dbpedia.org/resource/Claude_Bazin_de_Bezons&gt;.
}}
select distinct ?subject ?property 
where 
 { GRAPH &lt;http://dbpedia.org&gt;{?subject ?property &lt;http://dbpedia.org/resource/Clementia_of_Hungary&gt;.
}}
select distinct ?subject ?property 
where 
 { GRAPH &lt;http://dbpedia.org&gt;{?subject ?property &lt;http://dbpedia.org/resource/César_d&apos;Estrées&gt;.
}}
select distinct ?subject ?property 
where 
 { GRAPH &lt;http://dbpedia.org&gt;{?subject ?property &lt;http://dbpedia.org/resource/Daniel_Gélin&gt;.
}}
select distinct ?subject ?property 
where 
 { GRAPH &lt;http://dbpedia.org&gt;{?subject ?property &lt;http://dbpedia.org/resource/David_Rousset&gt;.
}}
select distinct ?subject ?property 
where 
 { GRAPH &lt;http://dbpedia.org&gt;{?subject ?property &lt;http://dbpedia.org/resource/Demesvar_Delorme&gt;.
}}
select distinct ?subject ?property 
where 
 { GRAPH &lt;http://dbpedia.org&gt;{?subject ?property &lt;http://dbpedia.org/resource/Elizabeth_Jane_Gardner&gt;.
}}
select distinct ?subject ?property 
where 
 { GRAPH &lt;http://dbpedia.org&gt;{?subject ?property &lt;http://dbpedia.org/resource/Ernest-François_Mallard&gt;.
}}
select distinct ?subject ?property 
where 
 { GRAPH &lt;http://dbpedia.org&gt;{?subject ?property &lt;http://dbpedia.org/resource/Fernand_Pelez&gt;.
}}
select distinct ?subject ?property 
where 
 { GRAPH &lt;http://dbpedia.org&gt;{?subject ?property &lt;http://dbpedia.org/resource/Francis_Jourdain&gt;.
}}
select distinct ?subject ?property 
where 
 { GRAPH &lt;http://dbpedia.org&gt;{?subject ?property &lt;http://dbpedia.org/resource/François_Annibal_d&apos;Estrées&gt;.
}}
select distinct ?subject ?property 
where 
 { GRAPH &lt;http://dbpedia.org&gt;{?subject ?property &lt;http://dbpedia.org/resource/François_Hennebique&gt;.
}}
select distinct ?subject ?property 
where 
 { GRAPH &lt;http://dbpedia.org&gt;{?subject ?property &lt;http://dbpedia.org/resource/François_Pyrard_de_Laval&gt;.
}}
select distinct ?subject ?property 
where 
 { GRAPH &lt;http://dbpedia.org&gt;{?subject ?property &lt;http://dbpedia.org/resource/François_de_Troy&gt;.
}}
select distinct ?subject ?property 
where 
 { GRAPH &lt;http://dbpedia.org&gt;{?subject ?property &lt;http://dbpedia.org/resource/Fred_(cartoonist)&gt;.
}}
select distinct ?subject ?property 
where 
 { GRAPH &lt;http://dbpedia.org&gt;{?subject ?property &lt;http://dbpedia.org/resource/Frédéric_Marcelin&gt;.
}}
select distinct ?subject ?property 
where 
 { GRAPH &lt;http://dbpedia.org&gt;{?subject ?property &lt;http://dbpedia.org/resource/Gaspard_Le_Roux&gt;.
}}
select distinct ?subject ?property 
where 
 { GRAPH &lt;http://dbpedia.org&gt;{?subject ?property &lt;http://dbpedia.org/resource/Henri_Caïn&gt;.
}}
select distinct ?subject ?property 
where 
 { GRAPH &lt;http://dbpedia.org&gt;{?subject ?property &lt;http://dbpedia.org/resource/Henri_Ghéon&gt;.
}}
select distinct ?subject ?property 
where 
 { GRAPH &lt;http://dbpedia.org&gt;{?subject ?property &lt;http://dbpedia.org/resource/Henri_Le_Sidaner&gt;.
}}
select distinct ?subject ?property 
where 
 { GRAPH &lt;http://dbpedia.org&gt;{?subject ?property &lt;http://dbpedia.org/resource/Henriette_Renié&gt;.
}}
select distinct ?subject ?property 
where 
 { GRAPH &lt;http://dbpedia.org&gt;{?subject ?property &lt;http://dbpedia.org/resource/Henry_Février&gt;.
}}
select distinct ?subject ?property 
where 
 { GRAPH &lt;http://dbpedia.org&gt;{?subject ?property &lt;http://dbpedia.org/resource/Henry_de_Jouvenel&gt;.
}}
select distinct ?subject ?property 
where 
 { GRAPH &lt;http://dbpedia.org&gt;{?subject ?property &lt;http://dbpedia.org/resource/Herman_van_Swanevelt&gt;.
}}
select distinct ?subject ?property 
where 
 { GRAPH &lt;http://dbpedia.org&gt;{?subject ?property &lt;http://dbpedia.org/resource/Hippolyte_Camille_Delpy&gt;.
}}
select distinct ?subject ?property 
where 
 { GRAPH &lt;http://dbpedia.org&gt;{?subject ?property &lt;http://dbpedia.org/resource/Jacques-Eugène_Feyen&gt;.
}}
select distinct ?subject ?property 
where 
 { GRAPH &lt;http://dbpedia.org&gt;{?subject ?property &lt;http://dbpedia.org/resource/Jacques_Charles_Brunet&gt;.
}}
select distinct ?subject ?property 
where 
 { GRAPH &lt;http://dbpedia.org&gt;{?subject ?property &lt;http://dbpedia.org/resource/Jacques_Jansen&gt;.
}}
select distinct ?subject ?property 
where 
 { GRAPH &lt;http://dbpedia.org&gt;{?subject ?property &lt;http://dbpedia.org/resource/Jacques_Spitz&gt;.
}}
select distinct ?subject ?property 
where 
 { GRAPH &lt;http://dbpedia.org&gt;{?subject ?property &lt;http://dbpedia.org/resource/Jean-Baptiste_Tuby&gt;.
}}
select distinct ?subject ?property 
where 
 { GRAPH &lt;http://dbpedia.org&gt;{?subject ?property &lt;http://dbpedia.org/resource/Jean-Louis-Marc_Alibert&gt;.
}}
select distinct ?subject ?property 
where 
 { GRAPH &lt;http://dbpedia.org&gt;{?subject ?property &lt;http://dbpedia.org/resource/Jean-Philippe_Lauer&gt;.
}}
select distinct ?subject ?property 
where 
 { GRAPH &lt;http://dbpedia.org&gt;{?subject ?property &lt;http://dbpedia.org/resource/Jean_Dupas&gt;.
}}
select distinct ?subject ?property 
where 
 { GRAPH &lt;http://dbpedia.org&gt;{?subject ?property &lt;http://dbpedia.org/resource/Jean_Nicolas_Houchard&gt;.
}}
select distinct ?subject ?property 
where 
 { GRAPH &lt;http://dbpedia.org&gt;{?subject ?property &lt;http://dbpedia.org/resource/Jean_d&apos;Estrées&gt;.
}}
select distinct ?subject ?property 
where 
 { GRAPH &lt;http://dbpedia.org&gt;{?subject ?property &lt;http://dbpedia.org/resource/Joan_the_Lame&gt;.
}}
select distinct ?subject ?property 
where 
 { GRAPH &lt;http://dbpedia.org&gt;{?subject ?property &lt;http://dbpedia.org/resource/Jules_Adenis&gt;.
}}
select distinct ?subject ?property 
where 
 { GRAPH &lt;http://dbpedia.org&gt;{?subject ?property &lt;http://dbpedia.org/resource/Lili_Boniche&gt;.
}}
select distinct ?subject ?property 
where 
 { GRAPH &lt;http://dbpedia.org&gt;{?subject ?property &lt;http://dbpedia.org/resource/Louis-Anne-Jean_Brocq&gt;.
}}
select distinct ?subject ?property 
where 
 { GRAPH &lt;http://dbpedia.org&gt;{?subject ?property &lt;http://dbpedia.org/resource/Louis-François_Duplessis_de_Mornay&gt;.
}}
select distinct ?subject ?property 
where 
 { GRAPH &lt;http://dbpedia.org&gt;{?subject ?property &lt;http://dbpedia.org/resource/Louis_Dumoulin&gt;.
}}
select distinct ?subject ?property 
where 
 { GRAPH &lt;http://dbpedia.org&gt;{?subject ?property &lt;http://dbpedia.org/resource/Louis_Jean_Girod&gt;.
}}
select distinct ?subject ?property 
where 
 { GRAPH &lt;http://dbpedia.org&gt;{?subject ?property &lt;http://dbpedia.org/resource/Louis_Métezeau&gt;.
}}
select distinct ?subject ?property 
where 
 { GRAPH &lt;http://dbpedia.org&gt;{?subject ?property &lt;http://dbpedia.org/resource/Louise_Laroche&gt;.
}}
select distinct ?subject ?property 
where 
 { GRAPH &lt;http://dbpedia.org&gt;{?subject ?property &lt;http://dbpedia.org/resource/Marcelle_Lalou&gt;.
}}
select distinct ?subject ?property 
where 
 { GRAPH &lt;http://dbpedia.org&gt;{?subject ?property &lt;http://dbpedia.org/resource/Marie-Jean-Lucien_Lacaze&gt;.
}}
select distinct ?subject ?property 
where 
 { GRAPH &lt;http://dbpedia.org&gt;{?subject ?property &lt;http://dbpedia.org/resource/Martin_Desjardins&gt;.
}}
select distinct ?subject ?property 
where 
 { GRAPH &lt;http://dbpedia.org&gt;{?subject ?property &lt;http://dbpedia.org/resource/Martin_Pierre_Marsick&gt;.
}}
select distinct ?subject ?property 
where 
 { GRAPH &lt;http://dbpedia.org&gt;{?subject ?property &lt;http://dbpedia.org/resource/Maurice_Delvart&gt;.
}}
select distinct ?subject ?property 
where 
 { GRAPH &lt;http://dbpedia.org&gt;{?subject ?property &lt;http://dbpedia.org/resource/Maurice_Ronet&gt;.
}}
select distinct ?subject ?property 
where 
 { GRAPH &lt;http://dbpedia.org&gt;{?subject ?property &lt;http://dbpedia.org/resource/Michel_Pinseau&gt;.
}}
select distinct ?subject ?property 
where 
 { GRAPH &lt;http://dbpedia.org&gt;{?subject ?property &lt;http://dbpedia.org/resource/Michel_Tapié&gt;.
}}
select distinct ?subject ?property 
where 
 { GRAPH &lt;http://dbpedia.org&gt;{?subject ?property &lt;http://dbpedia.org/resource/Mikhail_Scotti&gt;.
}}
select distinct ?subject ?property 
where 
 { GRAPH &lt;http://dbpedia.org&gt;{?subject ?property &lt;http://dbpedia.org/resource/Natalie_of_Serbia&gt;.
}}
select distinct ?subject ?property 
where 
 { GRAPH &lt;http://dbpedia.org&gt;{?subject ?property &lt;http://dbpedia.org/resource/Nestor_L&apos;Hôte&gt;.
}}
select distinct ?subject ?property 
where 
 { GRAPH &lt;http://dbpedia.org&gt;{?subject ?property &lt;http://dbpedia.org/resource/Nicolas-André_Monsiau&gt;.
}}
select distinct ?subject ?property 
where 
 { GRAPH &lt;http://dbpedia.org&gt;{?subject ?property &lt;http://dbpedia.org/resource/Nicolas_Benjamin_Delapierre&gt;.
}}
select distinct ?subject ?property 
where 
 { GRAPH &lt;http://dbpedia.org&gt;{?subject ?property &lt;http://dbpedia.org/resource/Nino_Frank&gt;.
}}
select distinct ?subject ?property 
where 
 { GRAPH &lt;http://dbpedia.org&gt;{?subject ?property &lt;http://dbpedia.org/resource/Noël_Hallé&gt;.
}}
select distinct ?subject ?property 
where 
 { GRAPH &lt;http://dbpedia.org&gt;{?subject ?property &lt;http://dbpedia.org/resource/Octave_Mannoni&gt;.
}}
select distinct ?subject ?property 
where 
 { GRAPH &lt;http://dbpedia.org&gt;{?subject ?property &lt;http://dbpedia.org/resource/Pascal_Pia&gt;.
}}
select distinct ?subject ?property 
where 
 { GRAPH &lt;http://dbpedia.org&gt;{?subject ?property &lt;http://dbpedia.org/resource/Paul_Féval,_fils&gt;.
}}
select distinct ?subject ?property 
where 
 { GRAPH &lt;http://dbpedia.org&gt;{?subject ?property &lt;http://dbpedia.org/resource/Paul_Milliet&gt;.
}}
select distinct ?subject ?property 
where 
 { GRAPH &lt;http://dbpedia.org&gt;{?subject ?property &lt;http://dbpedia.org/resource/Paul_Trouillebert&gt;.
}}
select distinct ?subject ?property 
where 
 { GRAPH &lt;http://dbpedia.org&gt;{?subject ?property &lt;http://dbpedia.org/resource/Pauline_Félicité_de_Mailly&gt;.
}}
select distinct ?subject ?property 
where 
 { GRAPH &lt;http://dbpedia.org&gt;{?subject ?property &lt;http://dbpedia.org/resource/Peter_Paludanus&gt;.
}}
select distinct ?subject ?property 
where 
 { GRAPH &lt;http://dbpedia.org&gt;{?subject ?property &lt;http://dbpedia.org/resource/Philippe_Diolé&gt;.
}}
select distinct ?subject ?property 
where 
 { GRAPH &lt;http://dbpedia.org&gt;{?subject ?property &lt;http://dbpedia.org/resource/Philippe_Gille&gt;.
}}
select distinct ?subject ?property 
where 
 { GRAPH &lt;http://dbpedia.org&gt;{?subject ?property &lt;http://dbpedia.org/resource/Pierre-Georges_Latécoère&gt;.
}}
select distinct ?subject ?property 
where 
 { GRAPH &lt;http://dbpedia.org&gt;{?subject ?property &lt;http://dbpedia.org/resource/Pierre-Sylvain_Régis&gt;.
}}
select distinct ?subject ?property 
where 
 { GRAPH &lt;http://dbpedia.org&gt;{?subject ?property &lt;http://dbpedia.org/resource/Pierre_Failliot&gt;.
}}
select distinct ?subject ?property 
where 
 { GRAPH &lt;http://dbpedia.org&gt;{?subject ?property &lt;http://dbpedia.org/resource/Pierre_Le_Muet&gt;.
}}
select distinct ?subject ?property 
where 
 { GRAPH &lt;http://dbpedia.org&gt;{?subject ?property &lt;http://dbpedia.org/resource/Pierre_Marie&gt;.
}}
select distinct ?subject ?property 
where 
 { GRAPH &lt;http://dbpedia.org&gt;{?subject ?property &lt;http://dbpedia.org/resource/Pierre_Paul_Dehérain&gt;.
}}
select distinct ?subject ?property 
where 
 { GRAPH &lt;http://dbpedia.org&gt;{?subject ?property &lt;http://dbpedia.org/resource/Pierre_de_L&apos;Estoile&gt;.
}}
select distinct ?subject ?property 
where 
 { GRAPH &lt;http://dbpedia.org&gt;{?subject ?property &lt;http://dbpedia.org/resource/Prince_Naruhisa_Kitashirakawa&gt;.
}}
select distinct ?subject ?property 
where 
 { GRAPH &lt;http://dbpedia.org&gt;{?subject ?property &lt;http://dbpedia.org/resource/Richard_W._Parker&gt;.
}}
select distinct ?subject ?property 
where 
 { GRAPH &lt;http://dbpedia.org&gt;{?subject ?property &lt;http://dbpedia.org/resource/Robert_Gall&gt;.
}}
select distinct ?subject ?property 
where 
 { GRAPH &lt;http://dbpedia.org&gt;{?subject ?property &lt;http://dbpedia.org/resource/Rolf_Stein&gt;.
}}
select distinct ?subject ?property 
where 
 { GRAPH &lt;http://dbpedia.org&gt;{?subject ?property &lt;http://dbpedia.org/resource/Sergei_Melgunov&gt;.
}}
select distinct ?subject ?property 
where 
 { GRAPH &lt;http://dbpedia.org&gt;{?subject ?property &lt;http://dbpedia.org/resource/Stanislas_de_Guaita&gt;.
}}
select distinct ?subject ?property 
where 
 { GRAPH &lt;http://dbpedia.org&gt;{?subject ?property &lt;http://dbpedia.org/resource/Sylvain_Auguste_de_Marseul&gt;.
}}
select distinct ?subject ?property 
where 
 { GRAPH &lt;http://dbpedia.org&gt;{?subject ?property &lt;http://dbpedia.org/resource/Tony_D&apos;Amario&gt;.
}}
select distinct ?subject ?property 
where 
 { GRAPH &lt;http://dbpedia.org&gt;{?subject ?property &lt;http://dbpedia.org/resource/Victor-Marie_d&apos;Estrées&gt;.
}}
select distinct ?subject ?property 
where 
 { GRAPH &lt;http://dbpedia.org&gt;{?subject ?property &lt;http://dbpedia.org/resource/?douard_Blau&gt;.
}}
select distinct ?subject ?property 
where 
 { GRAPH &lt;http://dbpedia.org&gt;{?subject ?property &lt;http://dbpedia.org/resource/?lisabeth_de_Vaudey&gt;.
}}
select distinct ?subject ?property 
where 
 { GRAPH &lt;http://dbpedia.org&gt;{?subject ?property &lt;http://dbpedia.org/resource/?mile_Paladilhe&gt;.
}}
select distinct ?subject ?property 
where 
 { GRAPH &lt;http://dbpedia.org&gt;{?subject ?property &lt;http://dbpedia.org/resource/André_Morice&gt;.
}}
select distinct ?subject ?property 
where 
 { GRAPH &lt;http://dbpedia.org&gt;{?subject ?property &lt;http://dbpedia.org/resource/?douard_Bonnefous&gt;.
}}
select distinct ?subject ?property 
where 
 { GRAPH &lt;http://dbpedia.org&gt;{?subject ?property &lt;http://dbpedia.org/resource/Catherine_Théot&gt;.
}}
select distinct ?subject ?property 
where 
 { GRAPH &lt;http://dbpedia.org&gt;{?subject ?property &lt;http://dbpedia.org/resource/Abraham_Salomon_Camondo&gt;.
}}
select distinct ?subject ?property 
where 
 { GRAPH &lt;http://dbpedia.org&gt;{?subject ?property &lt;http://dbpedia.org/resource/Arthur_de_Montauban&gt;.
}}
select distinct ?subject ?property 
where 
 { GRAPH &lt;http://dbpedia.org&gt;{?subject ?property &lt;http://dbpedia.org/resource/Alfred_Jaëll&gt;.
}}
select distinct ?subject ?property 
where 
 { GRAPH &lt;http://dbpedia.org&gt;{?subject ?property &lt;http://dbpedia.org/resource/Alicia_Penalba&gt;.
}}
select distinct ?subject ?property 
where 
 { GRAPH &lt;http://dbpedia.org&gt;{?subject ?property &lt;http://dbpedia.org/resource/Alphonse_François&gt;.
}}
select distinct ?subject ?property 
where 
 { GRAPH &lt;http://dbpedia.org&gt;{?subject ?property &lt;http://dbpedia.org/resource/Anna_Heinel&gt;.
}}
select distinct ?subject ?property 
where 
 { GRAPH &lt;http://dbpedia.org&gt;{?subject ?property &lt;http://dbpedia.org/resource/Armand_Gaston_Maximilien_de_Rohan&gt;.
}}
select distinct ?subject ?property 
where 
 { GRAPH &lt;http://dbpedia.org&gt;{?subject ?property &lt;http://dbpedia.org/resource/Bronis?aw_Pi?sudski&gt;.
}}
select distinct ?subject ?property 
where 
 { GRAPH &lt;http://dbpedia.org&gt;{?subject ?property &lt;http://dbpedia.org/resource/Catherine_Jourdan&gt;.
}}
select distinct ?subject ?property 
where 
 { GRAPH &lt;http://dbpedia.org&gt;{?subject ?property &lt;http://dbpedia.org/resource/Champmeslé&gt;.
}}
select distinct ?subject ?property 
where 
 { GRAPH &lt;http://dbpedia.org&gt;{?subject ?property &lt;http://dbpedia.org/resource/Charles_Virolleaud&gt;.
}}
select distinct ?subject ?property 
where 
 { GRAPH &lt;http://dbpedia.org&gt;{?subject ?property &lt;http://dbpedia.org/resource/Charles_de_Viel-Castel&gt;.
}}
select distinct ?subject ?property 
where 
 { GRAPH &lt;http://dbpedia.org&gt;{?subject ?property &lt;http://dbpedia.org/resource/Denis_Jourdanet&gt;.
}}
select distinct ?subject ?property 
where 
 { GRAPH &lt;http://dbpedia.org&gt;{?subject ?property &lt;http://dbpedia.org/resource/Gina_Pane&gt;.
}}
select distinct ?subject ?property 
where 
 { GRAPH &lt;http://dbpedia.org&gt;{?subject ?property &lt;http://dbpedia.org/resource/Gustave_Singier&gt;.
}}
select distinct ?subject ?property 
where 
 { GRAPH &lt;http://dbpedia.org&gt;{?subject ?property &lt;http://dbpedia.org/resource/Henri_Le_Fauconnier&gt;.
}}
select distinct ?subject ?property 
where 
 { GRAPH &lt;http://dbpedia.org&gt;{?subject ?property &lt;http://dbpedia.org/resource/Henri_Negresco&gt;.
}}
select distinct ?subject ?property 
where 
 { GRAPH &lt;http://dbpedia.org&gt;{?subject ?property &lt;http://dbpedia.org/resource/Hiroko_Matsumoto&gt;.
}}
select distinct ?subject ?property 
where 
 { GRAPH &lt;http://dbpedia.org&gt;{?subject ?property &lt;http://dbpedia.org/resource/Jacques_Aved&gt;.
}}
select distinct ?subject ?property 
where 
 { GRAPH &lt;http://dbpedia.org&gt;{?subject ?property &lt;http://dbpedia.org/resource/Jean-Baptiste_du_Hamel&gt;.
}}
select distinct ?subject ?property 
where 
 { GRAPH &lt;http://dbpedia.org&gt;{?subject ?property &lt;http://dbpedia.org/resource/Jean-Charles_François&gt;.
}}
select distinct ?subject ?property 
where 
 { GRAPH &lt;http://dbpedia.org&gt;{?subject ?property &lt;http://dbpedia.org/resource/Jean_Philippe_d&apos;Orléans&gt;.
}}
select distinct ?subject ?property 
where 
 { GRAPH &lt;http://dbpedia.org&gt;{?subject ?property &lt;http://dbpedia.org/resource/Jean_Piaubert&gt;.
}}
select distinct ?subject ?property 
where 
 { GRAPH &lt;http://dbpedia.org&gt;{?subject ?property &lt;http://dbpedia.org/resource/Jeanne_Samary&gt;.
}}
select distinct ?subject ?property 
where 
 { GRAPH &lt;http://dbpedia.org&gt;{?subject ?property &lt;http://dbpedia.org/resource/J?zef_Hecht&gt;.
}}
select distinct ?subject ?property 
where 
 { GRAPH &lt;http://dbpedia.org&gt;{?subject ?property &lt;http://dbpedia.org/resource/Louis_Vivin&gt;.
}}
select distinct ?subject ?property 
where 
 { GRAPH &lt;http://dbpedia.org&gt;{?subject ?property &lt;http://dbpedia.org/resource/Madame_de_Rémusat&gt;.
}}
select distinct ?subject ?property 
where 
 { GRAPH &lt;http://dbpedia.org&gt;{?subject ?property &lt;http://dbpedia.org/resource/Marc_Augier&gt;.
}}
select distinct ?subject ?property 
where 
 { GRAPH &lt;http://dbpedia.org&gt;{?subject ?property &lt;http://dbpedia.org/resource/Marcel_Vertès&gt;.
}}
select distinct ?subject ?property 
where 
 { GRAPH &lt;http://dbpedia.org&gt;{?subject ?property &lt;http://dbpedia.org/resource/Marguerite_Gourdan&gt;.
}}
select distinct ?subject ?property 
where 
 { GRAPH &lt;http://dbpedia.org&gt;{?subject ?property &lt;http://dbpedia.org/resource/Marie-Madeleine_Duruflé&gt;.
}}
select distinct ?subject ?property 
where 
 { GRAPH &lt;http://dbpedia.org&gt;{?subject ?property &lt;http://dbpedia.org/resource/Mary_Marquet&gt;.
}}
select distinct ?subject ?property 
where 
 { GRAPH &lt;http://dbpedia.org&gt;{?subject ?property &lt;http://dbpedia.org/resource/Mathurin_Méheut&gt;.
}}
select distinct ?subject ?property 
where 
 { GRAPH &lt;http://dbpedia.org&gt;{?subject ?property &lt;http://dbpedia.org/resource/Maximilien_Gardel&gt;.
}}
select distinct ?subject ?property 
where 
 { GRAPH &lt;http://dbpedia.org&gt;{?subject ?property &lt;http://dbpedia.org/resource/Michel_Goudchaux&gt;.
}}
select distinct ?subject ?property 
where 
 { GRAPH &lt;http://dbpedia.org&gt;{?subject ?property &lt;http://dbpedia.org/resource/Nicolas_Cop&gt;.
}}
select distinct ?subject ?property 
where 
 { GRAPH &lt;http://dbpedia.org&gt;{?subject ?property &lt;http://dbpedia.org/resource/Nicolas_Formé&gt;.
}}
select distinct ?subject ?property 
where 
 { GRAPH &lt;http://dbpedia.org&gt;{?subject ?property &lt;http://dbpedia.org/resource/Oscar_Bardi_de_Fourtou&gt;.
}}
select distinct ?subject ?property 
where 
 { GRAPH &lt;http://dbpedia.org&gt;{?subject ?property &lt;http://dbpedia.org/resource/Pierre_Gardel&gt;.
}}
select distinct ?subject ?property 
where 
 { GRAPH &lt;http://dbpedia.org&gt;{?subject ?property &lt;http://dbpedia.org/resource/William_Backhouse_Astor_Jr.&gt;.
}}
select distinct ?subject ?property 
where 
 { GRAPH &lt;http://dbpedia.org&gt;{?subject ?property &lt;http://dbpedia.org/resource/William_II,_Landgrave_of_Hesse-Wanfried-Rheinfels&gt;.
}}
select distinct ?subject ?property 
where 
 { GRAPH &lt;http://dbpedia.org&gt;{?subject ?property &lt;http://dbpedia.org/resource/Yves_Guéna&gt;.
}}
select distinct ?subject ?property 
where 
 { GRAPH &lt;http://dbpedia.org&gt;{?subject ?property &lt;http://dbpedia.org/resource/André-François_Deslandes&gt;.
}}
select distinct ?subject ?property 
where 
 { GRAPH &lt;http://dbpedia.org&gt;{?subject ?property &lt;http://dbpedia.org/resource/Georges_Hilaire_Bousquet&gt;.
}}
select distinct ?subject ?property 
where 
 { GRAPH &lt;http://dbpedia.org&gt;{?subject ?property &lt;http://dbpedia.org/resource/Léonard_Charner&gt;.
}}
select distinct ?subject ?property 
where 
 { GRAPH &lt;http://dbpedia.org&gt;{?subject ?property &lt;http://dbpedia.org/resource/Maurice_Dekobra&gt;.
}}
select distinct ?subject ?property 
where 
 { GRAPH &lt;http://dbpedia.org&gt;{?subject ?property &lt;http://dbpedia.org/resource/A._Kingsley_Macomber&gt;.
}}
select distinct ?subject ?property 
where 
 { GRAPH &lt;http://dbpedia.org&gt;{?subject ?property &lt;http://dbpedia.org/resource/Adhémar_Esmein&gt;.
}}
select distinct ?subject ?property 
where 
 { GRAPH &lt;http://dbpedia.org&gt;{?subject ?property &lt;http://dbpedia.org/resource/Albert_Mayaud&gt;.
}}
select distinct ?subject ?property 
where 
 { GRAPH &lt;http://dbpedia.org&gt;{?subject ?property &lt;http://dbpedia.org/resource/Alberto_III_Pio,_Prince_of_Carpi&gt;.
}}
select distinct ?subject ?property 
where 
 { GRAPH &lt;http://dbpedia.org&gt;{?subject ?property &lt;http://dbpedia.org/resource/Alexandre_Lenoir&gt;.
}}
select distinct ?subject ?property 
where 
 { GRAPH &lt;http://dbpedia.org&gt;{?subject ?property &lt;http://dbpedia.org/resource/Alexandre_de_Bauffremont&gt;.
}}
select distinct ?subject ?property 
where 
 { GRAPH &lt;http://dbpedia.org&gt;{?subject ?property &lt;http://dbpedia.org/resource/Alfred_Aberdam&gt;.
}}
select distinct ?subject ?property 
where 
 { GRAPH &lt;http://dbpedia.org&gt;{?subject ?property &lt;http://dbpedia.org/resource/Alphonse_Lemerre&gt;.
}}
select distinct ?subject ?property 
where 
 { GRAPH &lt;http://dbpedia.org&gt;{?subject ?property &lt;http://dbpedia.org/resource/Andrzej_Jerzy_Mniszech&gt;.
}}
select distinct ?subject ?property 
where 
 { GRAPH &lt;http://dbpedia.org&gt;{?subject ?property &lt;http://dbpedia.org/resource/André_Brulé&gt;.
}}
select distinct ?subject ?property 
where 
 { GRAPH &lt;http://dbpedia.org&gt;{?subject ?property &lt;http://dbpedia.org/resource/André_Chaumeix&gt;.
}}
select distinct ?subject ?property 
where 
 { GRAPH &lt;http://dbpedia.org&gt;{?subject ?property &lt;http://dbpedia.org/resource/André_Zeller&gt;.
}}
select distinct ?subject ?property 
where 
 { GRAPH &lt;http://dbpedia.org&gt;{?subject ?property &lt;http://dbpedia.org/resource/Antoine_Vestier&gt;.
}}
select distinct ?subject ?property 
where 
 { GRAPH &lt;http://dbpedia.org&gt;{?subject ?property &lt;http://dbpedia.org/resource/Auguste_Marion&gt;.
}}
select distinct ?subject ?property 
where 
 { GRAPH &lt;http://dbpedia.org&gt;{?subject ?property &lt;http://dbpedia.org/resource/Barthélémy_Louis_Joseph_Lebrun&gt;.
}}
select distinct ?subject ?property 
where 
 { GRAPH &lt;http://dbpedia.org&gt;{?subject ?property &lt;http://dbpedia.org/resource/Charles-Alexandre_Fessy&gt;.
}}
select distinct ?subject ?property 
where 
 { GRAPH &lt;http://dbpedia.org&gt;{?subject ?property &lt;http://dbpedia.org/resource/Charles-Louis-?tienne_Nuitter&gt;.
}}
select distinct ?subject ?property 
where 
 { GRAPH &lt;http://dbpedia.org&gt;{?subject ?property &lt;http://dbpedia.org/resource/Charles_François_Lhomond&gt;.
}}
select distinct ?subject ?property 
where 
 { GRAPH &lt;http://dbpedia.org&gt;{?subject ?property &lt;http://dbpedia.org/resource/Charles_Kuwasseg&gt;.
}}
select distinct ?subject ?property 
where 
 { GRAPH &lt;http://dbpedia.org&gt;{?subject ?property &lt;http://dbpedia.org/resource/Charles_Louis_François_de_Paule_de_Barentin&gt;.
}}
select distinct ?subject ?property 
where 
 { GRAPH &lt;http://dbpedia.org&gt;{?subject ?property &lt;http://dbpedia.org/resource/Charles_Nicod&gt;.
}}
select distinct ?subject ?property 
where 
 { GRAPH &lt;http://dbpedia.org&gt;{?subject ?property &lt;http://dbpedia.org/resource/Charles_Pierre_Claret_de_Fleurieu&gt;.
}}
select distinct ?subject ?property 
where 
 { GRAPH &lt;http://dbpedia.org&gt;{?subject ?property &lt;http://dbpedia.org/resource/Claude_Clerselier&gt;.
}}
select distinct ?subject ?property 
where 
 { GRAPH &lt;http://dbpedia.org&gt;{?subject ?property &lt;http://dbpedia.org/resource/François_Chalais&gt;.
}}
select distinct ?subject ?property 
where 
 { GRAPH &lt;http://dbpedia.org&gt;{?subject ?property &lt;http://dbpedia.org/resource/Françoise_Seigner&gt;.
}}
select distinct ?subject ?property 
where 
 { GRAPH &lt;http://dbpedia.org&gt;{?subject ?property &lt;http://dbpedia.org/resource/Gabriel_Bokilo&gt;.
}}
select distinct ?subject ?property 
where 
 { GRAPH &lt;http://dbpedia.org&gt;{?subject ?property &lt;http://dbpedia.org/resource/Gaspar_Villate&gt;.
}}
select distinct ?subject ?property 
where 
 { GRAPH &lt;http://dbpedia.org&gt;{?subject ?property &lt;http://dbpedia.org/resource/Geneviève_Joy&gt;.
}}
select distinct ?subject ?property 
where 
 { GRAPH &lt;http://dbpedia.org&gt;{?subject ?property &lt;http://dbpedia.org/resource/Giuseppe_Gibelli&gt;.
}}
select distinct ?subject ?property 
where 
 { GRAPH &lt;http://dbpedia.org&gt;{?subject ?property &lt;http://dbpedia.org/resource/Gustave_Louis_Chaix_d&apos;Est-Ange&gt;.
}}
select distinct ?subject ?property 
where 
 { GRAPH &lt;http://dbpedia.org&gt;{?subject ?property &lt;http://dbpedia.org/resource/Gustave_Schlumberger&gt;.
}}
select distinct ?subject ?property 
where 
 { GRAPH &lt;http://dbpedia.org&gt;{?subject ?property &lt;http://dbpedia.org/resource/Guy_des_Cars&gt;.
}}
select distinct ?subject ?property 
where 
 { GRAPH &lt;http://dbpedia.org&gt;{?subject ?property &lt;http://dbpedia.org/resource/Henri-Léon_Gréber&gt;.
}}
select distinct ?subject ?property 
where 
 { GRAPH &lt;http://dbpedia.org&gt;{?subject ?property &lt;http://dbpedia.org/resource/Henri-Pierre_Danloux&gt;.
}}
select distinct ?subject ?property 
where 
 { GRAPH &lt;http://dbpedia.org&gt;{?subject ?property &lt;http://dbpedia.org/resource/Henri_Collet&gt;.
}}
select distinct ?subject ?property 
where 
 { GRAPH &lt;http://dbpedia.org&gt;{?subject ?property &lt;http://dbpedia.org/resource/Henri_Evenepoel&gt;.
}}
select distinct ?subject ?property 
where 
 { GRAPH &lt;http://dbpedia.org&gt;{?subject ?property &lt;http://dbpedia.org/resource/Henri_Joseph_Fenet&gt;.
}}
select distinct ?subject ?property 
where 
 { GRAPH &lt;http://dbpedia.org&gt;{?subject ?property &lt;http://dbpedia.org/resource/Irving_Brown&gt;.
}}
select distinct ?subject ?property 
where 
 { GRAPH &lt;http://dbpedia.org&gt;{?subject ?property &lt;http://dbpedia.org/resource/Jacques-Louis_de_Valon&gt;.
}}
select distinct ?subject ?property 
where 
 { GRAPH &lt;http://dbpedia.org&gt;{?subject ?property &lt;http://dbpedia.org/resource/Jacques_Mauclair&gt;.
}}
select distinct ?subject ?property 
where 
 { GRAPH &lt;http://dbpedia.org&gt;{?subject ?property &lt;http://dbpedia.org/resource/Jean-Jacques_Caffieri&gt;.
}}
select distinct ?subject ?property 
where 
 { GRAPH &lt;http://dbpedia.org&gt;{?subject ?property &lt;http://dbpedia.org/resource/Jean_Bertholle&gt;.
}}
select distinct ?subject ?property 
where 
 { GRAPH &lt;http://dbpedia.org&gt;{?subject ?property &lt;http://dbpedia.org/resource/Jean_Cassou&gt;.
}}
select distinct ?subject ?property 
where 
 { GRAPH &lt;http://dbpedia.org&gt;{?subject ?property &lt;http://dbpedia.org/resource/Jean_Réville&gt;.
}}
select distinct ?subject ?property 
where 
 { GRAPH &lt;http://dbpedia.org&gt;{?subject ?property &lt;http://dbpedia.org/resource/Jean_Toulout&gt;.
}}
select distinct ?subject ?property 
where 
 { GRAPH &lt;http://dbpedia.org&gt;{?subject ?property &lt;http://dbpedia.org/resource/Jean_de_La_Chapelle&gt;.
}}
select distinct ?subject ?property 
where 
 { GRAPH &lt;http://dbpedia.org&gt;{?subject ?property &lt;http://dbpedia.org/resource/Joseph_Loth&gt;.
}}
select distinct ?subject ?property 
where 
 { GRAPH &lt;http://dbpedia.org&gt;{?subject ?property &lt;http://dbpedia.org/resource/Julien_Noël_Costantin&gt;.
}}
select distinct ?subject ?property 
where 
 { GRAPH &lt;http://dbpedia.org&gt;{?subject ?property &lt;http://dbpedia.org/resource/Lars_Bo&gt;.
}}
select distinct ?subject ?property 
where 
 { GRAPH &lt;http://dbpedia.org&gt;{?subject ?property &lt;http://dbpedia.org/resource/Lewis_Einstein&gt;.
}}
select distinct ?subject ?property 
where 
 { GRAPH &lt;http://dbpedia.org&gt;{?subject ?property &lt;http://dbpedia.org/resource/Louis-Henri_Foreau&gt;.
}}
select distinct ?subject ?property 
where 
 { GRAPH &lt;http://dbpedia.org&gt;{?subject ?property &lt;http://dbpedia.org/resource/Louis_Cousin&gt;.
}}
select distinct ?subject ?property 
where 
 { GRAPH &lt;http://dbpedia.org&gt;{?subject ?property &lt;http://dbpedia.org/resource/Louis_Hercule_Timoléon_de_Cossé-Brissac&gt;.
}}
select distinct ?subject ?property 
where 
 { GRAPH &lt;http://dbpedia.org&gt;{?subject ?property &lt;http://dbpedia.org/resource/Léon-Alexandre_Delhomme&gt;.
}}
select distinct ?subject ?property 
where 
 { GRAPH &lt;http://dbpedia.org&gt;{?subject ?property &lt;http://dbpedia.org/resource/Marcel_Francisci&gt;.
}}
select distinct ?subject ?property 
where 
 { GRAPH &lt;http://dbpedia.org&gt;{?subject ?property &lt;http://dbpedia.org/resource/Margaret_Kelly_Leibovici&gt;.
}}
select distinct ?subject ?property 
where 
 { GRAPH &lt;http://dbpedia.org&gt;{?subject ?property &lt;http://dbpedia.org/resource/Marie-Philippe_Coupin_de_la_Couperie&gt;.
}}
select distinct ?subject ?property 
where 
 { GRAPH &lt;http://dbpedia.org&gt;{?subject ?property &lt;http://dbpedia.org/resource/Michel_de_Marolles&gt;.
}}
select distinct ?subject ?property 
where 
 { GRAPH &lt;http://dbpedia.org&gt;{?subject ?property &lt;http://dbpedia.org/resource/Narcisse_Henri_François_Desportes&gt;.
}}
select distinct ?subject ?property 
where 
 { GRAPH &lt;http://dbpedia.org&gt;{?subject ?property &lt;http://dbpedia.org/resource/Nicolas_Sarrabat&gt;.
}}
select distinct ?subject ?property 
where 
 { GRAPH &lt;http://dbpedia.org&gt;{?subject ?property &lt;http://dbpedia.org/resource/Paul-Philippe_de_Chaumont&gt;.
}}
select distinct ?subject ?property 
where 
 { GRAPH &lt;http://dbpedia.org&gt;{?subject ?property &lt;http://dbpedia.org/resource/Paul_Chenavard&gt;.
}}
select distinct ?subject ?property 
where 
 { GRAPH &lt;http://dbpedia.org&gt;{?subject ?property &lt;http://dbpedia.org/resource/Paul_François_de_Quelen_de_la_Vauguyon&gt;.
}}
select distinct ?subject ?property 
where 
 { GRAPH &lt;http://dbpedia.org&gt;{?subject ?property &lt;http://dbpedia.org/resource/Bertrand_de_Molleville&gt;.
}}
select distinct ?subject ?property 
where 
 { GRAPH &lt;http://dbpedia.org&gt;{?subject ?property &lt;http://dbpedia.org/resource/Paul_d&apos;Albert_de_Luynes&gt;.
}}
select distinct ?subject ?property 
where 
 { GRAPH &lt;http://dbpedia.org&gt;{?subject ?property &lt;http://dbpedia.org/resource/Philippe_Lallemand&gt;.
}}
select distinct ?subject ?property 
where 
 { GRAPH &lt;http://dbpedia.org&gt;{?subject ?property &lt;http://dbpedia.org/resource/Pierre-Joseph_Thoulier_d&apos;Olivet&gt;.
}}
select distinct ?subject ?property 
where 
 { GRAPH &lt;http://dbpedia.org&gt;{?subject ?property &lt;http://dbpedia.org/resource/Pierre-Jules_Cavelier&gt;.
}}
select distinct ?subject ?property 
where 
 { GRAPH &lt;http://dbpedia.org&gt;{?subject ?property &lt;http://dbpedia.org/resource/Pierre-Maximilien_Delafontaine&gt;.
}}
select distinct ?subject ?property 
where 
 { GRAPH &lt;http://dbpedia.org&gt;{?subject ?property &lt;http://dbpedia.org/resource/Pierre_Gosnat&gt;.
}}
select distinct ?subject ?property 
where 
 { GRAPH &lt;http://dbpedia.org&gt;{?subject ?property &lt;http://dbpedia.org/resource/Pierre_Révoil&gt;.
}}
select distinct ?subject ?property 
where 
 { GRAPH &lt;http://dbpedia.org&gt;{?subject ?property &lt;http://dbpedia.org/resource/Reed_Waddell&gt;.
}}
select distinct ?subject ?property 
where 
 { GRAPH &lt;http://dbpedia.org&gt;{?subject ?property &lt;http://dbpedia.org/resource/René_Teulade&gt;.
}}
select distinct ?subject ?property 
where 
 { GRAPH &lt;http://dbpedia.org&gt;{?subject ?property &lt;http://dbpedia.org/resource/René_Texier&gt;.
}}
select distinct ?subject ?property 
where 
 { GRAPH &lt;http://dbpedia.org&gt;{?subject ?property &lt;http://dbpedia.org/resource/Seymour_Fleming&gt;.
}}
select distinct ?subject ?property 
where 
 { GRAPH &lt;http://dbpedia.org&gt;{?subject ?property &lt;http://dbpedia.org/resource/Tasso_Janopoulo&gt;.
}}
select distinct ?subject ?property 
where 
 { GRAPH &lt;http://dbpedia.org&gt;{?subject ?property &lt;http://dbpedia.org/resource/Victor_Orsel&gt;.
}}
select distinct ?subject ?property 
where 
 { GRAPH &lt;http://dbpedia.org&gt;{?subject ?property &lt;http://dbpedia.org/resource/Victor_Pierre_Le_Gorgeu&gt;.
}}
select distinct ?subject ?property 
where 
 { GRAPH &lt;http://dbpedia.org&gt;{?subject ?property &lt;http://dbpedia.org/resource/Jean_Vallière&gt;.
}}
select distinct ?subject ?property 
where 
 { GRAPH &lt;http://dbpedia.org&gt;{?subject ?property &lt;http://dbpedia.org/resource/Jean-Charles-Joseph_Rémond&gt;.
}}
select distinct ?subject ?property 
where 
 { GRAPH &lt;http://dbpedia.org&gt;{?subject ?property &lt;http://dbpedia.org/resource/Benjamin_Antier&gt;.
}}
select distinct ?subject ?property 
where 
 { GRAPH &lt;http://dbpedia.org&gt;{?subject ?property &lt;http://dbpedia.org/resource/Eugène_de_Pousargues&gt;.
}}
select distinct ?subject ?property 
where 
 { GRAPH &lt;http://dbpedia.org&gt;{?subject ?property &lt;http://dbpedia.org/resource/Dmitry_Verderevsky&gt;.
}}
select distinct ?subject ?property 
where 
 { GRAPH &lt;http://dbpedia.org&gt;{?subject ?property &lt;http://dbpedia.org/resource/Jules-Alexis_Muenier&gt;.
}}
select distinct ?subject ?property 
where 
 { GRAPH &lt;http://dbpedia.org&gt;{?subject ?property &lt;http://dbpedia.org/resource/Pierre-Marie_Rudelle&gt;.
}}
select distinct ?subject ?property 
where 
 { GRAPH &lt;http://dbpedia.org&gt;{?subject ?property &lt;http://dbpedia.org/resource/David_Banderali&gt;.
}}
select distinct ?subject ?property 
where 
 { GRAPH &lt;http://dbpedia.org&gt;{?subject ?property &lt;http://dbpedia.org/resource/Albert_Bayet&gt;.
}}
select distinct ?subject ?property 
where 
 { GRAPH &lt;http://dbpedia.org&gt;{?subject ?property &lt;http://dbpedia.org/resource/André_Burthe&gt;.
}}
select distinct ?subject ?property 
where 
 { GRAPH &lt;http://dbpedia.org&gt;{?subject ?property &lt;http://dbpedia.org/resource/Auguste_Alfred_Lefèvre&gt;.
}}
select distinct ?subject ?property 
where 
 { GRAPH &lt;http://dbpedia.org&gt;{?subject ?property &lt;http://dbpedia.org/resource/Charles-Auguste_de_Goyon&gt;.
}}
select distinct ?subject ?property 
where 
 { GRAPH &lt;http://dbpedia.org&gt;{?subject ?property &lt;http://dbpedia.org/resource/Charles-Eugène_Galiber&gt;.
}}
select distinct ?subject ?property 
where 
 { GRAPH &lt;http://dbpedia.org&gt;{?subject ?property &lt;http://dbpedia.org/resource/Charles_Louis_d&apos;Albert_de_Luynes&gt;.
}}
select distinct ?subject ?property 
where 
 { GRAPH &lt;http://dbpedia.org&gt;{?subject ?property &lt;http://dbpedia.org/resource/Charles_de_Dompierre_d&apos;Hornoy&gt;.
}}
select distinct ?subject ?property 
where 
 { GRAPH &lt;http://dbpedia.org&gt;{?subject ?property &lt;http://dbpedia.org/resource/Claude_Louis_d&apos;Espinchal,_marquis_de_Massiac&gt;.
}}
select distinct ?subject ?property 
where 
 { GRAPH &lt;http://dbpedia.org&gt;{?subject ?property &lt;http://dbpedia.org/resource/Clément_Castelli&gt;.
}}
select distinct ?subject ?property 
where 
 { GRAPH &lt;http://dbpedia.org&gt;{?subject ?property &lt;http://dbpedia.org/resource/Cécile_Cerf&gt;.
}}
select distinct ?subject ?property 
where 
 { GRAPH &lt;http://dbpedia.org&gt;{?subject ?property &lt;http://dbpedia.org/resource/Fanny_Mosselman&gt;.
}}
select distinct ?subject ?property 
where 
 { GRAPH &lt;http://dbpedia.org&gt;{?subject ?property &lt;http://dbpedia.org/resource/Françoise-Augustine_Duval_d&apos;Eprémesnil&gt;.
}}
select distinct ?subject ?property 
where 
 { GRAPH &lt;http://dbpedia.org&gt;{?subject ?property &lt;http://dbpedia.org/resource/Guillaume_Imbert&gt;.
}}
select distinct ?subject ?property 
where 
 { GRAPH &lt;http://dbpedia.org&gt;{?subject ?property &lt;http://dbpedia.org/resource/Jean-Nicolas_de_Francine&gt;.
}}
select distinct ?subject ?property 
where 
 { GRAPH &lt;http://dbpedia.org&gt;{?subject ?property &lt;http://dbpedia.org/resource/Jean-Pierre_Pescatore&gt;.
}}
select distinct ?subject ?property 
where 
 { GRAPH &lt;http://dbpedia.org&gt;{?subject ?property &lt;http://dbpedia.org/resource/Jean_Sandherr&gt;.
}}
select distinct ?subject ?property 
where 
 { GRAPH &lt;http://dbpedia.org&gt;{?subject ?property &lt;http://dbpedia.org/resource/Louis_Frossard&gt;.
}}
select distinct ?subject ?property 
where 
 { GRAPH &lt;http://dbpedia.org&gt;{?subject ?property &lt;http://dbpedia.org/resource/Lucien_Dautresme&gt;.
}}
select distinct ?subject ?property 
where 
 { GRAPH &lt;http://dbpedia.org&gt;{?subject ?property &lt;http://dbpedia.org/resource/Mapie_de_Toulouse-Lautrec&gt;.
}}
select distinct ?subject ?property 
where 
 { GRAPH &lt;http://dbpedia.org&gt;{?subject ?property &lt;http://dbpedia.org/resource/Martial_Joseph_Armand_Herman&gt;.
}}
select distinct ?subject ?property 
where 
 { GRAPH &lt;http://dbpedia.org&gt;{?subject ?property &lt;http://dbpedia.org/resource/Michel_Ange_Lancret&gt;.
}}
select distinct ?subject ?property 
where 
 { GRAPH &lt;http://dbpedia.org&gt;{?subject ?property &lt;http://dbpedia.org/resource/Renée_Massip&gt;.
}}
select distinct ?subject ?property 
where 
 { GRAPH &lt;http://dbpedia.org&gt;{?subject ?property &lt;http://dbpedia.org/resource/Samuel_Jacob_Rubinstein&gt;.
}}
select distinct ?subject ?property 
where 
 { GRAPH &lt;http://dbpedia.org&gt;{?subject ?property &lt;http://dbpedia.org/resource/Germain_David-Nillet&gt;.
}}
select distinct ?subject ?property 
where 
 { GRAPH &lt;http://dbpedia.org&gt;{?subject ?property &lt;http://dbpedia.org/resource/Georges_Lemoine&gt;.
}}
select distinct ?subject ?property 
where 
 { GRAPH &lt;http://dbpedia.org&gt;{?subject ?property &lt;http://dbpedia.org/resource/Lyman_Hine&gt;.
}}
select distinct ?subject ?property 
where 
 { GRAPH &lt;http://dbpedia.org&gt;{?subject ?property &lt;http://dbpedia.org/resource/Adrien_Barrère&gt;.
}}
select distinct ?subject ?property 
where 
 { GRAPH &lt;http://dbpedia.org&gt;{?subject ?property &lt;http://dbpedia.org/resource/Alexey_Tsereteli&gt;.
}}
select distinct ?subject ?property 
where 
 { GRAPH &lt;http://dbpedia.org&gt;{?subject ?property &lt;http://dbpedia.org/resource/Blanche_Deschamps-Jéhin&gt;.
}}
select distinct ?subject ?property 
where 
 { GRAPH &lt;http://dbpedia.org&gt;{?subject ?property &lt;http://dbpedia.org/resource/Jean-François_Autié&gt;.
}}
select distinct ?subject ?property 
where 
 { GRAPH &lt;http://dbpedia.org&gt;{?subject ?property &lt;http://dbpedia.org/resource/Jean-François_Landolphe&gt;.
}}
select distinct ?subject ?property 
where 
 { GRAPH &lt;http://dbpedia.org&gt;{?subject ?property &lt;http://dbpedia.org/resource/Louise_Antoinette_Lannes,_Duchess_of_Montebello&gt;.
}}
select distinct ?subject ?property 
where 
 { GRAPH &lt;http://dbpedia.org&gt;{?subject ?property &lt;http://dbpedia.org/resource/Paul_Balze&gt;.
}}
select distinct ?subject ?property 
where 
 { GRAPH &lt;http://dbpedia.org&gt;{?subject ?property &lt;http://dbpedia.org/resource/Paul_Lancrenon&gt;.
}}
select distinct ?subject ?property 
where 
 { GRAPH &lt;http://dbpedia.org&gt;{?subject ?property &lt;http://dbpedia.org/resource/Simon-Emmanuel_Duplay&gt;.
}}
select distinct ?subject ?property 
where 
 { GRAPH &lt;http://dbpedia.org&gt;{?subject ?property &lt;http://dbpedia.org/resource/W?adys?aw_S?awny&gt;.
}}
select distinct ?subject ?property 
where 
 { GRAPH &lt;http://dbpedia.org&gt;{?subject ?property &lt;http://dbpedia.org/resource/Ernest_François_Fournier&gt;.
}}
select distinct ?subject ?property 
where 
 { GRAPH &lt;http://dbpedia.org&gt;{?subject ?property &lt;http://dbpedia.org/resource/Georges_Dujardin-Beaumetz&gt;.
}}
select distinct ?subject ?property 
where 
 { GRAPH &lt;http://dbpedia.org&gt;{?subject ?property &lt;http://dbpedia.org/resource/Jacob_van_Heeckeren_tot_Enghuizen&gt;.
}}
select distinct ?subject ?property 
where 
 { GRAPH &lt;http://dbpedia.org&gt;{?subject ?property &lt;http://dbpedia.org/resource/Jean_Palméro&gt;.
}}
select distinct ?subject ?property 
where 
 { GRAPH &lt;http://dbpedia.org&gt;{?subject ?property &lt;http://dbpedia.org/resource/Louise_?lisabeth_de_Joybert&gt;.
}}
select distinct ?subject ?property 
where 
 { GRAPH &lt;http://dbpedia.org&gt;{?subject ?property &lt;http://dbpedia.org/resource/Nicolas_Goupillet&gt;.
}}
select distinct ?subject ?property 
where 
 { GRAPH &lt;http://dbpedia.org&gt;{?subject ?property &lt;http://dbpedia.org/resource/Paul_Lemoine&gt;.
}}
select distinct ?subject ?property 
where 
 { GRAPH &lt;http://dbpedia.org&gt;{?subject ?property &lt;http://dbpedia.org/resource/Suzanne_Noël&gt;.
}}
select distinct ?subject ?property 
where 
 { GRAPH &lt;http://dbpedia.org&gt;{?subject ?property &lt;http://dbpedia.org/resource/Théodore_Chevignard_de_Chavigny,_comte_de_Toulongeon&gt;.
}}
select distinct ?subject ?property 
where 
 { GRAPH &lt;http://dbpedia.org&gt;{?subject ?property &lt;http://dbpedia.org/resource/Amédée_Dumontpallier&gt;.
}}
select distinct ?subject ?property 
where 
 { GRAPH &lt;http://dbpedia.org&gt;{?subject ?property &lt;http://dbpedia.org/resource/Camille_Debert&gt;.
}}
select distinct ?subject ?property 
where 
 { GRAPH &lt;http://dbpedia.org&gt;{?subject ?property &lt;http://dbpedia.org/resource/Charles_Okala&gt;.
}}
select distinct ?subject ?property 
where 
 { GRAPH &lt;http://dbpedia.org&gt;{?subject ?property &lt;http://dbpedia.org/resource/Georges_Fouquet&gt;.
}}
select distinct ?subject ?property 
where 
 { GRAPH &lt;http://dbpedia.org&gt;{?subject ?property &lt;http://dbpedia.org/resource/Guillaume_Viole&gt;.
}}
select distinct ?subject ?property 
where 
 { GRAPH &lt;http://dbpedia.org&gt;{?subject ?property &lt;http://dbpedia.org/resource/Homère_Clément&gt;.
}}
select distinct ?subject ?property 
where 
 { GRAPH &lt;http://dbpedia.org&gt;{?subject ?property &lt;http://dbpedia.org/resource/Jean_Antoine_Joseph_Fauchet&gt;.
}}
select distinct ?subject ?property 
where 
 { GRAPH &lt;http://dbpedia.org&gt;{?subject ?property &lt;http://dbpedia.org/resource/Jean_Danysz_(biologist)&gt;.
}}
select distinct ?subject ?property 
where 
 { GRAPH &lt;http://dbpedia.org&gt;{?subject ?property &lt;http://dbpedia.org/resource/Paul-Marie-Léon_Regnard&gt;.
}}
select distinct ?subject ?property 
where 
 { GRAPH &lt;http://dbpedia.org&gt;{?subject ?property &lt;http://dbpedia.org/resource/Ben_Springer&gt;.
}}
select distinct ?subject ?property 
where 
 { GRAPH &lt;http://dbpedia.org&gt;{?subject ?property &lt;http://dbpedia.org/resource/Filip_Neriusz_Walter&gt;.
}}
select distinct ?subject ?property 
where 
 { GRAPH &lt;http://dbpedia.org&gt;{?subject ?property &lt;http://dbpedia.org/resource/Jean-Baptiste_de_Cro?&gt;.
}}
select distinct ?subject ?property 
where 
 { GRAPH &lt;http://dbpedia.org&gt;{?subject ?property &lt;http://dbpedia.org/resource/Adolphe_Sax&gt;.
}}
select distinct ?subject ?property 
where 
 { GRAPH &lt;http://dbpedia.org&gt;{?subject ?property &lt;http://dbpedia.org/resource/Alexander_Anderson_(mathematician)&gt;.
}}
select distinct ?subject ?property 
where 
 { GRAPH &lt;http://dbpedia.org&gt;{?subject ?property &lt;http://dbpedia.org/resource/Alexander_of_Hales&gt;.
}}
select distinct ?subject ?property 
where 
 { GRAPH &lt;http://dbpedia.org&gt;{?subject ?property &lt;http://dbpedia.org/resource/Alexis_Carrel&gt;.
}}
select distinct ?subject ?property 
where 
 { GRAPH &lt;http://dbpedia.org&gt;{?subject ?property &lt;http://dbpedia.org/resource/Alfred_Jarry&gt;.
}}
select distinct ?subject ?property 
where 
 { GRAPH &lt;http://dbpedia.org&gt;{?subject ?property &lt;http://dbpedia.org/resource/Amalric_of_Bena&gt;.
}}
select distinct ?subject ?property 
where 
 { GRAPH &lt;http://dbpedia.org&gt;{?subject ?property &lt;http://dbpedia.org/resource/Andrei_Tarkovsky&gt;.
}}
select distinct ?subject ?property 
where 
 { GRAPH &lt;http://dbpedia.org&gt;{?subject ?property &lt;http://dbpedia.org/resource/André_Gide&gt;.
}}
select distinct ?subject ?property 
where 
 { GRAPH &lt;http://dbpedia.org&gt;{?subject ?property &lt;http://dbpedia.org/resource/André_the_Giant&gt;.
}}
select distinct ?subject ?property 
where 
 { GRAPH &lt;http://dbpedia.org&gt;{?subject ?property &lt;http://dbpedia.org/resource/Antoine_Lavoisier&gt;.
}}
select distinct ?subject ?property 
where 
 { GRAPH &lt;http://dbpedia.org&gt;{?subject ?property &lt;http://dbpedia.org/resource/Antoine_Thomson_d&apos;Abbadie&gt;.
}}
select distinct ?subject ?property 
where 
 { GRAPH &lt;http://dbpedia.org&gt;{?subject ?property &lt;http://dbpedia.org/resource/Berthe_Morisot&gt;.
}}
select distinct ?subject ?property 
where 
 { GRAPH &lt;http://dbpedia.org&gt;{?subject ?property &lt;http://dbpedia.org/resource/Bertrand_Andrieu&gt;.
}}
select distinct ?subject ?property 
where 
 { GRAPH &lt;http://dbpedia.org&gt;{?subject ?property &lt;http://dbpedia.org/resource/Blaise_Pascal&gt;.
}}
select distinct ?subject ?property 
where 
 { GRAPH &lt;http://dbpedia.org&gt;{?subject ?property &lt;http://dbpedia.org/resource/Brion_Gysin&gt;.
}}
select distinct ?subject ?property 
where 
 { GRAPH &lt;http://dbpedia.org&gt;{?subject ?property &lt;http://dbpedia.org/resource/Camille_Pissarro&gt;.
}}
select distinct ?subject ?property 
where 
 { GRAPH &lt;http://dbpedia.org&gt;{?subject ?property &lt;http://dbpedia.org/resource/Carlo_Goldoni&gt;.
}}
select distinct ?subject ?property 
where 
 { GRAPH &lt;http://dbpedia.org&gt;{?subject ?property &lt;http://dbpedia.org/resource/Charles_Baudelaire&gt;.
}}
select distinct ?subject ?property 
where 
 { GRAPH &lt;http://dbpedia.org&gt;{?subject ?property &lt;http://dbpedia.org/resource/Charles_Messier&gt;.
}}
select distinct ?subject ?property 
where 
 { GRAPH &lt;http://dbpedia.org&gt;{?subject ?property &lt;http://dbpedia.org/resource/Chris_Marker&gt;.
}}
select distinct ?subject ?property 
where 
 { GRAPH &lt;http://dbpedia.org&gt;{?subject ?property &lt;http://dbpedia.org/resource/Claude_Debussy&gt;.
}}
select distinct ?subject ?property 
where 
 { GRAPH &lt;http://dbpedia.org&gt;{?subject ?property &lt;http://dbpedia.org/resource/Colette&gt;.
}}
select distinct ?subject ?property 
where 
 { GRAPH &lt;http://dbpedia.org&gt;{?subject ?property &lt;http://dbpedia.org/resource/Constantin_Brâncu?i&gt;.
}}
select distinct ?subject ?property 
where 
 { GRAPH &lt;http://dbpedia.org&gt;{?subject ?property &lt;http://dbpedia.org/resource/Denis_Auguste_Affre&gt;.
}}
select distinct ?subject ?property 
where 
 { GRAPH &lt;http://dbpedia.org&gt;{?subject ?property &lt;http://dbpedia.org/resource/Denis_Diderot&gt;.
}}
select distinct ?subject ?property 
where 
 { GRAPH &lt;http://dbpedia.org&gt;{?subject ?property &lt;http://dbpedia.org/resource/Diana,_Princess_of_Wales&gt;.
}}
select distinct ?subject ?property 
where 
 { GRAPH &lt;http://dbpedia.org&gt;{?subject ?property &lt;http://dbpedia.org/resource/Erik_Satie&gt;.
}}
select distinct ?subject ?property 
where 
 { GRAPH &lt;http://dbpedia.org&gt;{?subject ?property &lt;http://dbpedia.org/resource/Frédéric_Chopin&gt;.
}}
select distinct ?subject ?property 
where 
 { GRAPH &lt;http://dbpedia.org&gt;{?subject ?property &lt;http://dbpedia.org/resource/Félix_Guattari&gt;.
}}
select distinct ?subject ?property 
where 
 { GRAPH &lt;http://dbpedia.org&gt;{?subject ?property &lt;http://dbpedia.org/resource/Gaspard-Gustave_de_Coriolis&gt;.
}}
select distinct ?subject ?property 
where 
 { GRAPH &lt;http://dbpedia.org&gt;{?subject ?property &lt;http://dbpedia.org/resource/Georges_Braque&gt;.
}}
select distinct ?subject ?property 
where 
 { GRAPH &lt;http://dbpedia.org&gt;{?subject ?property &lt;http://dbpedia.org/resource/Gilbert_Cesbron&gt;.
}}
select distinct ?subject ?property 
where 
 { GRAPH &lt;http://dbpedia.org&gt;{?subject ?property &lt;http://dbpedia.org/resource/Gilles_Deleuze&gt;.
}}
select distinct ?subject ?property 
where 
 { GRAPH &lt;http://dbpedia.org&gt;{?subject ?property &lt;http://dbpedia.org/resource/Gioachino_Rossini&gt;.
}}
select distinct ?subject ?property 
where 
 { GRAPH &lt;http://dbpedia.org&gt;{?subject ?property &lt;http://dbpedia.org/resource/Gustave_Eiffel&gt;.
}}
select distinct ?subject ?property 
where 
 { GRAPH &lt;http://dbpedia.org&gt;{?subject ?property &lt;http://dbpedia.org/resource/Guy_de_Maupassant&gt;.
}}
select distinct ?subject ?property 
where 
 { GRAPH &lt;http://dbpedia.org&gt;{?subject ?property &lt;http://dbpedia.org/resource/Henri_Bergson&gt;.
}}
select distinct ?subject ?property 
where 
 { GRAPH &lt;http://dbpedia.org&gt;{?subject ?property &lt;http://dbpedia.org/resource/Henry_Bordeaux&gt;.
}}
select distinct ?subject ?property 
where 
 { GRAPH &lt;http://dbpedia.org&gt;{?subject ?property &lt;http://dbpedia.org/resource/Hilaire_Rouelle&gt;.
}}
select distinct ?subject ?property 
where 
 { GRAPH &lt;http://dbpedia.org&gt;{?subject ?property &lt;http://dbpedia.org/resource/Jacques_Cousteau&gt;.
}}
select distinct ?subject ?property 
where 
 { GRAPH &lt;http://dbpedia.org&gt;{?subject ?property &lt;http://dbpedia.org/resource/Jacques_Lacan&gt;.
}}
select distinct ?subject ?property 
where 
 { GRAPH &lt;http://dbpedia.org&gt;{?subject ?property &lt;http://dbpedia.org/resource/Jean-Baptiste-Siméon_Chardin&gt;.
}}
select distinct ?subject ?property 
where 
 { GRAPH &lt;http://dbpedia.org&gt;{?subject ?property &lt;http://dbpedia.org/resource/Jean-Paul_Sartre&gt;.
}}
select distinct ?subject ?property 
where 
 { GRAPH &lt;http://dbpedia.org&gt;{?subject ?property &lt;http://dbpedia.org/resource/John_Paul_Jones&gt;.
}}
select distinct ?subject ?property 
where 
 { GRAPH &lt;http://dbpedia.org&gt;{?subject ?property &lt;http://dbpedia.org/resource/Joris_Ivens&gt;.
}}
select distinct ?subject ?property 
where 
 { GRAPH &lt;http://dbpedia.org&gt;{?subject ?property &lt;http://dbpedia.org/resource/Louise_?lisabeth_Vigée_Le_Brun&gt;.
}}
select distinct ?subject ?property 
where 
 { GRAPH &lt;http://dbpedia.org&gt;{?subject ?property &lt;http://dbpedia.org/resource/Marcel_Achard&gt;.
}}
select distinct ?subject ?property 
where 
 { GRAPH &lt;http://dbpedia.org&gt;{?subject ?property &lt;http://dbpedia.org/resource/Marcel_Proust&gt;.
}}
select distinct ?subject ?property 
where 
 { GRAPH &lt;http://dbpedia.org&gt;{?subject ?property &lt;http://dbpedia.org/resource/Matteo_Carcassi&gt;.
}}
select distinct ?subject ?property 
where 
 { GRAPH &lt;http://dbpedia.org&gt;{?subject ?property &lt;http://dbpedia.org/resource/Maurice_Merleau-Ponty&gt;.
}}
select distinct ?subject ?property 
where 
 { GRAPH &lt;http://dbpedia.org&gt;{?subject ?property &lt;http://dbpedia.org/resource/Nicolas-Louis_de_Lacaille&gt;.
}}
select distinct ?subject ?property 
where 
 { GRAPH &lt;http://dbpedia.org&gt;{?subject ?property &lt;http://dbpedia.org/resource/Nicolas_Léonard_Sadi_Carnot&gt;.
}}
select distinct ?subject ?property 
where 
 { GRAPH &lt;http://dbpedia.org&gt;{?subject ?property &lt;http://dbpedia.org/resource/Ninon_de_l&apos;Enclos&gt;.
}}
select distinct ?subject ?property 
where 
 { GRAPH &lt;http://dbpedia.org&gt;{?subject ?property &lt;http://dbpedia.org/resource/Oscar_Wilde&gt;.
}}
select distinct ?subject ?property 
where 
 { GRAPH &lt;http://dbpedia.org&gt;{?subject ?property &lt;http://dbpedia.org/resource/Paul_Valéry&gt;.
}}
select distinct ?subject ?property 
where 
 { GRAPH &lt;http://dbpedia.org&gt;{?subject ?property &lt;http://dbpedia.org/resource/Pierre_Curie&gt;.
}}
select distinct ?subject ?property 
where 
 { GRAPH &lt;http://dbpedia.org&gt;{?subject ?property &lt;http://dbpedia.org/resource/Richard_of_Saint_Victor&gt;.
}}
select distinct ?subject ?property 
where 
 { GRAPH &lt;http://dbpedia.org&gt;{?subject ?property &lt;http://dbpedia.org/resource/Samuel_Beckett&gt;.
}}
select distinct ?subject ?property 
where 
 { GRAPH &lt;http://dbpedia.org&gt;{?subject ?property &lt;http://dbpedia.org/resource/Sophie_Germain&gt;.
}}
select distinct ?subject ?property 
where 
 { GRAPH &lt;http://dbpedia.org&gt;{?subject ?property &lt;http://dbpedia.org/resource/Stendhal&gt;.
}}
select distinct ?subject ?property 
where 
 { GRAPH &lt;http://dbpedia.org&gt;{?subject ?property &lt;http://dbpedia.org/resource/?douard_Manet&gt;.
}}
select distinct ?subject ?property 
where 
 { GRAPH &lt;http://dbpedia.org&gt;{?subject ?property &lt;http://dbpedia.org/resource/?douard_de_Pomiane&gt;.
}}
select distinct ?subject ?property 
where 
 { GRAPH &lt;http://dbpedia.org&gt;{?subject ?property &lt;http://dbpedia.org/resource/?variste_Galois&gt;.
}}
select distinct ?subject ?property 
where 
 { GRAPH &lt;http://dbpedia.org&gt;{?subject ?property &lt;http://dbpedia.org/resource/Adam_Philippe,_Comte_de_Custine&gt;.
}}
select distinct ?subject ?property 
where 
 { GRAPH &lt;http://dbpedia.org&gt;{?subject ?property &lt;http://dbpedia.org/resource/Adrien-Henri_de_Jussieu&gt;.
}}
select distinct ?subject ?property 
where 
 { GRAPH &lt;http://dbpedia.org&gt;{?subject ?property &lt;http://dbpedia.org/resource/Adrien-Michel-Hyacinthe_Blin_de_Sainmore&gt;.
}}
select distinct ?subject ?property 
where 
 { GRAPH &lt;http://dbpedia.org&gt;{?subject ?property &lt;http://dbpedia.org/resource/Albert_Canet&gt;.
}}
select distinct ?subject ?property 
where 
 { GRAPH &lt;http://dbpedia.org&gt;{?subject ?property &lt;http://dbpedia.org/resource/Albert_Châtelet&gt;.
}}
select distinct ?subject ?property 
where 
 { GRAPH &lt;http://dbpedia.org&gt;{?subject ?property &lt;http://dbpedia.org/resource/Albert_Dieudonné&gt;.
}}
select distinct ?subject ?property 
where 
 { GRAPH &lt;http://dbpedia.org&gt;{?subject ?property &lt;http://dbpedia.org/resource/Albert_Ollivier&gt;.
}}
select distinct ?subject ?property 
where 
 { GRAPH &lt;http://dbpedia.org&gt;{?subject ?property &lt;http://dbpedia.org/resource/Aldo_Ciccolini&gt;.
}}
select distinct ?subject ?property 
where 
 { GRAPH &lt;http://dbpedia.org&gt;{?subject ?property &lt;http://dbpedia.org/resource/Alexandre-?variste_Fragonard&gt;.
}}
select distinct ?subject ?property 
where 
 { GRAPH &lt;http://dbpedia.org&gt;{?subject ?property &lt;http://dbpedia.org/resource/Alexis_Thérèse_Petit&gt;.
}}
select distinct ?subject ?property 
where 
 { GRAPH &lt;http://dbpedia.org&gt;{?subject ?property &lt;http://dbpedia.org/resource/Alphonse_de_Beauchamp&gt;.
}}
select distinct ?subject ?property 
where 
 { GRAPH &lt;http://dbpedia.org&gt;{?subject ?property &lt;http://dbpedia.org/resource/André-Jean-François-Marie_Brochant_de_Villiers&gt;.
}}
select distinct ?subject ?property 
where 
 { GRAPH &lt;http://dbpedia.org&gt;{?subject ?property &lt;http://dbpedia.org/resource/André_Bloch_(mathematician)&gt;.
}}
select distinct ?subject ?property 
where 
 { GRAPH &lt;http://dbpedia.org&gt;{?subject ?property &lt;http://dbpedia.org/resource/Anne_Robert_Jacques_Turgot&gt;.
}}
select distinct ?subject ?property 
where 
 { GRAPH &lt;http://dbpedia.org&gt;{?subject ?property &lt;http://dbpedia.org/resource/Anne_de_Noailles&gt;.
}}
select distinct ?subject ?property 
where 
 { GRAPH &lt;http://dbpedia.org&gt;{?subject ?property &lt;http://dbpedia.org/resource/Anselmo_Banduri&gt;.
}}
select distinct ?subject ?property 
where 
 { GRAPH &lt;http://dbpedia.org&gt;{?subject ?property &lt;http://dbpedia.org/resource/Antoine_François_Marmontel&gt;.
}}
select distinct ?subject ?property 
where 
 { GRAPH &lt;http://dbpedia.org&gt;{?subject ?property &lt;http://dbpedia.org/resource/Antoine_Lacroix&gt;.
}}
select distinct ?subject ?property 
where 
 { GRAPH &lt;http://dbpedia.org&gt;{?subject ?property &lt;http://dbpedia.org/resource/Antoine_de_Jussieu&gt;.
}}
select distinct ?subject ?property 
where 
 { GRAPH &lt;http://dbpedia.org&gt;{?subject ?property &lt;http://dbpedia.org/resource/Antoni_Gorecki&gt;.
}}
select distinct ?subject ?property 
where 
 { GRAPH &lt;http://dbpedia.org&gt;{?subject ?property &lt;http://dbpedia.org/resource/Antonio_Guzm?n_Blanco&gt;.
}}
select distinct ?subject ?property 
where 
 { GRAPH &lt;http://dbpedia.org&gt;{?subject ?property &lt;http://dbpedia.org/resource/Antonio_Pérez&gt;.
}}
select distinct ?subject ?property 
where 
 { GRAPH &lt;http://dbpedia.org&gt;{?subject ?property &lt;http://dbpedia.org/resource/Auguste_Comte&gt;.
}}
select distinct ?subject ?property 
where 
 { GRAPH &lt;http://dbpedia.org&gt;{?subject ?property &lt;http://dbpedia.org/resource/Auguste_Villiers_de_l&apos;Isle-Adam&gt;.
}}
select distinct ?subject ?property 
where 
 { GRAPH &lt;http://dbpedia.org&gt;{?subject ?property &lt;http://dbpedia.org/resource/Baligh_Hamdi&gt;.
}}
select distinct ?subject ?property 
where 
 { GRAPH &lt;http://dbpedia.org&gt;{?subject ?property &lt;http://dbpedia.org/resource/Bernard_de_Jussieu&gt;.
}}
select distinct ?subject ?property 
where 
 { GRAPH &lt;http://dbpedia.org&gt;{?subject ?property &lt;http://dbpedia.org/resource/Camille_Alphonse_Faure&gt;.
}}
select distinct ?subject ?property 
where 
 { GRAPH &lt;http://dbpedia.org&gt;{?subject ?property &lt;http://dbpedia.org/resource/Charles-Auguste_Levassor_de_La_Touche-Tréville&gt;.
}}
select distinct ?subject ?property 
where 
 { GRAPH &lt;http://dbpedia.org&gt;{?subject ?property &lt;http://dbpedia.org/resource/Charles-Valentin_Alkan&gt;.
}}
select distinct ?subject ?property 
where 
 { GRAPH &lt;http://dbpedia.org&gt;{?subject ?property &lt;http://dbpedia.org/resource/Charles_Alexandre_de_Calonne&gt;.
}}
select distinct ?subject ?property 
where 
 { GRAPH &lt;http://dbpedia.org&gt;{?subject ?property &lt;http://dbpedia.org/resource/Charles_Antoine_Lemaire&gt;.
}}
select distinct ?subject ?property 
where 
 { GRAPH &lt;http://dbpedia.org&gt;{?subject ?property &lt;http://dbpedia.org/resource/Charles_Frederick_Worth&gt;.
}}
select distinct ?subject ?property 
where 
 { GRAPH &lt;http://dbpedia.org&gt;{?subject ?property &lt;http://dbpedia.org/resource/Charles_Hector,_comte_d&apos;Estaing&gt;.
}}
select distinct ?subject ?property 
where 
 { GRAPH &lt;http://dbpedia.org&gt;{?subject ?property &lt;http://dbpedia.org/resource/Charles_Marie_de_La_Condamine&gt;.
}}
select distinct ?subject ?property 
where 
 { GRAPH &lt;http://dbpedia.org&gt;{?subject ?property &lt;http://dbpedia.org/resource/Christian_Marquand&gt;.
}}
select distinct ?subject ?property 
where 
 { GRAPH &lt;http://dbpedia.org&gt;{?subject ?property &lt;http://dbpedia.org/resource/Clotilde_de_Vaux&gt;.
}}
select distinct ?subject ?property 
where 
 { GRAPH &lt;http://dbpedia.org&gt;{?subject ?property &lt;http://dbpedia.org/resource/Duchenne_de_Boulogne&gt;.
}}
select distinct ?subject ?property 
where 
 { GRAPH &lt;http://dbpedia.org&gt;{?subject ?property &lt;http://dbpedia.org/resource/Edgar_Faure&gt;.
}}
select distinct ?subject ?property 
where 
 { GRAPH &lt;http://dbpedia.org&gt;{?subject ?property &lt;http://dbpedia.org/resource/Eugène_Louis_Bouvier&gt;.
}}
select distinct ?subject ?property 
where 
 { GRAPH &lt;http://dbpedia.org&gt;{?subject ?property &lt;http://dbpedia.org/resource/Francisco_Bores&gt;.
}}
select distinct ?subject ?property 
where 
 { GRAPH &lt;http://dbpedia.org&gt;{?subject ?property &lt;http://dbpedia.org/resource/François-Joseph_Bélanger&gt;.
}}
select distinct ?subject ?property 
where 
 { GRAPH &lt;http://dbpedia.org&gt;{?subject ?property &lt;http://dbpedia.org/resource/François_Christophe_de_Kellermann&gt;.
}}
select distinct ?subject ?property 
where 
 { GRAPH &lt;http://dbpedia.org&gt;{?subject ?property &lt;http://dbpedia.org/resource/François_Châtelet&gt;.
}}
select distinct ?subject ?property 
where 
 { GRAPH &lt;http://dbpedia.org&gt;{?subject ?property &lt;http://dbpedia.org/resource/François_Joseph_Lefebvre&gt;.
}}
select distinct ?subject ?property 
where 
 { GRAPH &lt;http://dbpedia.org&gt;{?subject ?property &lt;http://dbpedia.org/resource/François_Pourfour_du_Petit&gt;.
}}
select distinct ?subject ?property 
where 
 { GRAPH &lt;http://dbpedia.org&gt;{?subject ?property &lt;http://dbpedia.org/resource/François_?tienne_de_Kellermann&gt;.
}}
select distinct ?subject ?property 
where 
 { GRAPH &lt;http://dbpedia.org&gt;{?subject ?property &lt;http://dbpedia.org/resource/Félix_Faure&gt;.
}}
select distinct ?subject ?property 
where 
 { GRAPH &lt;http://dbpedia.org&gt;{?subject ?property &lt;http://dbpedia.org/resource/Gaston_La_Touche&gt;.
}}
select distinct ?subject ?property 
where 
 { GRAPH &lt;http://dbpedia.org&gt;{?subject ?property &lt;http://dbpedia.org/resource/Georges_Lefebvre&gt;.
}}
select distinct ?subject ?property 
where 
 { GRAPH &lt;http://dbpedia.org&gt;{?subject ?property &lt;http://dbpedia.org/resource/Gilles_de_Roberval&gt;.
}}
select distinct ?subject ?property 
where 
 { GRAPH &lt;http://dbpedia.org&gt;{?subject ?property &lt;http://dbpedia.org/resource/Gustave_Le_Bon&gt;.
}}
select distinct ?subject ?property 
where 
 { GRAPH &lt;http://dbpedia.org&gt;{?subject ?property &lt;http://dbpedia.org/resource/Gérard_de_Villiers&gt;.
}}
select distinct ?subject ?property 
where 
 { GRAPH &lt;http://dbpedia.org&gt;{?subject ?property &lt;http://dbpedia.org/resource/Hubert_Robert&gt;.
}}
select distinct ?subject ?property 
where 
 { GRAPH &lt;http://dbpedia.org&gt;{?subject ?property &lt;http://dbpedia.org/resource/Irakli_Gruzinsky&gt;.
}}
select distinct ?subject ?property 
where 
 { GRAPH &lt;http://dbpedia.org&gt;{?subject ?property &lt;http://dbpedia.org/resource/Jacques-Marie,_vicomte_Cavaignac&gt;.
}}
select distinct ?subject ?property 
where 
 { GRAPH &lt;http://dbpedia.org&gt;{?subject ?property &lt;http://dbpedia.org/resource/Jacques_Bainville&gt;.
}}
select distinct ?subject ?property 
where 
 { GRAPH &lt;http://dbpedia.org&gt;{?subject ?property &lt;http://dbpedia.org/resource/Jacques_Faure_(French_Army_officer)&gt;.
}}
select distinct ?subject ?property 
where 
 { GRAPH &lt;http://dbpedia.org&gt;{?subject ?property &lt;http://dbpedia.org/resource/Jacques_Laffitte&gt;.
}}
select distinct ?subject ?property 
where 
 { GRAPH &lt;http://dbpedia.org&gt;{?subject ?property &lt;http://dbpedia.org/resource/Jacques_Ozanam&gt;.
}}
select distinct ?subject ?property 
where 
 { GRAPH &lt;http://dbpedia.org&gt;{?subject ?property &lt;http://dbpedia.org/resource/Jacques_Rivière&gt;.
}}
select distinct ?subject ?property 
where 
 { GRAPH &lt;http://dbpedia.org&gt;{?subject ?property &lt;http://dbpedia.org/resource/Jacques_Villiers&gt;.
}}
select distinct ?subject ?property 
where 
 { GRAPH &lt;http://dbpedia.org&gt;{?subject ?property &lt;http://dbpedia.org/resource/Jean-Baptiste_Coste&gt;.
}}
select distinct ?subject ?property 
where 
 { GRAPH &lt;http://dbpedia.org&gt;{?subject ?property &lt;http://dbpedia.org/resource/Jean-Baptiste_Faure&gt;.
}}
select distinct ?subject ?property 
where 
 { GRAPH &lt;http://dbpedia.org&gt;{?subject ?property &lt;http://dbpedia.org/resource/Jean-Honoré_Fragonard&gt;.
}}
select distinct ?subject ?property 
where 
 { GRAPH &lt;http://dbpedia.org&gt;{?subject ?property &lt;http://dbpedia.org/resource/Jean-Louis-Ernest_Meissonier&gt;.
}}
select distinct ?subject ?property 
where 
 { GRAPH &lt;http://dbpedia.org&gt;{?subject ?property &lt;http://dbpedia.org/resource/Jean-Martin_Petit&gt;.
}}
select distinct ?subject ?property 
where 
 { GRAPH &lt;http://dbpedia.org&gt;{?subject ?property &lt;http://dbpedia.org/resource/Jean-Richard_Bloch&gt;.
}}
select distinct ?subject ?property 
where 
 { GRAPH &lt;http://dbpedia.org&gt;{?subject ?property &lt;http://dbpedia.org/resource/Jean-Victor_Poncelet&gt;.
}}
select distinct ?subject ?property 
where 
 { GRAPH &lt;http://dbpedia.org&gt;{?subject ?property &lt;http://dbpedia.org/resource/Jean_Dieudonné&gt;.
}}
select distinct ?subject ?property 
where 
 { GRAPH &lt;http://dbpedia.org&gt;{?subject ?property &lt;http://dbpedia.org/resource/Jean_Giraud&gt;.
}}
select distinct ?subject ?property 
where 
 { GRAPH &lt;http://dbpedia.org&gt;{?subject ?property &lt;http://dbpedia.org/resource/Jean_Louis_Marie_Poiret&gt;.
}}
select distinct ?subject ?property 
where 
 { GRAPH &lt;http://dbpedia.org&gt;{?subject ?property &lt;http://dbpedia.org/resource/Jean_Poiret&gt;.
}}
select distinct ?subject ?property 
where 
 { GRAPH &lt;http://dbpedia.org&gt;{?subject ?property &lt;http://dbpedia.org/resource/Jean_Wiener&gt;.
}}
select distinct ?subject ?property 
where 
 { GRAPH &lt;http://dbpedia.org&gt;{?subject ?property &lt;http://dbpedia.org/resource/Jeanne_Lanvin&gt;.
}}
select distinct ?subject ?property 
where 
 { GRAPH &lt;http://dbpedia.org&gt;{?subject ?property &lt;http://dbpedia.org/resource/Johann_Fust&gt;.
}}
select distinct ?subject ?property 
where 
 { GRAPH &lt;http://dbpedia.org&gt;{?subject ?property &lt;http://dbpedia.org/resource/Joseph-Antoine_de_La_Barre&gt;.
}}
select distinct ?subject ?property 
where 
 { GRAPH &lt;http://dbpedia.org&gt;{?subject ?property &lt;http://dbpedia.org/resource/José_Jer?nimo_Triana&gt;.
}}
select distinct ?subject ?property 
where 
 { GRAPH &lt;http://dbpedia.org&gt;{?subject ?property &lt;http://dbpedia.org/resource/Judson_Huss&gt;.
}}
select distinct ?subject ?property 
where 
 { GRAPH &lt;http://dbpedia.org&gt;{?subject ?property &lt;http://dbpedia.org/resource/Jules_Joseph_Lefebvre&gt;.
}}
select distinct ?subject ?property 
where 
 { GRAPH &lt;http://dbpedia.org&gt;{?subject ?property &lt;http://dbpedia.org/resource/Jérôme-Adolphe_Blanqui&gt;.
}}
select distinct ?subject ?property 
where 
 { GRAPH &lt;http://dbpedia.org&gt;{?subject ?property &lt;http://dbpedia.org/resource/Komitas&gt;.
}}
select distinct ?subject ?property 
where 
 { GRAPH &lt;http://dbpedia.org&gt;{?subject ?property &lt;http://dbpedia.org/resource/Laure_Junot,_Duchess_of_Abrantes&gt;.
}}
select distinct ?subject ?property 
where 
 { GRAPH &lt;http://dbpedia.org&gt;{?subject ?property &lt;http://dbpedia.org/resource/Lotte_H._Eisner&gt;.
}}
select distinct ?subject ?property 
where 
 { GRAPH &lt;http://dbpedia.org&gt;{?subject ?property &lt;http://dbpedia.org/resource/Louis-François_Bertin_de_Vaux&gt;.
}}
select distinct ?subject ?property 
where 
 { GRAPH &lt;http://dbpedia.org&gt;{?subject ?property &lt;http://dbpedia.org/resource/Louis_Auguste_Blanqui&gt;.
}}
select distinct ?subject ?property 
where 
 { GRAPH &lt;http://dbpedia.org&gt;{?subject ?property &lt;http://dbpedia.org/resource/Louise-Rosalie_Lefebvre&gt;.
}}
select distinct ?subject ?property 
where 
 { GRAPH &lt;http://dbpedia.org&gt;{?subject ?property &lt;http://dbpedia.org/resource/Léo_Delibes&gt;.
}}
select distinct ?subject ?property 
where 
 { GRAPH &lt;http://dbpedia.org&gt;{?subject ?property &lt;http://dbpedia.org/resource/Léonard_Gaultier&gt;.
}}
select distinct ?subject ?property 
where 
 { GRAPH &lt;http://dbpedia.org&gt;{?subject ?property &lt;http://dbpedia.org/resource/Madame_Roland&gt;.
}}
select distinct ?subject ?property 
where 
 { GRAPH &lt;http://dbpedia.org&gt;{?subject ?property &lt;http://dbpedia.org/resource/Maria_Schneider_(actress)&gt;.
}}
select distinct ?subject ?property 
where 
 { GRAPH &lt;http://dbpedia.org&gt;{?subject ?property &lt;http://dbpedia.org/resource/Marie-Anne_Fragonard&gt;.
}}
select distinct ?subject ?property 
where 
 { GRAPH &lt;http://dbpedia.org&gt;{?subject ?property &lt;http://dbpedia.org/resource/Marie-Denise_Villers&gt;.
}}
select distinct ?subject ?property 
where 
 { GRAPH &lt;http://dbpedia.org&gt;{?subject ?property &lt;http://dbpedia.org/resource/Marquis_de_Custine&gt;.
}}
select distinct ?subject ?property 
where 
 { GRAPH &lt;http://dbpedia.org&gt;{?subject ?property &lt;http://dbpedia.org/resource/Maurice_de_Sully&gt;.
}}
select distinct ?subject ?property 
where 
 { GRAPH &lt;http://dbpedia.org&gt;{?subject ?property &lt;http://dbpedia.org/resource/Michel_Ney&gt;.
}}
select distinct ?subject ?property 
where 
 { GRAPH &lt;http://dbpedia.org&gt;{?subject ?property &lt;http://dbpedia.org/resource/Michel_de_la_Barre&gt;.
}}
select distinct ?subject ?property 
where 
 { GRAPH &lt;http://dbpedia.org&gt;{?subject ?property &lt;http://dbpedia.org/resource/Miguel_Primo_de_Rivera&gt;.
}}
select distinct ?subject ?property 
where 
 { GRAPH &lt;http://dbpedia.org&gt;{?subject ?property &lt;http://dbpedia.org/resource/Mohammed_Dib&gt;.
}}
select distinct ?subject ?property 
where 
 { GRAPH &lt;http://dbpedia.org&gt;{?subject ?property &lt;http://dbpedia.org/resource/Méhée_de_La_Touche&gt;.
}}
select distinct ?subject ?property 
where 
 { GRAPH &lt;http://dbpedia.org&gt;{?subject ?property &lt;http://dbpedia.org/resource/Napoléon_Coste&gt;.
}}
select distinct ?subject ?property 
where 
 { GRAPH &lt;http://dbpedia.org&gt;{?subject ?property &lt;http://dbpedia.org/resource/Nicolas_Desmarest&gt;.
}}
select distinct ?subject ?property 
where 
 { GRAPH &lt;http://dbpedia.org&gt;{?subject ?property &lt;http://dbpedia.org/resource/Nicolas_Jacques_Pelletier&gt;.
}}
select distinct ?subject ?property 
where 
 { GRAPH &lt;http://dbpedia.org&gt;{?subject ?property &lt;http://dbpedia.org/resource/Ona_?imait?&gt;.
}}
select distinct ?subject ?property 
where 
 { GRAPH &lt;http://dbpedia.org&gt;{?subject ?property &lt;http://dbpedia.org/resource/Paul_Celan&gt;.
}}
select distinct ?subject ?property 
where 
 { GRAPH &lt;http://dbpedia.org&gt;{?subject ?property &lt;http://dbpedia.org/resource/Paul_Lacroix&gt;.
}}
select distinct ?subject ?property 
where 
 { GRAPH &lt;http://dbpedia.org&gt;{?subject ?property &lt;http://dbpedia.org/resource/Paul_Lévy_(mathematician)&gt;.
}}
select distinct ?subject ?property 
where 
 { GRAPH &lt;http://dbpedia.org&gt;{?subject ?property &lt;http://dbpedia.org/resource/Paul_Ollivier&gt;.
}}
select distinct ?subject ?property 
where 
 { GRAPH &lt;http://dbpedia.org&gt;{?subject ?property &lt;http://dbpedia.org/resource/Paul_Poiret&gt;.
}}
select distinct ?subject ?property 
where 
 { GRAPH &lt;http://dbpedia.org&gt;{?subject ?property &lt;http://dbpedia.org/resource/Pedro_Flores_Garcia&gt;.
}}
select distinct ?subject ?property 
where 
 { GRAPH &lt;http://dbpedia.org&gt;{?subject ?property &lt;http://dbpedia.org/resource/Pierre_Beauchamp&gt;.
}}
select distinct ?subject ?property 
where 
 { GRAPH &lt;http://dbpedia.org&gt;{?subject ?property &lt;http://dbpedia.org/resource/Pierre_Denys_de_Montfort&gt;.
}}
select distinct ?subject ?property 
where 
 { GRAPH &lt;http://dbpedia.org&gt;{?subject ?property &lt;http://dbpedia.org/resource/Pierre_Laffitte&gt;.
}}
select distinct ?subject ?property 
where 
 { GRAPH &lt;http://dbpedia.org&gt;{?subject ?property &lt;http://dbpedia.org/resource/Pierre_Petit_(composer)&gt;.
}}
select distinct ?subject ?property 
where 
 { GRAPH &lt;http://dbpedia.org&gt;{?subject ?property &lt;http://dbpedia.org/resource/Pierre_Petit_(photographer)&gt;.
}}
select distinct ?subject ?property 
where 
 { GRAPH &lt;http://dbpedia.org&gt;{?subject ?property &lt;http://dbpedia.org/resource/Princess_Maria_Christina_of_Saxony_(1770–1851)&gt;.
}}
select distinct ?subject ?property 
where 
 { GRAPH &lt;http://dbpedia.org&gt;{?subject ?property &lt;http://dbpedia.org/resource/Robert_brothers&gt;.
}}
select distinct ?subject ?property 
where 
 { GRAPH &lt;http://dbpedia.org&gt;{?subject ?property &lt;http://dbpedia.org/resource/Roland_Barthes&gt;.
}}
select distinct ?subject ?property 
where 
 { GRAPH &lt;http://dbpedia.org&gt;{?subject ?property &lt;http://dbpedia.org/resource/Roland_Topor&gt;.
}}
select distinct ?subject ?property 
where 
 { GRAPH &lt;http://dbpedia.org&gt;{?subject ?property &lt;http://dbpedia.org/resource/Serge_Adda&gt;.
}}
select distinct ?subject ?property 
where 
 { GRAPH &lt;http://dbpedia.org&gt;{?subject ?property &lt;http://dbpedia.org/resource/Stephen_Goffe&gt;.
}}
select distinct ?subject ?property 
where 
 { GRAPH &lt;http://dbpedia.org&gt;{?subject ?property &lt;http://dbpedia.org/resource/Sylvestre_François_Lacroix&gt;.
}}
select distinct ?subject ?property 
where 
 { GRAPH &lt;http://dbpedia.org&gt;{?subject ?property &lt;http://dbpedia.org/resource/Victor_de_Broglie_(1756–1794)&gt;.
}}
select distinct ?subject ?property 
where 
 { GRAPH &lt;http://dbpedia.org&gt;{?subject ?property &lt;http://dbpedia.org/resource/Victor_de_Broglie_(1785–1870)&gt;.
}}
select distinct ?subject ?property 
where 
 { GRAPH &lt;http://dbpedia.org&gt;{?subject ?property &lt;http://dbpedia.org/resource/William_Douglas,_10th_Earl_of_Angus&gt;.
}}
select distinct ?subject ?property 
where 
 { GRAPH &lt;http://dbpedia.org&gt;{?subject ?property &lt;http://dbpedia.org/resource/William_Marshall_(bandleader)&gt;.
}}
select distinct ?subject ?property 
where 
 { GRAPH &lt;http://dbpedia.org&gt;{?subject ?property &lt;http://dbpedia.org/resource/William_Martin_(Olympic_sailor)&gt;.
}}
select distinct ?subject ?property 
where 
 { GRAPH &lt;http://dbpedia.org&gt;{?subject ?property &lt;http://dbpedia.org/resource/Willie_Mabon&gt;.
}}
select distinct ?subject ?property 
where 
 { GRAPH &lt;http://dbpedia.org&gt;{?subject ?property &lt;http://dbpedia.org/resource/?douard_Nanny&gt;.
}}
select distinct ?subject ?property 
where 
 { GRAPH &lt;http://dbpedia.org&gt;{?subject ?property &lt;http://dbpedia.org/resource/?douard_de_Villiers_du_Terrage&gt;.
}}
select distinct ?subject ?property 
where 
 { GRAPH &lt;http://dbpedia.org&gt;{?subject ?property &lt;http://dbpedia.org/resource/?lie_Faure&gt;.
}}
select distinct ?subject ?property 
where 
 { GRAPH &lt;http://dbpedia.org&gt;{?subject ?property &lt;http://dbpedia.org/resource/?variste_Régis_Huc&gt;.
}}
select distinct ?subject ?property 
where 
 { GRAPH &lt;http://dbpedia.org&gt;{?subject ?property &lt;http://dbpedia.org/resource/Alexandre_Lippmann&gt;.
}}
select distinct ?subject ?property 
where 
 { GRAPH &lt;http://dbpedia.org&gt;{?subject ?property &lt;http://dbpedia.org/resource/Alexis_Bouvard&gt;.
}}
select distinct ?subject ?property 
where 
 { GRAPH &lt;http://dbpedia.org&gt;{?subject ?property &lt;http://dbpedia.org/resource/Alphonse_Rabbe&gt;.
}}
select distinct ?subject ?property 
where 
 { GRAPH &lt;http://dbpedia.org&gt;{?subject ?property &lt;http://dbpedia.org/resource/Anton_Reicha&gt;.
}}
select distinct ?subject ?property 
where 
 { GRAPH &lt;http://dbpedia.org&gt;{?subject ?property &lt;http://dbpedia.org/resource/Frantz_Reichel&gt;.
}}
select distinct ?subject ?property 
where 
 { GRAPH &lt;http://dbpedia.org&gt;{?subject ?property &lt;http://dbpedia.org/resource/Hartwig_Derenbourg&gt;.
}}
select distinct ?subject ?property 
where 
 { GRAPH &lt;http://dbpedia.org&gt;{?subject ?property &lt;http://dbpedia.org/resource/Jacques_Félix_Emmanuel_Hamelin&gt;.
}}
select distinct ?subject ?property 
where 
 { GRAPH &lt;http://dbpedia.org&gt;{?subject ?property &lt;http://dbpedia.org/resource/Jacques_Lanzmann&gt;.
}}
select distinct ?subject ?property 
where 
 { GRAPH &lt;http://dbpedia.org&gt;{?subject ?property &lt;http://dbpedia.org/resource/Jacques_Mauduit&gt;.
}}
select distinct ?subject ?property 
where 
 { GRAPH &lt;http://dbpedia.org&gt;{?subject ?property &lt;http://dbpedia.org/resource/Laureano_Vallenilla_Lanz&gt;.
}}
select distinct ?subject ?property 
where 
 { GRAPH &lt;http://dbpedia.org&gt;{?subject ?property &lt;http://dbpedia.org/resource/Léon_Bakst&gt;.
}}
select distinct ?subject ?property 
where 
 { GRAPH &lt;http://dbpedia.org&gt;{?subject ?property &lt;http://dbpedia.org/resource/Léontine_Lippmann&gt;.
}}
select distinct ?subject ?property 
where 
 { GRAPH &lt;http://dbpedia.org&gt;{?subject ?property &lt;http://dbpedia.org/resource/Marc-René_de_Voyer_de_Paulmy_d&apos;Argenson_(1771–1842)&gt;.
}}
select distinct ?subject ?property 
where 
 { GRAPH &lt;http://dbpedia.org&gt;{?subject ?property &lt;http://dbpedia.org/resource/René_Leibowitz&gt;.
}}
select distinct ?subject ?property 
where 
 { GRAPH &lt;http://dbpedia.org&gt;{?subject ?property &lt;http://dbpedia.org/resource/Thomas_Hales_(dramatist)&gt;.
}}
select distinct ?subject ?property 
where 
 { GRAPH &lt;http://dbpedia.org&gt;{?subject ?property &lt;http://dbpedia.org/resource/Verda_Erman&gt;.
}}
select distinct ?subject ?property 
where 
 { GRAPH &lt;http://dbpedia.org&gt;{?subject ?property &lt;http://dbpedia.org/resource/Agust?n_Rodr?guez_Sahag?n&gt;.
}}
select distinct ?subject ?property 
where 
 { GRAPH &lt;http://dbpedia.org&gt;{?subject ?property &lt;http://dbpedia.org/resource/Albert_Thomas_(minister)&gt;.
}}
select distinct ?subject ?property 
where 
 { GRAPH &lt;http://dbpedia.org&gt;{?subject ?property &lt;http://dbpedia.org/resource/Aleksander_Wat&gt;.
}}
select distinct ?subject ?property 
where 
 { GRAPH &lt;http://dbpedia.org&gt;{?subject ?property &lt;http://dbpedia.org/resource/Aleksey_Remizov&gt;.
}}
select distinct ?subject ?property 
where 
 { GRAPH &lt;http://dbpedia.org&gt;{?subject ?property &lt;http://dbpedia.org/resource/Alexandre-Vincent_Pineux_Duval&gt;.
}}
select distinct ?subject ?property 
where 
 { GRAPH &lt;http://dbpedia.org&gt;{?subject ?property &lt;http://dbpedia.org/resource/Alexandre_Maurice_Blanc_de_Lanautte,_Comte_d&apos;Hauterive&gt;.
}}
select distinct ?subject ?property 
where 
 { GRAPH &lt;http://dbpedia.org&gt;{?subject ?property &lt;http://dbpedia.org/resource/Alexis_Piron&gt;.
}}
select distinct ?subject ?property 
where 
 { GRAPH &lt;http://dbpedia.org&gt;{?subject ?property &lt;http://dbpedia.org/resource/Alphonse_Juin&gt;.
}}
select distinct ?subject ?property 
where 
 { GRAPH &lt;http://dbpedia.org&gt;{?subject ?property &lt;http://dbpedia.org/resource/Ambroise_Paré&gt;.
}}
select distinct ?subject ?property 
where 
 { GRAPH &lt;http://dbpedia.org&gt;{?subject ?property &lt;http://dbpedia.org/resource/Amedy_Coulibaly&gt;.
}}
select distinct ?subject ?property 
where 
 { GRAPH &lt;http://dbpedia.org&gt;{?subject ?property &lt;http://dbpedia.org/resource/André_Cassagnes&gt;.
}}
select distinct ?subject ?property 
where 
 { GRAPH &lt;http://dbpedia.org&gt;{?subject ?property &lt;http://dbpedia.org/resource/André_Joseph_Abrial&gt;.
}}
select distinct ?subject ?property 
where 
 { GRAPH &lt;http://dbpedia.org&gt;{?subject ?property &lt;http://dbpedia.org/resource/Antoine-Denis_Chaudet&gt;.
}}
select distinct ?subject ?property 
where 
 { GRAPH &lt;http://dbpedia.org&gt;{?subject ?property &lt;http://dbpedia.org/resource/Antoine_Baumé&gt;.
}}
select distinct ?subject ?property 
where 
 { GRAPH &lt;http://dbpedia.org&gt;{?subject ?property &lt;http://dbpedia.org/resource/Antoine_Bibesco&gt;.
}}
select distinct ?subject ?property 
where 
 { GRAPH &lt;http://dbpedia.org&gt;{?subject ?property &lt;http://dbpedia.org/resource/Antoine_Béchamp&gt;.
}}
select distinct ?subject ?property 
where 
 { GRAPH &lt;http://dbpedia.org&gt;{?subject ?property &lt;http://dbpedia.org/resource/Antoine_Claire_Thibaudeau&gt;.
}}
select distinct ?subject ?property 
where 
 { GRAPH &lt;http://dbpedia.org&gt;{?subject ?property &lt;http://dbpedia.org/resource/Antoine_César_Becquerel&gt;.
}}
select distinct ?subject ?property 
where 
 { GRAPH &lt;http://dbpedia.org&gt;{?subject ?property &lt;http://dbpedia.org/resource/Antoine_Deparcieux&gt;.
}}
select distinct ?subject ?property 
where 
 { GRAPH &lt;http://dbpedia.org&gt;{?subject ?property &lt;http://dbpedia.org/resource/Antoine_François_Desrues&gt;.
}}
select distinct ?subject ?property 
where 
 { GRAPH &lt;http://dbpedia.org&gt;{?subject ?property &lt;http://dbpedia.org/resource/Antoine_Furetière&gt;.
}}
select distinct ?subject ?property 
where 
 { GRAPH &lt;http://dbpedia.org&gt;{?subject ?property &lt;http://dbpedia.org/resource/Antoine_Galland&gt;.
}}
select distinct ?subject ?property 
where 
 { GRAPH &lt;http://dbpedia.org&gt;{?subject ?property &lt;http://dbpedia.org/resource/Antoine_Parent&gt;.
}}
select distinct ?subject ?property 
where 
 { GRAPH &lt;http://dbpedia.org&gt;{?subject ?property &lt;http://dbpedia.org/resource/Antoine_Schnapper&gt;.
}}
select distinct ?subject ?property 
where 
 { GRAPH &lt;http://dbpedia.org&gt;{?subject ?property &lt;http://dbpedia.org/resource/Antoine_de_Lhoyer&gt;.
}}
select distinct ?subject ?property 
where 
 { GRAPH &lt;http://dbpedia.org&gt;{?subject ?property &lt;http://dbpedia.org/resource/Anton_Dolin&gt;.
}}
select distinct ?subject ?property 
where 
 { GRAPH &lt;http://dbpedia.org&gt;{?subject ?property &lt;http://dbpedia.org/resource/Aris_Alexandrou&gt;.
}}
select distinct ?subject ?property 
where 
 { GRAPH &lt;http://dbpedia.org&gt;{?subject ?property &lt;http://dbpedia.org/resource/Arsène_Darmesteter&gt;.
}}
select distinct ?subject ?property 
where 
 { GRAPH &lt;http://dbpedia.org&gt;{?subject ?property &lt;http://dbpedia.org/resource/Auguste_Kerckhoffs&gt;.
}}
select distinct ?subject ?property 
where 
 { GRAPH &lt;http://dbpedia.org&gt;{?subject ?property &lt;http://dbpedia.org/resource/Aurélien_Scholl&gt;.
}}
select distinct ?subject ?property 
where 
 { GRAPH &lt;http://dbpedia.org&gt;{?subject ?property &lt;http://dbpedia.org/resource/Bernard_Lazare&gt;.
}}
select distinct ?subject ?property 
where 
 { GRAPH &lt;http://dbpedia.org&gt;{?subject ?property &lt;http://dbpedia.org/resource/Bruno_Abakanowicz&gt;.
}}
select distinct ?subject ?property 
where 
 { GRAPH &lt;http://dbpedia.org&gt;{?subject ?property &lt;http://dbpedia.org/resource/Charles_Batteux&gt;.
}}
select distinct ?subject ?property 
where 
 { GRAPH &lt;http://dbpedia.org&gt;{?subject ?property &lt;http://dbpedia.org/resource/Charles_Coffin_(writer)&gt;.
}}
select distinct ?subject ?property 
where 
 { GRAPH &lt;http://dbpedia.org&gt;{?subject ?property &lt;http://dbpedia.org/resource/Charles_Gide&gt;.
}}
select distinct ?subject ?property 
where 
 { GRAPH &lt;http://dbpedia.org&gt;{?subject ?property &lt;http://dbpedia.org/resource/Charles_Joseph_Sainte-Claire_Deville&gt;.
}}
select distinct ?subject ?property 
where 
 { GRAPH &lt;http://dbpedia.org&gt;{?subject ?property &lt;http://dbpedia.org/resource/Charles_Wolf_(astronomer)&gt;.
}}
select distinct ?subject ?property 
where 
 { GRAPH &lt;http://dbpedia.org&gt;{?subject ?property &lt;http://dbpedia.org/resource/Charles_de_Gaulle_(poet)&gt;.
}}
select distinct ?subject ?property 
where 
 { GRAPH &lt;http://dbpedia.org&gt;{?subject ?property &lt;http://dbpedia.org/resource/Charles_de_Valois,_Duke_of_Angoulême&gt;.
}}
select distinct ?subject ?property 
where 
 { GRAPH &lt;http://dbpedia.org&gt;{?subject ?property &lt;http://dbpedia.org/resource/Claude_Cahen&gt;.
}}
select distinct ?subject ?property 
where 
 { GRAPH &lt;http://dbpedia.org&gt;{?subject ?property &lt;http://dbpedia.org/resource/Claude_Ferdinand_Gaillard&gt;.
}}
select distinct ?subject ?property 
where 
 { GRAPH &lt;http://dbpedia.org&gt;{?subject ?property &lt;http://dbpedia.org/resource/Claude_Mollet&gt;.
}}
select distinct ?subject ?property 
where 
 { GRAPH &lt;http://dbpedia.org&gt;{?subject ?property &lt;http://dbpedia.org/resource/Daniel_Duval&gt;.
}}
select distinct ?subject ?property 
where 
 { GRAPH &lt;http://dbpedia.org&gt;{?subject ?property &lt;http://dbpedia.org/resource/Daniel_Ouezzin_Coulibaly&gt;.
}}
select distinct ?subject ?property 
where 
 { GRAPH &lt;http://dbpedia.org&gt;{?subject ?property &lt;http://dbpedia.org/resource/Egon_Sendler&gt;.
}}
select distinct ?subject ?property 
where 
 { GRAPH &lt;http://dbpedia.org&gt;{?subject ?property &lt;http://dbpedia.org/resource/Emmanuel_Marie_Michel_Philippe_Fréteau_de_Saint-Just&gt;.
}}
select distinct ?subject ?property 
where 
 { GRAPH &lt;http://dbpedia.org&gt;{?subject ?property &lt;http://dbpedia.org/resource/Enrique_G?mez_Carrillo&gt;.
}}
select distinct ?subject ?property 
where 
 { GRAPH &lt;http://dbpedia.org&gt;{?subject ?property &lt;http://dbpedia.org/resource/Ernest_Cahen&gt;.
}}
select distinct ?subject ?property 
where 
 { GRAPH &lt;http://dbpedia.org&gt;{?subject ?property &lt;http://dbpedia.org/resource/Ernest_Hamel&gt;.
}}
select distinct ?subject ?property 
where 
 { GRAPH &lt;http://dbpedia.org&gt;{?subject ?property &lt;http://dbpedia.org/resource/Eugène_François_Vidocq&gt;.
}}
select distinct ?subject ?property 
where 
 { GRAPH &lt;http://dbpedia.org&gt;{?subject ?property &lt;http://dbpedia.org/resource/Fernand_Fau&gt;.
}}
select distinct ?subject ?property 
where 
 { GRAPH &lt;http://dbpedia.org&gt;{?subject ?property &lt;http://dbpedia.org/resource/Francesco_Molino&gt;.
}}
select distinct ?subject ?property 
where 
 { GRAPH &lt;http://dbpedia.org&gt;{?subject ?property &lt;http://dbpedia.org/resource/François-Léon_Sicard&gt;.
}}
select distinct ?subject ?property 
where 
 { GRAPH &lt;http://dbpedia.org&gt;{?subject ?property &lt;http://dbpedia.org/resource/François_Chamoux&gt;.
}}
select distinct ?subject ?property 
where 
 { GRAPH &lt;http://dbpedia.org&gt;{?subject ?property &lt;http://dbpedia.org/resource/François_Lemoyne&gt;.
}}
select distinct ?subject ?property 
where 
 { GRAPH &lt;http://dbpedia.org&gt;{?subject ?property &lt;http://dbpedia.org/resource/Frédéric_Mariotti&gt;.
}}
select distinct ?subject ?property 
where 
 { GRAPH &lt;http://dbpedia.org&gt;{?subject ?property &lt;http://dbpedia.org/resource/Frédéric_Rossif&gt;.
}}
select distinct ?subject ?property 
where 
 { GRAPH &lt;http://dbpedia.org&gt;{?subject ?property &lt;http://dbpedia.org/resource/Gabriel_Jean_Joseph_Molitor&gt;.
}}
select distinct ?subject ?property 
where 
 { GRAPH &lt;http://dbpedia.org&gt;{?subject ?property &lt;http://dbpedia.org/resource/Georges-Louis_Leclerc,_Comte_de_Buffon&gt;.
}}
select distinct ?subject ?property 
where 
 { GRAPH &lt;http://dbpedia.org&gt;{?subject ?property &lt;http://dbpedia.org/resource/Georges_Besse&gt;.
}}
select distinct ?subject ?property 
where 
 { GRAPH &lt;http://dbpedia.org&gt;{?subject ?property &lt;http://dbpedia.org/resource/Georges_Duval&gt;.
}}
select distinct ?subject ?property 
where 
 { GRAPH &lt;http://dbpedia.org&gt;{?subject ?property &lt;http://dbpedia.org/resource/Georges_Jean-Aubry&gt;.
}}
select distinct ?subject ?property 
where 
 { GRAPH &lt;http://dbpedia.org&gt;{?subject ?property &lt;http://dbpedia.org/resource/Georges_Rodenbach&gt;.
}}
select distinct ?subject ?property 
where 
 { GRAPH &lt;http://dbpedia.org&gt;{?subject ?property &lt;http://dbpedia.org/resource/Germaine_Dulac&gt;.
}}
select distinct ?subject ?property 
where 
 { GRAPH &lt;http://dbpedia.org&gt;{?subject ?property &lt;http://dbpedia.org/resource/Ginette_Leclerc&gt;.
}}
select distinct ?subject ?property 
where 
 { GRAPH &lt;http://dbpedia.org&gt;{?subject ?property &lt;http://dbpedia.org/resource/Giovanni_Battista_Caprara&gt;.
}}
select distinct ?subject ?property 
where 
 { GRAPH &lt;http://dbpedia.org&gt;{?subject ?property &lt;http://dbpedia.org/resource/Giovanni_Battista_Casti&gt;.
}}
select distinct ?subject ?property 
where 
 { GRAPH &lt;http://dbpedia.org&gt;{?subject ?property &lt;http://dbpedia.org/resource/Gustave_Aimard&gt;.
}}
select distinct ?subject ?property 
where 
 { GRAPH &lt;http://dbpedia.org&gt;{?subject ?property &lt;http://dbpedia.org/resource/Guy_Mollet&gt;.
}}
select distinct ?subject ?property 
where 
 { GRAPH &lt;http://dbpedia.org&gt;{?subject ?property &lt;http://dbpedia.org/resource/Henri_Victor_Regnault&gt;.
}}
select distinct ?subject ?property 
where 
 { GRAPH &lt;http://dbpedia.org&gt;{?subject ?property &lt;http://dbpedia.org/resource/Hern?n_Ram?rez_Necochea&gt;.
}}
select distinct ?subject ?property 
where 
 { GRAPH &lt;http://dbpedia.org&gt;{?subject ?property &lt;http://dbpedia.org/resource/Hugh_Rose,_1st_Baron_Strathnairn&gt;.
}}
select distinct ?subject ?property 
where 
 { GRAPH &lt;http://dbpedia.org&gt;{?subject ?property &lt;http://dbpedia.org/resource/Hyacinthe_de_Bougainville&gt;.
}}
select distinct ?subject ?property 
where 
 { GRAPH &lt;http://dbpedia.org&gt;{?subject ?property &lt;http://dbpedia.org/resource/Ignacio_Merino&gt;.
}}
select distinct ?subject ?property 
where 
 { GRAPH &lt;http://dbpedia.org&gt;{?subject ?property &lt;http://dbpedia.org/resource/Isabella,_Princess_of_Asturias_(1851–1931)&gt;.
}}
select distinct ?subject ?property 
where 
 { GRAPH &lt;http://dbpedia.org&gt;{?subject ?property &lt;http://dbpedia.org/resource/Jacques_Doucet_(fashion_designer)&gt;.
}}
select distinct ?subject ?property 
where 
 { GRAPH &lt;http://dbpedia.org&gt;{?subject ?property &lt;http://dbpedia.org/resource/Jacques_Friedel&gt;.
}}
select distinct ?subject ?property 
where 
 { GRAPH &lt;http://dbpedia.org&gt;{?subject ?property &lt;http://dbpedia.org/resource/Jacques_Pellegrin&gt;.
}}
select distinct ?subject ?property 
where 
 { GRAPH &lt;http://dbpedia.org&gt;{?subject ?property &lt;http://dbpedia.org/resource/James_Darmesteter&gt;.
}}
select distinct ?subject ?property 
where 
 { GRAPH &lt;http://dbpedia.org&gt;{?subject ?property &lt;http://dbpedia.org/resource/Jean-Baptiste_Lemoyne&gt;.
}}
select distinct ?subject ?property 
where 
 { GRAPH &lt;http://dbpedia.org&gt;{?subject ?property &lt;http://dbpedia.org/resource/Jean-Baptiste_Lemoyne_(composer)&gt;.
}}
select distinct ?subject ?property 
where 
 { GRAPH &lt;http://dbpedia.org&gt;{?subject ?property &lt;http://dbpedia.org/resource/Jean-Baptiste_Philibert_Vaillant&gt;.
}}
select distinct ?subject ?property 
where 
 { GRAPH &lt;http://dbpedia.org&gt;{?subject ?property &lt;http://dbpedia.org/resource/Jean-Baptiste_Regnault&gt;.
}}
select distinct ?subject ?property 
where 
 { GRAPH &lt;http://dbpedia.org&gt;{?subject ?property &lt;http://dbpedia.org/resource/Jean-François-Bertrand_Delmas&gt;.
}}
select distinct ?subject ?property 
where 
 { GRAPH &lt;http://dbpedia.org&gt;{?subject ?property &lt;http://dbpedia.org/resource/Jean-Jacques_Duval_d&apos;Eprémesnil&gt;.
}}
select distinct ?subject ?property 
where 
 { GRAPH &lt;http://dbpedia.org&gt;{?subject ?property &lt;http://dbpedia.org/resource/Jean-Louis_Lemoyne&gt;.
}}
select distinct ?subject ?property 
where 
 { GRAPH &lt;http://dbpedia.org&gt;{?subject ?property &lt;http://dbpedia.org/resource/Jean-Marie_Lustiger&gt;.
}}
select distinct ?subject ?property 
where 
 { GRAPH &lt;http://dbpedia.org&gt;{?subject ?property &lt;http://dbpedia.org/resource/Jean_Chazy&gt;.
}}
select distinct ?subject ?property 
where 
 { GRAPH &lt;http://dbpedia.org&gt;{?subject ?property &lt;http://dbpedia.org/resource/Jean_Varin&gt;.
}}
select distinct ?subject ?property 
where 
 { GRAPH &lt;http://dbpedia.org&gt;{?subject ?property &lt;http://dbpedia.org/resource/Jeanne_Duval&gt;.
}}
select distinct ?subject ?property 
where 
 { GRAPH &lt;http://dbpedia.org&gt;{?subject ?property &lt;http://dbpedia.org/resource/John_Cunningham_McLennan&gt;.
}}
select distinct ?subject ?property 
where 
 { GRAPH &lt;http://dbpedia.org&gt;{?subject ?property &lt;http://dbpedia.org/resource/John_Drummond,_1st_Earl_of_Melfort&gt;.
}}
select distinct ?subject ?property 
where 
 { GRAPH &lt;http://dbpedia.org&gt;{?subject ?property &lt;http://dbpedia.org/resource/Jules_Jamin&gt;.
}}
select distinct ?subject ?property 
where 
 { GRAPH &lt;http://dbpedia.org&gt;{?subject ?property &lt;http://dbpedia.org/resource/Jules_Regnault&gt;.
}}
select distinct ?subject ?property 
where 
 { GRAPH &lt;http://dbpedia.org&gt;{?subject ?property &lt;http://dbpedia.org/resource/Jules_Robert_Auguste&gt;.
}}
select distinct ?subject ?property 
where 
 { GRAPH &lt;http://dbpedia.org&gt;{?subject ?property &lt;http://dbpedia.org/resource/Justin_Godart&gt;.
}}
select distinct ?subject ?property 
where 
 { GRAPH &lt;http://dbpedia.org&gt;{?subject ?property &lt;http://dbpedia.org/resource/Louis_Alfred_Becquerel&gt;.
}}
select distinct ?subject ?property 
where 
 { GRAPH &lt;http://dbpedia.org&gt;{?subject ?property &lt;http://dbpedia.org/resource/Louis_Antoine_de_Bougainville&gt;.
}}
select distinct ?subject ?property 
where 
 { GRAPH &lt;http://dbpedia.org&gt;{?subject ?property &lt;http://dbpedia.org/resource/Louis_Antoine_de_Saint-Just&gt;.
}}
select distinct ?subject ?property 
where 
 { GRAPH &lt;http://dbpedia.org&gt;{?subject ?property &lt;http://dbpedia.org/resource/Louis_Cahen_d&apos;Anvers&gt;.
}}
select distinct ?subject ?property 
where 
 { GRAPH &lt;http://dbpedia.org&gt;{?subject ?property &lt;http://dbpedia.org/resource/Louis_Dupré_(dancer)&gt;.
}}
select distinct ?subject ?property 
where 
 { GRAPH &lt;http://dbpedia.org&gt;{?subject ?property &lt;http://dbpedia.org/resource/Louis_Léger&gt;.
}}
select distinct ?subject ?property 
where 
 { GRAPH &lt;http://dbpedia.org&gt;{?subject ?property &lt;http://dbpedia.org/resource/Léon_Bary&gt;.
}}
select distinct ?subject ?property 
where 
 { GRAPH &lt;http://dbpedia.org&gt;{?subject ?property &lt;http://dbpedia.org/resource/Man_in_the_Iron_Mask&gt;.
}}
select distinct ?subject ?property 
where 
 { GRAPH &lt;http://dbpedia.org&gt;{?subject ?property &lt;http://dbpedia.org/resource/Manuel_Infante&gt;.
}}
select distinct ?subject ?property 
where 
 { GRAPH &lt;http://dbpedia.org&gt;{?subject ?property &lt;http://dbpedia.org/resource/Marc_Simenon&gt;.
}}
select distinct ?subject ?property 
where 
 { GRAPH &lt;http://dbpedia.org&gt;{?subject ?property &lt;http://dbpedia.org/resource/Marcel-Auguste_Dieulafoy&gt;.
}}
select distinct ?subject ?property 
where 
 { GRAPH &lt;http://dbpedia.org&gt;{?subject ?property &lt;http://dbpedia.org/resource/Marcel_Schwob&gt;.
}}
select distinct ?subject ?property 
where 
 { GRAPH &lt;http://dbpedia.org&gt;{?subject ?property &lt;http://dbpedia.org/resource/Mariano_Ignacio_Prado&gt;.
}}
select distinct ?subject ?property 
where 
 { GRAPH &lt;http://dbpedia.org&gt;{?subject ?property &lt;http://dbpedia.org/resource/Marie_Bracquemond&gt;.
}}
select distinct ?subject ?property 
where 
 { GRAPH &lt;http://dbpedia.org&gt;{?subject ?property &lt;http://dbpedia.org/resource/Martin_de_Villamil&gt;.
}}
select distinct ?subject ?property 
where 
 { GRAPH &lt;http://dbpedia.org&gt;{?subject ?property &lt;http://dbpedia.org/resource/Maurice_Maréchal&gt;.
}}
select distinct ?subject ?property 
where 
 { GRAPH &lt;http://dbpedia.org&gt;{?subject ?property &lt;http://dbpedia.org/resource/Mavis_Gallant&gt;.
}}
select distinct ?subject ?property 
where 
 { GRAPH &lt;http://dbpedia.org&gt;{?subject ?property &lt;http://dbpedia.org/resource/Michel-?tienne_Turgot&gt;.
}}
select distinct ?subject ?property 
where 
 { GRAPH &lt;http://dbpedia.org&gt;{?subject ?property &lt;http://dbpedia.org/resource/Mihail_Kog?lniceanu&gt;.
}}
select distinct ?subject ?property 
where 
 { GRAPH &lt;http://dbpedia.org&gt;{?subject ?property &lt;http://dbpedia.org/resource/Mikel_Dufrenne&gt;.
}}
select distinct ?subject ?property 
where 
 { GRAPH &lt;http://dbpedia.org&gt;{?subject ?property &lt;http://dbpedia.org/resource/Mélanie_Hahnemann&gt;.
}}
select distinct ?subject ?property 
where 
 { GRAPH &lt;http://dbpedia.org&gt;{?subject ?property &lt;http://dbpedia.org/resource/Nicolas_Leblanc&gt;.
}}
select distinct ?subject ?property 
where 
 { GRAPH &lt;http://dbpedia.org&gt;{?subject ?property &lt;http://dbpedia.org/resource/Nicolas_de_Harlay,_seigneur_de_Sancy&gt;.
}}
select distinct ?subject ?property 
where 
 { GRAPH &lt;http://dbpedia.org&gt;{?subject ?property &lt;http://dbpedia.org/resource/Nikolay_Muravyov-Amursky&gt;.
}}
select distinct ?subject ?property 
where 
 { GRAPH &lt;http://dbpedia.org&gt;{?subject ?property &lt;http://dbpedia.org/resource/Octave_Aubry&gt;.
}}
select distinct ?subject ?property 
where 
 { GRAPH &lt;http://dbpedia.org&gt;{?subject ?property &lt;http://dbpedia.org/resource/Paul_Georges_Dieulafoy&gt;.
}}
select distinct ?subject ?property 
where 
 { GRAPH &lt;http://dbpedia.org&gt;{?subject ?property &lt;http://dbpedia.org/resource/Paul_Jamin&gt;.
}}
select distinct ?subject ?property 
where 
 { GRAPH &lt;http://dbpedia.org&gt;{?subject ?property &lt;http://dbpedia.org/resource/Paul_Painlevé&gt;.
}}
select distinct ?subject ?property 
where 
 { GRAPH &lt;http://dbpedia.org&gt;{?subject ?property &lt;http://dbpedia.org/resource/Philibert_de_l&apos;Orme&gt;.
}}
select distinct ?subject ?property 
where 
 { GRAPH &lt;http://dbpedia.org&gt;{?subject ?property &lt;http://dbpedia.org/resource/Phineas_Riall&gt;.
}}
select distinct ?subject ?property 
where 
 { GRAPH &lt;http://dbpedia.org&gt;{?subject ?property &lt;http://dbpedia.org/resource/Pierre-Jean_Mariette&gt;.
}}
select distinct ?subject ?property 
where 
 { GRAPH &lt;http://dbpedia.org&gt;{?subject ?property &lt;http://dbpedia.org/resource/Pierre-Jean_de_Béranger&gt;.
}}
select distinct ?subject ?property 
where 
 { GRAPH &lt;http://dbpedia.org&gt;{?subject ?property &lt;http://dbpedia.org/resource/Princess_Isabelle_of_Orléans-Braganza&gt;.
}}
select distinct ?subject ?property 
where 
 { GRAPH &lt;http://dbpedia.org&gt;{?subject ?property &lt;http://dbpedia.org/resource/Quentin_Varin&gt;.
}}
select distinct ?subject ?property 
where 
 { GRAPH &lt;http://dbpedia.org&gt;{?subject ?property &lt;http://dbpedia.org/resource/René_Just_Haüy&gt;.
}}
select distinct ?subject ?property 
where 
 { GRAPH &lt;http://dbpedia.org&gt;{?subject ?property &lt;http://dbpedia.org/resource/Richard_Chenevix_(chemist)&gt;.
}}
select distinct ?subject ?property 
where 
 { GRAPH &lt;http://dbpedia.org&gt;{?subject ?property &lt;http://dbpedia.org/resource/Robert-François_Damiens&gt;.
}}
select distinct ?subject ?property 
where 
 { GRAPH &lt;http://dbpedia.org&gt;{?subject ?property &lt;http://dbpedia.org/resource/Robert_Giraud&gt;.
}}
select distinct ?subject ?property 
where 
 { GRAPH &lt;http://dbpedia.org&gt;{?subject ?property &lt;http://dbpedia.org/resource/Roch-Ambroise_Cucurron_Sicard&gt;.
}}
select distinct ?subject ?property 
where 
 { GRAPH &lt;http://dbpedia.org&gt;{?subject ?property &lt;http://dbpedia.org/resource/Rosalie_Rendu&gt;.
}}
select distinct ?subject ?property 
where 
 { GRAPH &lt;http://dbpedia.org&gt;{?subject ?property &lt;http://dbpedia.org/resource/Samuel_Liddell_MacGregor_Mathers&gt;.
}}
select distinct ?subject ?property 
where 
 { GRAPH &lt;http://dbpedia.org&gt;{?subject ?property &lt;http://dbpedia.org/resource/Santiago_Pérez_de_Manosalbas&gt;.
}}
select distinct ?subject ?property 
where 
 { GRAPH &lt;http://dbpedia.org&gt;{?subject ?property &lt;http://dbpedia.org/resource/Shafic_Abboud&gt;.
}}
select distinct ?subject ?property 
where 
 { GRAPH &lt;http://dbpedia.org&gt;{?subject ?property &lt;http://dbpedia.org/resource/Sébastien_Leclerc_(1637–1714)&gt;.
}}
select distinct ?subject ?property 
where 
 { GRAPH &lt;http://dbpedia.org&gt;{?subject ?property &lt;http://dbpedia.org/resource/Thomas_Tellefsen&gt;.
}}
select distinct ?subject ?property 
where 
 { GRAPH &lt;http://dbpedia.org&gt;{?subject ?property &lt;http://dbpedia.org/resource/Ulysse_Gémignani&gt;.
}}
select distinct ?subject ?property 
where 
 { GRAPH &lt;http://dbpedia.org&gt;{?subject ?property &lt;http://dbpedia.org/resource/Valentin_Haüy&gt;.
}}
select distinct ?subject ?property 
where 
 { GRAPH &lt;http://dbpedia.org&gt;{?subject ?property &lt;http://dbpedia.org/resource/Vincent_Scotto&gt;.
}}
select distinct ?subject ?property 
where 
 { GRAPH &lt;http://dbpedia.org&gt;{?subject ?property &lt;http://dbpedia.org/resource/Vladimir_Lossky&gt;.
}}
select distinct ?subject ?property 
where 
 { GRAPH &lt;http://dbpedia.org&gt;{?subject ?property &lt;http://dbpedia.org/resource/Yuliya_Samoylova&gt;.
}}
select distinct ?subject ?property 
where 
 { GRAPH &lt;http://dbpedia.org&gt;{?subject ?property &lt;http://dbpedia.org/resource/Zinaida_Yusupova&gt;.
}}
select distinct ?subject ?property 
where 
 { GRAPH &lt;http://dbpedia.org&gt;{?subject ?property &lt;http://dbpedia.org/resource/?douard_André_(art_collector)&gt;.
}}
select distinct ?subject ?property 
where 
 { GRAPH &lt;http://dbpedia.org&gt;{?subject ?property &lt;http://dbpedia.org/resource/?douard_Molinaro&gt;.
}}
select distinct ?subject ?property 
where 
 { GRAPH &lt;http://dbpedia.org&gt;{?subject ?property &lt;http://dbpedia.org/resource/?mile_Léger&gt;.
}}
select distinct ?subject ?property 
where 
 { GRAPH &lt;http://dbpedia.org&gt;{?subject ?property &lt;http://dbpedia.org/resource/?ric_Rohmer&gt;.
}}
select distinct ?subject ?property 
where 
 { GRAPH &lt;http://dbpedia.org&gt;{?subject ?property &lt;http://dbpedia.org/resource/?scar_Dom?nguez&gt;.
}}
select distinct ?subject ?property 
where 
 { GRAPH &lt;http://dbpedia.org&gt;{?subject ?property &lt;http://dbpedia.org/resource/Adrienne_Monnier&gt;.
}}
select distinct ?subject ?property 
where 
 { GRAPH &lt;http://dbpedia.org&gt;{?subject ?property &lt;http://dbpedia.org/resource/Alain_Payet&gt;.
}}
select distinct ?subject ?property 
where 
 { GRAPH &lt;http://dbpedia.org&gt;{?subject ?property &lt;http://dbpedia.org/resource/Albert_Champion_(cyclist)&gt;.
}}
select distinct ?subject ?property 
where 
 { GRAPH &lt;http://dbpedia.org&gt;{?subject ?property &lt;http://dbpedia.org/resource/Alexander_Werth&gt;.
}}
select distinct ?subject ?property 
where 
 { GRAPH &lt;http://dbpedia.org&gt;{?subject ?property &lt;http://dbpedia.org/resource/Alfred_Masson-Forestier&gt;.
}}
select distinct ?subject ?property 
where 
 { GRAPH &lt;http://dbpedia.org&gt;{?subject ?property &lt;http://dbpedia.org/resource/Amédée_Bollée&gt;.
}}
select distinct ?subject ?property 
where 
 { GRAPH &lt;http://dbpedia.org&gt;{?subject ?property &lt;http://dbpedia.org/resource/André_François-Poncet&gt;.
}}
select distinct ?subject ?property 
where 
 { GRAPH &lt;http://dbpedia.org&gt;{?subject ?property &lt;http://dbpedia.org/resource/Angelica_Catalani&gt;.
}}
select distinct ?subject ?property 
where 
 { GRAPH &lt;http://dbpedia.org&gt;{?subject ?property &lt;http://dbpedia.org/resource/Antoine_Jacques_Claude_Joseph,_comte_Boulay_de_la_Meurthe&gt;.
}}
select distinct ?subject ?property 
where 
 { GRAPH &lt;http://dbpedia.org&gt;{?subject ?property &lt;http://dbpedia.org/resource/Antoine_Maurin&gt;.
}}
select distinct ?subject ?property 
where 
 { GRAPH &lt;http://dbpedia.org&gt;{?subject ?property &lt;http://dbpedia.org/resource/Antoine_Maurin_(painter)&gt;.
}}
select distinct ?subject ?property 
where 
 { GRAPH &lt;http://dbpedia.org&gt;{?subject ?property &lt;http://dbpedia.org/resource/Apollonie_Sabatier&gt;.
}}
select distinct ?subject ?property 
where 
 { GRAPH &lt;http://dbpedia.org&gt;{?subject ?property &lt;http://dbpedia.org/resource/Arthur-Marie_Le_Hir&gt;.
}}
select distinct ?subject ?property 
where 
 { GRAPH &lt;http://dbpedia.org&gt;{?subject ?property &lt;http://dbpedia.org/resource/Ary_Scheffer&gt;.
}}
select distinct ?subject ?property 
where 
 { GRAPH &lt;http://dbpedia.org&gt;{?subject ?property &lt;http://dbpedia.org/resource/Assia_Djebar&gt;.
}}
select distinct ?subject ?property 
where 
 { GRAPH &lt;http://dbpedia.org&gt;{?subject ?property &lt;http://dbpedia.org/resource/Auguste_Ambroise_Tardieu&gt;.
}}
select distinct ?subject ?property 
where 
 { GRAPH &lt;http://dbpedia.org&gt;{?subject ?property &lt;http://dbpedia.org/resource/Bertrand_Poirot-Delpech&gt;.
}}
select distinct ?subject ?property 
where 
 { GRAPH &lt;http://dbpedia.org&gt;{?subject ?property &lt;http://dbpedia.org/resource/Béatrice_Hiéronyme_de_Lorraine&gt;.
}}
select distinct ?subject ?property 
where 
 { GRAPH &lt;http://dbpedia.org&gt;{?subject ?property &lt;http://dbpedia.org/resource/Carlos_Calvo_(historian)&gt;.
}}
select distinct ?subject ?property 
where 
 { GRAPH &lt;http://dbpedia.org&gt;{?subject ?property &lt;http://dbpedia.org/resource/Casimir_Pierre_Périer&gt;.
}}
select distinct ?subject ?property 
where 
 { GRAPH &lt;http://dbpedia.org&gt;{?subject ?property &lt;http://dbpedia.org/resource/Charles-Irénée_Castel_de_Saint-Pierre&gt;.
}}
select distinct ?subject ?property 
where 
 { GRAPH &lt;http://dbpedia.org&gt;{?subject ?property &lt;http://dbpedia.org/resource/Charles_Constance_César_Joseph_Matthieu_d&apos;Agoult&gt;.
}}
select distinct ?subject ?property 
where 
 { GRAPH &lt;http://dbpedia.org&gt;{?subject ?property &lt;http://dbpedia.org/resource/Charles_Girault&gt;.
}}
select distinct ?subject ?property 
where 
 { GRAPH &lt;http://dbpedia.org&gt;{?subject ?property &lt;http://dbpedia.org/resource/Charles_Juste_de_Beauvau,_Prince_of_Craon&gt;.
}}
select distinct ?subject ?property 
where 
 { GRAPH &lt;http://dbpedia.org&gt;{?subject ?property &lt;http://dbpedia.org/resource/Charles_Louis_L&apos;Héritier_de_Brutelle&gt;.
}}
select distinct ?subject ?property 
where 
 { GRAPH &lt;http://dbpedia.org&gt;{?subject ?property &lt;http://dbpedia.org/resource/Charles_Marie_Benjamin_Rouget&gt;.
}}
select distinct ?subject ?property 
where 
 { GRAPH &lt;http://dbpedia.org&gt;{?subject ?property &lt;http://dbpedia.org/resource/Charles_Paul_Landon&gt;.
}}
select distinct ?subject ?property 
where 
 { GRAPH &lt;http://dbpedia.org&gt;{?subject ?property &lt;http://dbpedia.org/resource/Charles_Rohault_de_Fleury&gt;.
}}
select distinct ?subject ?property 
where 
 { GRAPH &lt;http://dbpedia.org&gt;{?subject ?property &lt;http://dbpedia.org/resource/Charles_de_la_Boische,_Marquis_de_Beauharnois&gt;.
}}
select distinct ?subject ?property 
where 
 { GRAPH &lt;http://dbpedia.org&gt;{?subject ?property &lt;http://dbpedia.org/resource/Clairville_(Louis-François_Nicolaïe)&gt;.
}}
select distinct ?subject ?property 
where 
 { GRAPH &lt;http://dbpedia.org&gt;{?subject ?property &lt;http://dbpedia.org/resource/Claude_Nicolas_Ledoux&gt;.
}}
select distinct ?subject ?property 
where 
 { GRAPH &lt;http://dbpedia.org&gt;{?subject ?property &lt;http://dbpedia.org/resource/Claude_de_Beauharnais_(1717–1784)&gt;.
}}
select distinct ?subject ?property 
where 
 { GRAPH &lt;http://dbpedia.org&gt;{?subject ?property &lt;http://dbpedia.org/resource/Claude_de_Beauharnais_(1756–1819)&gt;.
}}
select distinct ?subject ?property 
where 
 { GRAPH &lt;http://dbpedia.org&gt;{?subject ?property &lt;http://dbpedia.org/resource/Cornelia_Scheffer&gt;.
}}
select distinct ?subject ?property 
where 
 { GRAPH &lt;http://dbpedia.org&gt;{?subject ?property &lt;http://dbpedia.org/resource/Daniel_Singer_(journalist)&gt;.
}}
select distinct ?subject ?property 
where 
 { GRAPH &lt;http://dbpedia.org&gt;{?subject ?property &lt;http://dbpedia.org/resource/Edmond_Pottier&gt;.
}}
select distinct ?subject ?property 
where 
 { GRAPH &lt;http://dbpedia.org&gt;{?subject ?property &lt;http://dbpedia.org/resource/Eugène_Edine_Pottier&gt;.
}}
select distinct ?subject ?property 
where 
 { GRAPH &lt;http://dbpedia.org&gt;{?subject ?property &lt;http://dbpedia.org/resource/Eugène_Ketterer&gt;.
}}
select distinct ?subject ?property 
where 
 { GRAPH &lt;http://dbpedia.org&gt;{?subject ?property &lt;http://dbpedia.org/resource/Eugène_Leclercq&gt;.
}}
select distinct ?subject ?property 
where 
 { GRAPH &lt;http://dbpedia.org&gt;{?subject ?property &lt;http://dbpedia.org/resource/Ferdinand_(dancer)&gt;.
}}
select distinct ?subject ?property 
where 
 { GRAPH &lt;http://dbpedia.org&gt;{?subject ?property &lt;http://dbpedia.org/resource/Fernand_Baldet&gt;.
}}
select distinct ?subject ?property 
where 
 { GRAPH &lt;http://dbpedia.org&gt;{?subject ?property &lt;http://dbpedia.org/resource/Fernand_Cormon&gt;.
}}
select distinct ?subject ?property 
where 
 { GRAPH &lt;http://dbpedia.org&gt;{?subject ?property &lt;http://dbpedia.org/resource/Fernand_Gambiez&gt;.
}}
select distinct ?subject ?property 
where 
 { GRAPH &lt;http://dbpedia.org&gt;{?subject ?property &lt;http://dbpedia.org/resource/Fernand_Gravey&gt;.
}}
select distinct ?subject ?property 
where 
 { GRAPH &lt;http://dbpedia.org&gt;{?subject ?property &lt;http://dbpedia.org/resource/Fernand_Mourlot&gt;.
}}
select distinct ?subject ?property 
where 
 { GRAPH &lt;http://dbpedia.org&gt;{?subject ?property &lt;http://dbpedia.org/resource/Fernand_de_Langle_de_Cary&gt;.
}}
select distinct ?subject ?property 
where 
 { GRAPH &lt;http://dbpedia.org&gt;{?subject ?property &lt;http://dbpedia.org/resource/François-Marie,_comte_de_Broglie&gt;.
}}
select distinct ?subject ?property 
where 
 { GRAPH &lt;http://dbpedia.org&gt;{?subject ?property &lt;http://dbpedia.org/resource/François-Séraphin_Régnier-Desmarais&gt;.
}}
select distinct ?subject ?property 
where 
 { GRAPH &lt;http://dbpedia.org&gt;{?subject ?property &lt;http://dbpedia.org/resource/François_Clouet&gt;.
}}
select distinct ?subject ?property 
where 
 { GRAPH &lt;http://dbpedia.org&gt;{?subject ?property &lt;http://dbpedia.org/resource/François_Denis_Tronchet&gt;.
}}
select distinct ?subject ?property 
where 
 { GRAPH &lt;http://dbpedia.org&gt;{?subject ?property &lt;http://dbpedia.org/resource/François_Marie,_Prince_of_Lillebonne&gt;.
}}
select distinct ?subject ?property 
where 
 { GRAPH &lt;http://dbpedia.org&gt;{?subject ?property &lt;http://dbpedia.org/resource/François_Marie_Daudin&gt;.
}}
select distinct ?subject ?property 
where 
 { GRAPH &lt;http://dbpedia.org&gt;{?subject ?property &lt;http://dbpedia.org/resource/François_Périer&gt;.
}}
select distinct ?subject ?property 
where 
 { GRAPH &lt;http://dbpedia.org&gt;{?subject ?property &lt;http://dbpedia.org/resource/François_Sudre_(1787–1862)&gt;.
}}
select distinct ?subject ?property 
where 
 { GRAPH &lt;http://dbpedia.org&gt;{?subject ?property &lt;http://dbpedia.org/resource/Friedrich_K?rner&gt;.
}}
select distinct ?subject ?property 
where 
 { GRAPH &lt;http://dbpedia.org&gt;{?subject ?property &lt;http://dbpedia.org/resource/Frédéric_Sauvage&gt;.
}}
select distinct ?subject ?property 
where 
 { GRAPH &lt;http://dbpedia.org&gt;{?subject ?property &lt;http://dbpedia.org/resource/Félix_Marie_Charles_Texier&gt;.
}}
select distinct ?subject ?property 
where 
 { GRAPH &lt;http://dbpedia.org&gt;{?subject ?property &lt;http://dbpedia.org/resource/Gaby_Aghion&gt;.
}}
select distinct ?subject ?property 
where 
 { GRAPH &lt;http://dbpedia.org&gt;{?subject ?property &lt;http://dbpedia.org/resource/Gaston_du_Bousquet&gt;.
}}
select distinct ?subject ?property 
where 
 { GRAPH &lt;http://dbpedia.org&gt;{?subject ?property &lt;http://dbpedia.org/resource/Georges_Gorse&gt;.
}}
select distinct ?subject ?property 
where 
 { GRAPH &lt;http://dbpedia.org&gt;{?subject ?property &lt;http://dbpedia.org/resource/Georges_Rohault_de_Fleury&gt;.
}}
select distinct ?subject ?property 
where 
 { GRAPH &lt;http://dbpedia.org&gt;{?subject ?property &lt;http://dbpedia.org/resource/Georges_Rouget&gt;.
}}
select distinct ?subject ?property 
where 
 { GRAPH &lt;http://dbpedia.org&gt;{?subject ?property &lt;http://dbpedia.org/resource/Georges_Wolinski&gt;.
}}
select distinct ?subject ?property 
where 
 { GRAPH &lt;http://dbpedia.org&gt;{?subject ?property &lt;http://dbpedia.org/resource/Gino_Severini&gt;.
}}
select distinct ?subject ?property 
where 
 { GRAPH &lt;http://dbpedia.org&gt;{?subject ?property &lt;http://dbpedia.org/resource/Guillaume_Postel&gt;.
}}
select distinct ?subject ?property 
where 
 { GRAPH &lt;http://dbpedia.org&gt;{?subject ?property &lt;http://dbpedia.org/resource/Guy_Bourdin&gt;.
}}
select distinct ?subject ?property 
where 
 { GRAPH &lt;http://dbpedia.org&gt;{?subject ?property &lt;http://dbpedia.org/resource/Guy_Michel_Lejay&gt;.
}}
select distinct ?subject ?property 
where 
 { GRAPH &lt;http://dbpedia.org&gt;{?subject ?property &lt;http://dbpedia.org/resource/Guy_de_La_Brosse&gt;.
}}
select distinct ?subject ?property 
where 
 { GRAPH &lt;http://dbpedia.org&gt;{?subject ?property &lt;http://dbpedia.org/resource/Hendrik_Scheffer&gt;.
}}
select distinct ?subject ?property 
where 
 { GRAPH &lt;http://dbpedia.org&gt;{?subject ?property &lt;http://dbpedia.org/resource/Henri_Berr&gt;.
}}
select distinct ?subject ?property 
where 
 { GRAPH &lt;http://dbpedia.org&gt;{?subject ?property &lt;http://dbpedia.org/resource/Henri_Giffard&gt;.
}}
select distinct ?subject ?property 
where 
 { GRAPH &lt;http://dbpedia.org&gt;{?subject ?property &lt;http://dbpedia.org/resource/Henri_Martelli&gt;.
}}
select distinct ?subject ?property 
where 
 { GRAPH &lt;http://dbpedia.org&gt;{?subject ?property &lt;http://dbpedia.org/resource/Henri_Sauvage&gt;.
}}
select distinct ?subject ?property 
where 
 { GRAPH &lt;http://dbpedia.org&gt;{?subject ?property &lt;http://dbpedia.org/resource/Henri_de_Gondi_(cardinal)&gt;.
}}
select distinct ?subject ?property 
where 
 { GRAPH &lt;http://dbpedia.org&gt;{?subject ?property &lt;http://dbpedia.org/resource/Henry_Becque&gt;.
}}
select distinct ?subject ?property 
where 
 { GRAPH &lt;http://dbpedia.org&gt;{?subject ?property &lt;http://dbpedia.org/resource/Henry_Monnier&gt;.
}}
select distinct ?subject ?property 
where 
 { GRAPH &lt;http://dbpedia.org&gt;{?subject ?property &lt;http://dbpedia.org/resource/Jacques-Henri_Bernardin_de_Saint-Pierre&gt;.
}}
select distinct ?subject ?property 
where 
 { GRAPH &lt;http://dbpedia.org&gt;{?subject ?property &lt;http://dbpedia.org/resource/Jacques_Antoine_Charles_Bresse&gt;.
}}
select distinct ?subject ?property 
where 
 { GRAPH &lt;http://dbpedia.org&gt;{?subject ?property &lt;http://dbpedia.org/resource/Jacques_Bergeret&gt;.
}}
select distinct ?subject ?property 
where 
 { GRAPH &lt;http://dbpedia.org&gt;{?subject ?property &lt;http://dbpedia.org/resource/Jacques_Bertin&gt;.
}}
select distinct ?subject ?property 
where 
 { GRAPH &lt;http://dbpedia.org&gt;{?subject ?property &lt;http://dbpedia.org/resource/Jacques_Duclos&gt;.
}}
select distinct ?subject ?property 
where 
 { GRAPH &lt;http://dbpedia.org&gt;{?subject ?property &lt;http://dbpedia.org/resource/Jacques_Forestier&gt;.
}}
select distinct ?subject ?property 
where 
 { GRAPH &lt;http://dbpedia.org&gt;{?subject ?property &lt;http://dbpedia.org/resource/Jacques_Le_Goff&gt;.
}}
select distinct ?subject ?property 
where 
 { GRAPH &lt;http://dbpedia.org&gt;{?subject ?property &lt;http://dbpedia.org/resource/Jacques_Lecoq&gt;.
}}
select distinct ?subject ?property 
where 
 { GRAPH &lt;http://dbpedia.org&gt;{?subject ?property &lt;http://dbpedia.org/resource/James_Fillis&gt;.
}}
select distinct ?subject ?property 
where 
 { GRAPH &lt;http://dbpedia.org&gt;{?subject ?property &lt;http://dbpedia.org/resource/Jean-Charles_Monnier&gt;.
}}
select distinct ?subject ?property 
where 
 { GRAPH &lt;http://dbpedia.org&gt;{?subject ?property &lt;http://dbpedia.org/resource/Jean-François_Leleu&gt;.
}}
select distinct ?subject ?property 
where 
 { GRAPH &lt;http://dbpedia.org&gt;{?subject ?property &lt;http://dbpedia.org/resource/Jean-Louis_Nicot&gt;.
}}
select distinct ?subject ?property 
where 
 { GRAPH &lt;http://dbpedia.org&gt;{?subject ?property &lt;http://dbpedia.org/resource/Jean-Pierre_Bergeret&gt;.
}}
select distinct ?subject ?property 
where 
 { GRAPH &lt;http://dbpedia.org&gt;{?subject ?property &lt;http://dbpedia.org/resource/Jean-Pierre_Gibert&gt;.
}}
select distinct ?subject ?property 
where 
 { GRAPH &lt;http://dbpedia.org&gt;{?subject ?property &lt;http://dbpedia.org/resource/Jean_Armand_Charlemagne&gt;.
}}
select distinct ?subject ?property 
where 
 { GRAPH &lt;http://dbpedia.org&gt;{?subject ?property &lt;http://dbpedia.org/resource/Jean_Boucher_(artist)&gt;.
}}
select distinct ?subject ?property 
where 
 { GRAPH &lt;http://dbpedia.org&gt;{?subject ?property &lt;http://dbpedia.org/resource/Jean_Clouet&gt;.
}}
select distinct ?subject ?property 
where 
 { GRAPH &lt;http://dbpedia.org&gt;{?subject ?property &lt;http://dbpedia.org/resource/Jean_Coralli&gt;.
}}
select distinct ?subject ?property 
where 
 { GRAPH &lt;http://dbpedia.org&gt;{?subject ?property &lt;http://dbpedia.org/resource/Jean_François-Poncet&gt;.
}}
select distinct ?subject ?property 
where 
 { GRAPH &lt;http://dbpedia.org&gt;{?subject ?property &lt;http://dbpedia.org/resource/Jean_Joseph_Mounier&gt;.
}}
select distinct ?subject ?property 
where 
 { GRAPH &lt;http://dbpedia.org&gt;{?subject ?property &lt;http://dbpedia.org/resource/Jean_Terrasson&gt;.
}}
select distinct ?subject ?property 
where 
 { GRAPH &lt;http://dbpedia.org&gt;{?subject ?property &lt;http://dbpedia.org/resource/Jehan_Rictus&gt;.
}}
select distinct ?subject ?property 
where 
 { GRAPH &lt;http://dbpedia.org&gt;{?subject ?property &lt;http://dbpedia.org/resource/Jehan_de_Lescurel&gt;.
}}
select distinct ?subject ?property 
where 
 { GRAPH &lt;http://dbpedia.org&gt;{?subject ?property &lt;http://dbpedia.org/resource/Johann_Georg_Wunderlich&gt;.
}}
select distinct ?subject ?property 
where 
 { GRAPH &lt;http://dbpedia.org&gt;{?subject ?property &lt;http://dbpedia.org/resource/José_Melchor_Gomis&gt;.
}}
select distinct ?subject ?property 
where 
 { GRAPH &lt;http://dbpedia.org&gt;{?subject ?property &lt;http://dbpedia.org/resource/Jules_Bastien-Lepage&gt;.
}}
select distinct ?subject ?property 
where 
 { GRAPH &lt;http://dbpedia.org&gt;{?subject ?property &lt;http://dbpedia.org/resource/Jules_Leleu&gt;.
}}
select distinct ?subject ?property 
where 
 { GRAPH &lt;http://dbpedia.org&gt;{?subject ?property &lt;http://dbpedia.org/resource/Juliette_Drouet&gt;.
}}
select distinct ?subject ?property 
where 
 { GRAPH &lt;http://dbpedia.org&gt;{?subject ?property &lt;http://dbpedia.org/resource/Lewis_Baltz&gt;.
}}
select distinct ?subject ?property 
where 
 { GRAPH &lt;http://dbpedia.org&gt;{?subject ?property &lt;http://dbpedia.org/resource/Louis_Bastien_(Esperantist)&gt;.
}}
select distinct ?subject ?property 
where 
 { GRAPH &lt;http://dbpedia.org&gt;{?subject ?property &lt;http://dbpedia.org/resource/Louis_Gallet&gt;.
}}
select distinct ?subject ?property 
where 
 { GRAPH &lt;http://dbpedia.org&gt;{?subject ?property &lt;http://dbpedia.org/resource/Louis_James_Alfred_Lefébure-Wély&gt;.
}}
select distinct ?subject ?property 
where 
 { GRAPH &lt;http://dbpedia.org&gt;{?subject ?property &lt;http://dbpedia.org/resource/Louis_Maurin&gt;.
}}
select distinct ?subject ?property 
where 
 { GRAPH &lt;http://dbpedia.org&gt;{?subject ?property &lt;http://dbpedia.org/resource/Louis_Paul_Abeille&gt;.
}}
select distinct ?subject ?property 
where 
 { GRAPH &lt;http://dbpedia.org&gt;{?subject ?property &lt;http://dbpedia.org/resource/Louis_Visconti&gt;.
}}
select distinct ?subject ?property 
where 
 { GRAPH &lt;http://dbpedia.org&gt;{?subject ?property &lt;http://dbpedia.org/resource/Louise_Bertin&gt;.
}}
select distinct ?subject ?property 
where 
 { GRAPH &lt;http://dbpedia.org&gt;{?subject ?property &lt;http://dbpedia.org/resource/Louise_Colet&gt;.
}}
select distinct ?subject ?property 
where 
 { GRAPH &lt;http://dbpedia.org&gt;{?subject ?property &lt;http://dbpedia.org/resource/Luisa_Spagnoli&gt;.
}}
select distinct ?subject ?property 
where 
 { GRAPH &lt;http://dbpedia.org&gt;{?subject ?property &lt;http://dbpedia.org/resource/Mado_Maurin&gt;.
}}
select distinct ?subject ?property 
where 
 { GRAPH &lt;http://dbpedia.org&gt;{?subject ?property &lt;http://dbpedia.org/resource/Mahaut,_Countess_of_Artois&gt;.
}}
select distinct ?subject ?property 
where 
 { GRAPH &lt;http://dbpedia.org&gt;{?subject ?property &lt;http://dbpedia.org/resource/Marcel_Tournier&gt;.
}}
select distinct ?subject ?property 
where 
 { GRAPH &lt;http://dbpedia.org&gt;{?subject ?property &lt;http://dbpedia.org/resource/Marguerite_Jeanne_Carpentier&gt;.
}}
select distinct ?subject ?property 
where 
 { GRAPH &lt;http://dbpedia.org&gt;{?subject ?property &lt;http://dbpedia.org/resource/Marie_François_Xavier_Bichat&gt;.
}}
select distinct ?subject ?property 
where 
 { GRAPH &lt;http://dbpedia.org&gt;{?subject ?property &lt;http://dbpedia.org/resource/Marie_of_Valois,_Prioress_of_Poissy&gt;.
}}
select distinct ?subject ?property 
where 
 { GRAPH &lt;http://dbpedia.org&gt;{?subject ?property &lt;http://dbpedia.org/resource/Mariya_Svistunova&gt;.
}}
select distinct ?subject ?property 
where 
 { GRAPH &lt;http://dbpedia.org&gt;{?subject ?property &lt;http://dbpedia.org/resource/Mathilde_Kschessinska&gt;.
}}
select distinct ?subject ?property 
where 
 { GRAPH &lt;http://dbpedia.org&gt;{?subject ?property &lt;http://dbpedia.org/resource/Michel_Corrette&gt;.
}}
select distinct ?subject ?property 
where 
 { GRAPH &lt;http://dbpedia.org&gt;{?subject ?property &lt;http://dbpedia.org/resource/Napoléon,_comte_Daru&gt;.
}}
select distinct ?subject ?property 
where 
 { GRAPH &lt;http://dbpedia.org&gt;{?subject ?property &lt;http://dbpedia.org/resource/Nicholas_Bourbon_(the_younger)&gt;.
}}
select distinct ?subject ?property 
where 
 { GRAPH &lt;http://dbpedia.org&gt;{?subject ?property &lt;http://dbpedia.org/resource/Nicolas-Henri_Jardin&gt;.
}}
select distinct ?subject ?property 
where 
 { GRAPH &lt;http://dbpedia.org&gt;{?subject ?property &lt;http://dbpedia.org/resource/Nikolai_Pavlovich_Sablin&gt;.
}}
select distinct ?subject ?property 
where 
 { GRAPH &lt;http://dbpedia.org&gt;{?subject ?property &lt;http://dbpedia.org/resource/Nikolay_Kedrov,_Sr.&gt;.
}}
select distinct ?subject ?property 
where 
 { GRAPH &lt;http://dbpedia.org&gt;{?subject ?property &lt;http://dbpedia.org/resource/Olympe_Pélissier&gt;.
}}
select distinct ?subject ?property 
where 
 { GRAPH &lt;http://dbpedia.org&gt;{?subject ?property &lt;http://dbpedia.org/resource/Pascal_Jardin&gt;.
}}
select distinct ?subject ?property 
where 
 { GRAPH &lt;http://dbpedia.org&gt;{?subject ?property &lt;http://dbpedia.org/resource/Paul-Albert_Besnard&gt;.
}}
select distinct ?subject ?property 
where 
 { GRAPH &lt;http://dbpedia.org&gt;{?subject ?property &lt;http://dbpedia.org/resource/Paul_Bernard_(actor)&gt;.
}}
select distinct ?subject ?property 
where 
 { GRAPH &lt;http://dbpedia.org&gt;{?subject ?property &lt;http://dbpedia.org/resource/Paul_Diel&gt;.
}}
select distinct ?subject ?property 
where 
 { GRAPH &lt;http://dbpedia.org&gt;{?subject ?property &lt;http://dbpedia.org/resource/Peter_Francis_(volcanologist)&gt;.
}}
select distinct ?subject ?property 
where 
 { GRAPH &lt;http://dbpedia.org&gt;{?subject ?property &lt;http://dbpedia.org/resource/Philippe_Besnard&gt;.
}}
select distinct ?subject ?property 
where 
 { GRAPH &lt;http://dbpedia.org&gt;{?subject ?property &lt;http://dbpedia.org/resource/Philippe_de_Champaigne&gt;.
}}
select distinct ?subject ?property 
where 
 { GRAPH &lt;http://dbpedia.org&gt;{?subject ?property &lt;http://dbpedia.org/resource/Pierre-Jean_Garat&gt;.
}}
select distinct ?subject ?property 
where 
 { GRAPH &lt;http://dbpedia.org&gt;{?subject ?property &lt;http://dbpedia.org/resource/Pierre-Nolasque_Bergeret&gt;.
}}
select distinct ?subject ?property 
where 
 { GRAPH &lt;http://dbpedia.org&gt;{?subject ?property &lt;http://dbpedia.org/resource/Pierre_Alexandre_Tardieu&gt;.
}}
select distinct ?subject ?property 
where 
 { GRAPH &lt;http://dbpedia.org&gt;{?subject ?property &lt;http://dbpedia.org/resource/Pierre_Desfontaines&gt;.
}}
select distinct ?subject ?property 
where 
 { GRAPH &lt;http://dbpedia.org&gt;{?subject ?property &lt;http://dbpedia.org/resource/Pierre_d&apos;Hozier&gt;.
}}
select distinct ?subject ?property 
where 
 { GRAPH &lt;http://dbpedia.org&gt;{?subject ?property &lt;http://dbpedia.org/resource/Princess_Olga_of_Greece_and_Denmark&gt;.
}}
select distinct ?subject ?property 
where 
 { GRAPH &lt;http://dbpedia.org&gt;{?subject ?property &lt;http://dbpedia.org/resource/Raphaël_Bienvenu_Sabatier&gt;.
}}
select distinct ?subject ?property 
where 
 { GRAPH &lt;http://dbpedia.org&gt;{?subject ?property &lt;http://dbpedia.org/resource/Raymond_Mason_(sculptor)&gt;.
}}
select distinct ?subject ?property 
where 
 { GRAPH &lt;http://dbpedia.org&gt;{?subject ?property &lt;http://dbpedia.org/resource/Ra?l_Pateras_Pescara&gt;.
}}
select distinct ?subject ?property 
where 
 { GRAPH &lt;http://dbpedia.org&gt;{?subject ?property &lt;http://dbpedia.org/resource/René_Allio&gt;.
}}
select distinct ?subject ?property 
where 
 { GRAPH &lt;http://dbpedia.org&gt;{?subject ?property &lt;http://dbpedia.org/resource/René_Bousquet&gt;.
}}
select distinct ?subject ?property 
where 
 { GRAPH &lt;http://dbpedia.org&gt;{?subject ?property &lt;http://dbpedia.org/resource/René_Char&gt;.
}}
select distinct ?subject ?property 
where 
 { GRAPH &lt;http://dbpedia.org&gt;{?subject ?property &lt;http://dbpedia.org/resource/René_Louiche_Desfontaines&gt;.
}}
select distinct ?subject ?property 
where 
 { GRAPH &lt;http://dbpedia.org&gt;{?subject ?property &lt;http://dbpedia.org/resource/René_Maheu&gt;.
}}
select distinct ?subject ?property 
where 
 { GRAPH &lt;http://dbpedia.org&gt;{?subject ?property &lt;http://dbpedia.org/resource/Robert_Benayoun&gt;.
}}
select distinct ?subject ?property 
where 
 { GRAPH &lt;http://dbpedia.org&gt;{?subject ?property &lt;http://dbpedia.org/resource/Robert_Couturier_(sculptor)&gt;.
}}
select distinct ?subject ?property 
where 
 { GRAPH &lt;http://dbpedia.org&gt;{?subject ?property &lt;http://dbpedia.org/resource/Robert_Herbert,_12th_Earl_of_Pembroke&gt;.
}}
select distinct ?subject ?property 
where 
 { GRAPH &lt;http://dbpedia.org&gt;{?subject ?property &lt;http://dbpedia.org/resource/Roger_Bourdin&gt;.
}}
select distinct ?subject ?property 
where 
 { GRAPH &lt;http://dbpedia.org&gt;{?subject ?property &lt;http://dbpedia.org/resource/Rosso_Fiorentino&gt;.
}}
select distinct ?subject ?property 
where 
 { GRAPH &lt;http://dbpedia.org&gt;{?subject ?property &lt;http://dbpedia.org/resource/Serge_Reggiani&gt;.
}}
select distinct ?subject ?property 
where 
 { GRAPH &lt;http://dbpedia.org&gt;{?subject ?property &lt;http://dbpedia.org/resource/Severo_Sarduy&gt;.
}}
select distinct ?subject ?property 
where 
 { GRAPH &lt;http://dbpedia.org&gt;{?subject ?property &lt;http://dbpedia.org/resource/Sibyl_Sanderson&gt;.
}}
select distinct ?subject ?property 
where 
 { GRAPH &lt;http://dbpedia.org&gt;{?subject ?property &lt;http://dbpedia.org/resource/Simon_Foucher&gt;.
}}
select distinct ?subject ?property 
where 
 { GRAPH &lt;http://dbpedia.org&gt;{?subject ?property &lt;http://dbpedia.org/resource/Stéphane_Lupasco&gt;.
}}
select distinct ?subject ?property 
where 
 { GRAPH &lt;http://dbpedia.org&gt;{?subject ?property &lt;http://dbpedia.org/resource/Symon_Petliura&gt;.
}}
select distinct ?subject ?property 
where 
 { GRAPH &lt;http://dbpedia.org&gt;{?subject ?property &lt;http://dbpedia.org/resource/Tabarin&gt;.
}}
select distinct ?subject ?property 
where 
 { GRAPH &lt;http://dbpedia.org&gt;{?subject ?property &lt;http://dbpedia.org/resource/Thomas_Hoby&gt;.
}}
select distinct ?subject ?property 
where 
 { GRAPH &lt;http://dbpedia.org&gt;{?subject ?property &lt;http://dbpedia.org/resource/Victoire_Léodile_Béra&gt;.
}}
select distinct ?subject ?property 
where 
 { GRAPH &lt;http://dbpedia.org&gt;{?subject ?property &lt;http://dbpedia.org/resource/Victor_Garcia_(director)&gt;.
}}
select distinct ?subject ?property 
where 
 { GRAPH &lt;http://dbpedia.org&gt;{?subject ?property &lt;http://dbpedia.org/resource/Xavier_Guichard&gt;.
}}
select distinct ?subject ?property 
where 
 { GRAPH &lt;http://dbpedia.org&gt;{?subject ?property &lt;http://dbpedia.org/resource/Yves_Bouthillier&gt;.
}}
select distinct ?subject ?property 
where 
 { GRAPH &lt;http://dbpedia.org&gt;{?subject ?property &lt;http://dbpedia.org/resource/Yvonne_Lefébure&gt;.
}}
select distinct ?subject ?property 
where 
 { GRAPH &lt;http://dbpedia.org&gt;{?subject ?property &lt;http://dbpedia.org/resource/?douard_Pichon&gt;.
}}
select distinct ?subject ?property 
where 
 { GRAPH &lt;http://dbpedia.org&gt;{?subject ?property &lt;http://dbpedia.org/resource/?milie_Bigottini&gt;.
}}
select distinct ?subject ?property 
where 
 { GRAPH &lt;http://dbpedia.org&gt;{?subject ?property &lt;http://dbpedia.org/resource/?tienne-Jehandier_Desrochers&gt;.
}}
select distinct ?subject ?property 
where 
 { GRAPH &lt;http://dbpedia.org&gt;{?subject ?property &lt;http://dbpedia.org/resource/Adalbert_Hamman&gt;.
}}
select distinct ?subject ?property 
where 
 { GRAPH &lt;http://dbpedia.org&gt;{?subject ?property &lt;http://dbpedia.org/resource/Aldo_Crommelynck&gt;.
}}
select distinct ?subject ?property 
where 
 { GRAPH &lt;http://dbpedia.org&gt;{?subject ?property &lt;http://dbpedia.org/resource/Alexandre_Guy_Pingré&gt;.
}}
select distinct ?subject ?property 
where 
 { GRAPH &lt;http://dbpedia.org&gt;{?subject ?property &lt;http://dbpedia.org/resource/Alfred-Marie_Liénard&gt;.
}}
select distinct ?subject ?property 
where 
 { GRAPH &lt;http://dbpedia.org&gt;{?subject ?property &lt;http://dbpedia.org/resource/Antoine-Athanase_Royer-Collard&gt;.
}}
select distinct ?subject ?property 
where 
 { GRAPH &lt;http://dbpedia.org&gt;{?subject ?property &lt;http://dbpedia.org/resource/Antoine_Joseph_Santerre&gt;.
}}
select distinct ?subject ?property 
where 
 { GRAPH &lt;http://dbpedia.org&gt;{?subject ?property &lt;http://dbpedia.org/resource/Armand_Louis_de_Gontaut&gt;.
}}
select distinct ?subject ?property 
where 
 { GRAPH &lt;http://dbpedia.org&gt;{?subject ?property &lt;http://dbpedia.org/resource/Athanase_Laurent_Charles_Coquerel&gt;.
}}
select distinct ?subject ?property 
where 
 { GRAPH &lt;http://dbpedia.org&gt;{?subject ?property &lt;http://dbpedia.org/resource/Aurélie_Nemours&gt;.
}}
select distinct ?subject ?property 
where 
 { GRAPH &lt;http://dbpedia.org&gt;{?subject ?property &lt;http://dbpedia.org/resource/Charles_Athanase_Walckenaer&gt;.
}}
select distinct ?subject ?property 
where 
 { GRAPH &lt;http://dbpedia.org&gt;{?subject ?property &lt;http://dbpedia.org/resource/Charles_Lasègue&gt;.
}}
select distinct ?subject ?property 
where 
 { GRAPH &lt;http://dbpedia.org&gt;{?subject ?property &lt;http://dbpedia.org/resource/Claude-Joseph_Gignoux&gt;.
}}
select distinct ?subject ?property 
where 
 { GRAPH &lt;http://dbpedia.org&gt;{?subject ?property &lt;http://dbpedia.org/resource/Dragi?a_Cvetkovi?&gt;.
}}
select distinct ?subject ?property 
where 
 { GRAPH &lt;http://dbpedia.org&gt;{?subject ?property &lt;http://dbpedia.org/resource/Edmond_Eugène_Valton&gt;.
}}
select distinct ?subject ?property 
where 
 { GRAPH &lt;http://dbpedia.org&gt;{?subject ?property &lt;http://dbpedia.org/resource/Emile_Wauters&gt;.
}}
select distinct ?subject ?property 
where 
 { GRAPH &lt;http://dbpedia.org&gt;{?subject ?property &lt;http://dbpedia.org/resource/Eugen_Filotti&gt;.
}}
select distinct ?subject ?property 
where 
 { GRAPH &lt;http://dbpedia.org&gt;{?subject ?property &lt;http://dbpedia.org/resource/François-Louis_Français&gt;.
}}
select distinct ?subject ?property 
where 
 { GRAPH &lt;http://dbpedia.org&gt;{?subject ?property &lt;http://dbpedia.org/resource/Gabriel_Taschereau_de_Baudry&gt;.
}}
select distinct ?subject ?property 
where 
 { GRAPH &lt;http://dbpedia.org&gt;{?subject ?property &lt;http://dbpedia.org/resource/Godfrey_Blunden&gt;.
}}
select distinct ?subject ?property 
where 
 { GRAPH &lt;http://dbpedia.org&gt;{?subject ?property &lt;http://dbpedia.org/resource/Henri_Rapin&gt;.
}}
select distinct ?subject ?property 
where 
 { GRAPH &lt;http://dbpedia.org&gt;{?subject ?property &lt;http://dbpedia.org/resource/Ionel_Schein&gt;.
}}
select distinct ?subject ?property 
where 
 { GRAPH &lt;http://dbpedia.org&gt;{?subject ?property &lt;http://dbpedia.org/resource/James_Swan_(financier)&gt;.
}}
select distinct ?subject ?property 
where 
 { GRAPH &lt;http://dbpedia.org&gt;{?subject ?property &lt;http://dbpedia.org/resource/Jean-Baptiste_Santerre&gt;.
}}
select distinct ?subject ?property 
where 
 { GRAPH &lt;http://dbpedia.org&gt;{?subject ?property &lt;http://dbpedia.org/resource/Jean-Marc_Nattier&gt;.
}}
select distinct ?subject ?property 
where 
 { GRAPH &lt;http://dbpedia.org&gt;{?subject ?property &lt;http://dbpedia.org/resource/Jean_Morin_(artist)&gt;.
}}
select distinct ?subject ?property 
where 
 { GRAPH &lt;http://dbpedia.org&gt;{?subject ?property &lt;http://dbpedia.org/resource/Jean_de_Madre&gt;.
}}
select distinct ?subject ?property 
where 
 { GRAPH &lt;http://dbpedia.org&gt;{?subject ?property &lt;http://dbpedia.org/resource/Jeanine_Rueff&gt;.
}}
select distinct ?subject ?property 
where 
 { GRAPH &lt;http://dbpedia.org&gt;{?subject ?property &lt;http://dbpedia.org/resource/Louis-Pierre_Anquetil&gt;.
}}
select distinct ?subject ?property 
where 
 { GRAPH &lt;http://dbpedia.org&gt;{?subject ?property &lt;http://dbpedia.org/resource/Louis_Antoine_de_Gontaut&gt;.
}}
select distinct ?subject ?property 
where 
 { GRAPH &lt;http://dbpedia.org&gt;{?subject ?property &lt;http://dbpedia.org/resource/Léonore_d&apos;?tampes_de_Valençay&gt;.
}}
select distinct ?subject ?property 
where 
 { GRAPH &lt;http://dbpedia.org&gt;{?subject ?property &lt;http://dbpedia.org/resource/Marcel_Mouly&gt;.
}}
select distinct ?subject ?property 
where 
 { GRAPH &lt;http://dbpedia.org&gt;{?subject ?property &lt;http://dbpedia.org/resource/Marie_Gabriel_Augustin_Savard&gt;.
}}
select distinct ?subject ?property 
where 
 { GRAPH &lt;http://dbpedia.org&gt;{?subject ?property &lt;http://dbpedia.org/resource/Marie_de_Lorraine,_Duchess_of_Guise&gt;.
}}
select distinct ?subject ?property 
where 
 { GRAPH &lt;http://dbpedia.org&gt;{?subject ?property &lt;http://dbpedia.org/resource/Mary_Lindell&gt;.
}}
select distinct ?subject ?property 
where 
 { GRAPH &lt;http://dbpedia.org&gt;{?subject ?property &lt;http://dbpedia.org/resource/Nicos_Poulantzas&gt;.
}}
select distinct ?subject ?property 
where 
 { GRAPH &lt;http://dbpedia.org&gt;{?subject ?property &lt;http://dbpedia.org/resource/Othon_Friesz&gt;.
}}
select distinct ?subject ?property 
where 
 { GRAPH &lt;http://dbpedia.org&gt;{?subject ?property &lt;http://dbpedia.org/resource/Peter_Volkonsky&gt;.
}}
select distinct ?subject ?property 
where 
 { GRAPH &lt;http://dbpedia.org&gt;{?subject ?property &lt;http://dbpedia.org/resource/René_Rapin&gt;.
}}
select distinct ?subject ?property 
where 
 { GRAPH &lt;http://dbpedia.org&gt;{?subject ?property &lt;http://dbpedia.org/resource/Régine_Pernoud&gt;.
}}
select distinct ?subject ?property 
where 
 { GRAPH &lt;http://dbpedia.org&gt;{?subject ?property &lt;http://dbpedia.org/resource/Régis_François_Gignoux&gt;.
}}
select distinct ?subject ?property 
where 
 { GRAPH &lt;http://dbpedia.org&gt;{?subject ?property &lt;http://dbpedia.org/resource/Saint-René_Taillandier&gt;.
}}
select distinct ?subject ?property 
where 
 { GRAPH &lt;http://dbpedia.org&gt;{?subject ?property &lt;http://dbpedia.org/resource/Samuel_Insull&gt;.
}}
select distinct ?subject ?property 
where 
 { GRAPH &lt;http://dbpedia.org&gt;{?subject ?property &lt;http://dbpedia.org/resource/Samuel_Jean_de_Pozzi&gt;.
}}
select distinct ?subject ?property 
where 
 { GRAPH &lt;http://dbpedia.org&gt;{?subject ?property &lt;http://dbpedia.org/resource/Yoshihisa_Taira&gt;.
}}
select distinct ?subject ?property 
where 
 { GRAPH &lt;http://dbpedia.org&gt;{?subject ?property &lt;http://dbpedia.org/resource/?mile_Henry_(anarchist)&gt;.
}}
select distinct ?subject ?property 
where 
 { GRAPH &lt;http://dbpedia.org&gt;{?subject ?property &lt;http://dbpedia.org/resource/?variste_Vital_Luminais&gt;.
}}
select distinct ?subject ?property 
where 
 { GRAPH &lt;http://dbpedia.org&gt;{?subject ?property &lt;http://dbpedia.org/resource/?variste_de_Parny&gt;.
}}
select distinct ?subject ?property 
where 
 { GRAPH &lt;http://dbpedia.org&gt;{?subject ?property &lt;http://dbpedia.org/resource/Alexandre_Istrati&gt;.
}}
select distinct ?subject ?property 
where 
 { GRAPH &lt;http://dbpedia.org&gt;{?subject ?property &lt;http://dbpedia.org/resource/Alexey_Bogolyubov&gt;.
}}
select distinct ?subject ?property 
where 
 { GRAPH &lt;http://dbpedia.org&gt;{?subject ?property &lt;http://dbpedia.org/resource/André_Gobert&gt;.
}}
select distinct ?subject ?property 
where 
 { GRAPH &lt;http://dbpedia.org&gt;{?subject ?property &lt;http://dbpedia.org/resource/André_Messager&gt;.
}}
select distinct ?subject ?property 
where 
 { GRAPH &lt;http://dbpedia.org&gt;{?subject ?property &lt;http://dbpedia.org/resource/Andrée_Chedid&gt;.
}}
select distinct ?subject ?property 
where 
 { GRAPH &lt;http://dbpedia.org&gt;{?subject ?property &lt;http://dbpedia.org/resource/Anne_Nompar_de_Caumont&gt;.
}}
select distinct ?subject ?property 
where 
 { GRAPH &lt;http://dbpedia.org&gt;{?subject ?property &lt;http://dbpedia.org/resource/Antoine-François-Claude_Ferrand&gt;.
}}
select distinct ?subject ?property 
where 
 { GRAPH &lt;http://dbpedia.org&gt;{?subject ?property &lt;http://dbpedia.org/resource/Antoine-Jean-Marie_Thévenard&gt;.
}}
select distinct ?subject ?property 
where 
 { GRAPH &lt;http://dbpedia.org&gt;{?subject ?property &lt;http://dbpedia.org/resource/Antoine_Léon_Morel-Fatio&gt;.
}}
select distinct ?subject ?property 
where 
 { GRAPH &lt;http://dbpedia.org&gt;{?subject ?property &lt;http://dbpedia.org/resource/Antoine_Varillas&gt;.
}}
select distinct ?subject ?property 
where 
 { GRAPH &lt;http://dbpedia.org&gt;{?subject ?property &lt;http://dbpedia.org/resource/Antoinette_Fouque&gt;.
}}
select distinct ?subject ?property 
where 
 { GRAPH &lt;http://dbpedia.org&gt;{?subject ?property &lt;http://dbpedia.org/resource/Antoinette_de_Mérode&gt;.
}}
select distinct ?subject ?property 
where 
 { GRAPH &lt;http://dbpedia.org&gt;{?subject ?property &lt;http://dbpedia.org/resource/Antoinette_du_Ligier_de_la_Garde_Deshoulières&gt;.
}}
select distinct ?subject ?property 
where 
 { GRAPH &lt;http://dbpedia.org&gt;{?subject ?property &lt;http://dbpedia.org/resource/Antun_Sorko?evi?&gt;.
}}
select distinct ?subject ?property 
where 
 { GRAPH &lt;http://dbpedia.org&gt;{?subject ?property &lt;http://dbpedia.org/resource/Auguste_Chauveau&gt;.
}}
select distinct ?subject ?property 
where 
 { GRAPH &lt;http://dbpedia.org&gt;{?subject ?property &lt;http://dbpedia.org/resource/Bruno_Carette&gt;.
}}
select distinct ?subject ?property 
where 
 { GRAPH &lt;http://dbpedia.org&gt;{?subject ?property &lt;http://dbpedia.org/resource/Camille_Jullian&gt;.
}}
select distinct ?subject ?property 
where 
 { GRAPH &lt;http://dbpedia.org&gt;{?subject ?property &lt;http://dbpedia.org/resource/Cesare_Galeotti&gt;.
}}
select distinct ?subject ?property 
where 
 { GRAPH &lt;http://dbpedia.org&gt;{?subject ?property &lt;http://dbpedia.org/resource/Charles-Antoine_Cambon&gt;.
}}
select distinct ?subject ?property 
where 
 { GRAPH &lt;http://dbpedia.org&gt;{?subject ?property &lt;http://dbpedia.org/resource/Charles_Longuet&gt;.
}}
select distinct ?subject ?property 
where 
 { GRAPH &lt;http://dbpedia.org&gt;{?subject ?property &lt;http://dbpedia.org/resource/Charles_Malo_François_Lameth&gt;.
}}
select distinct ?subject ?property 
where 
 { GRAPH &lt;http://dbpedia.org&gt;{?subject ?property &lt;http://dbpedia.org/resource/Christakis_Zografos&gt;.
}}
select distinct ?subject ?property 
where 
 { GRAPH &lt;http://dbpedia.org&gt;{?subject ?property &lt;http://dbpedia.org/resource/Christian_Kalkbrenner&gt;.
}}
select distinct ?subject ?property 
where 
 { GRAPH &lt;http://dbpedia.org&gt;{?subject ?property &lt;http://dbpedia.org/resource/Claude_François_Chauveau-Lagarde&gt;.
}}
select distinct ?subject ?property 
where 
 { GRAPH &lt;http://dbpedia.org&gt;{?subject ?property &lt;http://dbpedia.org/resource/Claude_Gillot&gt;.
}}
select distinct ?subject ?property 
where 
 { GRAPH &lt;http://dbpedia.org&gt;{?subject ?property &lt;http://dbpedia.org/resource/Claude_Victor-Perrin,_Duc_de_Belluno&gt;.
}}
select distinct ?subject ?property 
where 
 { GRAPH &lt;http://dbpedia.org&gt;{?subject ?property &lt;http://dbpedia.org/resource/Daniel_Bernard_(diplomat)&gt;.
}}
select distinct ?subject ?property 
where 
 { GRAPH &lt;http://dbpedia.org&gt;{?subject ?property &lt;http://dbpedia.org/resource/Dominique_Honoré_Antoine_Vedel&gt;.
}}
select distinct ?subject ?property 
where 
 { GRAPH &lt;http://dbpedia.org&gt;{?subject ?property &lt;http://dbpedia.org/resource/Désiré_Dalloz&gt;.
}}
select distinct ?subject ?property 
where 
 { GRAPH &lt;http://dbpedia.org&gt;{?subject ?property &lt;http://dbpedia.org/resource/Edmé_Bouchardon&gt;.
}}
select distinct ?subject ?property 
where 
 { GRAPH &lt;http://dbpedia.org&gt;{?subject ?property &lt;http://dbpedia.org/resource/Elizabeth_Nourse&gt;.
}}
select distinct ?subject ?property 
where 
 { GRAPH &lt;http://dbpedia.org&gt;{?subject ?property &lt;http://dbpedia.org/resource/Ernest_Besnier&gt;.
}}
select distinct ?subject ?property 
where 
 { GRAPH &lt;http://dbpedia.org&gt;{?subject ?property &lt;http://dbpedia.org/resource/Eugenio_Brunetta_d&apos;Usseaux&gt;.
}}
select distinct ?subject ?property 
where 
 { GRAPH &lt;http://dbpedia.org&gt;{?subject ?property &lt;http://dbpedia.org/resource/Eugenio_Cambaceres&gt;.
}}
select distinct ?subject ?property 
where 
 { GRAPH &lt;http://dbpedia.org&gt;{?subject ?property &lt;http://dbpedia.org/resource/Eugène_Marsan&gt;.
}}
select distinct ?subject ?property 
where 
 { GRAPH &lt;http://dbpedia.org&gt;{?subject ?property &lt;http://dbpedia.org/resource/Eugénie_Foa&gt;.
}}
select distinct ?subject ?property 
where 
 { GRAPH &lt;http://dbpedia.org&gt;{?subject ?property &lt;http://dbpedia.org/resource/Fania_Fénelon&gt;.
}}
select distinct ?subject ?property 
where 
 { GRAPH &lt;http://dbpedia.org&gt;{?subject ?property &lt;http://dbpedia.org/resource/Firmin_Gillot&gt;.
}}
select distinct ?subject ?property 
where 
 { GRAPH &lt;http://dbpedia.org&gt;{?subject ?property &lt;http://dbpedia.org/resource/François_Arnaud_(ecclesiastic)&gt;.
}}
select distinct ?subject ?property 
where 
 { GRAPH &lt;http://dbpedia.org&gt;{?subject ?property &lt;http://dbpedia.org/resource/François_Chauveau&gt;.
}}
select distinct ?subject ?property 
where 
 { GRAPH &lt;http://dbpedia.org&gt;{?subject ?property &lt;http://dbpedia.org/resource/François_Désiré_Roulin&gt;.
}}
select distinct ?subject ?property 
where 
 { GRAPH &lt;http://dbpedia.org&gt;{?subject ?property &lt;http://dbpedia.org/resource/François_René_Gebauer&gt;.
}}
select distinct ?subject ?property 
where 
 { GRAPH &lt;http://dbpedia.org&gt;{?subject ?property &lt;http://dbpedia.org/resource/Gaby_Deslys&gt;.
}}
select distinct ?subject ?property 
where 
 { GRAPH &lt;http://dbpedia.org&gt;{?subject ?property &lt;http://dbpedia.org/resource/Georges_Vedel&gt;.
}}
select distinct ?subject ?property 
where 
 { GRAPH &lt;http://dbpedia.org&gt;{?subject ?property &lt;http://dbpedia.org/resource/Henri-René_Lenormand&gt;.
}}
select distinct ?subject ?property 
where 
 { GRAPH &lt;http://dbpedia.org&gt;{?subject ?property &lt;http://dbpedia.org/resource/Henri_Pigozzi&gt;.
}}
select distinct ?subject ?property 
where 
 { GRAPH &lt;http://dbpedia.org&gt;{?subject ?property &lt;http://dbpedia.org/resource/Henri_Tomasi&gt;.
}}
select distinct ?subject ?property 
where 
 { GRAPH &lt;http://dbpedia.org&gt;{?subject ?property &lt;http://dbpedia.org/resource/Henriette_of_Cleves&gt;.
}}
select distinct ?subject ?property 
where 
 { GRAPH &lt;http://dbpedia.org&gt;{?subject ?property &lt;http://dbpedia.org/resource/Hervé_Alphand&gt;.
}}
select distinct ?subject ?property 
where 
 { GRAPH &lt;http://dbpedia.org&gt;{?subject ?property &lt;http://dbpedia.org/resource/Hélie_de_Talleyrand-Périgord,_Duke_of_Sagan&gt;.
}}
select distinct ?subject ?property 
where 
 { GRAPH &lt;http://dbpedia.org&gt;{?subject ?property &lt;http://dbpedia.org/resource/Jean-Baptiste_Billot&gt;.
}}
select distinct ?subject ?property 
where 
 { GRAPH &lt;http://dbpedia.org&gt;{?subject ?property &lt;http://dbpedia.org/resource/Jean-Baptiste_Du_Tertre&gt;.
}}
select distinct ?subject ?property 
where 
 { GRAPH &lt;http://dbpedia.org&gt;{?subject ?property &lt;http://dbpedia.org/resource/Jean-Charles_Alphand&gt;.
}}
select distinct ?subject ?property 
where 
 { GRAPH &lt;http://dbpedia.org&gt;{?subject ?property &lt;http://dbpedia.org/resource/Jean_Dupuy_(politician)&gt;.
}}
select distinct ?subject ?property 
where 
 { GRAPH &lt;http://dbpedia.org&gt;{?subject ?property &lt;http://dbpedia.org/resource/Jean_Hamon_(doctor)&gt;.
}}
select distinct ?subject ?property 
where 
 { GRAPH &lt;http://dbpedia.org&gt;{?subject ?property &lt;http://dbpedia.org/resource/Jean_Marchand_(painter)&gt;.
}}
select distinct ?subject ?property 
where 
 { GRAPH &lt;http://dbpedia.org&gt;{?subject ?property &lt;http://dbpedia.org/resource/José_Félix_Uriburu&gt;.
}}
select distinct ?subject ?property 
where 
 { GRAPH &lt;http://dbpedia.org&gt;{?subject ?property &lt;http://dbpedia.org/resource/Jules-?mile_Zingg&gt;.
}}
select distinct ?subject ?property 
where 
 { GRAPH &lt;http://dbpedia.org&gt;{?subject ?property &lt;http://dbpedia.org/resource/Louis-Antoine_Dessaulles&gt;.
}}
select distinct ?subject ?property 
where 
 { GRAPH &lt;http://dbpedia.org&gt;{?subject ?property &lt;http://dbpedia.org/resource/Louis_Auguste_Le_Tonnelier_de_Breteuil&gt;.
}}
select distinct ?subject ?property 
where 
 { GRAPH &lt;http://dbpedia.org&gt;{?subject ?property &lt;http://dbpedia.org/resource/Louis_Bertrand_Castel&gt;.
}}
select distinct ?subject ?property 
where 
 { GRAPH &lt;http://dbpedia.org&gt;{?subject ?property &lt;http://dbpedia.org/resource/Louis_Jacquinot&gt;.
}}
select distinct ?subject ?property 
where 
 { GRAPH &lt;http://dbpedia.org&gt;{?subject ?property &lt;http://dbpedia.org/resource/Louis_Petitot&gt;.
}}
select distinct ?subject ?property 
where 
 { GRAPH &lt;http://dbpedia.org&gt;{?subject ?property &lt;http://dbpedia.org/resource/Louis_Vigée&gt;.
}}
select distinct ?subject ?property 
where 
 { GRAPH &lt;http://dbpedia.org&gt;{?subject ?property &lt;http://dbpedia.org/resource/Lucy_Gordon_(actress)&gt;.
}}
select distinct ?subject ?property 
where 
 { GRAPH &lt;http://dbpedia.org&gt;{?subject ?property &lt;http://dbpedia.org/resource/Ludolph_Küster&gt;.
}}
select distinct ?subject ?property 
where 
 { GRAPH &lt;http://dbpedia.org&gt;{?subject ?property &lt;http://dbpedia.org/resource/Marcel_Renaud_(cyclist)&gt;.
}}
select distinct ?subject ?property 
where 
 { GRAPH &lt;http://dbpedia.org&gt;{?subject ?property &lt;http://dbpedia.org/resource/Marguerite_Monnot&gt;.
}}
select distinct ?subject ?property 
where 
 { GRAPH &lt;http://dbpedia.org&gt;{?subject ?property &lt;http://dbpedia.org/resource/Marie_Anne_Lenormand&gt;.
}}
select distinct ?subject ?property 
where 
 { GRAPH &lt;http://dbpedia.org&gt;{?subject ?property &lt;http://dbpedia.org/resource/Marie_Anne_de_Bourbon&gt;.
}}
select distinct ?subject ?property 
where 
 { GRAPH &lt;http://dbpedia.org&gt;{?subject ?property &lt;http://dbpedia.org/resource/Marie_Anne_de_Bourbon_(1689–1720)&gt;.
}}
select distinct ?subject ?property 
where 
 { GRAPH &lt;http://dbpedia.org&gt;{?subject ?property &lt;http://dbpedia.org/resource/Marie_Anne_de_Bourbon_(1697–1741)&gt;.
}}
select distinct ?subject ?property 
where 
 { GRAPH &lt;http://dbpedia.org&gt;{?subject ?property &lt;http://dbpedia.org/resource/Martin_Drolling&gt;.
}}
select distinct ?subject ?property 
where 
 { GRAPH &lt;http://dbpedia.org&gt;{?subject ?property &lt;http://dbpedia.org/resource/Maurice_Bourgès-Maunoury&gt;.
}}
select distinct ?subject ?property 
where 
 { GRAPH &lt;http://dbpedia.org&gt;{?subject ?property &lt;http://dbpedia.org/resource/Maurice_Maunoury&gt;.
}}
select distinct ?subject ?property 
where 
 { GRAPH &lt;http://dbpedia.org&gt;{?subject ?property &lt;http://dbpedia.org/resource/Michel_Crépeau&gt;.
}}
select distinct ?subject ?property 
where 
 { GRAPH &lt;http://dbpedia.org&gt;{?subject ?property &lt;http://dbpedia.org/resource/Michel_Martin_Drolling&gt;.
}}
select distinct ?subject ?property 
where 
 { GRAPH &lt;http://dbpedia.org&gt;{?subject ?property &lt;http://dbpedia.org/resource/Michèl_Yost&gt;.
}}
select distinct ?subject ?property 
where 
 { GRAPH &lt;http://dbpedia.org&gt;{?subject ?property &lt;http://dbpedia.org/resource/Mirko_Grmek&gt;.
}}
select distinct ?subject ?property 
where 
 { GRAPH &lt;http://dbpedia.org&gt;{?subject ?property &lt;http://dbpedia.org/resource/Moshe_Lewin&gt;.
}}
select distinct ?subject ?property 
where 
 { GRAPH &lt;http://dbpedia.org&gt;{?subject ?property &lt;http://dbpedia.org/resource/Muhammad_Ali_al-Abid&gt;.
}}
select distinct ?subject ?property 
where 
 { GRAPH &lt;http://dbpedia.org&gt;{?subject ?property &lt;http://dbpedia.org/resource/Nicolas_Desmarets&gt;.
}}
select distinct ?subject ?property 
where 
 { GRAPH &lt;http://dbpedia.org&gt;{?subject ?property &lt;http://dbpedia.org/resource/Odilon_Lannelongue&gt;.
}}
select distinct ?subject ?property 
where 
 { GRAPH &lt;http://dbpedia.org&gt;{?subject ?property &lt;http://dbpedia.org/resource/Paul-Charles-Amable_de_Bourgoing&gt;.
}}
select distinct ?subject ?property 
where 
 { GRAPH &lt;http://dbpedia.org&gt;{?subject ?property &lt;http://dbpedia.org/resource/Paul_Cambon&gt;.
}}
select distinct ?subject ?property 
where 
 { GRAPH &lt;http://dbpedia.org&gt;{?subject ?property &lt;http://dbpedia.org/resource/Paul_Demange&gt;.
}}
select distinct ?subject ?property 
where 
 { GRAPH &lt;http://dbpedia.org&gt;{?subject ?property &lt;http://dbpedia.org/resource/Paul_Hervieu&gt;.
}}
select distinct ?subject ?property 
where 
 { GRAPH &lt;http://dbpedia.org&gt;{?subject ?property &lt;http://dbpedia.org/resource/Philippe-Jean_Bunau-Varilla&gt;.
}}
select distinct ?subject ?property 
where 
 { GRAPH &lt;http://dbpedia.org&gt;{?subject ?property &lt;http://dbpedia.org/resource/Philippe_Caffieri_(1634–1716)&gt;.
}}
select distinct ?subject ?property 
where 
 { GRAPH &lt;http://dbpedia.org&gt;{?subject ?property &lt;http://dbpedia.org/resource/Philippe_Jullian&gt;.
}}
select distinct ?subject ?property 
where 
 { GRAPH &lt;http://dbpedia.org&gt;{?subject ?property &lt;http://dbpedia.org/resource/Pierre-Denis_Martin_(1663–1742)&gt;.
}}
select distinct ?subject ?property 
where 
 { GRAPH &lt;http://dbpedia.org&gt;{?subject ?property &lt;http://dbpedia.org/resource/Pierre_Caron_(historian)&gt;.
}}
select distinct ?subject ?property 
where 
 { GRAPH &lt;http://dbpedia.org&gt;{?subject ?property &lt;http://dbpedia.org/resource/Pierre_Gobert&gt;.
}}
select distinct ?subject ?property 
where 
 { GRAPH &lt;http://dbpedia.org&gt;{?subject ?property &lt;http://dbpedia.org/resource/Pierre_Pujo&gt;.
}}
select distinct ?subject ?property 
where 
 { GRAPH &lt;http://dbpedia.org&gt;{?subject ?property &lt;http://dbpedia.org/resource/Porfirio_Rubirosa&gt;.
}}
select distinct ?subject ?property 
where 
 { GRAPH &lt;http://dbpedia.org&gt;{?subject ?property &lt;http://dbpedia.org/resource/Raymond_Marcellin&gt;.
}}
select distinct ?subject ?property 
where 
 { GRAPH &lt;http://dbpedia.org&gt;{?subject ?property &lt;http://dbpedia.org/resource/Robert_Crépeaux&gt;.
}}
select distinct ?subject ?property 
where 
 { GRAPH &lt;http://dbpedia.org&gt;{?subject ?property &lt;http://dbpedia.org/resource/Robert_Kemp_(literary_critic)&gt;.
}}
select distinct ?subject ?property 
where 
 { GRAPH &lt;http://dbpedia.org&gt;{?subject ?property &lt;http://dbpedia.org/resource/Rufino_José_Cuervo&gt;.
}}
select distinct ?subject ?property 
where 
 { GRAPH &lt;http://dbpedia.org&gt;{?subject ?property &lt;http://dbpedia.org/resource/Sam_Woodyard&gt;.
}}
select distinct ?subject ?property 
where 
 { GRAPH &lt;http://dbpedia.org&gt;{?subject ?property &lt;http://dbpedia.org/resource/Suzanne_Schiffman&gt;.
}}
select distinct ?subject ?property 
where 
 { GRAPH &lt;http://dbpedia.org&gt;{?subject ?property &lt;http://dbpedia.org/resource/Théodule_Devéria&gt;.
}}
select distinct ?subject ?property 
where 
 { GRAPH &lt;http://dbpedia.org&gt;{?subject ?property &lt;http://dbpedia.org/resource/Todor_Ivanchov&gt;.
}}
select distinct ?subject ?property 
where 
 { GRAPH &lt;http://dbpedia.org&gt;{?subject ?property &lt;http://dbpedia.org/resource/Tristan_Klingsor&gt;.
}}
select distinct ?subject ?property 
where 
 { GRAPH &lt;http://dbpedia.org&gt;{?subject ?property &lt;http://dbpedia.org/resource/William_Nylander_(botanist)&gt;.
}}
select distinct ?subject ?property 
where 
 { GRAPH &lt;http://dbpedia.org&gt;{?subject ?property &lt;http://dbpedia.org/resource/Willy_Ronis&gt;.
}}
select distinct ?subject ?property 
where 
 { GRAPH &lt;http://dbpedia.org&gt;{?subject ?property &lt;http://dbpedia.org/resource/?lisabeth_Sophie_Chéron&gt;.
}}
select distinct ?subject ?property 
where 
 { GRAPH &lt;http://dbpedia.org&gt;{?subject ?property &lt;http://dbpedia.org/resource/?mile_Boutmy&gt;.
}}
select distinct ?subject ?property 
where 
 { GRAPH &lt;http://dbpedia.org&gt;{?subject ?property &lt;http://dbpedia.org/resource/?mile_Boutroux&gt;.
}}
select distinct ?subject ?property 
where 
 { GRAPH &lt;http://dbpedia.org&gt;{?subject ?property &lt;http://dbpedia.org/resource/?mile_Roubaud&gt;.
}}
select distinct ?subject ?property 
where 
 { GRAPH &lt;http://dbpedia.org&gt;{?subject ?property &lt;http://dbpedia.org/resource/?tienne_Pavillon&gt;.
}}
select distinct ?subject ?property 
where 
 { GRAPH &lt;http://dbpedia.org&gt;{?subject ?property &lt;http://dbpedia.org/resource/?tienne_Vigée&gt;.
}}
select distinct ?subject ?property 
where 
 { GRAPH &lt;http://dbpedia.org&gt;{?subject ?property &lt;http://dbpedia.org/resource/Armand-Augustin-Louis_de_Caulaincourt&gt;.
}}
select distinct ?subject ?property 
where 
 { GRAPH &lt;http://dbpedia.org&gt;{?subject ?property &lt;http://dbpedia.org/resource/Benjamin_Baillaud&gt;.
}}
select distinct ?subject ?property 
where 
 { GRAPH &lt;http://dbpedia.org&gt;{?subject ?property &lt;http://dbpedia.org/resource/Caran_d&apos;Ache&gt;.
}}
select distinct ?subject ?property 
where 
 { GRAPH &lt;http://dbpedia.org&gt;{?subject ?property &lt;http://dbpedia.org/resource/Delphine_Seyrig&gt;.
}}
select distinct ?subject ?property 
where 
 { GRAPH &lt;http://dbpedia.org&gt;{?subject ?property &lt;http://dbpedia.org/resource/François_de_la_Chaise&gt;.
}}
select distinct ?subject ?property 
where 
 { GRAPH &lt;http://dbpedia.org&gt;{?subject ?property &lt;http://dbpedia.org/resource/Frédéric_Masson&gt;.
}}
select distinct ?subject ?property 
where 
 { GRAPH &lt;http://dbpedia.org&gt;{?subject ?property &lt;http://dbpedia.org/resource/Gabriel_Paul_Othenin_de_Cléron,_comte_d&apos;Haussonville&gt;.
}}
select distinct ?subject ?property 
where 
 { GRAPH &lt;http://dbpedia.org&gt;{?subject ?property &lt;http://dbpedia.org/resource/Georges_Couthon&gt;.
}}
select distinct ?subject ?property 
where 
 { GRAPH &lt;http://dbpedia.org&gt;{?subject ?property &lt;http://dbpedia.org/resource/Georges_Dumézil&gt;.
}}
select distinct ?subject ?property 
where 
 { GRAPH &lt;http://dbpedia.org&gt;{?subject ?property &lt;http://dbpedia.org/resource/Gribouille&gt;.
}}
select distinct ?subject ?property 
where 
 { GRAPH &lt;http://dbpedia.org&gt;{?subject ?property &lt;http://dbpedia.org/resource/Guillaume_Amontons&gt;.
}}
select distinct ?subject ?property 
where 
 { GRAPH &lt;http://dbpedia.org&gt;{?subject ?property &lt;http://dbpedia.org/resource/Henri-Alexandre_Deslandres&gt;.
}}
select distinct ?subject ?property 
where 
 { GRAPH &lt;http://dbpedia.org&gt;{?subject ?property &lt;http://dbpedia.org/resource/Henri_Rousseau&gt;.
}}
select distinct ?subject ?property 
where 
 { GRAPH &lt;http://dbpedia.org&gt;{?subject ?property &lt;http://dbpedia.org/resource/Igor_Mitoraj&gt;.
}}
select distinct ?subject ?property 
where 
 { GRAPH &lt;http://dbpedia.org&gt;{?subject ?property &lt;http://dbpedia.org/resource/Jean-Philippe_de_Chéseaux&gt;.
}}
select distinct ?subject ?property 
where 
 { GRAPH &lt;http://dbpedia.org&gt;{?subject ?property &lt;http://dbpedia.org/resource/Joseph_d&apos;Haussonville&gt;.
}}
select distinct ?subject ?property 
where 
 { GRAPH &lt;http://dbpedia.org&gt;{?subject ?property &lt;http://dbpedia.org/resource/José_Maria_de_Eça_de_Queir?s&gt;.
}}
select distinct ?subject ?property 
where 
 { GRAPH &lt;http://dbpedia.org&gt;{?subject ?property &lt;http://dbpedia.org/resource/Jules_de_Goncourt&gt;.
}}
select distinct ?subject ?property 
where 
 { GRAPH &lt;http://dbpedia.org&gt;{?subject ?property &lt;http://dbpedia.org/resource/Louis-Marcelin_de_Fontanes&gt;.
}}
select distinct ?subject ?property 
where 
 { GRAPH &lt;http://dbpedia.org&gt;{?subject ?property &lt;http://dbpedia.org/resource/Louise_Bénédicte_de_Bourbon&gt;.
}}
select distinct ?subject ?property 
where 
 { GRAPH &lt;http://dbpedia.org&gt;{?subject ?property &lt;http://dbpedia.org/resource/Louise_de_La_Fayette&gt;.
}}
select distinct ?subject ?property 
where 
 { GRAPH &lt;http://dbpedia.org&gt;{?subject ?property &lt;http://dbpedia.org/resource/Marcel_Pagnol&gt;.
}}
select distinct ?subject ?property 
where 
 { GRAPH &lt;http://dbpedia.org&gt;{?subject ?property &lt;http://dbpedia.org/resource/Marie_Favart&gt;.
}}
select distinct ?subject ?property 
where 
 { GRAPH &lt;http://dbpedia.org&gt;{?subject ?property &lt;http://dbpedia.org/resource/Mathieu_de_Montmorency&gt;.
}}
select distinct ?subject ?property 
where 
 { GRAPH &lt;http://dbpedia.org&gt;{?subject ?property &lt;http://dbpedia.org/resource/Maximilien_Luce&gt;.
}}
select distinct ?subject ?property 
where 
 { GRAPH &lt;http://dbpedia.org&gt;{?subject ?property &lt;http://dbpedia.org/resource/Mezz_Mezzrow&gt;.
}}
select distinct ?subject ?property 
where 
 { GRAPH &lt;http://dbpedia.org&gt;{?subject ?property &lt;http://dbpedia.org/resource/Pierre_Berthier&gt;.
}}
select distinct ?subject ?property 
where 
 { GRAPH &lt;http://dbpedia.org&gt;{?subject ?property &lt;http://dbpedia.org/resource/Prince_Paul_of_Yugoslavia&gt;.
}}
select distinct ?subject ?property 
where 
 { GRAPH &lt;http://dbpedia.org&gt;{?subject ?property &lt;http://dbpedia.org/resource/Sacha_Guitry&gt;.
}}
select distinct ?subject ?property 
where 
 { GRAPH &lt;http://dbpedia.org&gt;{?subject ?property &lt;http://dbpedia.org/resource/Jean-François_Bayard&gt;.
}}
select distinct ?subject ?property 
where 
 { GRAPH &lt;http://dbpedia.org&gt;{?subject ?property &lt;http://dbpedia.org/resource/Lucien_Murat&gt;.
}}
select distinct ?subject ?property 
where 
 { GRAPH &lt;http://dbpedia.org&gt;{?subject ?property &lt;http://dbpedia.org/resource/Margaret_of_Valois&gt;.
}}
select distinct ?subject ?property 
where 
 { GRAPH &lt;http://dbpedia.org&gt;{?subject ?property &lt;http://dbpedia.org/resource/William_L._Dayton&gt;.
}}
select distinct ?subject ?property 
where 
 { GRAPH &lt;http://dbpedia.org&gt;{?subject ?property &lt;http://dbpedia.org/resource/Louis_de_Maud&apos;huy&gt;.
}}
select distinct ?subject ?property 
where 
 { GRAPH &lt;http://dbpedia.org&gt;{?subject ?property &lt;http://dbpedia.org/resource/Virginia_Oldoini,_Countess_of_Castiglione&gt;.
}}
select distinct ?subject ?property 
where 
 { GRAPH &lt;http://dbpedia.org&gt;{?subject ?property &lt;http://dbpedia.org/resource/Bernard_Agré&gt;.
}}
select distinct ?subject ?property 
where 
 { GRAPH &lt;http://dbpedia.org&gt;{?subject ?property &lt;http://dbpedia.org/resource/Henri_Sauval&gt;.
}}
select distinct ?subject ?property 
where 
 { GRAPH &lt;http://dbpedia.org&gt;{?subject ?property &lt;http://dbpedia.org/resource/Jan_?ep&gt;.
}}
select distinct ?subject ?property 
where 
 { GRAPH &lt;http://dbpedia.org&gt;{?subject ?property &lt;http://dbpedia.org/resource/Jules_Develle&gt;.
}}
select distinct ?subject ?property 
where 
 { GRAPH &lt;http://dbpedia.org&gt;{?subject ?property &lt;http://dbpedia.org/resource/Abdelkader_Alloula&gt;.
}}
select distinct ?subject ?property 
where 
 { GRAPH &lt;http://dbpedia.org&gt;{?subject ?property &lt;http://dbpedia.org/resource/Agenor,_duc_de_Gramont&gt;.
}}
select distinct ?subject ?property 
where 
 { GRAPH &lt;http://dbpedia.org&gt;{?subject ?property &lt;http://dbpedia.org/resource/Albert_Mathiez&gt;.
}}
select distinct ?subject ?property 
where 
 { GRAPH &lt;http://dbpedia.org&gt;{?subject ?property &lt;http://dbpedia.org/resource/Alexander_Ginzburg&gt;.
}}
select distinct ?subject ?property 
where 
 { GRAPH &lt;http://dbpedia.org&gt;{?subject ?property &lt;http://dbpedia.org/resource/Alfred_J?zef_Potocki&gt;.
}}
select distinct ?subject ?property 
where 
 { GRAPH &lt;http://dbpedia.org&gt;{?subject ?property &lt;http://dbpedia.org/resource/Alfred_Perot&gt;.
}}
select distinct ?subject ?property 
where 
 { GRAPH &lt;http://dbpedia.org&gt;{?subject ?property &lt;http://dbpedia.org/resource/André_Félibien&gt;.
}}
select distinct ?subject ?property 
where 
 { GRAPH &lt;http://dbpedia.org&gt;{?subject ?property &lt;http://dbpedia.org/resource/André_Kostolany&gt;.
}}
select distinct ?subject ?property 
where 
 { GRAPH &lt;http://dbpedia.org&gt;{?subject ?property &lt;http://dbpedia.org/resource/Antoine_Court_de_Gébelin&gt;.
}}
select distinct ?subject ?property 
where 
 { GRAPH &lt;http://dbpedia.org&gt;{?subject ?property &lt;http://dbpedia.org/resource/Ant?nio,_Prior_of_Crato&gt;.
}}
select distinct ?subject ?property 
where 
 { GRAPH &lt;http://dbpedia.org&gt;{?subject ?property &lt;http://dbpedia.org/resource/Arnaud_Denjoy&gt;.
}}
select distinct ?subject ?property 
where 
 { GRAPH &lt;http://dbpedia.org&gt;{?subject ?property &lt;http://dbpedia.org/resource/Arthur_Ranc&gt;.
}}
select distinct ?subject ?property 
where 
 { GRAPH &lt;http://dbpedia.org&gt;{?subject ?property &lt;http://dbpedia.org/resource/Benjamin_B._Hotchkiss&gt;.
}}
select distinct ?subject ?property 
where 
 { GRAPH &lt;http://dbpedia.org&gt;{?subject ?property &lt;http://dbpedia.org/resource/Benjamin_Péret&gt;.
}}
select distinct ?subject ?property 
where 
 { GRAPH &lt;http://dbpedia.org&gt;{?subject ?property &lt;http://dbpedia.org/resource/Bernard_Jauréguiberry&gt;.
}}
select distinct ?subject ?property 
where 
 { GRAPH &lt;http://dbpedia.org&gt;{?subject ?property &lt;http://dbpedia.org/resource/Camille_Guérin&gt;.
}}
select distinct ?subject ?property 
where 
 { GRAPH &lt;http://dbpedia.org&gt;{?subject ?property &lt;http://dbpedia.org/resource/Carlo_Denina&gt;.
}}
select distinct ?subject ?property 
where 
 { GRAPH &lt;http://dbpedia.org&gt;{?subject ?property &lt;http://dbpedia.org/resource/Charles-Joseph_Panckoucke&gt;.
}}
select distinct ?subject ?property 
where 
 { GRAPH &lt;http://dbpedia.org&gt;{?subject ?property &lt;http://dbpedia.org/resource/Charles_François_de_Cisternay_du_Fay&gt;.
}}
select distinct ?subject ?property 
where 
 { GRAPH &lt;http://dbpedia.org&gt;{?subject ?property &lt;http://dbpedia.org/resource/Charles_Jonnart&gt;.
}}
select distinct ?subject ?property 
where 
 { GRAPH &lt;http://dbpedia.org&gt;{?subject ?property &lt;http://dbpedia.org/resource/Charles_Laval&gt;.
}}
select distinct ?subject ?property 
where 
 { GRAPH &lt;http://dbpedia.org&gt;{?subject ?property &lt;http://dbpedia.org/resource/Charles_de_Brosses&gt;.
}}
select distinct ?subject ?property 
where 
 { GRAPH &lt;http://dbpedia.org&gt;{?subject ?property &lt;http://dbpedia.org/resource/Charlotte_Delbo&gt;.
}}
select distinct ?subject ?property 
where 
 { GRAPH &lt;http://dbpedia.org&gt;{?subject ?property &lt;http://dbpedia.org/resource/Claude_Le_Jeune&gt;.
}}
select distinct ?subject ?property 
where 
 { GRAPH &lt;http://dbpedia.org&gt;{?subject ?property &lt;http://dbpedia.org/resource/Claude_Sautet&gt;.
}}
select distinct ?subject ?property 
where 
 { GRAPH &lt;http://dbpedia.org&gt;{?subject ?property &lt;http://dbpedia.org/resource/Claude_de_l&apos;Aubespine,_baron_de_Châteauneuf&gt;.
}}
select distinct ?subject ?property 
where 
 { GRAPH &lt;http://dbpedia.org&gt;{?subject ?property &lt;http://dbpedia.org/resource/Clovis_Hugues&gt;.
}}
select distinct ?subject ?property 
where 
 { GRAPH &lt;http://dbpedia.org&gt;{?subject ?property &lt;http://dbpedia.org/resource/Clément_Charles_François_de_Laverdy&gt;.
}}
select distinct ?subject ?property 
where 
 { GRAPH &lt;http://dbpedia.org&gt;{?subject ?property &lt;http://dbpedia.org/resource/Danilo_Ki?&gt;.
}}
select distinct ?subject ?property 
where 
 { GRAPH &lt;http://dbpedia.org&gt;{?subject ?property &lt;http://dbpedia.org/resource/Désiré-?mile_Inghelbrecht&gt;.
}}
select distinct ?subject ?property 
where 
 { GRAPH &lt;http://dbpedia.org&gt;{?subject ?property &lt;http://dbpedia.org/resource/Emmanuel_d&apos;Astier_de_La_Vigerie&gt;.
}}
select distinct ?subject ?property 
where 
 { GRAPH &lt;http://dbpedia.org&gt;{?subject ?property &lt;http://dbpedia.org/resource/Etteilla&gt;.
}}
select distinct ?subject ?property 
where 
 { GRAPH &lt;http://dbpedia.org&gt;{?subject ?property &lt;http://dbpedia.org/resource/Eugene_Jolas&gt;.
}}
select distinct ?subject ?property 
where 
 { GRAPH &lt;http://dbpedia.org&gt;{?subject ?property &lt;http://dbpedia.org/resource/Eugène-Anatole_Demarçay&gt;.
}}
select distinct ?subject ?property 
where 
 { GRAPH &lt;http://dbpedia.org&gt;{?subject ?property &lt;http://dbpedia.org/resource/Eugène_Manuel&gt;.
}}
select distinct ?subject ?property 
where 
 { GRAPH &lt;http://dbpedia.org&gt;{?subject ?property &lt;http://dbpedia.org/resource/Ferdinand-Alphonse_Hamelin&gt;.
}}
select distinct ?subject ?property 
where 
 { GRAPH &lt;http://dbpedia.org&gt;{?subject ?property &lt;http://dbpedia.org/resource/Ferdinand-Jean_Darier&gt;.
}}
select distinct ?subject ?property 
where 
 { GRAPH &lt;http://dbpedia.org&gt;{?subject ?property &lt;http://dbpedia.org/resource/Ferdinand_Hérold&gt;.
}}
select distinct ?subject ?property 
where 
 { GRAPH &lt;http://dbpedia.org&gt;{?subject ?property &lt;http://dbpedia.org/resource/Florestan_I,_Prince_of_Monaco&gt;.
}}
select distinct ?subject ?property 
where 
 { GRAPH &lt;http://dbpedia.org&gt;{?subject ?property &lt;http://dbpedia.org/resource/François-Adrien_Boieldieu&gt;.
}}
select distinct ?subject ?property 
where 
 { GRAPH &lt;http://dbpedia.org&gt;{?subject ?property &lt;http://dbpedia.org/resource/François-Benoît_Hoffman&gt;.
}}
select distinct ?subject ?property 
where 
 { GRAPH &lt;http://dbpedia.org&gt;{?subject ?property &lt;http://dbpedia.org/resource/François-Nicolas-Benoît_Haxo&gt;.
}}
select distinct ?subject ?property 
where 
 { GRAPH &lt;http://dbpedia.org&gt;{?subject ?property &lt;http://dbpedia.org/resource/François_Georges-Picot&gt;.
}}
select distinct ?subject ?property 
where 
 { GRAPH &lt;http://dbpedia.org&gt;{?subject ?property &lt;http://dbpedia.org/resource/Gerard_Sekoto&gt;.
}}
select distinct ?subject ?property 
where 
 { GRAPH &lt;http://dbpedia.org&gt;{?subject ?property &lt;http://dbpedia.org/resource/Giuseppe_Occhialini&gt;.
}}
select distinct ?subject ?property 
where 
 { GRAPH &lt;http://dbpedia.org&gt;{?subject ?property &lt;http://dbpedia.org/resource/Guillaume-Gabriel_Nivers&gt;.
}}
select distinct ?subject ?property 
where 
 { GRAPH &lt;http://dbpedia.org&gt;{?subject ?property &lt;http://dbpedia.org/resource/Gustaf_Wappers&gt;.
}}
select distinct ?subject ?property 
where 
 { GRAPH &lt;http://dbpedia.org&gt;{?subject ?property &lt;http://dbpedia.org/resource/Helen_Maria_Williams&gt;.
}}
select distinct ?subject ?property 
where 
 { GRAPH &lt;http://dbpedia.org&gt;{?subject ?property &lt;http://dbpedia.org/resource/Henri_Arnaut_de_Zwolle&gt;.
}}
select distinct ?subject ?property 
where 
 { GRAPH &lt;http://dbpedia.org&gt;{?subject ?property &lt;http://dbpedia.org/resource/Henri_de_Bornier&gt;.
}}
select distinct ?subject ?property 
where 
 { GRAPH &lt;http://dbpedia.org&gt;{?subject ?property &lt;http://dbpedia.org/resource/Henri_de_Régnier&gt;.
}}
select distinct ?subject ?property 
where 
 { GRAPH &lt;http://dbpedia.org&gt;{?subject ?property &lt;http://dbpedia.org/resource/Henry_Ossawa_Tanner&gt;.
}}
select distinct ?subject ?property 
where 
 { GRAPH &lt;http://dbpedia.org&gt;{?subject ?property &lt;http://dbpedia.org/resource/Hugh_of_Saint_Victor&gt;.
}}
select distinct ?subject ?property 
where 
 { GRAPH &lt;http://dbpedia.org&gt;{?subject ?property &lt;http://dbpedia.org/resource/Humbert_Balsan&gt;.
}}
select distinct ?subject ?property 
where 
 { GRAPH &lt;http://dbpedia.org&gt;{?subject ?property &lt;http://dbpedia.org/resource/Jacques-François_Blondel&gt;.
}}
select distinct ?subject ?property 
where 
 { GRAPH &lt;http://dbpedia.org&gt;{?subject ?property &lt;http://dbpedia.org/resource/Jacques_Babinet&gt;.
}}
select distinct ?subject ?property 
where 
 { GRAPH &lt;http://dbpedia.org&gt;{?subject ?property &lt;http://dbpedia.org/resource/Jacques_Bongars&gt;.
}}
select distinct ?subject ?property 
where 
 { GRAPH &lt;http://dbpedia.org&gt;{?subject ?property &lt;http://dbpedia.org/resource/Jacques_Champion_de_Chambonnières&gt;.
}}
select distinct ?subject ?property 
where 
 { GRAPH &lt;http://dbpedia.org&gt;{?subject ?property &lt;http://dbpedia.org/resource/Jacques_Duphly&gt;.
}}
select distinct ?subject ?property 
where 
 { GRAPH &lt;http://dbpedia.org&gt;{?subject ?property &lt;http://dbpedia.org/resource/James_Emanuel&gt;.
}}
select distinct ?subject ?property 
where 
 { GRAPH &lt;http://dbpedia.org&gt;{?subject ?property &lt;http://dbpedia.org/resource/Jean-Baptiste_Arban&gt;.
}}
select distinct ?subject ?property 
where 
 { GRAPH &lt;http://dbpedia.org&gt;{?subject ?property &lt;http://dbpedia.org/resource/Jean-Baptiste_Paulin_Guérin&gt;.
}}
select distinct ?subject ?property 
where 
 { GRAPH &lt;http://dbpedia.org&gt;{?subject ?property &lt;http://dbpedia.org/resource/Jean-Nicolas_Corvisart&gt;.
}}
select distinct ?subject ?property 
where 
 { GRAPH &lt;http://dbpedia.org&gt;{?subject ?property &lt;http://dbpedia.org/resource/Jean-Paul_Laurens&gt;.
}}
select distinct ?subject ?property 
where 
 { GRAPH &lt;http://dbpedia.org&gt;{?subject ?property &lt;http://dbpedia.org/resource/Jean-Paul_Ngoupandé&gt;.
}}
select distinct ?subject ?property 
where 
 { GRAPH &lt;http://dbpedia.org&gt;{?subject ?property &lt;http://dbpedia.org/resource/Jean-Pierre_Melville&gt;.
}}
select distinct ?subject ?property 
where 
 { GRAPH &lt;http://dbpedia.org&gt;{?subject ?property &lt;http://dbpedia.org/resource/Jean_Aicard&gt;.
}}
select distinct ?subject ?property 
where 
 { GRAPH &lt;http://dbpedia.org&gt;{?subject ?property &lt;http://dbpedia.org/resource/Jean_Civiale&gt;.
}}
select distinct ?subject ?property 
where 
 { GRAPH &lt;http://dbpedia.org&gt;{?subject ?property &lt;http://dbpedia.org/resource/Jean_Henri_Latude&gt;.
}}
select distinct ?subject ?property 
where 
 { GRAPH &lt;http://dbpedia.org&gt;{?subject ?property &lt;http://dbpedia.org/resource/Jean_Nicolas_Pierre_Hachette&gt;.
}}
select distinct ?subject ?property 
where 
 { GRAPH &lt;http://dbpedia.org&gt;{?subject ?property &lt;http://dbpedia.org/resource/Jean_Sauvagnargues&gt;.
}}
select distinct ?subject ?property 
where 
 { GRAPH &lt;http://dbpedia.org&gt;{?subject ?property &lt;http://dbpedia.org/resource/Jean_Schlumberger&gt;.
}}
select distinct ?subject ?property 
where 
 { GRAPH &lt;http://dbpedia.org&gt;{?subject ?property &lt;http://dbpedia.org/resource/Jean_de_Brunhoff&gt;.
}}
select distinct ?subject ?property 
where 
 { GRAPH &lt;http://dbpedia.org&gt;{?subject ?property &lt;http://dbpedia.org/resource/Jean_de_Meun&gt;.
}}
select distinct ?subject ?property 
where 
 { GRAPH &lt;http://dbpedia.org&gt;{?subject ?property &lt;http://dbpedia.org/resource/Jean_?tienne_Valluy&gt;.
}}
select distinct ?subject ?property 
where 
 { GRAPH &lt;http://dbpedia.org&gt;{?subject ?property &lt;http://dbpedia.org/resource/Joseph_Achille_Le_Bel&gt;.
}}
select distinct ?subject ?property 
where 
 { GRAPH &lt;http://dbpedia.org&gt;{?subject ?property &lt;http://dbpedia.org/resource/Julian_Fontana&gt;.
}}
select distinct ?subject ?property 
where 
 { GRAPH &lt;http://dbpedia.org&gt;{?subject ?property &lt;http://dbpedia.org/resource/Jurgis_Baltru?aitis&gt;.
}}
select distinct ?subject ?property 
where 
 { GRAPH &lt;http://dbpedia.org&gt;{?subject ?property &lt;http://dbpedia.org/resource/Justin_de_Selves&gt;.
}}
select distinct ?subject ?property 
where 
 { GRAPH &lt;http://dbpedia.org&gt;{?subject ?property &lt;http://dbpedia.org/resource/Kostas_Axelos&gt;.
}}
select distinct ?subject ?property 
where 
 { GRAPH &lt;http://dbpedia.org&gt;{?subject ?property &lt;http://dbpedia.org/resource/Legall_de_Kermeur&gt;.
}}
select distinct ?subject ?property 
where 
 { GRAPH &lt;http://dbpedia.org&gt;{?subject ?property &lt;http://dbpedia.org/resource/Louis-Ernest_Barrias&gt;.
}}
select distinct ?subject ?property 
where 
 { GRAPH &lt;http://dbpedia.org&gt;{?subject ?property &lt;http://dbpedia.org/resource/Louis-Lucien_Klotz&gt;.
}}
select distinct ?subject ?property 
where 
 { GRAPH &lt;http://dbpedia.org&gt;{?subject ?property &lt;http://dbpedia.org/resource/Louis-Léopold_Boilly&gt;.
}}
select distinct ?subject ?property 
where 
 { GRAPH &lt;http://dbpedia.org&gt;{?subject ?property &lt;http://dbpedia.org/resource/Louis_Claude_Richard&gt;.
}}
select distinct ?subject ?property 
where 
 { GRAPH &lt;http://dbpedia.org&gt;{?subject ?property &lt;http://dbpedia.org/resource/Louis_Petit_de_Julleville&gt;.
}}
select distinct ?subject ?property 
where 
 { GRAPH &lt;http://dbpedia.org&gt;{?subject ?property &lt;http://dbpedia.org/resource/Louis_Ratisbonne&gt;.
}}
select distinct ?subject ?property 
where 
 { GRAPH &lt;http://dbpedia.org&gt;{?subject ?property &lt;http://dbpedia.org/resource/Louis_de_Guiringaud&gt;.
}}
select distinct ?subject ?property 
where 
 { GRAPH &lt;http://dbpedia.org&gt;{?subject ?property &lt;http://dbpedia.org/resource/Lucien_Guitry&gt;.
}}
select distinct ?subject ?property 
where 
 { GRAPH &lt;http://dbpedia.org&gt;{?subject ?property &lt;http://dbpedia.org/resource/Ludwig_B?rne&gt;.
}}
select distinct ?subject ?property 
where 
 { GRAPH &lt;http://dbpedia.org&gt;{?subject ?property &lt;http://dbpedia.org/resource/Léon_Charles_Thévenin&gt;.
}}
select distinct ?subject ?property 
where 
 { GRAPH &lt;http://dbpedia.org&gt;{?subject ?property &lt;http://dbpedia.org/resource/Léon_Cogniet&gt;.
}}
select distinct ?subject ?property 
where 
 { GRAPH &lt;http://dbpedia.org&gt;{?subject ?property &lt;http://dbpedia.org/resource/Léon_Fairmaire&gt;.
}}
select distinct ?subject ?property 
where 
 { GRAPH &lt;http://dbpedia.org&gt;{?subject ?property &lt;http://dbpedia.org/resource/Léon_Gozlan&gt;.
}}
select distinct ?subject ?property 
where 
 { GRAPH &lt;http://dbpedia.org&gt;{?subject ?property &lt;http://dbpedia.org/resource/Manès_Sperber&gt;.
}}
select distinct ?subject ?property 
where 
 { GRAPH &lt;http://dbpedia.org&gt;{?subject ?property &lt;http://dbpedia.org/resource/Marcel_Griaule&gt;.
}}
select distinct ?subject ?property 
where 
 { GRAPH &lt;http://dbpedia.org&gt;{?subject ?property &lt;http://dbpedia.org/resource/Marco_Campos&gt;.
}}
select distinct ?subject ?property 
where 
 { GRAPH &lt;http://dbpedia.org&gt;{?subject ?property &lt;http://dbpedia.org/resource/Marie-Jean-Léon,_Marquis_d&apos;Hervey_de_Saint_Denys&gt;.
}}
select distinct ?subject ?property 
where 
 { GRAPH &lt;http://dbpedia.org&gt;{?subject ?property &lt;http://dbpedia.org/resource/Marie_Champmeslé&gt;.
}}
select distinct ?subject ?property 
where 
 { GRAPH &lt;http://dbpedia.org&gt;{?subject ?property &lt;http://dbpedia.org/resource/Marion_Delorme&gt;.
}}
select distinct ?subject ?property 
where 
 { GRAPH &lt;http://dbpedia.org&gt;{?subject ?property &lt;http://dbpedia.org/resource/Maurice_Donnay&gt;.
}}
select distinct ?subject ?property 
where 
 { GRAPH &lt;http://dbpedia.org&gt;{?subject ?property &lt;http://dbpedia.org/resource/Max_O&apos;Rell&gt;.
}}
select distinct ?subject ?property 
where 
 { GRAPH &lt;http://dbpedia.org&gt;{?subject ?property &lt;http://dbpedia.org/resource/Max_Pécas&gt;.
}}
select distinct ?subject ?property 
where 
 { GRAPH &lt;http://dbpedia.org&gt;{?subject ?property &lt;http://dbpedia.org/resource/Maximilien_Sébastien_Foy&gt;.
}}
select distinct ?subject ?property 
where 
 { GRAPH &lt;http://dbpedia.org&gt;{?subject ?property &lt;http://dbpedia.org/resource/Michel_Jobert&gt;.
}}
select distinct ?subject ?property 
where 
 { GRAPH &lt;http://dbpedia.org&gt;{?subject ?property &lt;http://dbpedia.org/resource/Mo?a_Pijade&gt;.
}}
select distinct ?subject ?property 
where 
 { GRAPH &lt;http://dbpedia.org&gt;{?subject ?property &lt;http://dbpedia.org/resource/Natalia_Goncharova&gt;.
}}
select distinct ?subject ?property 
where 
 { GRAPH &lt;http://dbpedia.org&gt;{?subject ?property &lt;http://dbpedia.org/resource/Nicolas_Gigault&gt;.
}}
select distinct ?subject ?property 
where 
 { GRAPH &lt;http://dbpedia.org&gt;{?subject ?property &lt;http://dbpedia.org/resource/Ole_Herman_Johannes_Krag&gt;.
}}
select distinct ?subject ?property 
where 
 { GRAPH &lt;http://dbpedia.org&gt;{?subject ?property &lt;http://dbpedia.org/resource/Paul_Baudouin&gt;.
}}
select distinct ?subject ?property 
where 
 { GRAPH &lt;http://dbpedia.org&gt;{?subject ?property &lt;http://dbpedia.org/resource/Paul_Delaroche&gt;.
}}
select distinct ?subject ?property 
where 
 { GRAPH &lt;http://dbpedia.org&gt;{?subject ?property &lt;http://dbpedia.org/resource/Paul_Gorguloff&gt;.
}}
select distinct ?subject ?property 
where 
 { GRAPH &lt;http://dbpedia.org&gt;{?subject ?property &lt;http://dbpedia.org/resource/Philippe_Ariès&gt;.
}}
select distinct ?subject ?property 
where 
 { GRAPH &lt;http://dbpedia.org&gt;{?subject ?property &lt;http://dbpedia.org/resource/Philippe_LeBon&gt;.
}}
select distinct ?subject ?property 
where 
 { GRAPH &lt;http://dbpedia.org&gt;{?subject ?property &lt;http://dbpedia.org/resource/Philippe_Noiret&gt;.
}}
select distinct ?subject ?property 
where 
 { GRAPH &lt;http://dbpedia.org&gt;{?subject ?property &lt;http://dbpedia.org/resource/Philippe_de_Chérisey&gt;.
}}
select distinct ?subject ?property 
where 
 { GRAPH &lt;http://dbpedia.org&gt;{?subject ?property &lt;http://dbpedia.org/resource/Philippe_de_Girard&gt;.
}}
select distinct ?subject ?property 
where 
 { GRAPH &lt;http://dbpedia.org&gt;{?subject ?property &lt;http://dbpedia.org/resource/Pierre_Dac&gt;.
}}
select distinct ?subject ?property 
where 
 { GRAPH &lt;http://dbpedia.org&gt;{?subject ?property &lt;http://dbpedia.org/resource/Pierre_Daninos&gt;.
}}
select distinct ?subject ?property 
where 
 { GRAPH &lt;http://dbpedia.org&gt;{?subject ?property &lt;http://dbpedia.org/resource/Pierre_Gouthière&gt;.
}}
select distinct ?subject ?property 
where 
 { GRAPH &lt;http://dbpedia.org&gt;{?subject ?property &lt;http://dbpedia.org/resource/Princess_?lisabeth_of_France&gt;.
}}
select distinct ?subject ?property 
where 
 { GRAPH &lt;http://dbpedia.org&gt;{?subject ?property &lt;http://dbpedia.org/resource/Rachilde&gt;.
}}
select distinct ?subject ?property 
where 
 { GRAPH &lt;http://dbpedia.org&gt;{?subject ?property &lt;http://dbpedia.org/resource/Raymond_Eddé&gt;.
}}
select distinct ?subject ?property 
where 
 { GRAPH &lt;http://dbpedia.org&gt;{?subject ?property &lt;http://dbpedia.org/resource/Robert_Nanteuil&gt;.
}}
select distinct ?subject ?property 
where 
 { GRAPH &lt;http://dbpedia.org&gt;{?subject ?property &lt;http://dbpedia.org/resource/Robert_Nivelle&gt;.
}}
select distinct ?subject ?property 
where 
 { GRAPH &lt;http://dbpedia.org&gt;{?subject ?property &lt;http://dbpedia.org/resource/Rodolphe_Radau&gt;.
}}
select distinct ?subject ?property 
where 
 { GRAPH &lt;http://dbpedia.org&gt;{?subject ?property &lt;http://dbpedia.org/resource/Rowland_Hussey_Macy&gt;.
}}
select distinct ?subject ?property 
where 
 { GRAPH &lt;http://dbpedia.org&gt;{?subject ?property &lt;http://dbpedia.org/resource/Serge_Poltoratzky&gt;.
}}
select distinct ?subject ?property 
where 
 { GRAPH &lt;http://dbpedia.org&gt;{?subject ?property &lt;http://dbpedia.org/resource/Sidney_Smith_(Royal_Navy_officer)&gt;.
}}
select distinct ?subject ?property 
where 
 { GRAPH &lt;http://dbpedia.org&gt;{?subject ?property &lt;http://dbpedia.org/resource/Sophie_d&apos;Houdetot&gt;.
}}
select distinct ?subject ?property 
where 
 { GRAPH &lt;http://dbpedia.org&gt;{?subject ?property &lt;http://dbpedia.org/resource/Toyen&gt;.
}}
select distinct ?subject ?property 
where 
 { GRAPH &lt;http://dbpedia.org&gt;{?subject ?property &lt;http://dbpedia.org/resource/Victor_Laloux&gt;.
}}
select distinct ?subject ?property 
where 
 { GRAPH &lt;http://dbpedia.org&gt;{?subject ?property &lt;http://dbpedia.org/resource/Viktor_Nekipelov&gt;.
}}
select distinct ?subject ?property 
where 
 { GRAPH &lt;http://dbpedia.org&gt;{?subject ?property &lt;http://dbpedia.org/resource/Virginie_Déjazet&gt;.
}}
select distinct ?subject ?property 
where 
 { GRAPH &lt;http://dbpedia.org&gt;{?subject ?property &lt;http://dbpedia.org/resource/Vladimir_Kokovtsov&gt;.
}}
select distinct ?subject ?property 
where 
 { GRAPH &lt;http://dbpedia.org&gt;{?subject ?property &lt;http://dbpedia.org/resource/Volin&gt;.
}}
select distinct ?subject ?property 
where 
 { GRAPH &lt;http://dbpedia.org&gt;{?subject ?property &lt;http://dbpedia.org/resource/William_Madocks&gt;.
}}
select distinct ?subject ?property 
where 
 { GRAPH &lt;http://dbpedia.org&gt;{?subject ?property &lt;http://dbpedia.org/resource/William_Robert_Spencer&gt;.
}}
select distinct ?subject ?property 
where 
 { GRAPH &lt;http://dbpedia.org&gt;{?subject ?property &lt;http://dbpedia.org/resource/William_Sprague_IV&gt;.
}}
select distinct ?subject ?property 
where 
 { GRAPH &lt;http://dbpedia.org&gt;{?subject ?property &lt;http://dbpedia.org/resource/W?adys?aw_Czartoryski&gt;.
}}
select distinct ?subject ?property 
where 
 { GRAPH &lt;http://dbpedia.org&gt;{?subject ?property &lt;http://dbpedia.org/resource/Yvon_Delbos&gt;.
}}
select distinct ?subject ?property 
where 
 { GRAPH &lt;http://dbpedia.org&gt;{?subject ?property &lt;http://dbpedia.org/resource/?douard_Goursat&gt;.
}}
select distinct ?subject ?property 
where 
 { GRAPH &lt;http://dbpedia.org&gt;{?subject ?property &lt;http://dbpedia.org/resource/?douard_Louis_Trouessart&gt;.
}}
select distinct ?subject ?property 
where 
 { GRAPH &lt;http://dbpedia.org&gt;{?subject ?property &lt;http://dbpedia.org/resource/?mile-Louis_Burnouf&gt;.
}}
select distinct ?subject ?property 
where 
 { GRAPH &lt;http://dbpedia.org&gt;{?subject ?property &lt;http://dbpedia.org/resource/?tienne_Mélingue&gt;.
}}
select distinct ?subject ?property 
where 
 { GRAPH &lt;http://dbpedia.org&gt;{?subject ?property &lt;http://dbpedia.org/resource/Alexandre,_Chevalier_de_Chaumont&gt;.
}}
select distinct ?subject ?property 
where 
 { GRAPH &lt;http://dbpedia.org&gt;{?subject ?property &lt;http://dbpedia.org/resource/André_?tienne_d&apos;Audebert_de_Férussac&gt;.
}}
select distinct ?subject ?property 
where 
 { GRAPH &lt;http://dbpedia.org&gt;{?subject ?property &lt;http://dbpedia.org/resource/Henri_Jobier&gt;.
}}
select distinct ?subject ?property 
where 
 { GRAPH &lt;http://dbpedia.org&gt;{?subject ?property &lt;http://dbpedia.org/resource/Jacques_Bousquet&gt;.
}}
select distinct ?subject ?property 
where 
 { GRAPH &lt;http://dbpedia.org&gt;{?subject ?property &lt;http://dbpedia.org/resource/Jane_Marken&gt;.
}}
select distinct ?subject ?property 
where 
 { GRAPH &lt;http://dbpedia.org&gt;{?subject ?property &lt;http://dbpedia.org/resource/Jean-Antoine_Lépine&gt;.
}}
select distinct ?subject ?property 
where 
 { GRAPH &lt;http://dbpedia.org&gt;{?subject ?property &lt;http://dbpedia.org/resource/Marie-Jeanne_L&apos;Héritier&gt;.
}}
select distinct ?subject ?property 
where 
 { GRAPH &lt;http://dbpedia.org&gt;{?subject ?property &lt;http://dbpedia.org/resource/Abdelwahab_Meddeb&gt;.
}}
select distinct ?subject ?property 
where 
 { GRAPH &lt;http://dbpedia.org&gt;{?subject ?property &lt;http://dbpedia.org/resource/Albert_Kazimirski_de_Biberstein&gt;.
}}
select distinct ?subject ?property 
where 
 { GRAPH &lt;http://dbpedia.org&gt;{?subject ?property &lt;http://dbpedia.org/resource/André_Parrot&gt;.
}}
select distinct ?subject ?property 
where 
 { GRAPH &lt;http://dbpedia.org&gt;{?subject ?property &lt;http://dbpedia.org/resource/Auguste_Couder&gt;.
}}
select distinct ?subject ?property 
where 
 { GRAPH &lt;http://dbpedia.org&gt;{?subject ?property &lt;http://dbpedia.org/resource/Ba_Mamadou_Mbaré&gt;.
}}
select distinct ?subject ?property 
where 
 { GRAPH &lt;http://dbpedia.org&gt;{?subject ?property &lt;http://dbpedia.org/resource/Charles-André_Julien&gt;.
}}
select distinct ?subject ?property 
where 
 { GRAPH &lt;http://dbpedia.org&gt;{?subject ?property &lt;http://dbpedia.org/resource/Eugène_Guillevic&gt;.
}}
select distinct ?subject ?property 
where 
 { GRAPH &lt;http://dbpedia.org&gt;{?subject ?property &lt;http://dbpedia.org/resource/Franz_Woepcke&gt;.
}}
select distinct ?subject ?property 
where 
 { GRAPH &lt;http://dbpedia.org&gt;{?subject ?property &lt;http://dbpedia.org/resource/François-Jean_de_Chastellux&gt;.
}}
select distinct ?subject ?property 
where 
 { GRAPH &lt;http://dbpedia.org&gt;{?subject ?property &lt;http://dbpedia.org/resource/Gaston_Wiet&gt;.
}}
select distinct ?subject ?property 
where 
 { GRAPH &lt;http://dbpedia.org&gt;{?subject ?property &lt;http://dbpedia.org/resource/Henri_Massé&gt;.
}}
select distinct ?subject ?property 
where 
 { GRAPH &lt;http://dbpedia.org&gt;{?subject ?property &lt;http://dbpedia.org/resource/Joseph_Halévy&gt;.
}}
select distinct ?subject ?property 
where 
 { GRAPH &lt;http://dbpedia.org&gt;{?subject ?property &lt;http://dbpedia.org/resource/Louis-Mathieu_Langlès&gt;.
}}
select distinct ?subject ?property 
where 
 { GRAPH &lt;http://dbpedia.org&gt;{?subject ?property &lt;http://dbpedia.org/resource/Nasreddine_Dinet&gt;.
}}
select distinct ?subject ?property 
where 
 { GRAPH &lt;http://dbpedia.org&gt;{?subject ?property &lt;http://dbpedia.org/resource/Régis_Blachère&gt;.
}}
select distinct ?subject ?property 
where 
 { GRAPH &lt;http://dbpedia.org&gt;{?subject ?property &lt;http://dbpedia.org/resource/Saud_al-Dosari&gt;.
}}
select distinct ?subject ?property 
where 
 { GRAPH &lt;http://dbpedia.org&gt;{?subject ?property &lt;http://dbpedia.org/resource/Saïd_Mohammedi&gt;.
}}
select distinct ?subject ?property 
where 
 { GRAPH &lt;http://dbpedia.org&gt;{?subject ?property &lt;http://dbpedia.org/resource/Sheikh_Abbas&gt;.
}}
select distinct ?subject ?property 
where 
 { GRAPH &lt;http://dbpedia.org&gt;{?subject ?property &lt;http://dbpedia.org/resource/Thierry_Roland&gt;.
}}
select distinct ?subject ?property 
where 
 { GRAPH &lt;http://dbpedia.org&gt;{?subject ?property &lt;http://dbpedia.org/resource/Xavier_de_Montépin&gt;.
}}
select distinct ?subject ?property 
where 
 { GRAPH &lt;http://dbpedia.org&gt;{?subject ?property &lt;http://dbpedia.org/resource/?variste_Lévi-Provençal&gt;.
}}
select distinct ?subject ?property 
where 
 { GRAPH &lt;http://dbpedia.org&gt;{?subject ?property &lt;http://dbpedia.org/resource/Armand_de_Camboust,_duc_de_Coislin&gt;.
}}
select distinct ?subject ?property 
where 
 { GRAPH &lt;http://dbpedia.org&gt;{?subject ?property &lt;http://dbpedia.org/resource/Duchess_Maria_Elisabeth_in_Bavaria&gt;.
}}
select distinct ?subject ?property 
where 
 { GRAPH &lt;http://dbpedia.org&gt;{?subject ?property &lt;http://dbpedia.org/resource/Martin_Bossange&gt;.
}}
select distinct ?subject ?property 
where 
 { GRAPH &lt;http://dbpedia.org&gt;{?subject ?property &lt;http://dbpedia.org/resource/Rudolf_Lindau&gt;.
}}
select distinct ?subject ?property 
where 
 { GRAPH &lt;http://dbpedia.org&gt;{?subject ?property &lt;http://dbpedia.org/resource/Ulysse_Pastre&gt;.
}}
select distinct ?subject ?property 
where 
 { GRAPH &lt;http://dbpedia.org&gt;{?subject ?property &lt;http://dbpedia.org/resource/William_Marçais&gt;.
}}
select distinct ?subject ?property 
where 
 { GRAPH &lt;http://dbpedia.org&gt;{?subject ?property &lt;http://dbpedia.org/resource/Joscelin_(bishop_of_Paris)&gt;.
}}
select distinct ?subject ?property 
where 
 { GRAPH &lt;http://dbpedia.org&gt;{?subject ?property &lt;http://dbpedia.org/resource/Jean_Pierre_Droz&gt;.
}}
select distinct ?subject ?property 
where 
 { GRAPH &lt;http://dbpedia.org&gt;{?subject ?property &lt;http://dbpedia.org/resource/Adolphe_Joanne&gt;.
}}
select distinct ?subject ?property 
where 
 { GRAPH &lt;http://dbpedia.org&gt;{?subject ?property &lt;http://dbpedia.org/resource/Adrien_Prévost_de_Longpérier&gt;.
}}
select distinct ?subject ?property 
where 
 { GRAPH &lt;http://dbpedia.org&gt;{?subject ?property &lt;http://dbpedia.org/resource/Andreas_Walser&gt;.
}}
select distinct ?subject ?property 
where 
 { GRAPH &lt;http://dbpedia.org&gt;{?subject ?property &lt;http://dbpedia.org/resource/August_Hermann_Ewerbeck&gt;.
}}
select distinct ?subject ?property 
where 
 { GRAPH &lt;http://dbpedia.org&gt;{?subject ?property &lt;http://dbpedia.org/resource/Auguste_Longnon&gt;.
}}
select distinct ?subject ?property 
where 
 { GRAPH &lt;http://dbpedia.org&gt;{?subject ?property &lt;http://dbpedia.org/resource/Bernard_Pierre_Magnan&gt;.
}}
select distinct ?subject ?property 
where 
 { GRAPH &lt;http://dbpedia.org&gt;{?subject ?property &lt;http://dbpedia.org/resource/Bernhard_Hirzel&gt;.
}}
select distinct ?subject ?property 
where 
 { GRAPH &lt;http://dbpedia.org&gt;{?subject ?property &lt;http://dbpedia.org/resource/Catherine_of_Cleves&gt;.
}}
select distinct ?subject ?property 
where 
 { GRAPH &lt;http://dbpedia.org&gt;{?subject ?property &lt;http://dbpedia.org/resource/Diego_Giacometti&gt;.
}}
select distinct ?subject ?property 
where 
 { GRAPH &lt;http://dbpedia.org&gt;{?subject ?property &lt;http://dbpedia.org/resource/Ernst_Weiss&gt;.
}}
select distinct ?subject ?property 
where 
 { GRAPH &lt;http://dbpedia.org&gt;{?subject ?property &lt;http://dbpedia.org/resource/Franz_Reichelt&gt;.
}}
select distinct ?subject ?property 
where 
 { GRAPH &lt;http://dbpedia.org&gt;{?subject ?property &lt;http://dbpedia.org/resource/François_Linke&gt;.
}}
select distinct ?subject ?property 
where 
 { GRAPH &lt;http://dbpedia.org&gt;{?subject ?property &lt;http://dbpedia.org/resource/Hans_von_Halban&gt;.
}}
select distinct ?subject ?property 
where 
 { GRAPH &lt;http://dbpedia.org&gt;{?subject ?property &lt;http://dbpedia.org/resource/Jean-Luc_Benoziglio&gt;.
}}
select distinct ?subject ?property 
where 
 { GRAPH &lt;http://dbpedia.org&gt;{?subject ?property &lt;http://dbpedia.org/resource/Jean_Noël_Hallé&gt;.
}}
select distinct ?subject ?property 
where 
 { GRAPH &lt;http://dbpedia.org&gt;{?subject ?property &lt;http://dbpedia.org/resource/Joseph-Antoine_Froelicher&gt;.
}}
select distinct ?subject ?property 
where 
 { GRAPH &lt;http://dbpedia.org&gt;{?subject ?property &lt;http://dbpedia.org/resource/Karl_Josef_von_Bachmann&gt;.
}}
select distinct ?subject ?property 
where 
 { GRAPH &lt;http://dbpedia.org&gt;{?subject ?property &lt;http://dbpedia.org/resource/Paul_Demiéville&gt;.
}}
select distinct ?subject ?property 
where 
 { GRAPH &lt;http://dbpedia.org&gt;{?subject ?property &lt;http://dbpedia.org/resource/Philippe_Agostini&gt;.
}}
select distinct ?subject ?property 
where 
 { GRAPH &lt;http://dbpedia.org&gt;{?subject ?property &lt;http://dbpedia.org/resource/Stanis?aw_Szpinalski&gt;.
}}
select distinct ?subject ?property 
where 
 { GRAPH &lt;http://dbpedia.org&gt;{?subject ?property &lt;http://dbpedia.org/resource/Madame_Bellecour&gt;.
}}
select distinct ?subject ?property 
where 
 { GRAPH &lt;http://dbpedia.org&gt;{?subject ?property &lt;http://dbpedia.org/resource/Pierre_de_Caters&gt;.
}}
select distinct ?subject ?property 
where 
 { GRAPH &lt;http://dbpedia.org&gt;{?subject ?property &lt;http://dbpedia.org/resource/Magdeleine-Marie_Desgarcins&gt;.
}}
select distinct ?subject ?property 
where 
 { GRAPH &lt;http://dbpedia.org&gt;{?subject ?property &lt;http://dbpedia.org/resource/Georges_Sérès&gt;.
}}
select distinct ?subject ?property 
where 
 { GRAPH &lt;http://dbpedia.org&gt;{?subject ?property &lt;http://dbpedia.org/resource/Jenny_Alpha&gt;.
}}
select distinct ?subject ?property 
where 
 { GRAPH &lt;http://dbpedia.org&gt;{?subject ?property &lt;http://dbpedia.org/resource/Albert_Caraco&gt;.
}}
select distinct ?subject ?property 
where 
 { GRAPH &lt;http://dbpedia.org&gt;{?subject ?property &lt;http://dbpedia.org/resource/Albert_Préjean&gt;.
}}
select distinct ?subject ?property 
where 
 { GRAPH &lt;http://dbpedia.org&gt;{?subject ?property &lt;http://dbpedia.org/resource/André_Bac&gt;.
}}
select distinct ?subject ?property 
where 
 { GRAPH &lt;http://dbpedia.org&gt;{?subject ?property &lt;http://dbpedia.org/resource/André_Deed&gt;.
}}
select distinct ?subject ?property 
where 
 { GRAPH &lt;http://dbpedia.org&gt;{?subject ?property &lt;http://dbpedia.org/resource/Ange_René_Armand,_baron_de_Mackau&gt;.
}}
select distinct ?subject ?property 
where 
 { GRAPH &lt;http://dbpedia.org&gt;{?subject ?property &lt;http://dbpedia.org/resource/Bernard_Borderie&gt;.
}}
select distinct ?subject ?property 
where 
 { GRAPH &lt;http://dbpedia.org&gt;{?subject ?property &lt;http://dbpedia.org/resource/Charles_Lacquehay&gt;.
}}
select distinct ?subject ?property 
where 
 { GRAPH &lt;http://dbpedia.org&gt;{?subject ?property &lt;http://dbpedia.org/resource/Chevalier_d&apos;Herbain&gt;.
}}
select distinct ?subject ?property 
where 
 { GRAPH &lt;http://dbpedia.org&gt;{?subject ?property &lt;http://dbpedia.org/resource/Claude_Herbulot&gt;.
}}
select distinct ?subject ?property 
where 
 { GRAPH &lt;http://dbpedia.org&gt;{?subject ?property &lt;http://dbpedia.org/resource/Daniel_Brottier&gt;.
}}
select distinct ?subject ?property 
where 
 { GRAPH &lt;http://dbpedia.org&gt;{?subject ?property &lt;http://dbpedia.org/resource/Desboulmiers&gt;.
}}
select distinct ?subject ?property 
where 
 { GRAPH &lt;http://dbpedia.org&gt;{?subject ?property &lt;http://dbpedia.org/resource/Draner&gt;.
}}
select distinct ?subject ?property 
where 
 { GRAPH &lt;http://dbpedia.org&gt;{?subject ?property &lt;http://dbpedia.org/resource/Edmé_Quenedey_des_Ricets&gt;.
}}
select distinct ?subject ?property 
where 
 { GRAPH &lt;http://dbpedia.org&gt;{?subject ?property &lt;http://dbpedia.org/resource/Eugène_Ernest_Hillemacher&gt;.
}}
select distinct ?subject ?property 
where 
 { GRAPH &lt;http://dbpedia.org&gt;{?subject ?property &lt;http://dbpedia.org/resource/Eugène_Sartory&gt;.
}}
select distinct ?subject ?property 
where 
 { GRAPH &lt;http://dbpedia.org&gt;{?subject ?property &lt;http://dbpedia.org/resource/Fernand_Ledoux&gt;.
}}
select distinct ?subject ?property 
where 
 { GRAPH &lt;http://dbpedia.org&gt;{?subject ?property &lt;http://dbpedia.org/resource/François_Brousse&gt;.
}}
select distinct ?subject ?property 
where 
 { GRAPH &lt;http://dbpedia.org&gt;{?subject ?property &lt;http://dbpedia.org/resource/François_Chaumette&gt;.
}}
select distinct ?subject ?property 
where 
 { GRAPH &lt;http://dbpedia.org&gt;{?subject ?property &lt;http://dbpedia.org/resource/François_Joseph_Naderman&gt;.
}}
select distinct ?subject ?property 
where 
 { GRAPH &lt;http://dbpedia.org&gt;{?subject ?property &lt;http://dbpedia.org/resource/Félix_Fourdrain&gt;.
}}
select distinct ?subject ?property 
where 
 { GRAPH &lt;http://dbpedia.org&gt;{?subject ?property &lt;http://dbpedia.org/resource/Henri_Hayden&gt;.
}}
select distinct ?subject ?property 
where 
 { GRAPH &lt;http://dbpedia.org&gt;{?subject ?property &lt;http://dbpedia.org/resource/Jacques-Christophe_Valmont_de_Bomare&gt;.
}}
select distinct ?subject ?property 
where 
 { GRAPH &lt;http://dbpedia.org&gt;{?subject ?property &lt;http://dbpedia.org/resource/Jacques_Soisson&gt;.
}}
select distinct ?subject ?property 
where 
 { GRAPH &lt;http://dbpedia.org&gt;{?subject ?property &lt;http://dbpedia.org/resource/Jean-Baptiste_Théodon&gt;.
}}
select distinct ?subject ?property 
where 
 { GRAPH &lt;http://dbpedia.org&gt;{?subject ?property &lt;http://dbpedia.org/resource/Jean-Paul_Le_Chanois&gt;.
}}
select distinct ?subject ?property 
where 
 { GRAPH &lt;http://dbpedia.org&gt;{?subject ?property &lt;http://dbpedia.org/resource/Jean-Pierre_Darras&gt;.
}}
select distinct ?subject ?property 
where 
 { GRAPH &lt;http://dbpedia.org&gt;{?subject ?property &lt;http://dbpedia.org/resource/Jean_Baudoin_(translator)&gt;.
}}
select distinct ?subject ?property 
where 
 { GRAPH &lt;http://dbpedia.org&gt;{?subject ?property &lt;http://dbpedia.org/resource/Jean_Boffety&gt;.
}}
select distinct ?subject ?property 
where 
 { GRAPH &lt;http://dbpedia.org&gt;{?subject ?property &lt;http://dbpedia.org/resource/Jean_Bourgoin&gt;.
}}
select distinct ?subject ?property 
where 
 { GRAPH &lt;http://dbpedia.org&gt;{?subject ?property &lt;http://dbpedia.org/resource/Jean_Charbonneaux&gt;.
}}
select distinct ?subject ?property 
where 
 { GRAPH &lt;http://dbpedia.org&gt;{?subject ?property &lt;http://dbpedia.org/resource/Jean_Kérisel&gt;.
}}
select distinct ?subject ?property 
where 
 { GRAPH &lt;http://dbpedia.org&gt;{?subject ?property &lt;http://dbpedia.org/resource/Joseph_Alfred_Lamy&gt;.
}}
select distinct ?subject ?property 
where 
 { GRAPH &lt;http://dbpedia.org&gt;{?subject ?property &lt;http://dbpedia.org/resource/Julien-Léopold_Boilly&gt;.
}}
select distinct ?subject ?property 
where 
 { GRAPH &lt;http://dbpedia.org&gt;{?subject ?property &lt;http://dbpedia.org/resource/La_Grange_(actor)&gt;.
}}
select distinct ?subject ?property 
where 
 { GRAPH &lt;http://dbpedia.org&gt;{?subject ?property &lt;http://dbpedia.org/resource/Lao_Silesu&gt;.
}}
select distinct ?subject ?property 
where 
 { GRAPH &lt;http://dbpedia.org&gt;{?subject ?property &lt;http://dbpedia.org/resource/Laurent_Casanova&gt;.
}}
select distinct ?subject ?property 
where 
 { GRAPH &lt;http://dbpedia.org&gt;{?subject ?property &lt;http://dbpedia.org/resource/Louis-André-Gabriel_Bouchet&gt;.
}}
select distinct ?subject ?property 
where 
 { GRAPH &lt;http://dbpedia.org&gt;{?subject ?property &lt;http://dbpedia.org/resource/Louis-Jean_Résal&gt;.
}}
select distinct ?subject ?property 
where 
 { GRAPH &lt;http://dbpedia.org&gt;{?subject ?property &lt;http://dbpedia.org/resource/Louis_Henri_Armand_Behic&gt;.
}}
select distinct ?subject ?property 
where 
 { GRAPH &lt;http://dbpedia.org&gt;{?subject ?property &lt;http://dbpedia.org/resource/Louis_Thomas_Jérôme_Auzoux&gt;.
}}
select distinct ?subject ?property 
where 
 { GRAPH &lt;http://dbpedia.org&gt;{?subject ?property &lt;http://dbpedia.org/resource/Lucien_Muhlfeld&gt;.
}}
select distinct ?subject ?property 
where 
 { GRAPH &lt;http://dbpedia.org&gt;{?subject ?property &lt;http://dbpedia.org/resource/Marcel_Grignon&gt;.
}}
select distinct ?subject ?property 
where 
 { GRAPH &lt;http://dbpedia.org&gt;{?subject ?property &lt;http://dbpedia.org/resource/Marie-Alexandre_Alophe&gt;.
}}
select distinct ?subject ?property 
where 
 { GRAPH &lt;http://dbpedia.org&gt;{?subject ?property &lt;http://dbpedia.org/resource/Marie_Henri_Andoyer&gt;.
}}
select distinct ?subject ?property 
where 
 { GRAPH &lt;http://dbpedia.org&gt;{?subject ?property &lt;http://dbpedia.org/resource/Marius_Lavet&gt;.
}}
select distinct ?subject ?property 
where 
 { GRAPH &lt;http://dbpedia.org&gt;{?subject ?property &lt;http://dbpedia.org/resource/Michel_Le_Tellier&gt;.
}}
select distinct ?subject ?property 
where 
 { GRAPH &lt;http://dbpedia.org&gt;{?subject ?property &lt;http://dbpedia.org/resource/Omer_Verschoore&gt;.
}}
select distinct ?subject ?property 
where 
 { GRAPH &lt;http://dbpedia.org&gt;{?subject ?property &lt;http://dbpedia.org/resource/Paul_Jouve&gt;.
}}
select distinct ?subject ?property 
where 
 { GRAPH &lt;http://dbpedia.org&gt;{?subject ?property &lt;http://dbpedia.org/resource/Paul_Séjourné&gt;.
}}
select distinct ?subject ?property 
where 
 { GRAPH &lt;http://dbpedia.org&gt;{?subject ?property &lt;http://dbpedia.org/resource/Philippe_Le_Royer&gt;.
}}
select distinct ?subject ?property 
where 
 { GRAPH &lt;http://dbpedia.org&gt;{?subject ?property &lt;http://dbpedia.org/resource/Philippe_Muray&gt;.
}}
select distinct ?subject ?property 
where 
 { GRAPH &lt;http://dbpedia.org&gt;{?subject ?property &lt;http://dbpedia.org/resource/Pierre-Luc_Séguillon&gt;.
}}
select distinct ?subject ?property 
where 
 { GRAPH &lt;http://dbpedia.org&gt;{?subject ?property &lt;http://dbpedia.org/resource/Pierre_Dolbeault&gt;.
}}
select distinct ?subject ?property 
where 
 { GRAPH &lt;http://dbpedia.org&gt;{?subject ?property &lt;http://dbpedia.org/resource/Pierre_Montazel&gt;.
}}
select distinct ?subject ?property 
where 
 { GRAPH &lt;http://dbpedia.org&gt;{?subject ?property &lt;http://dbpedia.org/resource/Pierre_Szekely&gt;.
}}
select distinct ?subject ?property 
where 
 { GRAPH &lt;http://dbpedia.org&gt;{?subject ?property &lt;http://dbpedia.org/resource/Princess_Xenia_of_Montenegro&gt;.
}}
select distinct ?subject ?property 
where 
 { GRAPH &lt;http://dbpedia.org&gt;{?subject ?property &lt;http://dbpedia.org/resource/Roger_Tallon&gt;.
}}
select distinct ?subject ?property 
where 
 { GRAPH &lt;http://dbpedia.org&gt;{?subject ?property &lt;http://dbpedia.org/resource/Rose_de_Freycinet&gt;.
}}
select distinct ?subject ?property 
where 
 { GRAPH &lt;http://dbpedia.org&gt;{?subject ?property &lt;http://dbpedia.org/resource/Sauveur_François_Morand&gt;.
}}
select distinct ?subject ?property 
where 
 { GRAPH &lt;http://dbpedia.org&gt;{?subject ?property &lt;http://dbpedia.org/resource/Somerville_Pinkney_Tuck&gt;.
}}
select distinct ?subject ?property 
where 
 { GRAPH &lt;http://dbpedia.org&gt;{?subject ?property &lt;http://dbpedia.org/resource/Stéphane_Gsell&gt;.
}}
select distinct ?subject ?property 
where 
 { GRAPH &lt;http://dbpedia.org&gt;{?subject ?property &lt;http://dbpedia.org/resource/Willem_Boreel&gt;.
}}
select distinct ?subject ?property 
where 
 { GRAPH &lt;http://dbpedia.org&gt;{?subject ?property &lt;http://dbpedia.org/resource/Yevgeny_Gunst&gt;.
}}
select distinct ?subject ?property 
where 
 { GRAPH &lt;http://dbpedia.org&gt;{?subject ?property &lt;http://dbpedia.org/resource/Alfred_Ernout&gt;.
}}
select distinct ?subject ?property 
where 
 { GRAPH &lt;http://dbpedia.org&gt;{?subject ?property &lt;http://dbpedia.org/resource/André_Trousselier&gt;.
}}
select distinct ?subject ?property 
where 
 { GRAPH &lt;http://dbpedia.org&gt;{?subject ?property &lt;http://dbpedia.org/resource/Angelo_Tasca&gt;.
}}
select distinct ?subject ?property 
where 
 { GRAPH &lt;http://dbpedia.org&gt;{?subject ?property &lt;http://dbpedia.org/resource/Antoine_Gautier_de_Montdorge&gt;.
}}
select distinct ?subject ?property 
where 
 { GRAPH &lt;http://dbpedia.org&gt;{?subject ?property &lt;http://dbpedia.org/resource/Armand_Deperdussin&gt;.
}}
select distinct ?subject ?property 
where 
 { GRAPH &lt;http://dbpedia.org&gt;{?subject ?property &lt;http://dbpedia.org/resource/Arnaldo_Calveyra&gt;.
}}
select distinct ?subject ?property 
where 
 { GRAPH &lt;http://dbpedia.org&gt;{?subject ?property &lt;http://dbpedia.org/resource/Auguste_Toulmouche&gt;.
}}
select distinct ?subject ?property 
where 
 { GRAPH &lt;http://dbpedia.org&gt;{?subject ?property &lt;http://dbpedia.org/resource/Augustin_de_Lespinasse&gt;.
}}
select distinct ?subject ?property 
where 
 { GRAPH &lt;http://dbpedia.org&gt;{?subject ?property &lt;http://dbpedia.org/resource/Bernard_Groethuysen&gt;.
}}
select distinct ?subject ?property 
where 
 { GRAPH &lt;http://dbpedia.org&gt;{?subject ?property &lt;http://dbpedia.org/resource/Charles-?tienne_Pesselier&gt;.
}}
select distinct ?subject ?property 
where 
 { GRAPH &lt;http://dbpedia.org&gt;{?subject ?property &lt;http://dbpedia.org/resource/Claude_Winter&gt;.
}}
select distinct ?subject ?property 
where 
 { GRAPH &lt;http://dbpedia.org&gt;{?subject ?property &lt;http://dbpedia.org/resource/Didier-François_d&apos;Arclais_de_Montamy&gt;.
}}
select distinct ?subject ?property 
where 
 { GRAPH &lt;http://dbpedia.org&gt;{?subject ?property &lt;http://dbpedia.org/resource/Désiré_André&gt;.
}}
select distinct ?subject ?property 
where 
 { GRAPH &lt;http://dbpedia.org&gt;{?subject ?property &lt;http://dbpedia.org/resource/Emmanuel_Bénézit&gt;.
}}
select distinct ?subject ?property 
where 
 { GRAPH &lt;http://dbpedia.org&gt;{?subject ?property &lt;http://dbpedia.org/resource/Ernest_Babelon&gt;.
}}
select distinct ?subject ?property 
where 
 { GRAPH &lt;http://dbpedia.org&gt;{?subject ?property &lt;http://dbpedia.org/resource/Eugène_Benoist&gt;.
}}
select distinct ?subject ?property 
where 
 { GRAPH &lt;http://dbpedia.org&gt;{?subject ?property &lt;http://dbpedia.org/resource/Francis_Blanche&gt;.
}}
select distinct ?subject ?property 
where 
 { GRAPH &lt;http://dbpedia.org&gt;{?subject ?property &lt;http://dbpedia.org/resource/Franz_Sznayde&gt;.
}}
select distinct ?subject ?property 
where 
 { GRAPH &lt;http://dbpedia.org&gt;{?subject ?property &lt;http://dbpedia.org/resource/François-Jacques_Guillotte&gt;.
}}
select distinct ?subject ?property 
where 
 { GRAPH &lt;http://dbpedia.org&gt;{?subject ?property &lt;http://dbpedia.org/resource/François-Nicolas_Vincent&gt;.
}}
select distinct ?subject ?property 
where 
 { GRAPH &lt;http://dbpedia.org&gt;{?subject ?property &lt;http://dbpedia.org/resource/François_Louis_Isidore_Valleix&gt;.
}}
select distinct ?subject ?property 
where 
 { GRAPH &lt;http://dbpedia.org&gt;{?subject ?property &lt;http://dbpedia.org/resource/Gabriel_Noradunkyan&gt;.
}}
select distinct ?subject ?property 
where 
 { GRAPH &lt;http://dbpedia.org&gt;{?subject ?property &lt;http://dbpedia.org/resource/Gabriel_Perelle&gt;.
}}
select distinct ?subject ?property 
where 
 { GRAPH &lt;http://dbpedia.org&gt;{?subject ?property &lt;http://dbpedia.org/resource/Georges_Cain&gt;.
}}
select distinct ?subject ?property 
where 
 { GRAPH &lt;http://dbpedia.org&gt;{?subject ?property &lt;http://dbpedia.org/resource/Georges_Darmois&gt;.
}}
select distinct ?subject ?property 
where 
 { GRAPH &lt;http://dbpedia.org&gt;{?subject ?property &lt;http://dbpedia.org/resource/Henri_Stempffer&gt;.
}}
select distinct ?subject ?property 
where 
 { GRAPH &lt;http://dbpedia.org&gt;{?subject ?property &lt;http://dbpedia.org/resource/Henri_de_Favanne&gt;.
}}
select distinct ?subject ?property 
where 
 { GRAPH &lt;http://dbpedia.org&gt;{?subject ?property &lt;http://dbpedia.org/resource/Jacob_Bunel&gt;.
}}
select distinct ?subject ?property 
where 
 { GRAPH &lt;http://dbpedia.org&gt;{?subject ?property &lt;http://dbpedia.org/resource/Jacqueline_Thome-Patenôtre&gt;.
}}
select distinct ?subject ?property 
where 
 { GRAPH &lt;http://dbpedia.org&gt;{?subject ?property &lt;http://dbpedia.org/resource/Jacques_Rochette_de_La_Morlière&gt;.
}}
select distinct ?subject ?property 
where 
 { GRAPH &lt;http://dbpedia.org&gt;{?subject ?property &lt;http://dbpedia.org/resource/Jean-Baptiste_Pâris_de_Meyzieu&gt;.
}}
select distinct ?subject ?property 
where 
 { GRAPH &lt;http://dbpedia.org&gt;{?subject ?property &lt;http://dbpedia.org/resource/Jean-Jacques_Castex&gt;.
}}
select distinct ?subject ?property 
where 
 { GRAPH &lt;http://dbpedia.org&gt;{?subject ?property &lt;http://dbpedia.org/resource/Jean-Louis_Crémieux-Brilhac&gt;.
}}
select distinct ?subject ?property 
where 
 { GRAPH &lt;http://dbpedia.org&gt;{?subject ?property &lt;http://dbpedia.org/resource/Jean-Louis_Richard&gt;.
}}
select distinct ?subject ?property 
where 
 { GRAPH &lt;http://dbpedia.org&gt;{?subject ?property &lt;http://dbpedia.org/resource/Jean_Fabre_de_La_Martillière&gt;.
}}
select distinct ?subject ?property 
where 
 { GRAPH &lt;http://dbpedia.org&gt;{?subject ?property &lt;http://dbpedia.org/resource/Jean_François_Leval&gt;.
}}
select distinct ?subject ?property 
where 
 { GRAPH &lt;http://dbpedia.org&gt;{?subject ?property &lt;http://dbpedia.org/resource/Joseph-François-?douard_de_Corsembleu&gt;.
}}
select distinct ?subject ?property 
where 
 { GRAPH &lt;http://dbpedia.org&gt;{?subject ?property &lt;http://dbpedia.org/resource/Joseph_Forlenze&gt;.
}}
select distinct ?subject ?property 
where 
 { GRAPH &lt;http://dbpedia.org&gt;{?subject ?property &lt;http://dbpedia.org/resource/Jules_Haime&gt;.
}}
select distinct ?subject ?property 
where 
 { GRAPH &lt;http://dbpedia.org&gt;{?subject ?property &lt;http://dbpedia.org/resource/Julien_Bessières&gt;.
}}
select distinct ?subject ?property 
where 
 { GRAPH &lt;http://dbpedia.org&gt;{?subject ?property &lt;http://dbpedia.org/resource/Louis-Anne_La_Virotte&gt;.
}}
select distinct ?subject ?property 
where 
 { GRAPH &lt;http://dbpedia.org&gt;{?subject ?property &lt;http://dbpedia.org/resource/Louis-Claude_Brullé&gt;.
}}
select distinct ?subject ?property 
where 
 { GRAPH &lt;http://dbpedia.org&gt;{?subject ?property &lt;http://dbpedia.org/resource/Louis_Joseph,_Duke_of_Guise&gt;.
}}
select distinct ?subject ?property 
where 
 { GRAPH &lt;http://dbpedia.org&gt;{?subject ?property &lt;http://dbpedia.org/resource/Léon_Motchane&gt;.
}}
select distinct ?subject ?property 
where 
 { GRAPH &lt;http://dbpedia.org&gt;{?subject ?property &lt;http://dbpedia.org/resource/Madeleine_Ozeray&gt;.
}}
select distinct ?subject ?property 
where 
 { GRAPH &lt;http://dbpedia.org&gt;{?subject ?property &lt;http://dbpedia.org/resource/Marcelle_Chantal&gt;.
}}
select distinct ?subject ?property 
where 
 { GRAPH &lt;http://dbpedia.org&gt;{?subject ?property &lt;http://dbpedia.org/resource/Marie-Louise_Dubreil-Jacotin&gt;.
}}
select distinct ?subject ?property 
where 
 { GRAPH &lt;http://dbpedia.org&gt;{?subject ?property &lt;http://dbpedia.org/resource/Mathieu-Antoine_Bouchaud&gt;.
}}
select distinct ?subject ?property 
where 
 { GRAPH &lt;http://dbpedia.org&gt;{?subject ?property &lt;http://dbpedia.org/resource/Max_Glass&gt;.
}}
select distinct ?subject ?property 
where 
 { GRAPH &lt;http://dbpedia.org&gt;{?subject ?property &lt;http://dbpedia.org/resource/Maxime_Collignon&gt;.
}}
select distinct ?subject ?property 
where 
 { GRAPH &lt;http://dbpedia.org&gt;{?subject ?property &lt;http://dbpedia.org/resource/Mayeur_de_Saint-Paul&gt;.
}}
select distinct ?subject ?property 
where 
 { GRAPH &lt;http://dbpedia.org&gt;{?subject ?property &lt;http://dbpedia.org/resource/Michel-Marie_Pacthod&gt;.
}}
select distinct ?subject ?property 
where 
 { GRAPH &lt;http://dbpedia.org&gt;{?subject ?property &lt;http://dbpedia.org/resource/Moshe_Novomeysky&gt;.
}}
select distinct ?subject ?property 
where 
 { GRAPH &lt;http://dbpedia.org&gt;{?subject ?property &lt;http://dbpedia.org/resource/Natalya_Lisenko&gt;.
}}
select distinct ?subject ?property 
where 
 { GRAPH &lt;http://dbpedia.org&gt;{?subject ?property &lt;http://dbpedia.org/resource/Paul_Maistre&gt;.
}}
select distinct ?subject ?property 
where 
 { GRAPH &lt;http://dbpedia.org&gt;{?subject ?property &lt;http://dbpedia.org/resource/Philippe-Antoine_Magimel&gt;.
}}
select distinct ?subject ?property 
where 
 { GRAPH &lt;http://dbpedia.org&gt;{?subject ?property &lt;http://dbpedia.org/resource/Philippe_Gurdjian&gt;.
}}
select distinct ?subject ?property 
where 
 { GRAPH &lt;http://dbpedia.org&gt;{?subject ?property &lt;http://dbpedia.org/resource/Philippe_Guéneau_de_Montbeillard&gt;.
}}
select distinct ?subject ?property 
where 
 { GRAPH &lt;http://dbpedia.org&gt;{?subject ?property &lt;http://dbpedia.org/resource/Philippe_Marçais&gt;.
}}
select distinct ?subject ?property 
where 
 { GRAPH &lt;http://dbpedia.org&gt;{?subject ?property &lt;http://dbpedia.org/resource/Pierre_Bonnier&gt;.
}}
select distinct ?subject ?property 
where 
 { GRAPH &lt;http://dbpedia.org&gt;{?subject ?property &lt;http://dbpedia.org/resource/Pierre_Roussel_(epigrapher)&gt;.
}}
select distinct ?subject ?property 
where 
 { GRAPH &lt;http://dbpedia.org&gt;{?subject ?property &lt;http://dbpedia.org/resource/Pierre_Salama&gt;.
}}
select distinct ?subject ?property 
where 
 { GRAPH &lt;http://dbpedia.org&gt;{?subject ?property &lt;http://dbpedia.org/resource/Pierre_Souquès&gt;.
}}
select distinct ?subject ?property 
where 
 { GRAPH &lt;http://dbpedia.org&gt;{?subject ?property &lt;http://dbpedia.org/resource/Pierre_Véry&gt;.
}}
select distinct ?subject ?property 
where 
 { GRAPH &lt;http://dbpedia.org&gt;{?subject ?property &lt;http://dbpedia.org/resource/Pierre_de_Carcavi&gt;.
}}
select distinct ?subject ?property 
where 
 { GRAPH &lt;http://dbpedia.org&gt;{?subject ?property &lt;http://dbpedia.org/resource/Sakine_Cans?z&gt;.
}}
select distinct ?subject ?property 
where 
 { GRAPH &lt;http://dbpedia.org&gt;{?subject ?property &lt;http://dbpedia.org/resource/Suzanne_Belperron&gt;.
}}
select distinct ?subject ?property 
where 
 { GRAPH &lt;http://dbpedia.org&gt;{?subject ?property &lt;http://dbpedia.org/resource/Victor_Bérard&gt;.
}}
select distinct ?subject ?property 
where 
 { GRAPH &lt;http://dbpedia.org&gt;{?subject ?property &lt;http://dbpedia.org/resource/?mile_Boeswillwald&gt;.
}}
select distinct ?subject ?property 
where 
 { GRAPH &lt;http://dbpedia.org&gt;{?subject ?property &lt;http://dbpedia.org/resource/?tienne_Heudelet_de_Bierre&gt;.
}}
select distinct ?subject ?property 
where 
 { GRAPH &lt;http://dbpedia.org&gt;{?subject ?property &lt;http://dbpedia.org/resource/Adelaïde_Salles-Wagner&gt;.
}}
select distinct ?subject ?property 
where 
 { GRAPH &lt;http://dbpedia.org&gt;{?subject ?property &lt;http://dbpedia.org/resource/Agostina_Segatori&gt;.
}}
select distinct ?subject ?property 
where 
 { GRAPH &lt;http://dbpedia.org&gt;{?subject ?property &lt;http://dbpedia.org/resource/Alexander_Khatisian&gt;.
}}
select distinct ?subject ?property 
where 
 { GRAPH &lt;http://dbpedia.org&gt;{?subject ?property &lt;http://dbpedia.org/resource/Alice_Halicka&gt;.
}}
select distinct ?subject ?property 
where 
 { GRAPH &lt;http://dbpedia.org&gt;{?subject ?property &lt;http://dbpedia.org/resource/Alix_Aymé&gt;.
}}
select distinct ?subject ?property 
where 
 { GRAPH &lt;http://dbpedia.org&gt;{?subject ?property &lt;http://dbpedia.org/resource/André_Almur?&gt;.
}}
select distinct ?subject ?property 
where 
 { GRAPH &lt;http://dbpedia.org&gt;{?subject ?property &lt;http://dbpedia.org/resource/André_Beaunier&gt;.
}}
select distinct ?subject ?property 
where 
 { GRAPH &lt;http://dbpedia.org&gt;{?subject ?property &lt;http://dbpedia.org/resource/André_Chastagnol&gt;.
}}
select distinct ?subject ?property 
where 
 { GRAPH &lt;http://dbpedia.org&gt;{?subject ?property &lt;http://dbpedia.org/resource/André_Piganiol&gt;.
}}
select distinct ?subject ?property 
where 
 { GRAPH &lt;http://dbpedia.org&gt;{?subject ?property &lt;http://dbpedia.org/resource/Antoine_Roy&gt;.
}}
select distinct ?subject ?property 
where 
 { GRAPH &lt;http://dbpedia.org&gt;{?subject ?property &lt;http://dbpedia.org/resource/Antranig_Dzarugian&gt;.
}}
select distinct ?subject ?property 
where 
 { GRAPH &lt;http://dbpedia.org&gt;{?subject ?property &lt;http://dbpedia.org/resource/Bernard_Maris&gt;.
}}
select distinct ?subject ?property 
where 
 { GRAPH &lt;http://dbpedia.org&gt;{?subject ?property &lt;http://dbpedia.org/resource/Camille_Pleyel&gt;.
}}
select distinct ?subject ?property 
where 
 { GRAPH &lt;http://dbpedia.org&gt;{?subject ?property &lt;http://dbpedia.org/resource/Charles_Varin&gt;.
}}
select distinct ?subject ?property 
where 
 { GRAPH &lt;http://dbpedia.org&gt;{?subject ?property &lt;http://dbpedia.org/resource/Eduard_Clemens_Fechner&gt;.
}}
select distinct ?subject ?property 
where 
 { GRAPH &lt;http://dbpedia.org&gt;{?subject ?property &lt;http://dbpedia.org/resource/Elsa_Cayat&gt;.
}}
select distinct ?subject ?property 
where 
 { GRAPH &lt;http://dbpedia.org&gt;{?subject ?property &lt;http://dbpedia.org/resource/Frédéric_Dupetit-Méré&gt;.
}}
select distinct ?subject ?property 
where 
 { GRAPH &lt;http://dbpedia.org&gt;{?subject ?property &lt;http://dbpedia.org/resource/Fédote_Bourgasoff&gt;.
}}
select distinct ?subject ?property 
where 
 { GRAPH &lt;http://dbpedia.org&gt;{?subject ?property &lt;http://dbpedia.org/resource/Félix-Auguste_Duvert&gt;.
}}
select distinct ?subject ?property 
where 
 { GRAPH &lt;http://dbpedia.org&gt;{?subject ?property &lt;http://dbpedia.org/resource/Félix-Joseph_Barrias&gt;.
}}
select distinct ?subject ?property 
where 
 { GRAPH &lt;http://dbpedia.org&gt;{?subject ?property &lt;http://dbpedia.org/resource/Henri_Dupin&gt;.
}}
select distinct ?subject ?property 
where 
 { GRAPH &lt;http://dbpedia.org&gt;{?subject ?property &lt;http://dbpedia.org/resource/Henry_Krauss&gt;.
}}
select distinct ?subject ?property 
where 
 { GRAPH &lt;http://dbpedia.org&gt;{?subject ?property &lt;http://dbpedia.org/resource/Hippolyte_Piré&gt;.
}}
select distinct ?subject ?property 
where 
 { GRAPH &lt;http://dbpedia.org&gt;{?subject ?property &lt;http://dbpedia.org/resource/Jacques_Colombier_(art_director)&gt;.
}}
select distinct ?subject ?property 
where 
 { GRAPH &lt;http://dbpedia.org&gt;{?subject ?property &lt;http://dbpedia.org/resource/Jacques_Garelli&gt;.
}}
select distinct ?subject ?property 
where 
 { GRAPH &lt;http://dbpedia.org&gt;{?subject ?property &lt;http://dbpedia.org/resource/Jacques_Maurice_Hatry&gt;.
}}
select distinct ?subject ?property 
where 
 { GRAPH &lt;http://dbpedia.org&gt;{?subject ?property &lt;http://dbpedia.org/resource/Jean-Charles-Pierre_Lenoir&gt;.
}}
select distinct ?subject ?property 
where 
 { GRAPH &lt;http://dbpedia.org&gt;{?subject ?property &lt;http://dbpedia.org/resource/Jean_Corbineau&gt;.
}}
select distinct ?subject ?property 
where 
 { GRAPH &lt;http://dbpedia.org&gt;{?subject ?property &lt;http://dbpedia.org/resource/Jean_Sainteny&gt;.
}}
select distinct ?subject ?property 
where 
 { GRAPH &lt;http://dbpedia.org&gt;{?subject ?property &lt;http://dbpedia.org/resource/Joseph_Blanc&gt;.
}}
select distinct ?subject ?property 
where 
 { GRAPH &lt;http://dbpedia.org&gt;{?subject ?property &lt;http://dbpedia.org/resource/Kate_Barry_(photographer)&gt;.
}}
select distinct ?subject ?property 
where 
 { GRAPH &lt;http://dbpedia.org&gt;{?subject ?property &lt;http://dbpedia.org/resource/Lajos_Tihanyi&gt;.
}}
select distinct ?subject ?property 
where 
 { GRAPH &lt;http://dbpedia.org&gt;{?subject ?property &lt;http://dbpedia.org/resource/Louis-René_des_Forêts&gt;.
}}
select distinct ?subject ?property 
where 
 { GRAPH &lt;http://dbpedia.org&gt;{?subject ?property &lt;http://dbpedia.org/resource/Louis_Bonnier&gt;.
}}
select distinct ?subject ?property 
where 
 { GRAPH &lt;http://dbpedia.org&gt;{?subject ?property &lt;http://dbpedia.org/resource/Louis_François_Félix_Musnier&gt;.
}}
select distinct ?subject ?property 
where 
 { GRAPH &lt;http://dbpedia.org&gt;{?subject ?property &lt;http://dbpedia.org/resource/Léon_Battu&gt;.
}}
select distinct ?subject ?property 
where 
 { GRAPH &lt;http://dbpedia.org&gt;{?subject ?property &lt;http://dbpedia.org/resource/Marina_Ginestà&gt;.
}}
select distinct ?subject ?property 
where 
 { GRAPH &lt;http://dbpedia.org&gt;{?subject ?property &lt;http://dbpedia.org/resource/Michel_Ange_Bernard_Mangourit&gt;.
}}
select distinct ?subject ?property 
where 
 { GRAPH &lt;http://dbpedia.org&gt;{?subject ?property &lt;http://dbpedia.org/resource/Michel_Masson&gt;.
}}
select distinct ?subject ?property 
where 
 { GRAPH &lt;http://dbpedia.org&gt;{?subject ?property &lt;http://dbpedia.org/resource/Nicolas_Mignard&gt;.
}}
select distinct ?subject ?property 
where 
 { GRAPH &lt;http://dbpedia.org&gt;{?subject ?property &lt;http://dbpedia.org/resource/Odette_Talazac&gt;.
}}
select distinct ?subject ?property 
where 
 { GRAPH &lt;http://dbpedia.org&gt;{?subject ?property &lt;http://dbpedia.org/resource/Panos_Aravantinos&gt;.
}}
select distinct ?subject ?property 
where 
 { GRAPH &lt;http://dbpedia.org&gt;{?subject ?property &lt;http://dbpedia.org/resource/Patrick_Waldberg&gt;.
}}
select distinct ?subject ?property 
where 
 { GRAPH &lt;http://dbpedia.org&gt;{?subject ?property &lt;http://dbpedia.org/resource/Paul-?mile_Boutigny&gt;.
}}
select distinct ?subject ?property 
where 
 { GRAPH &lt;http://dbpedia.org&gt;{?subject ?property &lt;http://dbpedia.org/resource/Paul_Bar&gt;.
}}
select distinct ?subject ?property 
where 
 { GRAPH &lt;http://dbpedia.org&gt;{?subject ?property &lt;http://dbpedia.org/resource/Pierre_David_de_Colbert-Chabanais&gt;.
}}
select distinct ?subject ?property 
where 
 { GRAPH &lt;http://dbpedia.org&gt;{?subject ?property &lt;http://dbpedia.org/resource/Pierre_Jean-Baptiste_Legrand_d&apos;Aussy&gt;.
}}
select distinct ?subject ?property 
where 
 { GRAPH &lt;http://dbpedia.org&gt;{?subject ?property &lt;http://dbpedia.org/resource/Pierre_Margaron&gt;.
}}
select distinct ?subject ?property 
where 
 { GRAPH &lt;http://dbpedia.org&gt;{?subject ?property &lt;http://dbpedia.org/resource/Pierre_Rémond_de_Sainte-Albine&gt;.
}}
select distinct ?subject ?property 
where 
 { GRAPH &lt;http://dbpedia.org&gt;{?subject ?property &lt;http://dbpedia.org/resource/Richard_Sass&gt;.
}}
select distinct ?subject ?property 
where 
 { GRAPH &lt;http://dbpedia.org&gt;{?subject ?property &lt;http://dbpedia.org/resource/Robert_Clavel&gt;.
}}
select distinct ?subject ?property 
where 
 { GRAPH &lt;http://dbpedia.org&gt;{?subject ?property &lt;http://dbpedia.org/resource/Sergey_Chekhonin&gt;.
}}
select distinct ?subject ?property 
where 
 { GRAPH &lt;http://dbpedia.org&gt;{?subject ?property &lt;http://dbpedia.org/resource/Sophie_Gail&gt;.
}}
select distinct ?subject ?property 
where 
 { GRAPH &lt;http://dbpedia.org&gt;{?subject ?property &lt;http://dbpedia.org/resource/Victor_Lanjuinais&gt;.
}}
select distinct ?subject ?property 
where 
 { GRAPH &lt;http://dbpedia.org&gt;{?subject ?property &lt;http://dbpedia.org/resource/Victor_d&apos;Urbal&gt;.
}}
select distinct ?subject ?property 
where 
 { GRAPH &lt;http://dbpedia.org&gt;{?subject ?property &lt;http://dbpedia.org/resource/Virginie_Demont-Breton&gt;.
}}
select distinct ?subject ?property 
where 
 { GRAPH &lt;http://dbpedia.org&gt;{?subject ?property &lt;http://dbpedia.org/resource/?douard_Didron&gt;.
}}
select distinct ?subject ?property 
where 
 { GRAPH &lt;http://dbpedia.org&gt;{?subject ?property &lt;http://dbpedia.org/resource/?douard_Levé&gt;.
}}
select distinct ?subject ?property 
where 
 { GRAPH &lt;http://dbpedia.org&gt;{?subject ?property &lt;http://dbpedia.org/resource/?douard_Lièvre&gt;.
}}
select distinct ?subject ?property 
where 
 { GRAPH &lt;http://dbpedia.org&gt;{?subject ?property &lt;http://dbpedia.org/resource/Kristians_Tonny&gt;.
}}
select distinct ?subject ?property 
where 
 { GRAPH &lt;http://dbpedia.org&gt;{?subject ?property &lt;http://dbpedia.org/resource/Hippolyte_Petitjean&gt;.
}}
select distinct ?subject ?property 
where 
 { GRAPH &lt;http://dbpedia.org&gt;{?subject ?property &lt;http://dbpedia.org/resource/Raymond_Bourgine&gt;.
}}
select distinct ?subject ?property 
where 
 { GRAPH &lt;http://dbpedia.org&gt;{?subject ?property &lt;http://dbpedia.org/resource/?douard_Houssin&gt;.
}}
select distinct ?subject ?property 
where 
 { GRAPH &lt;http://dbpedia.org&gt;{?subject ?property &lt;http://dbpedia.org/resource/Georges_Ville&gt;.
}}
select distinct ?subject ?property 
where 
 { GRAPH &lt;http://dbpedia.org&gt;{?subject ?property &lt;http://dbpedia.org/resource/Pierre_Allorge&gt;.
}}
select distinct ?subject ?property 
where 
 { GRAPH &lt;http://dbpedia.org&gt;{?subject ?property &lt;http://dbpedia.org/resource/Stanislas-?tienne_Meunier&gt;.
}}
select distinct ?subject ?property 
where 
 { GRAPH &lt;http://dbpedia.org&gt;{?subject ?property &lt;http://dbpedia.org/resource/?mile_Keller&gt;.
}}
select distinct ?subject ?property 
where 
 { GRAPH &lt;http://dbpedia.org&gt;{?subject ?property &lt;http://dbpedia.org/resource/Albert_Poisson&gt;.
}}
select distinct ?subject ?property 
where 
 { GRAPH &lt;http://dbpedia.org&gt;{?subject ?property &lt;http://dbpedia.org/resource/Alex_Métayer&gt;.
}}
select distinct ?subject ?property 
where 
 { GRAPH &lt;http://dbpedia.org&gt;{?subject ?property &lt;http://dbpedia.org/resource/Alexandre_Besredka&gt;.
}}
select distinct ?subject ?property 
where 
 { GRAPH &lt;http://dbpedia.org&gt;{?subject ?property &lt;http://dbpedia.org/resource/Alexis_Grimou&gt;.
}}
select distinct ?subject ?property 
where 
 { GRAPH &lt;http://dbpedia.org&gt;{?subject ?property &lt;http://dbpedia.org/resource/Alphonse_Boistel&gt;.
}}
select distinct ?subject ?property 
where 
 { GRAPH &lt;http://dbpedia.org&gt;{?subject ?property &lt;http://dbpedia.org/resource/Ambroise_Rendu&gt;.
}}
select distinct ?subject ?property 
where 
 { GRAPH &lt;http://dbpedia.org&gt;{?subject ?property &lt;http://dbpedia.org/resource/Andien_de_Clermont&gt;.
}}
select distinct ?subject ?property 
where 
 { GRAPH &lt;http://dbpedia.org&gt;{?subject ?property &lt;http://dbpedia.org/resource/André-Samuel-Michel_Cantwell&gt;.
}}
select distinct ?subject ?property 
where 
 { GRAPH &lt;http://dbpedia.org&gt;{?subject ?property &lt;http://dbpedia.org/resource/André_Hardellet&gt;.
}}
select distinct ?subject ?property 
where 
 { GRAPH &lt;http://dbpedia.org&gt;{?subject ?property &lt;http://dbpedia.org/resource/André_Laugier&gt;.
}}
select distinct ?subject ?property 
where 
 { GRAPH &lt;http://dbpedia.org&gt;{?subject ?property &lt;http://dbpedia.org/resource/André_Lefaur&gt;.
}}
select distinct ?subject ?property 
where 
 { GRAPH &lt;http://dbpedia.org&gt;{?subject ?property &lt;http://dbpedia.org/resource/André_Tiraqueau&gt;.
}}
select distinct ?subject ?property 
where 
 { GRAPH &lt;http://dbpedia.org&gt;{?subject ?property &lt;http://dbpedia.org/resource/Athanase_Auger&gt;.
}}
select distinct ?subject ?property 
where 
 { GRAPH &lt;http://dbpedia.org&gt;{?subject ?property &lt;http://dbpedia.org/resource/Bernard_Musson&gt;.
}}
select distinct ?subject ?property 
where 
 { GRAPH &lt;http://dbpedia.org&gt;{?subject ?property &lt;http://dbpedia.org/resource/Bernard_Paul&gt;.
}}
select distinct ?subject ?property 
where 
 { GRAPH &lt;http://dbpedia.org&gt;{?subject ?property &lt;http://dbpedia.org/resource/Bénigne_de_Bacilly&gt;.
}}
select distinct ?subject ?property 
where 
 { GRAPH &lt;http://dbpedia.org&gt;{?subject ?property &lt;http://dbpedia.org/resource/Charles_Bouillaud&gt;.
}}
select distinct ?subject ?property 
where 
 { GRAPH &lt;http://dbpedia.org&gt;{?subject ?property &lt;http://dbpedia.org/resource/Charles_Isabelle&gt;.
}}
select distinct ?subject ?property 
where 
 { GRAPH &lt;http://dbpedia.org&gt;{?subject ?property &lt;http://dbpedia.org/resource/Charles_Kouyos&gt;.
}}
select distinct ?subject ?property 
where 
 { GRAPH &lt;http://dbpedia.org&gt;{?subject ?property &lt;http://dbpedia.org/resource/Charlie_Schlingo&gt;.
}}
select distinct ?subject ?property 
where 
 { GRAPH &lt;http://dbpedia.org&gt;{?subject ?property &lt;http://dbpedia.org/resource/Christian_Argentin&gt;.
}}
select distinct ?subject ?property 
where 
 { GRAPH &lt;http://dbpedia.org&gt;{?subject ?property &lt;http://dbpedia.org/resource/Célestin_Sieur&gt;.
}}
select distinct ?subject ?property 
where 
 { GRAPH &lt;http://dbpedia.org&gt;{?subject ?property &lt;http://dbpedia.org/resource/Edme-Sébastien_Jeaurat&gt;.
}}
select distinct ?subject ?property 
where 
 { GRAPH &lt;http://dbpedia.org&gt;{?subject ?property &lt;http://dbpedia.org/resource/François_Cointeraux&gt;.
}}
select distinct ?subject ?property 
where 
 { GRAPH &lt;http://dbpedia.org&gt;{?subject ?property &lt;http://dbpedia.org/resource/Gaspard_Thémistocle_Lestiboudois&gt;.
}}
select distinct ?subject ?property 
where 
 { GRAPH &lt;http://dbpedia.org&gt;{?subject ?property &lt;http://dbpedia.org/resource/Guillaume-François_Debure&gt;.
}}
select distinct ?subject ?property 
where 
 { GRAPH &lt;http://dbpedia.org&gt;{?subject ?property &lt;http://dbpedia.org/resource/Gustave_Rives&gt;.
}}
select distinct ?subject ?property 
where 
 { GRAPH &lt;http://dbpedia.org&gt;{?subject ?property &lt;http://dbpedia.org/resource/Henri-Paul_Deyvaux-Gassier&gt;.
}}
select distinct ?subject ?property 
where 
 { GRAPH &lt;http://dbpedia.org&gt;{?subject ?property &lt;http://dbpedia.org/resource/Henri_Biva&gt;.
}}
select distinct ?subject ?property 
where 
 { GRAPH &lt;http://dbpedia.org&gt;{?subject ?property &lt;http://dbpedia.org/resource/Henri_Calef&gt;.
}}
select distinct ?subject ?property 
where 
 { GRAPH &lt;http://dbpedia.org&gt;{?subject ?property &lt;http://dbpedia.org/resource/Henry_Cheffer&gt;.
}}
select distinct ?subject ?property 
where 
 { GRAPH &lt;http://dbpedia.org&gt;{?subject ?property &lt;http://dbpedia.org/resource/Henry_Jacques_Le_Même&gt;.
}}
select distinct ?subject ?property 
where 
 { GRAPH &lt;http://dbpedia.org&gt;{?subject ?property &lt;http://dbpedia.org/resource/Huguette_Delavault&gt;.
}}
select distinct ?subject ?property 
where 
 { GRAPH &lt;http://dbpedia.org&gt;{?subject ?property &lt;http://dbpedia.org/resource/Jacques_Bins,_comte_de_Saint-Victor&gt;.
}}
select distinct ?subject ?property 
where 
 { GRAPH &lt;http://dbpedia.org&gt;{?subject ?property &lt;http://dbpedia.org/resource/Jacques_Datin&gt;.
}}
select distinct ?subject ?property 
where 
 { GRAPH &lt;http://dbpedia.org&gt;{?subject ?property &lt;http://dbpedia.org/resource/Jacques_Debary&gt;.
}}
select distinct ?subject ?property 
where 
 { GRAPH &lt;http://dbpedia.org&gt;{?subject ?property &lt;http://dbpedia.org/resource/Jacques_Fouques-Duparc&gt;.
}}
select distinct ?subject ?property 
where 
 { GRAPH &lt;http://dbpedia.org&gt;{?subject ?property &lt;http://dbpedia.org/resource/Jacques_Legras&gt;.
}}
select distinct ?subject ?property 
where 
 { GRAPH &lt;http://dbpedia.org&gt;{?subject ?property &lt;http://dbpedia.org/resource/Jean-Claude_Michel&gt;.
}}
select distinct ?subject ?property 
where 
 { GRAPH &lt;http://dbpedia.org&gt;{?subject ?property &lt;http://dbpedia.org/resource/Jean-François_Melon&gt;.
}}
select distinct ?subject ?property 
where 
 { GRAPH &lt;http://dbpedia.org&gt;{?subject ?property &lt;http://dbpedia.org/resource/Jean-Louis_Verger&gt;.
}}
select distinct ?subject ?property 
where 
 { GRAPH &lt;http://dbpedia.org&gt;{?subject ?property &lt;http://dbpedia.org/resource/Jean_Cazeneuve&gt;.
}}
select distinct ?subject ?property 
where 
 { GRAPH &lt;http://dbpedia.org&gt;{?subject ?property &lt;http://dbpedia.org/resource/Jean_Kemm&gt;.
}}
select distinct ?subject ?property 
where 
 { GRAPH &lt;http://dbpedia.org&gt;{?subject ?property &lt;http://dbpedia.org/resource/Jean_Le_Poulain&gt;.
}}
select distinct ?subject ?property 
where 
 { GRAPH &lt;http://dbpedia.org&gt;{?subject ?property &lt;http://dbpedia.org/resource/Jean_Martinelli&gt;.
}}
select distinct ?subject ?property 
where 
 { GRAPH &lt;http://dbpedia.org&gt;{?subject ?property &lt;http://dbpedia.org/resource/Julie_Siegfried&gt;.
}}
select distinct ?subject ?property 
where 
 { GRAPH &lt;http://dbpedia.org&gt;{?subject ?property &lt;http://dbpedia.org/resource/Julien_Loriot&gt;.
}}
select distinct ?subject ?property 
where 
 { GRAPH &lt;http://dbpedia.org&gt;{?subject ?property &lt;http://dbpedia.org/resource/Laurent_Cerise&gt;.
}}
select distinct ?subject ?property 
where 
 { GRAPH &lt;http://dbpedia.org&gt;{?subject ?property &lt;http://dbpedia.org/resource/Lin_Xiling&gt;.
}}
select distinct ?subject ?property 
where 
 { GRAPH &lt;http://dbpedia.org&gt;{?subject ?property &lt;http://dbpedia.org/resource/Louis_Becquey&gt;.
}}
select distinct ?subject ?property 
where 
 { GRAPH &lt;http://dbpedia.org&gt;{?subject ?property &lt;http://dbpedia.org/resource/Louis_Bénigne_François_Bertier_de_Sauvigny&gt;.
}}
select distinct ?subject ?property 
where 
 { GRAPH &lt;http://dbpedia.org&gt;{?subject ?property &lt;http://dbpedia.org/resource/Louis_Charles_?mile_Gibon-Guilhem&gt;.
}}
select distinct ?subject ?property 
where 
 { GRAPH &lt;http://dbpedia.org&gt;{?subject ?property &lt;http://dbpedia.org/resource/Lucien_Métivet&gt;.
}}
select distinct ?subject ?property 
where 
 { GRAPH &lt;http://dbpedia.org&gt;{?subject ?property &lt;http://dbpedia.org/resource/Léo_Campion&gt;.
}}
select distinct ?subject ?property 
where 
 { GRAPH &lt;http://dbpedia.org&gt;{?subject ?property &lt;http://dbpedia.org/resource/Léopold_Javal&gt;.
}}
select distinct ?subject ?property 
where 
 { GRAPH &lt;http://dbpedia.org&gt;{?subject ?property &lt;http://dbpedia.org/resource/Maurice_Achener&gt;.
}}
select distinct ?subject ?property 
where 
 { GRAPH &lt;http://dbpedia.org&gt;{?subject ?property &lt;http://dbpedia.org/resource/Maurice_Nicolle&gt;.
}}
select distinct ?subject ?property 
where 
 { GRAPH &lt;http://dbpedia.org&gt;{?subject ?property &lt;http://dbpedia.org/resource/Michel_Etcheverry&gt;.
}}
select distinct ?subject ?property 
where 
 { GRAPH &lt;http://dbpedia.org&gt;{?subject ?property &lt;http://dbpedia.org/resource/Michel_Heller&gt;.
}}
select distinct ?subject ?property 
where 
 { GRAPH &lt;http://dbpedia.org&gt;{?subject ?property &lt;http://dbpedia.org/resource/Michel_Thompson&gt;.
}}
select distinct ?subject ?property 
where 
 { GRAPH &lt;http://dbpedia.org&gt;{?subject ?property &lt;http://dbpedia.org/resource/Nicolas-Médard_Audinot&gt;.
}}
select distinct ?subject ?property 
where 
 { GRAPH &lt;http://dbpedia.org&gt;{?subject ?property &lt;http://dbpedia.org/resource/Noël_Fiessinger&gt;.
}}
select distinct ?subject ?property 
where 
 { GRAPH &lt;http://dbpedia.org&gt;{?subject ?property &lt;http://dbpedia.org/resource/Omer_Bouchery&gt;.
}}
select distinct ?subject ?property 
where 
 { GRAPH &lt;http://dbpedia.org&gt;{?subject ?property &lt;http://dbpedia.org/resource/Paul_Armont&gt;.
}}
select distinct ?subject ?property 
where 
 { GRAPH &lt;http://dbpedia.org&gt;{?subject ?property &lt;http://dbpedia.org/resource/Pierre-Antoine-Ernest_Bazin&gt;.
}}
select distinct ?subject ?property 
where 
 { GRAPH &lt;http://dbpedia.org&gt;{?subject ?property &lt;http://dbpedia.org/resource/Pierre_Bost&gt;.
}}
select distinct ?subject ?property 
where 
 { GRAPH &lt;http://dbpedia.org&gt;{?subject ?property &lt;http://dbpedia.org/resource/Pierre_Bourbotte&gt;.
}}
select distinct ?subject ?property 
where 
 { GRAPH &lt;http://dbpedia.org&gt;{?subject ?property &lt;http://dbpedia.org/resource/Pierre_Doris&gt;.
}}
select distinct ?subject ?property 
where 
 { GRAPH &lt;http://dbpedia.org&gt;{?subject ?property &lt;http://dbpedia.org/resource/Pierre_Henri_Cami&gt;.
}}
select distinct ?subject ?property 
where 
 { GRAPH &lt;http://dbpedia.org&gt;{?subject ?property &lt;http://dbpedia.org/resource/Pierre_Motin&gt;.
}}
select distinct ?subject ?property 
where 
 { GRAPH &lt;http://dbpedia.org&gt;{?subject ?property &lt;http://dbpedia.org/resource/Pierre_Virion&gt;.
}}
select distinct ?subject ?property 
where 
 { GRAPH &lt;http://dbpedia.org&gt;{?subject ?property &lt;http://dbpedia.org/resource/Pierre_de_Bénouville&gt;.
}}
select distinct ?subject ?property 
where 
 { GRAPH &lt;http://dbpedia.org&gt;{?subject ?property &lt;http://dbpedia.org/resource/Pons_Augustin_Alletz&gt;.
}}
select distinct ?subject ?property 
where 
 { GRAPH &lt;http://dbpedia.org&gt;{?subject ?property &lt;http://dbpedia.org/resource/Raoul_Paoli&gt;.
}}
select distinct ?subject ?property 
where 
 { GRAPH &lt;http://dbpedia.org&gt;{?subject ?property &lt;http://dbpedia.org/resource/Raoul_Ponchon&gt;.
}}
select distinct ?subject ?property 
where 
 { GRAPH &lt;http://dbpedia.org&gt;{?subject ?property &lt;http://dbpedia.org/resource/Raymond_Souplex&gt;.
}}
select distinct ?subject ?property 
where 
 { GRAPH &lt;http://dbpedia.org&gt;{?subject ?property &lt;http://dbpedia.org/resource/Remo_Forlani&gt;.
}}
select distinct ?subject ?property 
where 
 { GRAPH &lt;http://dbpedia.org&gt;{?subject ?property &lt;http://dbpedia.org/resource/René_Hell&gt;.
}}
select distinct ?subject ?property 
where 
 { GRAPH &lt;http://dbpedia.org&gt;{?subject ?property &lt;http://dbpedia.org/resource/Robert_Ambelain&gt;.
}}
select distinct ?subject ?property 
where 
 { GRAPH &lt;http://dbpedia.org&gt;{?subject ?property &lt;http://dbpedia.org/resource/Roger_Vincent&gt;.
}}
select distinct ?subject ?property 
where 
 { GRAPH &lt;http://dbpedia.org&gt;{?subject ?property &lt;http://dbpedia.org/resource/Ruth_Francken&gt;.
}}
select distinct ?subject ?property 
where 
 { GRAPH &lt;http://dbpedia.org&gt;{?subject ?property &lt;http://dbpedia.org/resource/Sonia_Gaskell&gt;.
}}
select distinct ?subject ?property 
where 
 { GRAPH &lt;http://dbpedia.org&gt;{?subject ?property &lt;http://dbpedia.org/resource/Theobald_Piscatory&gt;.
}}
select distinct ?subject ?property 
where 
 { GRAPH &lt;http://dbpedia.org&gt;{?subject ?property &lt;http://dbpedia.org/resource/Théodose_Du_Moncel&gt;.
}}
select distinct ?subject ?property 
where 
 { GRAPH &lt;http://dbpedia.org&gt;{?subject ?property &lt;http://dbpedia.org/resource/Xavier_Gélin&gt;.
}}
select distinct ?subject ?property 
where 
 { GRAPH &lt;http://dbpedia.org&gt;{?subject ?property &lt;http://dbpedia.org/resource/?mile_Hugues&gt;.
}}
select distinct ?subject ?property 
where 
 { GRAPH &lt;http://dbpedia.org&gt;{?subject ?property &lt;http://dbpedia.org/resource/?tienne_Fessard&gt;.
}}
select distinct ?subject ?property 
where 
 { GRAPH &lt;http://dbpedia.org&gt;{?subject ?property &lt;http://dbpedia.org/resource/?tienne_Ficquet&gt;.
}}
select distinct ?subject ?property 
where 
 { GRAPH &lt;http://dbpedia.org&gt;{?subject ?property &lt;http://dbpedia.org/resource/Albert_Désiré_Barre&gt;.
}}
select distinct ?subject ?property 
where 
 { GRAPH &lt;http://dbpedia.org&gt;{?subject ?property &lt;http://dbpedia.org/resource/Alexandre_Louis_Ducrest_de_Villeneuve&gt;.
}}
select distinct ?subject ?property 
where 
 { GRAPH &lt;http://dbpedia.org&gt;{?subject ?property &lt;http://dbpedia.org/resource/Alfred_Swieykowski&gt;.
}}
select distinct ?subject ?property 
where 
 { GRAPH &lt;http://dbpedia.org&gt;{?subject ?property &lt;http://dbpedia.org/resource/Anders_Osterlind&gt;.
}}
select distinct ?subject ?property 
where 
 { GRAPH &lt;http://dbpedia.org&gt;{?subject ?property &lt;http://dbpedia.org/resource/André-Léon_Vivrel&gt;.
}}
select distinct ?subject ?property 
where 
 { GRAPH &lt;http://dbpedia.org&gt;{?subject ?property &lt;http://dbpedia.org/resource/Anicet_Charles_Gabriel_Lemonnier&gt;.
}}
select distinct ?subject ?property 
where 
 { GRAPH &lt;http://dbpedia.org&gt;{?subject ?property &lt;http://dbpedia.org/resource/Auguste_Bérard&gt;.
}}
select distinct ?subject ?property 
where 
 { GRAPH &lt;http://dbpedia.org&gt;{?subject ?property &lt;http://dbpedia.org/resource/Auguste_Eugène_Méquignon&gt;.
}}
select distinct ?subject ?property 
where 
 { GRAPH &lt;http://dbpedia.org&gt;{?subject ?property &lt;http://dbpedia.org/resource/Auguste_Leroux&gt;.
}}
select distinct ?subject ?property 
where 
 { GRAPH &lt;http://dbpedia.org&gt;{?subject ?property &lt;http://dbpedia.org/resource/Carlos_de_Candamo&gt;.
}}
select distinct ?subject ?property 
where 
 { GRAPH &lt;http://dbpedia.org&gt;{?subject ?property &lt;http://dbpedia.org/resource/Charles_David_Ganao&gt;.
}}
select distinct ?subject ?property 
where 
 { GRAPH &lt;http://dbpedia.org&gt;{?subject ?property &lt;http://dbpedia.org/resource/Claude_France&gt;.
}}
select distinct ?subject ?property 
where 
 { GRAPH &lt;http://dbpedia.org&gt;{?subject ?property &lt;http://dbpedia.org/resource/Countess_Alexandra_von_Zarnekau&gt;.
}}
select distinct ?subject ?property 
where 
 { GRAPH &lt;http://dbpedia.org&gt;{?subject ?property &lt;http://dbpedia.org/resource/Daniel_Deffayet&gt;.
}}
select distinct ?subject ?property 
where 
 { GRAPH &lt;http://dbpedia.org&gt;{?subject ?property &lt;http://dbpedia.org/resource/Edmond-?douard_Lapeyre&gt;.
}}
select distinct ?subject ?property 
where 
 { GRAPH &lt;http://dbpedia.org&gt;{?subject ?property &lt;http://dbpedia.org/resource/François-Rolland_Elluin&gt;.
}}
select distinct ?subject ?property 
where 
 { GRAPH &lt;http://dbpedia.org&gt;{?subject ?property &lt;http://dbpedia.org/resource/François_L’Anglois&gt;.
}}
select distinct ?subject ?property 
where 
 { GRAPH &lt;http://dbpedia.org&gt;{?subject ?property &lt;http://dbpedia.org/resource/Frédéric-Charles-Victor_de_Vernon&gt;.
}}
select distinct ?subject ?property 
where 
 { GRAPH &lt;http://dbpedia.org&gt;{?subject ?property &lt;http://dbpedia.org/resource/Gaston_Balande&gt;.
}}
select distinct ?subject ?property 
where 
 { GRAPH &lt;http://dbpedia.org&gt;{?subject ?property &lt;http://dbpedia.org/resource/Gerard_van_Opstal&gt;.
}}
select distinct ?subject ?property 
where 
 { GRAPH &lt;http://dbpedia.org&gt;{?subject ?property &lt;http://dbpedia.org/resource/Giandomenico_Facchina&gt;.
}}
select distinct ?subject ?property 
where 
 { GRAPH &lt;http://dbpedia.org&gt;{?subject ?property &lt;http://dbpedia.org/resource/Giovanni_Lucantoni&gt;.
}}
select distinct ?subject ?property 
where 
 { GRAPH &lt;http://dbpedia.org&gt;{?subject ?property &lt;http://dbpedia.org/resource/Henri-Alexandre_Sollier&gt;.
}}
select distinct ?subject ?property 
where 
 { GRAPH &lt;http://dbpedia.org&gt;{?subject ?property &lt;http://dbpedia.org/resource/Herman_van_den_Anker&gt;.
}}
select distinct ?subject ?property 
where 
 { GRAPH &lt;http://dbpedia.org&gt;{?subject ?property &lt;http://dbpedia.org/resource/Hippolyte-Julien-Joseph_Lucas&gt;.
}}
select distinct ?subject ?property 
where 
 { GRAPH &lt;http://dbpedia.org&gt;{?subject ?property &lt;http://dbpedia.org/resource/Huguette_Duflos&gt;.
}}
select distinct ?subject ?property 
where 
 { GRAPH &lt;http://dbpedia.org&gt;{?subject ?property &lt;http://dbpedia.org/resource/Isabelle_de_Limeuil&gt;.
}}
select distinct ?subject ?property 
where 
 { GRAPH &lt;http://dbpedia.org&gt;{?subject ?property &lt;http://dbpedia.org/resource/Jacques_Defermon_des_Chapelieres&gt;.
}}
select distinct ?subject ?property 
where 
 { GRAPH &lt;http://dbpedia.org&gt;{?subject ?property &lt;http://dbpedia.org/resource/Jacques_Scandelari&gt;.
}}
select distinct ?subject ?property 
where 
 { GRAPH &lt;http://dbpedia.org&gt;{?subject ?property &lt;http://dbpedia.org/resource/Jean_Le_Couteur&gt;.
}}
select distinct ?subject ?property 
where 
 { GRAPH &lt;http://dbpedia.org&gt;{?subject ?property &lt;http://dbpedia.org/resource/Johann_Peter_Cavallo&gt;.
}}
select distinct ?subject ?property 
where 
 { GRAPH &lt;http://dbpedia.org&gt;{?subject ?property &lt;http://dbpedia.org/resource/Jules-?douard_Alboize_de_Pujol&gt;.
}}
select distinct ?subject ?property 
where 
 { GRAPH &lt;http://dbpedia.org&gt;{?subject ?property &lt;http://dbpedia.org/resource/Louis_Joseph_Sanson&gt;.
}}
select distinct ?subject ?property 
where 
 { GRAPH &lt;http://dbpedia.org&gt;{?subject ?property &lt;http://dbpedia.org/resource/Michel-Antoine_Carré&gt;.
}}
select distinct ?subject ?property 
where 
 { GRAPH &lt;http://dbpedia.org&gt;{?subject ?property &lt;http://dbpedia.org/resource/Michel_Lasne&gt;.
}}
select distinct ?subject ?property 
where 
 { GRAPH &lt;http://dbpedia.org&gt;{?subject ?property &lt;http://dbpedia.org/resource/Nicolas-Sébastien_Adam&gt;.
}}
select distinct ?subject ?property 
where 
 { GRAPH &lt;http://dbpedia.org&gt;{?subject ?property &lt;http://dbpedia.org/resource/Othello_Radou&gt;.
}}
select distinct ?subject ?property 
where 
 { GRAPH &lt;http://dbpedia.org&gt;{?subject ?property &lt;http://dbpedia.org/resource/Paul_Herbé&gt;.
}}
select distinct ?subject ?property 
where 
 { GRAPH &lt;http://dbpedia.org&gt;{?subject ?property &lt;http://dbpedia.org/resource/Philippe_Auboyneau&gt;.
}}
select distinct ?subject ?property 
where 
 { GRAPH &lt;http://dbpedia.org&gt;{?subject ?property &lt;http://dbpedia.org/resource/Pierre_Frédéric_Dorian&gt;.
}}
select distinct ?subject ?property 
where 
 { GRAPH &lt;http://dbpedia.org&gt;{?subject ?property &lt;http://dbpedia.org/resource/Yanette_Delétang-Tardif&gt;.
}}
select distinct ?subject ?property 
where 
 { GRAPH &lt;http://dbpedia.org&gt;{?subject ?property &lt;http://dbpedia.org/resource/Antoine_Beauvilliers&gt;.
}}
select distinct ?subject ?property 
where 
 { GRAPH &lt;http://dbpedia.org&gt;{?subject ?property &lt;http://dbpedia.org/resource/Edmond_Paulin&gt;.
}}
select distinct ?subject ?property 
where 
 { GRAPH &lt;http://dbpedia.org&gt;{?subject ?property &lt;http://dbpedia.org/resource/Eugène_Lampsonius&gt;.
}}
select distinct ?subject ?property 
where 
 { GRAPH &lt;http://dbpedia.org&gt;{?subject ?property &lt;http://dbpedia.org/resource/Joseph_Lacasse&gt;.
}}
select distinct ?subject ?property 
where 
 { GRAPH &lt;http://dbpedia.org&gt;{?subject ?property &lt;http://dbpedia.org/resource/Alexandre_Florent&gt;.
}}
select distinct ?subject ?property 
where 
 { GRAPH &lt;http://dbpedia.org&gt;{?subject ?property &lt;http://dbpedia.org/resource/Antoine_Vialon&gt;.
}}
select distinct ?subject ?property 
where 
 { GRAPH &lt;http://dbpedia.org&gt;{?subject ?property &lt;http://dbpedia.org/resource/Armand_Laroche&gt;.
}}
select distinct ?subject ?property 
where 
 { GRAPH &lt;http://dbpedia.org&gt;{?subject ?property &lt;http://dbpedia.org/resource/Arthur_Cassini&gt;.
}}
select distinct ?subject ?property 
where 
 { GRAPH &lt;http://dbpedia.org&gt;{?subject ?property &lt;http://dbpedia.org/resource/Bronis?awa_Wieniawa-D?ugoszowska&gt;.
}}
select distinct ?subject ?property 
where 
 { GRAPH &lt;http://dbpedia.org&gt;{?subject ?property &lt;http://dbpedia.org/resource/Charles-Louis_Antiboul&gt;.
}}
select distinct ?subject ?property 
where 
 { GRAPH &lt;http://dbpedia.org&gt;{?subject ?property &lt;http://dbpedia.org/resource/Charles-?tienne_Gaucher&gt;.
}}
select distinct ?subject ?property 
where 
 { GRAPH &lt;http://dbpedia.org&gt;{?subject ?property &lt;http://dbpedia.org/resource/Charles_Féré&gt;.
}}
select distinct ?subject ?property 
where 
 { GRAPH &lt;http://dbpedia.org&gt;{?subject ?property &lt;http://dbpedia.org/resource/Charles_Joubert_de_la_Bastide,_marquis_de_Châteaumorand&gt;.
}}
select distinct ?subject ?property 
where 
 { GRAPH &lt;http://dbpedia.org&gt;{?subject ?property &lt;http://dbpedia.org/resource/Claude-Sylvestre_Colaud&gt;.
}}
select distinct ?subject ?property 
where 
 { GRAPH &lt;http://dbpedia.org&gt;{?subject ?property &lt;http://dbpedia.org/resource/Claude_Gautherot&gt;.
}}
select distinct ?subject ?property 
where 
 { GRAPH &lt;http://dbpedia.org&gt;{?subject ?property &lt;http://dbpedia.org/resource/Clotilde-Suzanne_Courcelles_de_Labrousse&gt;.
}}
select distinct ?subject ?property 
where 
 { GRAPH &lt;http://dbpedia.org&gt;{?subject ?property &lt;http://dbpedia.org/resource/César_Trouin&gt;.
}}
select distinct ?subject ?property 
where 
 { GRAPH &lt;http://dbpedia.org&gt;{?subject ?property &lt;http://dbpedia.org/resource/David_Warrilow&gt;.
}}
select distinct ?subject ?property 
where 
 { GRAPH &lt;http://dbpedia.org&gt;{?subject ?property &lt;http://dbpedia.org/resource/Denis_Gavini&gt;.
}}
select distinct ?subject ?property 
where 
 { GRAPH &lt;http://dbpedia.org&gt;{?subject ?property &lt;http://dbpedia.org/resource/Edmond_Saglio&gt;.
}}
select distinct ?subject ?property 
where 
 { GRAPH &lt;http://dbpedia.org&gt;{?subject ?property &lt;http://dbpedia.org/resource/Ergy_Landau&gt;.
}}
select distinct ?subject ?property 
where 
 { GRAPH &lt;http://dbpedia.org&gt;{?subject ?property &lt;http://dbpedia.org/resource/Eugène_Eschassériaux&gt;.
}}
select distinct ?subject ?property 
where 
 { GRAPH &lt;http://dbpedia.org&gt;{?subject ?property &lt;http://dbpedia.org/resource/Eugène_?tienne&gt;.
}}
select distinct ?subject ?property 
where 
 { GRAPH &lt;http://dbpedia.org&gt;{?subject ?property &lt;http://dbpedia.org/resource/Florence_Esté&gt;.
}}
select distinct ?subject ?property 
where 
 { GRAPH &lt;http://dbpedia.org&gt;{?subject ?property &lt;http://dbpedia.org/resource/Félix_Dubois&gt;.
}}
select distinct ?subject ?property 
where 
 { GRAPH &lt;http://dbpedia.org&gt;{?subject ?property &lt;http://dbpedia.org/resource/Gaston_Allemane&gt;.
}}
select distinct ?subject ?property 
where 
 { GRAPH &lt;http://dbpedia.org&gt;{?subject ?property &lt;http://dbpedia.org/resource/Georges_Maurice_Debove&gt;.
}}
select distinct ?subject ?property 
where 
 { GRAPH &lt;http://dbpedia.org&gt;{?subject ?property &lt;http://dbpedia.org/resource/Hasan_Nazih&gt;.
}}
select distinct ?subject ?property 
where 
 { GRAPH &lt;http://dbpedia.org&gt;{?subject ?property &lt;http://dbpedia.org/resource/Henri_Fiori&gt;.
}}
select distinct ?subject ?property 
where 
 { GRAPH &lt;http://dbpedia.org&gt;{?subject ?property &lt;http://dbpedia.org/resource/J._Meredith_Read&gt;.
}}
select distinct ?subject ?property 
where 
 { GRAPH &lt;http://dbpedia.org&gt;{?subject ?property &lt;http://dbpedia.org/resource/Jacques_Clinchamps_de_Malfilâtre&gt;.
}}
select distinct ?subject ?property 
where 
 { GRAPH &lt;http://dbpedia.org&gt;{?subject ?property &lt;http://dbpedia.org/resource/Jacques_Fabien_Gautier_d&apos;Agoty&gt;.
}}
select distinct ?subject ?property 
where 
 { GRAPH &lt;http://dbpedia.org&gt;{?subject ?property &lt;http://dbpedia.org/resource/Jean-Bruno_Gassies&gt;.
}}
select distinct ?subject ?property 
where 
 { GRAPH &lt;http://dbpedia.org&gt;{?subject ?property &lt;http://dbpedia.org/resource/Jean-Remy_de_Chestret&gt;.
}}
select distinct ?subject ?property 
where 
 { GRAPH &lt;http://dbpedia.org&gt;{?subject ?property &lt;http://dbpedia.org/resource/Jean_Mauger&gt;.
}}
select distinct ?subject ?property 
where 
 { GRAPH &lt;http://dbpedia.org&gt;{?subject ?property &lt;http://dbpedia.org/resource/Jean_de_Kindelan&gt;.
}}
select distinct ?subject ?property 
where 
 { GRAPH &lt;http://dbpedia.org&gt;{?subject ?property &lt;http://dbpedia.org/resource/Joseph_Souberbielle&gt;.
}}
select distinct ?subject ?property 
where 
 { GRAPH &lt;http://dbpedia.org&gt;{?subject ?property &lt;http://dbpedia.org/resource/Jules_Roche&gt;.
}}
select distinct ?subject ?property 
where 
 { GRAPH &lt;http://dbpedia.org&gt;{?subject ?property &lt;http://dbpedia.org/resource/Karolina_Soba?ska&gt;.
}}
select distinct ?subject ?property 
where 
 { GRAPH &lt;http://dbpedia.org&gt;{?subject ?property &lt;http://dbpedia.org/resource/Keeley_Halswelle&gt;.
}}
select distinct ?subject ?property 
where 
 { GRAPH &lt;http://dbpedia.org&gt;{?subject ?property &lt;http://dbpedia.org/resource/Louis_Bazire&gt;.
}}
select distinct ?subject ?property 
where 
 { GRAPH &lt;http://dbpedia.org&gt;{?subject ?property &lt;http://dbpedia.org/resource/Léon_Abrami&gt;.
}}
select distinct ?subject ?property 
where 
 { GRAPH &lt;http://dbpedia.org&gt;{?subject ?property &lt;http://dbpedia.org/resource/Michel_Parès&gt;.
}}
select distinct ?subject ?property 
where 
 { GRAPH &lt;http://dbpedia.org&gt;{?subject ?property &lt;http://dbpedia.org/resource/Paul_Aubriot&gt;.
}}
select distinct ?subject ?property 
where 
 { GRAPH &lt;http://dbpedia.org&gt;{?subject ?property &lt;http://dbpedia.org/resource/Paul_Cazeneuve&gt;.
}}
select distinct ?subject ?property 
where 
 { GRAPH &lt;http://dbpedia.org&gt;{?subject ?property &lt;http://dbpedia.org/resource/Paul_Saurin&gt;.
}}
select distinct ?subject ?property 
where 
 { GRAPH &lt;http://dbpedia.org&gt;{?subject ?property &lt;http://dbpedia.org/resource/Pierre_Appell&gt;.
}}
select distinct ?subject ?property 
where 
 { GRAPH &lt;http://dbpedia.org&gt;{?subject ?property &lt;http://dbpedia.org/resource/Pierre_Naudet&gt;.
}}
select distinct ?subject ?property 
where 
 { GRAPH &lt;http://dbpedia.org&gt;{?subject ?property &lt;http://dbpedia.org/resource/Prince_Pierre,_Duke_of_Penthièvre&gt;.
}}
select distinct ?subject ?property 
where 
 { GRAPH &lt;http://dbpedia.org&gt;{?subject ?property &lt;http://dbpedia.org/resource/Rafael_Torres_Campos&gt;.
}}
select distinct ?subject ?property 
where 
 { GRAPH &lt;http://dbpedia.org&gt;{?subject ?property &lt;http://dbpedia.org/resource/Raymond_Vanier&gt;.
}}
select distinct ?subject ?property 
where 
 { GRAPH &lt;http://dbpedia.org&gt;{?subject ?property &lt;http://dbpedia.org/resource/René_Gagnet&gt;.
}}
select distinct ?subject ?property 
where 
 { GRAPH &lt;http://dbpedia.org&gt;{?subject ?property &lt;http://dbpedia.org/resource/René_Malbrant&gt;.
}}
select distinct ?subject ?property 
where 
 { GRAPH &lt;http://dbpedia.org&gt;{?subject ?property &lt;http://dbpedia.org/resource/René_Rillon&gt;.
}}
select distinct ?subject ?property 
where 
 { GRAPH &lt;http://dbpedia.org&gt;{?subject ?property &lt;http://dbpedia.org/resource/Robert_Perrier&gt;.
}}
select distinct ?subject ?property 
where 
 { GRAPH &lt;http://dbpedia.org&gt;{?subject ?property &lt;http://dbpedia.org/resource/?douard_Aynard&gt;.
}}
select distinct ?subject ?property 
where 
 { GRAPH &lt;http://dbpedia.org&gt;{?subject ?property &lt;http://dbpedia.org/resource/?douard_Bamberger&gt;.
}}
select distinct ?subject ?property 
where 
 { GRAPH &lt;http://dbpedia.org&gt;{?subject ?property &lt;http://dbpedia.org/resource/?douard_Barthe&gt;.
}}
select distinct ?subject ?property 
where 
 { GRAPH &lt;http://dbpedia.org&gt;{?subject ?property &lt;http://dbpedia.org/resource/?mile_Beaussire&gt;.
}}
select distinct ?subject ?property 
where 
 { GRAPH &lt;http://dbpedia.org&gt;{?subject ?property &lt;http://dbpedia.org/resource/?tienne_Rognon&gt;.
}}
select distinct ?subject ?property 
where 
 { GRAPH &lt;http://dbpedia.org&gt;{?subject ?property &lt;http://dbpedia.org/resource/Olga_Potocka&gt;.
}}
select distinct ?subject ?property 
where 
 { GRAPH &lt;http://dbpedia.org&gt;{?subject ?property &lt;http://dbpedia.org/resource/Eugène_Sauzay&gt;.
}}
select distinct ?subject ?property 
where 
 { GRAPH &lt;http://dbpedia.org&gt;{?subject ?property &lt;http://dbpedia.org/resource/Hugues_Taraval&gt;.
}}
select distinct ?subject ?property 
where 
 { GRAPH &lt;http://dbpedia.org&gt;{?subject ?property &lt;http://dbpedia.org/resource/Louis_Bernard_Bonjean&gt;.
}}
select distinct ?subject ?property 
where 
 { GRAPH &lt;http://dbpedia.org&gt;{?subject ?property &lt;http://dbpedia.org/resource/Pierre_Andrieu_(artist)&gt;.
}}
select distinct ?subject ?property 
where 
 { GRAPH &lt;http://dbpedia.org&gt;{?subject ?property &lt;http://dbpedia.org/resource/Pierre_Frank&gt;.
}}
select distinct ?subject ?property 
where 
 { GRAPH &lt;http://dbpedia.org&gt;{?subject ?property &lt;http://dbpedia.org/resource/Alexandre_Percin&gt;.
}}
select distinct ?subject ?property 
where 
 { GRAPH &lt;http://dbpedia.org&gt;{?subject ?property &lt;http://dbpedia.org/resource/Alfred_Le_Roux&gt;.
}}
select distinct ?subject ?property 
where 
 { GRAPH &lt;http://dbpedia.org&gt;{?subject ?property &lt;http://dbpedia.org/resource/André-Charles_Cailleau&gt;.
}}
select distinct ?subject ?property 
where 
 { GRAPH &lt;http://dbpedia.org&gt;{?subject ?property &lt;http://dbpedia.org/resource/André_Vaillant&gt;.
}}
select distinct ?subject ?property 
where 
 { GRAPH &lt;http://dbpedia.org&gt;{?subject ?property &lt;http://dbpedia.org/resource/Antoine-Charles_Vauthier&gt;.
}}
select distinct ?subject ?property 
where 
 { GRAPH &lt;http://dbpedia.org&gt;{?subject ?property &lt;http://dbpedia.org/resource/Antoine_Blondel&gt;.
}}
select distinct ?subject ?property 
where 
 { GRAPH &lt;http://dbpedia.org&gt;{?subject ?property &lt;http://dbpedia.org/resource/Antoine_Richard_du_Cantal&gt;.
}}
select distinct ?subject ?property 
where 
 { GRAPH &lt;http://dbpedia.org&gt;{?subject ?property &lt;http://dbpedia.org/resource/Ariste_Jacques_Trouvé-Chauvel&gt;.
}}
select distinct ?subject ?property 
where 
 { GRAPH &lt;http://dbpedia.org&gt;{?subject ?property &lt;http://dbpedia.org/resource/Auguste-Nicolas_Vaillant&gt;.
}}
select distinct ?subject ?property 
where 
 { GRAPH &lt;http://dbpedia.org&gt;{?subject ?property &lt;http://dbpedia.org/resource/Berthe_Faure&gt;.
}}
select distinct ?subject ?property 
where 
 { GRAPH &lt;http://dbpedia.org&gt;{?subject ?property &lt;http://dbpedia.org/resource/Charlemagne_de_Maupas&gt;.
}}
select distinct ?subject ?property 
where 
 { GRAPH &lt;http://dbpedia.org&gt;{?subject ?property &lt;http://dbpedia.org/resource/Charles_Jean-Baptiste_des_Gallois_de_La_Tour&gt;.
}}
select distinct ?subject ?property 
where 
 { GRAPH &lt;http://dbpedia.org&gt;{?subject ?property &lt;http://dbpedia.org/resource/Charles_?mile_Egli&gt;.
}}
select distinct ?subject ?property 
where 
 { GRAPH &lt;http://dbpedia.org&gt;{?subject ?property &lt;http://dbpedia.org/resource/Ernest_Mallet&gt;.
}}
select distinct ?subject ?property 
where 
 { GRAPH &lt;http://dbpedia.org&gt;{?subject ?property &lt;http://dbpedia.org/resource/Ernest_de_Royer&gt;.
}}
select distinct ?subject ?property 
where 
 { GRAPH &lt;http://dbpedia.org&gt;{?subject ?property &lt;http://dbpedia.org/resource/Eugène_François_d&apos;Arnauld&gt;.
}}
select distinct ?subject ?property 
where 
 { GRAPH &lt;http://dbpedia.org&gt;{?subject ?property &lt;http://dbpedia.org/resource/François-Louis_Gounod&gt;.
}}
select distinct ?subject ?property 
where 
 { GRAPH &lt;http://dbpedia.org&gt;{?subject ?property &lt;http://dbpedia.org/resource/François-Victor_Hugo&gt;.
}}
select distinct ?subject ?property 
where 
 { GRAPH &lt;http://dbpedia.org&gt;{?subject ?property &lt;http://dbpedia.org/resource/François-Xavier_Joseph_de_Casabianca&gt;.
}}
select distinct ?subject ?property 
where 
 { GRAPH &lt;http://dbpedia.org&gt;{?subject ?property &lt;http://dbpedia.org/resource/Gabriel_Malleterre&gt;.
}}
select distinct ?subject ?property 
where 
 { GRAPH &lt;http://dbpedia.org&gt;{?subject ?property &lt;http://dbpedia.org/resource/Gilles_Châtelet&gt;.
}}
select distinct ?subject ?property 
where 
 { GRAPH &lt;http://dbpedia.org&gt;{?subject ?property &lt;http://dbpedia.org/resource/Gustave_Rouland&gt;.
}}
select distinct ?subject ?property 
where 
 { GRAPH &lt;http://dbpedia.org&gt;{?subject ?property &lt;http://dbpedia.org/resource/Henri_Pille&gt;.
}}
select distinct ?subject ?property 
where 
 { GRAPH &lt;http://dbpedia.org&gt;{?subject ?property &lt;http://dbpedia.org/resource/Honoré-Gaspard_de_Coriolis&gt;.
}}
select distinct ?subject ?property 
where 
 { GRAPH &lt;http://dbpedia.org&gt;{?subject ?property &lt;http://dbpedia.org/resource/Jan_Matuszy?ski&gt;.
}}
select distinct ?subject ?property 
where 
 { GRAPH &lt;http://dbpedia.org&gt;{?subject ?property &lt;http://dbpedia.org/resource/Jean-Baptiste_Geoffroy&gt;.
}}
select distinct ?subject ?property 
where 
 { GRAPH &lt;http://dbpedia.org&gt;{?subject ?property &lt;http://dbpedia.org/resource/Jean_Benner&gt;.
}}
select distinct ?subject ?property 
where 
 { GRAPH &lt;http://dbpedia.org&gt;{?subject ?property &lt;http://dbpedia.org/resource/Joseph-Alphonse-Omer_de_Valbelle&gt;.
}}
select distinct ?subject ?property 
where 
 { GRAPH &lt;http://dbpedia.org&gt;{?subject ?property &lt;http://dbpedia.org/resource/Joseph_Teixeira_de_Mattos&gt;.
}}
select distinct ?subject ?property 
where 
 { GRAPH &lt;http://dbpedia.org&gt;{?subject ?property &lt;http://dbpedia.org/resource/Mardochée_Valabrègue&gt;.
}}
select distinct ?subject ?property 
where 
 { GRAPH &lt;http://dbpedia.org&gt;{?subject ?property &lt;http://dbpedia.org/resource/Margaretha_Haverman&gt;.
}}
select distinct ?subject ?property 
where 
 { GRAPH &lt;http://dbpedia.org&gt;{?subject ?property &lt;http://dbpedia.org/resource/Marie_Jean_Pierre_Pie_Frédéric_Dombidau_de_Crouseilhes&gt;.
}}
select distinct ?subject ?property 
where 
 { GRAPH &lt;http://dbpedia.org&gt;{?subject ?property &lt;http://dbpedia.org/resource/Maurice_Fombeure&gt;.
}}
select distinct ?subject ?property 
where 
 { GRAPH &lt;http://dbpedia.org&gt;{?subject ?property &lt;http://dbpedia.org/resource/Nicolas-Antoine_Taunay&gt;.
}}
select distinct ?subject ?property 
where 
 { GRAPH &lt;http://dbpedia.org&gt;{?subject ?property &lt;http://dbpedia.org/resource/Paul_Fabre&gt;.
}}
select distinct ?subject ?property 
where 
 { GRAPH &lt;http://dbpedia.org&gt;{?subject ?property &lt;http://dbpedia.org/resource/Philippe_de_Buyster&gt;.
}}
select distinct ?subject ?property 
where 
 { GRAPH &lt;http://dbpedia.org&gt;{?subject ?property &lt;http://dbpedia.org/resource/Pierre_Dufau&gt;.
}}
select distinct ?subject ?property 
where 
 { GRAPH &lt;http://dbpedia.org&gt;{?subject ?property &lt;http://dbpedia.org/resource/Pierre_Trimouillat&gt;.
}}
select distinct ?subject ?property 
where 
 { GRAPH &lt;http://dbpedia.org&gt;{?subject ?property &lt;http://dbpedia.org/resource/Pierre_Verdé-Delisle&gt;.
}}
select distinct ?subject ?property 
where 
 { GRAPH &lt;http://dbpedia.org&gt;{?subject ?property &lt;http://dbpedia.org/resource/Serafino_Macchiati&gt;.
}}
select distinct ?subject ?property 
where 
 { GRAPH &lt;http://dbpedia.org&gt;{?subject ?property &lt;http://dbpedia.org/resource/Théobald_de_Lacrosse&gt;.
}}
select distinct ?subject ?property 
where 
 { GRAPH &lt;http://dbpedia.org&gt;{?subject ?property &lt;http://dbpedia.org/resource/Théodore_Ducos&gt;.
}}
select distinct ?subject ?property 
where 
 { GRAPH &lt;http://dbpedia.org&gt;{?subject ?property &lt;http://dbpedia.org/resource/Victor_Della-Vos&gt;.
}}
select distinct ?subject ?property 
where 
 { GRAPH &lt;http://dbpedia.org&gt;{?subject ?property &lt;http://dbpedia.org/resource/Vincent_Manago&gt;.
}}
select distinct ?subject ?property 
where 
 { GRAPH &lt;http://dbpedia.org&gt;{?subject ?property &lt;http://dbpedia.org/resource/Yvonne_Bourgeois&gt;.
}}
select distinct ?subject ?property 
where 
 { GRAPH &lt;http://dbpedia.org&gt;{?subject ?property &lt;http://dbpedia.org/resource/Andrew_Cantwell&gt;.
}}
select distinct ?subject ?property 
where 
 { GRAPH &lt;http://dbpedia.org&gt;{?subject ?property &lt;http://dbpedia.org/resource/Auguste_Gendron&gt;.
}}
select distinct ?subject ?property 
where 
 { GRAPH &lt;http://dbpedia.org&gt;{?subject ?property &lt;http://dbpedia.org/resource/Bianca_Milesi&gt;.
}}
select distinct ?subject ?property 
where 
 { GRAPH &lt;http://dbpedia.org&gt;{?subject ?property &lt;http://dbpedia.org/resource/Charles-René_Laitié&gt;.
}}
select distinct ?subject ?property 
where 
 { GRAPH &lt;http://dbpedia.org&gt;{?subject ?property &lt;http://dbpedia.org/resource/Claude_Dejoux&gt;.
}}
select distinct ?subject ?property 
where 
 { GRAPH &lt;http://dbpedia.org&gt;{?subject ?property &lt;http://dbpedia.org/resource/Daniel_Gittard&gt;.
}}
select distinct ?subject ?property 
where 
 { GRAPH &lt;http://dbpedia.org&gt;{?subject ?property &lt;http://dbpedia.org/resource/François-Alfred_Delobbe&gt;.
}}
select distinct ?subject ?property 
where 
 { GRAPH &lt;http://dbpedia.org&gt;{?subject ?property &lt;http://dbpedia.org/resource/Gabriel_Dussurget&gt;.
}}
select distinct ?subject ?property 
where 
 { GRAPH &lt;http://dbpedia.org&gt;{?subject ?property &lt;http://dbpedia.org/resource/George_Henry_Harrison&gt;.
}}
select distinct ?subject ?property 
where 
 { GRAPH &lt;http://dbpedia.org&gt;{?subject ?property &lt;http://dbpedia.org/resource/Georges_Maroniez&gt;.
}}
select distinct ?subject ?property 
where 
 { GRAPH &lt;http://dbpedia.org&gt;{?subject ?property &lt;http://dbpedia.org/resource/Henri_Agasse&gt;.
}}
select distinct ?subject ?property 
where 
 { GRAPH &lt;http://dbpedia.org&gt;{?subject ?property &lt;http://dbpedia.org/resource/Herbert_Lottman&gt;.
}}
select distinct ?subject ?property 
where 
 { GRAPH &lt;http://dbpedia.org&gt;{?subject ?property &lt;http://dbpedia.org/resource/Jacques_Guay&gt;.
}}
select distinct ?subject ?property 
where 
 { GRAPH &lt;http://dbpedia.org&gt;{?subject ?property &lt;http://dbpedia.org/resource/Jean-Baptiste_d&apos;Huez&gt;.
}}
select distinct ?subject ?property 
where 
 { GRAPH &lt;http://dbpedia.org&gt;{?subject ?property &lt;http://dbpedia.org/resource/Jerome_Andrews&gt;.
}}
select distinct ?subject ?property 
where 
 { GRAPH &lt;http://dbpedia.org&gt;{?subject ?property &lt;http://dbpedia.org/resource/Leilah_Mahi&gt;.
}}
select distinct ?subject ?property 
where 
 { GRAPH &lt;http://dbpedia.org&gt;{?subject ?property &lt;http://dbpedia.org/resource/Louis-Philippe_Mouchy&gt;.
}}
select distinct ?subject ?property 
where 
 { GRAPH &lt;http://dbpedia.org&gt;{?subject ?property &lt;http://dbpedia.org/resource/Louis_Auguste_François_Mariage&gt;.
}}
select distinct ?subject ?property 
where 
 { GRAPH &lt;http://dbpedia.org&gt;{?subject ?property &lt;http://dbpedia.org/resource/Lucien_Boyer&gt;.
}}
select distinct ?subject ?property 
where 
 { GRAPH &lt;http://dbpedia.org&gt;{?subject ?property &lt;http://dbpedia.org/resource/Nicolas-Pierre_Tiolier&gt;.
}}
select distinct ?subject ?property 
where 
 { GRAPH &lt;http://dbpedia.org&gt;{?subject ?property &lt;http://dbpedia.org/resource/Paul-Frédéric_Rollet&gt;.
}}
select distinct ?subject ?property 
where 
 { GRAPH &lt;http://dbpedia.org&gt;{?subject ?property &lt;http://dbpedia.org/resource/Paul_Guidé&gt;.
}}
select distinct ?subject ?property 
where 
 { GRAPH &lt;http://dbpedia.org&gt;{?subject ?property &lt;http://dbpedia.org/resource/Pierre_Jouguet&gt;.
}}
select distinct ?subject ?property 
where 
 { GRAPH &lt;http://dbpedia.org&gt;{?subject ?property &lt;http://dbpedia.org/resource/Pierre_Sabatier_(artist)&gt;.
}}
select distinct ?subject ?property 
where 
 { GRAPH &lt;http://dbpedia.org&gt;{?subject ?property &lt;http://dbpedia.org/resource/Robert_Whitaker_McAll&gt;.
}}
select distinct ?subject ?property 
where 
 { GRAPH &lt;http://dbpedia.org&gt;{?subject ?property &lt;http://dbpedia.org/resource/Roger_Auque&gt;.
}}
select distinct ?subject ?property 
where 
 { GRAPH &lt;http://dbpedia.org&gt;{?subject ?property &lt;http://dbpedia.org/resource/Serge_Leroy&gt;.
}}
select distinct ?subject ?property 
where 
 { GRAPH &lt;http://dbpedia.org&gt;{?subject ?property &lt;http://dbpedia.org/resource/?mile_Munier&gt;.
}}
select distinct ?subject ?property 
where 
 { GRAPH &lt;http://dbpedia.org&gt;{?subject ?property &lt;http://dbpedia.org/resource/?tienne_Dumonstier&gt;.
}}
select distinct ?subject ?property 
where 
 { GRAPH &lt;http://dbpedia.org&gt;{?subject ?property &lt;http://dbpedia.org/resource/Adélaïde_Binart&gt;.
}}
select distinct ?subject ?property 
where 
 { GRAPH &lt;http://dbpedia.org&gt;{?subject ?property &lt;http://dbpedia.org/resource/Ali_Neffati&gt;.
}}
select distinct ?subject ?property 
where 
 { GRAPH &lt;http://dbpedia.org&gt;{?subject ?property &lt;http://dbpedia.org/resource/Anne_de_La_Grange-Trianon&gt;.
}}
select distinct ?subject ?property 
where 
 { GRAPH &lt;http://dbpedia.org&gt;{?subject ?property &lt;http://dbpedia.org/resource/Antoine_VIII_de_Gramont&gt;.
}}
select distinct ?subject ?property 
where 
 { GRAPH &lt;http://dbpedia.org&gt;{?subject ?property &lt;http://dbpedia.org/resource/Augustin_Tuncq&gt;.
}}
select distinct ?subject ?property 
where 
 { GRAPH &lt;http://dbpedia.org&gt;{?subject ?property &lt;http://dbpedia.org/resource/Barthélemy_de_Laffemas&gt;.
}}
select distinct ?subject ?property 
where 
 { GRAPH &lt;http://dbpedia.org&gt;{?subject ?property &lt;http://dbpedia.org/resource/Bessie_Davidson&gt;.
}}
select distinct ?subject ?property 
where 
 { GRAPH &lt;http://dbpedia.org&gt;{?subject ?property &lt;http://dbpedia.org/resource/Charles_Edouard_Frère&gt;.
}}
select distinct ?subject ?property 
where 
 { GRAPH &lt;http://dbpedia.org&gt;{?subject ?property &lt;http://dbpedia.org/resource/Clara_de_Hirsch&gt;.
}}
select distinct ?subject ?property 
where 
 { GRAPH &lt;http://dbpedia.org&gt;{?subject ?property &lt;http://dbpedia.org/resource/Fanny_Fleury&gt;.
}}
select distinct ?subject ?property 
where 
 { GRAPH &lt;http://dbpedia.org&gt;{?subject ?property &lt;http://dbpedia.org/resource/Frances_Mabel_Robinson&gt;.
}}
select distinct ?subject ?property 
where 
 { GRAPH &lt;http://dbpedia.org&gt;{?subject ?property &lt;http://dbpedia.org/resource/François_Guillaume_Barthélémy_Laurent&gt;.
}}
select distinct ?subject ?property 
where 
 { GRAPH &lt;http://dbpedia.org&gt;{?subject ?property &lt;http://dbpedia.org/resource/Gaston_Monmousseau&gt;.
}}
select distinct ?subject ?property 
where 
 { GRAPH &lt;http://dbpedia.org&gt;{?subject ?property &lt;http://dbpedia.org/resource/Georges_de_Peyrebrune&gt;.
}}
select distinct ?subject ?property 
where 
 { GRAPH &lt;http://dbpedia.org&gt;{?subject ?property &lt;http://dbpedia.org/resource/Hale_Asaf&gt;.
}}
select distinct ?subject ?property 
where 
 { GRAPH &lt;http://dbpedia.org&gt;{?subject ?property &lt;http://dbpedia.org/resource/Jean-Charles_Nicaise_Perrin&gt;.
}}
select distinct ?subject ?property 
where 
 { GRAPH &lt;http://dbpedia.org&gt;{?subject ?property &lt;http://dbpedia.org/resource/Jean-Sébastien_Rouillard&gt;.
}}
select distinct ?subject ?property 
where 
 { GRAPH &lt;http://dbpedia.org&gt;{?subject ?property &lt;http://dbpedia.org/resource/Jean_Bassal&gt;.
}}
select distinct ?subject ?property 
where 
 { GRAPH &lt;http://dbpedia.org&gt;{?subject ?property &lt;http://dbpedia.org/resource/Jean_Frederick_Turckheim&gt;.
}}
select distinct ?subject ?property 
where 
 { GRAPH &lt;http://dbpedia.org&gt;{?subject ?property &lt;http://dbpedia.org/resource/Jean_Lauk&gt;.
}}
select distinct ?subject ?property 
where 
 { GRAPH &lt;http://dbpedia.org&gt;{?subject ?property &lt;http://dbpedia.org/resource/Jean_Troisier&gt;.
}}
select distinct ?subject ?property 
where 
 { GRAPH &lt;http://dbpedia.org&gt;{?subject ?property &lt;http://dbpedia.org/resource/Jean_Turckheim&gt;.
}}
select distinct ?subject ?property 
where 
 { GRAPH &lt;http://dbpedia.org&gt;{?subject ?property &lt;http://dbpedia.org/resource/Jeanne-Elisabeth_Chaudet&gt;.
}}
select distinct ?subject ?property 
where 
 { GRAPH &lt;http://dbpedia.org&gt;{?subject ?property &lt;http://dbpedia.org/resource/Jeanne_Rongier&gt;.
}}
select distinct ?subject ?property 
where 
 { GRAPH &lt;http://dbpedia.org&gt;{?subject ?property &lt;http://dbpedia.org/resource/Josie_Mansfield&gt;.
}}
select distinct ?subject ?property 
where 
 { GRAPH &lt;http://dbpedia.org&gt;{?subject ?property &lt;http://dbpedia.org/resource/Lancelot-Théodore_Turpin_de_Crissé&gt;.
}}
select distinct ?subject ?property 
where 
 { GRAPH &lt;http://dbpedia.org&gt;{?subject ?property &lt;http://dbpedia.org/resource/Lise_Tréhot&gt;.
}}
select distinct ?subject ?property 
where 
 { GRAPH &lt;http://dbpedia.org&gt;{?subject ?property &lt;http://dbpedia.org/resource/Lucien_Lauk&gt;.
}}
select distinct ?subject ?property 
where 
 { GRAPH &lt;http://dbpedia.org&gt;{?subject ?property &lt;http://dbpedia.org/resource/Lucien_Le_Foyer&gt;.
}}
select distinct ?subject ?property 
where 
 { GRAPH &lt;http://dbpedia.org&gt;{?subject ?property &lt;http://dbpedia.org/resource/Marie-?léonore_Godefroid&gt;.
}}
select distinct ?subject ?property 
where 
 { GRAPH &lt;http://dbpedia.org&gt;{?subject ?property &lt;http://dbpedia.org/resource/Marie_Amélie_Cogniet&gt;.
}}
select distinct ?subject ?property 
where 
 { GRAPH &lt;http://dbpedia.org&gt;{?subject ?property &lt;http://dbpedia.org/resource/Mary_Elizabeth_Mohl&gt;.
}}
select distinct ?subject ?property 
where 
 { GRAPH &lt;http://dbpedia.org&gt;{?subject ?property &lt;http://dbpedia.org/resource/Maurice_Orange&gt;.
}}
select distinct ?subject ?property 
where 
 { GRAPH &lt;http://dbpedia.org&gt;{?subject ?property &lt;http://dbpedia.org/resource/Mohamed_Nagui&gt;.
}}
select distinct ?subject ?property 
where 
 { GRAPH &lt;http://dbpedia.org&gt;{?subject ?property &lt;http://dbpedia.org/resource/Mustapha_Ourrad&gt;.
}}
select distinct ?subject ?property 
where 
 { GRAPH &lt;http://dbpedia.org&gt;{?subject ?property &lt;http://dbpedia.org/resource/Nicolas-Auguste_Hesse&gt;.
}}
select distinct ?subject ?property 
where 
 { GRAPH &lt;http://dbpedia.org&gt;{?subject ?property &lt;http://dbpedia.org/resource/Novera_Ahmed&gt;.
}}
select distinct ?subject ?property 
where 
 { GRAPH &lt;http://dbpedia.org&gt;{?subject ?property &lt;http://dbpedia.org/resource/Paul-Henri_Marron&gt;.
}}
select distinct ?subject ?property 
where 
 { GRAPH &lt;http://dbpedia.org&gt;{?subject ?property &lt;http://dbpedia.org/resource/Paul_Emmanuel_Péraire&gt;.
}}
select distinct ?subject ?property 
where 
 { GRAPH &lt;http://dbpedia.org&gt;{?subject ?property &lt;http://dbpedia.org/resource/Paul_Flandrin&gt;.
}}
select distinct ?subject ?property 
where 
 { GRAPH &lt;http://dbpedia.org&gt;{?subject ?property &lt;http://dbpedia.org/resource/Pertev_Naili_Boratav&gt;.
}}
select distinct ?subject ?property 
where 
 { GRAPH &lt;http://dbpedia.org&gt;{?subject ?property &lt;http://dbpedia.org/resource/Pierre_Carbonnier&gt;.
}}
select distinct ?subject ?property 
where 
 { GRAPH &lt;http://dbpedia.org&gt;{?subject ?property &lt;http://dbpedia.org/resource/Pierre_Peugeot&gt;.
}}
select distinct ?subject ?property 
where 
 { GRAPH &lt;http://dbpedia.org&gt;{?subject ?property &lt;http://dbpedia.org/resource/Raymond_Balze&gt;.
}}
select distinct ?subject ?property 
where 
 { GRAPH &lt;http://dbpedia.org&gt;{?subject ?property &lt;http://dbpedia.org/resource/Uranie_Alphonsine_Colin-Libour&gt;.
}}
select distinct ?subject ?property 
where 
 { GRAPH &lt;http://dbpedia.org&gt;{?subject ?property &lt;http://dbpedia.org/resource/Xavier_Arsène-Henry&gt;.
}}
select distinct ?subject ?property 
where 
 { GRAPH &lt;http://dbpedia.org&gt;{?subject ?property &lt;http://dbpedia.org/resource/?douard_Bocher&gt;.
}}
select distinct ?subject ?property 
where 
 { GRAPH &lt;http://dbpedia.org&gt;{?subject ?property &lt;http://dbpedia.org/resource/?loi_Laurent_Despeaux&gt;.
}}
select distinct ?subject ?property 
where 
 { GRAPH &lt;http://dbpedia.org&gt;{?subject ?property &lt;http://dbpedia.org/resource/?mile_Savitry&gt;.
}}
select distinct ?subject ?property 
where 
 { GRAPH &lt;http://dbpedia.org&gt;{?subject ?property &lt;http://dbpedia.org/resource/Michel_Tony-Révillon&gt;.
}}
select distinct ?subject ?property 
where 
 { GRAPH &lt;http://dbpedia.org&gt;{?subject ?property &lt;http://dbpedia.org/resource/Pierre_Gomot&gt;.
}}
select distinct ?subject ?property 
where 
 { GRAPH &lt;http://dbpedia.org&gt;{?subject ?property &lt;http://dbpedia.org/resource/Bernardin-François_Fouquet&gt;.
}}
select distinct ?subject ?property 
where 
 { GRAPH &lt;http://dbpedia.org&gt;{?subject ?property &lt;http://dbpedia.org/resource/François_Marie_d&apos;Aboville&gt;.
}}
select distinct ?subject ?property 
where 
 { GRAPH &lt;http://dbpedia.org&gt;{?subject ?property &lt;http://dbpedia.org/resource/François_Topino-Lebrun&gt;.
}}
select distinct ?subject ?property 
where 
 { GRAPH &lt;http://dbpedia.org&gt;{?subject ?property &lt;http://dbpedia.org/resource/Jean-François-Théodore_Gechter&gt;.
}}
select distinct ?subject ?property 
where 
 { GRAPH &lt;http://dbpedia.org&gt;{?subject ?property &lt;http://dbpedia.org/resource/Michel_Antoine&gt;.
}}
select distinct ?subject ?property 
where 
 { GRAPH &lt;http://dbpedia.org&gt;{?subject ?property &lt;http://dbpedia.org/resource/Paul-Henri_Cugnenc&gt;.
}}
select distinct ?subject ?property 
where 
 { GRAPH &lt;http://dbpedia.org&gt;{?subject ?property &lt;http://dbpedia.org/resource/Pierre_Alexis_Ronarc&apos;h&gt;.
}}
select distinct ?subject ?property 
where 
 { GRAPH &lt;http://dbpedia.org&gt;{?subject ?property &lt;http://dbpedia.org/resource/Sofia_Kiselyova&gt;.
}}
select distinct ?subject ?property 
where 
 { GRAPH &lt;http://dbpedia.org&gt;{?subject ?property &lt;http://dbpedia.org/resource/Nadar_(photographer)&gt;.
}}
select distinct ?subject ?property 
where 
 { GRAPH &lt;http://dbpedia.org&gt;{?subject ?property &lt;http://dbpedia.org/resource/Dalida&gt;.
}}
select distinct ?subject ?property 
where 
 { GRAPH &lt;http://dbpedia.org&gt;{?subject ?property &lt;http://dbpedia.org/resource/Saartjie_Baartman&gt;.
}}
select distinct ?subject ?property 
where 
 { GRAPH &lt;http://dbpedia.org&gt;{?subject ?property &lt;http://dbpedia.org/resource/Abraham_Hyacinthe_Anquetil-Duperron&gt;.
}}
select distinct ?subject ?property 
where 
 { GRAPH &lt;http://dbpedia.org&gt;{?subject ?property &lt;http://dbpedia.org/resource/Al_Levitt&gt;.
}}
select distinct ?subject ?property 
where 
 { GRAPH &lt;http://dbpedia.org&gt;{?subject ?property &lt;http://dbpedia.org/resource/Alexander_Tcherepnin&gt;.
}}
select distinct ?subject ?property 
where 
 { GRAPH &lt;http://dbpedia.org&gt;{?subject ?property &lt;http://dbpedia.org/resource/Alexandre_Astruc&gt;.
}}
select distinct ?subject ?property 
where 
 { GRAPH &lt;http://dbpedia.org&gt;{?subject ?property &lt;http://dbpedia.org/resource/Amilcare_Cipriani&gt;.
}}
select distinct ?subject ?property 
where 
 { GRAPH &lt;http://dbpedia.org&gt;{?subject ?property &lt;http://dbpedia.org/resource/André_Cardinal_Destouches&gt;.
}}
select distinct ?subject ?property 
where 
 { GRAPH &lt;http://dbpedia.org&gt;{?subject ?property &lt;http://dbpedia.org/resource/André_Granet&gt;.
}}
select distinct ?subject ?property 
where 
 { GRAPH &lt;http://dbpedia.org&gt;{?subject ?property &lt;http://dbpedia.org/resource/Antoine_Benoist&gt;.
}}
select distinct ?subject ?property 
where 
 { GRAPH &lt;http://dbpedia.org&gt;{?subject ?property &lt;http://dbpedia.org/resource/Benoist_Stehlin&gt;.
}}
select distinct ?subject ?property 
where 
 { GRAPH &lt;http://dbpedia.org&gt;{?subject ?property &lt;http://dbpedia.org/resource/Charles_Dumoulin&gt;.
}}
select distinct ?subject ?property 
where 
 { GRAPH &lt;http://dbpedia.org&gt;{?subject ?property &lt;http://dbpedia.org/resource/Comte_Desbassayns_de_Richemont&gt;.
}}
select distinct ?subject ?property 
where 
 { GRAPH &lt;http://dbpedia.org&gt;{?subject ?property &lt;http://dbpedia.org/resource/Daniel_Auber&gt;.
}}
select distinct ?subject ?property 
where 
 { GRAPH &lt;http://dbpedia.org&gt;{?subject ?property &lt;http://dbpedia.org/resource/Edmond_Perrier&gt;.
}}
select distinct ?subject ?property 
where 
 { GRAPH &lt;http://dbpedia.org&gt;{?subject ?property &lt;http://dbpedia.org/resource/Ennio_Quirino_Visconti&gt;.
}}
select distinct ?subject ?property 
where 
 { GRAPH &lt;http://dbpedia.org&gt;{?subject ?property &lt;http://dbpedia.org/resource/Esther_Rahim&gt;.
}}
select distinct ?subject ?property 
where 
 { GRAPH &lt;http://dbpedia.org&gt;{?subject ?property &lt;http://dbpedia.org/resource/François_Benoist&gt;.
}}
select distinct ?subject ?property 
where 
 { GRAPH &lt;http://dbpedia.org&gt;{?subject ?property &lt;http://dbpedia.org/resource/François_Perrier_(painter)&gt;.
}}
select distinct ?subject ?property 
where 
 { GRAPH &lt;http://dbpedia.org&gt;{?subject ?property &lt;http://dbpedia.org/resource/François_Perrier_(psychoanalyst)&gt;.
}}
select distinct ?subject ?property 
where 
 { GRAPH &lt;http://dbpedia.org&gt;{?subject ?property &lt;http://dbpedia.org/resource/Gabriel_Astruc&gt;.
}}
select distinct ?subject ?property 
where 
 { GRAPH &lt;http://dbpedia.org&gt;{?subject ?property &lt;http://dbpedia.org/resource/Jacques_Benoist-Méchin&gt;.
}}
select distinct ?subject ?property 
where 
 { GRAPH &lt;http://dbpedia.org&gt;{?subject ?property &lt;http://dbpedia.org/resource/Jacques_Molinos&gt;.
}}
select distinct ?subject ?property 
where 
 { GRAPH &lt;http://dbpedia.org&gt;{?subject ?property &lt;http://dbpedia.org/resource/Jean-?tienne_Despréaux&gt;.
}}
select distinct ?subject ?property 
where 
 { GRAPH &lt;http://dbpedia.org&gt;{?subject ?property &lt;http://dbpedia.org/resource/Jean_Astruc&gt;.
}}
select distinct ?subject ?property 
where 
 { GRAPH &lt;http://dbpedia.org&gt;{?subject ?property &lt;http://dbpedia.org/resource/Jean_Bernard_(physician)&gt;.
}}
select distinct ?subject ?property 
where 
 { GRAPH &lt;http://dbpedia.org&gt;{?subject ?property &lt;http://dbpedia.org/resource/Jean_Bérain_the_Elder&gt;.
}}
select distinct ?subject ?property 
where 
 { GRAPH &lt;http://dbpedia.org&gt;{?subject ?property &lt;http://dbpedia.org/resource/Jean_Bérain_the_Younger&gt;.
}}
select distinct ?subject ?property 
where 
 { GRAPH &lt;http://dbpedia.org&gt;{?subject ?property &lt;http://dbpedia.org/resource/Louis-Camus_Destouches&gt;.
}}
select distinct ?subject ?property 
where 
 { GRAPH &lt;http://dbpedia.org&gt;{?subject ?property &lt;http://dbpedia.org/resource/Louis_Phélypeaux,_comte_de_Saint-Florentin&gt;.
}}
select distinct ?subject ?property 
where 
 { GRAPH &lt;http://dbpedia.org&gt;{?subject ?property &lt;http://dbpedia.org/resource/Lucien_Goldmann&gt;.
}}
select distinct ?subject ?property 
where 
 { GRAPH &lt;http://dbpedia.org&gt;{?subject ?property &lt;http://dbpedia.org/resource/Marie-Jacques_Perrier&gt;.
}}
select distinct ?subject ?property 
where 
 { GRAPH &lt;http://dbpedia.org&gt;{?subject ?property &lt;http://dbpedia.org/resource/Nicolas_Chambon&gt;.
}}
select distinct ?subject ?property 
where 
 { GRAPH &lt;http://dbpedia.org&gt;{?subject ?property &lt;http://dbpedia.org/resource/Paul_Bourget&gt;.
}}
select distinct ?subject ?property 
where 
 { GRAPH &lt;http://dbpedia.org&gt;{?subject ?property &lt;http://dbpedia.org/resource/Yury_Annenkov&gt;.
}}
select distinct ?subject ?property 
where 
 { GRAPH &lt;http://dbpedia.org&gt;{?subject ?property &lt;http://dbpedia.org/resource/Zacharie_Astruc&gt;.
}}
select distinct ?subject ?property 
where 
 { GRAPH &lt;http://dbpedia.org&gt;{?subject ?property &lt;http://dbpedia.org/resource/Abigail_May_Alcott_Nieriker&gt;.
}}
select distinct ?subject ?property 
where 
 { GRAPH &lt;http://dbpedia.org&gt;{?subject ?property &lt;http://dbpedia.org/resource/Adli_Yakan_Pasha&gt;.
}}
select distinct ?subject ?property 
where 
 { GRAPH &lt;http://dbpedia.org&gt;{?subject ?property &lt;http://dbpedia.org/resource/Adolf_Milman&gt;.
}}
select distinct ?subject ?property 
where 
 { GRAPH &lt;http://dbpedia.org&gt;{?subject ?property &lt;http://dbpedia.org/resource/Albert_Auguste_Cochon_de_Lapparent&gt;.
}}
select distinct ?subject ?property 
where 
 { GRAPH &lt;http://dbpedia.org&gt;{?subject ?property &lt;http://dbpedia.org/resource/Albert_Messiah&gt;.
}}
select distinct ?subject ?property 
where 
 { GRAPH &lt;http://dbpedia.org&gt;{?subject ?property &lt;http://dbpedia.org/resource/Alberto_Korda&gt;.
}}
select distinct ?subject ?property 
where 
 { GRAPH &lt;http://dbpedia.org&gt;{?subject ?property &lt;http://dbpedia.org/resource/Aleksandar_Petrovi?_(film_director)&gt;.
}}
select distinct ?subject ?property 
where 
 { GRAPH &lt;http://dbpedia.org&gt;{?subject ?property &lt;http://dbpedia.org/resource/Alexis_Simon_Belle&gt;.
}}
select distinct ?subject ?property 
where 
 { GRAPH &lt;http://dbpedia.org&gt;{?subject ?property &lt;http://dbpedia.org/resource/André_Duchesne&gt;.
}}
select distinct ?subject ?property 
where 
 { GRAPH &lt;http://dbpedia.org&gt;{?subject ?property &lt;http://dbpedia.org/resource/André_Pirro&gt;.
}}
select distinct ?subject ?property 
where 
 { GRAPH &lt;http://dbpedia.org&gt;{?subject ?property &lt;http://dbpedia.org/resource/Angelo_Donati&gt;.
}}
select distinct ?subject ?property 
where 
 { GRAPH &lt;http://dbpedia.org&gt;{?subject ?property &lt;http://dbpedia.org/resource/Anne-Thérèse_de_Marguenat_de_Courcelles&gt;.
}}
select distinct ?subject ?property 
where 
 { GRAPH &lt;http://dbpedia.org&gt;{?subject ?property &lt;http://dbpedia.org/resource/Antoine-Augustin_Parmentier&gt;.
}}
select distinct ?subject ?property 
where 
 { GRAPH &lt;http://dbpedia.org&gt;{?subject ?property &lt;http://dbpedia.org/resource/Antoine_Coypel&gt;.
}}
select distinct ?subject ?property 
where 
 { GRAPH &lt;http://dbpedia.org&gt;{?subject ?property &lt;http://dbpedia.org/resource/Antoine_Duhamel&gt;.
}}
select distinct ?subject ?property 
where 
 { GRAPH &lt;http://dbpedia.org&gt;{?subject ?property &lt;http://dbpedia.org/resource/Antoine_Marie_Chamans,_comte_de_Lavalette&gt;.
}}
select distinct ?subject ?property 
where 
 { GRAPH &lt;http://dbpedia.org&gt;{?subject ?property &lt;http://dbpedia.org/resource/Antoine_Nicolas_Duchesne&gt;.
}}
select distinct ?subject ?property 
where 
 { GRAPH &lt;http://dbpedia.org&gt;{?subject ?property &lt;http://dbpedia.org/resource/Antonio_Lago&gt;.
}}
select distinct ?subject ?property 
where 
 { GRAPH &lt;http://dbpedia.org&gt;{?subject ?property &lt;http://dbpedia.org/resource/Auguste_Choisy&gt;.
}}
select distinct ?subject ?property 
where 
 { GRAPH &lt;http://dbpedia.org&gt;{?subject ?property &lt;http://dbpedia.org/resource/Barbara_Rubin&gt;.
}}
select distinct ?subject ?property 
where 
 { GRAPH &lt;http://dbpedia.org&gt;{?subject ?property &lt;http://dbpedia.org/resource/Bernard_Courtois&gt;.
}}
select distinct ?subject ?property 
where 
 { GRAPH &lt;http://dbpedia.org&gt;{?subject ?property &lt;http://dbpedia.org/resource/Bernard_de_Montfaucon&gt;.
}}
select distinct ?subject ?property 
where 
 { GRAPH &lt;http://dbpedia.org&gt;{?subject ?property &lt;http://dbpedia.org/resource/Bruno_Cremer&gt;.
}}
select distinct ?subject ?property 
where 
 { GRAPH &lt;http://dbpedia.org&gt;{?subject ?property &lt;http://dbpedia.org/resource/Camille_Erlanger&gt;.
}}
select distinct ?subject ?property 
where 
 { GRAPH &lt;http://dbpedia.org&gt;{?subject ?property &lt;http://dbpedia.org/resource/Carolus-Duran&gt;.
}}
select distinct ?subject ?property 
where 
 { GRAPH &lt;http://dbpedia.org&gt;{?subject ?property &lt;http://dbpedia.org/resource/Charles-Antoine_Coypel&gt;.
}}
select distinct ?subject ?property 
where 
 { GRAPH &lt;http://dbpedia.org&gt;{?subject ?property &lt;http://dbpedia.org/resource/Charles-Jean-François_Hénault&gt;.
}}
select distinct ?subject ?property 
where 
 { GRAPH &lt;http://dbpedia.org&gt;{?subject ?property &lt;http://dbpedia.org/resource/Charles_Cousin-Montauban,_Comte_de_Palikao&gt;.
}}
select distinct ?subject ?property 
where 
 { GRAPH &lt;http://dbpedia.org&gt;{?subject ?property &lt;http://dbpedia.org/resource/Charles_de_La_Fosse&gt;.
}}
select distinct ?subject ?property 
where 
 { GRAPH &lt;http://dbpedia.org&gt;{?subject ?property &lt;http://dbpedia.org/resource/Christopher_Glaser&gt;.
}}
select distinct ?subject ?property 
where 
 { GRAPH &lt;http://dbpedia.org&gt;{?subject ?property &lt;http://dbpedia.org/resource/Claude_Alphonse_Delangle&gt;.
}}
select distinct ?subject ?property 
where 
 { GRAPH &lt;http://dbpedia.org&gt;{?subject ?property &lt;http://dbpedia.org/resource/Claude_Audran_III&gt;.
}}
select distinct ?subject ?property 
where 
 { GRAPH &lt;http://dbpedia.org&gt;{?subject ?property &lt;http://dbpedia.org/resource/Claude_Mauriac&gt;.
}}
select distinct ?subject ?property 
where 
 { GRAPH &lt;http://dbpedia.org&gt;{?subject ?property &lt;http://dbpedia.org/resource/Clinton_D._MacDougall&gt;.
}}
select distinct ?subject ?property 
where 
 { GRAPH &lt;http://dbpedia.org&gt;{?subject ?property &lt;http://dbpedia.org/resource/Constantin_Guys&gt;.
}}
select distinct ?subject ?property 
where 
 { GRAPH &lt;http://dbpedia.org&gt;{?subject ?property &lt;http://dbpedia.org/resource/Edison_Denisov&gt;.
}}
select distinct ?subject ?property 
where 
 { GRAPH &lt;http://dbpedia.org&gt;{?subject ?property &lt;http://dbpedia.org/resource/Ernest_Stackelberg&gt;.
}}
select distinct ?subject ?property 
where 
 { GRAPH &lt;http://dbpedia.org&gt;{?subject ?property &lt;http://dbpedia.org/resource/Ernst_vom_Rath&gt;.
}}
select distinct ?subject ?property 
where 
 { GRAPH &lt;http://dbpedia.org&gt;{?subject ?property &lt;http://dbpedia.org/resource/Esmé_Stewart,_1st_Duke_of_Lennox&gt;.
}}
select distinct ?subject ?property 
where 
 { GRAPH &lt;http://dbpedia.org&gt;{?subject ?property &lt;http://dbpedia.org/resource/Esmé_Stewart,_2nd_Duke_of_Richmond&gt;.
}}
select distinct ?subject ?property 
where 
 { GRAPH &lt;http://dbpedia.org&gt;{?subject ?property &lt;http://dbpedia.org/resource/Eugene_Znosko-Borovsky&gt;.
}}
select distinct ?subject ?property 
where 
 { GRAPH &lt;http://dbpedia.org&gt;{?subject ?property &lt;http://dbpedia.org/resource/Eugène_de_Kermadec&gt;.
}}
select distinct ?subject ?property 
where 
 { GRAPH &lt;http://dbpedia.org&gt;{?subject ?property &lt;http://dbpedia.org/resource/Eugénie_D&apos;Hannetaire&gt;.
}}
select distinct ?subject ?property 
where 
 { GRAPH &lt;http://dbpedia.org&gt;{?subject ?property &lt;http://dbpedia.org/resource/Eusèbe_Renaudot&gt;.
}}
select distinct ?subject ?property 
where 
 { GRAPH &lt;http://dbpedia.org&gt;{?subject ?property &lt;http://dbpedia.org/resource/Fernando_Sor&gt;.
}}
select distinct ?subject ?property 
where 
 { GRAPH &lt;http://dbpedia.org&gt;{?subject ?property &lt;http://dbpedia.org/resource/Francesco_Corbetta&gt;.
}}
select distinct ?subject ?property 
where 
 { GRAPH &lt;http://dbpedia.org&gt;{?subject ?property &lt;http://dbpedia.org/resource/Francis_Atterbury&gt;.
}}
select distinct ?subject ?property 
where 
 { GRAPH &lt;http://dbpedia.org&gt;{?subject ?property &lt;http://dbpedia.org/resource/François-Timoléon_de_Choisy&gt;.
}}
select distinct ?subject ?property 
where 
 { GRAPH &lt;http://dbpedia.org&gt;{?subject ?property &lt;http://dbpedia.org/resource/François_Bernier&gt;.
}}
select distinct ?subject ?property 
where 
 { GRAPH &lt;http://dbpedia.org&gt;{?subject ?property &lt;http://dbpedia.org/resource/François_Mauriac&gt;.
}}
select distinct ?subject ?property 
where 
 { GRAPH &lt;http://dbpedia.org&gt;{?subject ?property &lt;http://dbpedia.org/resource/Gabriel_Marcel&gt;.
}}
select distinct ?subject ?property 
where 
 { GRAPH &lt;http://dbpedia.org&gt;{?subject ?property &lt;http://dbpedia.org/resource/Georg_K._Glaser&gt;.
}}
select distinct ?subject ?property 
where 
 { GRAPH &lt;http://dbpedia.org&gt;{?subject ?property &lt;http://dbpedia.org/resource/George_Auriol&gt;.
}}
select distinct ?subject ?property 
where 
 { GRAPH &lt;http://dbpedia.org&gt;{?subject ?property &lt;http://dbpedia.org/resource/Georges_de_Porto-Riche&gt;.
}}
select distinct ?subject ?property 
where 
 { GRAPH &lt;http://dbpedia.org&gt;{?subject ?property &lt;http://dbpedia.org/resource/Gisèle_Freund&gt;.
}}
select distinct ?subject ?property 
where 
 { GRAPH &lt;http://dbpedia.org&gt;{?subject ?property &lt;http://dbpedia.org/resource/Guillaume_Coustou_the_Elder&gt;.
}}
select distinct ?subject ?property 
where 
 { GRAPH &lt;http://dbpedia.org&gt;{?subject ?property &lt;http://dbpedia.org/resource/Guillaume_Coustou_the_Younger&gt;.
}}
select distinct ?subject ?property 
where 
 { GRAPH &lt;http://dbpedia.org&gt;{?subject ?property &lt;http://dbpedia.org/resource/Gustav_Ernst_von_Stackelberg&gt;.
}}
select distinct ?subject ?property 
where 
 { GRAPH &lt;http://dbpedia.org&gt;{?subject ?property &lt;http://dbpedia.org/resource/Gustave-Claude-Etienne_Courtois&gt;.
}}
select distinct ?subject ?property 
where 
 { GRAPH &lt;http://dbpedia.org&gt;{?subject ?property &lt;http://dbpedia.org/resource/Gustave_Hervé&gt;.
}}
select distinct ?subject ?property 
where 
 { GRAPH &lt;http://dbpedia.org&gt;{?subject ?property &lt;http://dbpedia.org/resource/Henri-Louis_Duhamel_du_Monceau&gt;.
}}
select distinct ?subject ?property 
where 
 { GRAPH &lt;http://dbpedia.org&gt;{?subject ?property &lt;http://dbpedia.org/resource/Henri_Bouchard&gt;.
}}
select distinct ?subject ?property 
where 
 { GRAPH &lt;http://dbpedia.org&gt;{?subject ?property &lt;http://dbpedia.org/resource/Henri_Piet&gt;.
}}
select distinct ?subject ?property 
where 
 { GRAPH &lt;http://dbpedia.org&gt;{?subject ?property &lt;http://dbpedia.org/resource/Henri_Vidal&gt;.
}}
select distinct ?subject ?property 
where 
 { GRAPH &lt;http://dbpedia.org&gt;{?subject ?property &lt;http://dbpedia.org/resource/Henry_de_Montherlant&gt;.
}}
select distinct ?subject ?property 
where 
 { GRAPH &lt;http://dbpedia.org&gt;{?subject ?property &lt;http://dbpedia.org/resource/Hermann_Vogel_(French_illustrator)&gt;.
}}
select distinct ?subject ?property 
where 
 { GRAPH &lt;http://dbpedia.org&gt;{?subject ?property &lt;http://dbpedia.org/resource/Hervé_(composer)&gt;.
}}
select distinct ?subject ?property 
where 
 { GRAPH &lt;http://dbpedia.org&gt;{?subject ?property &lt;http://dbpedia.org/resource/Hubert_Deschamps&gt;.
}}
select distinct ?subject ?property 
where 
 { GRAPH &lt;http://dbpedia.org&gt;{?subject ?property &lt;http://dbpedia.org/resource/Jacqueline_Auriol&gt;.
}}
select distinct ?subject ?property 
where 
 { GRAPH &lt;http://dbpedia.org&gt;{?subject ?property &lt;http://dbpedia.org/resource/Jacques_Barbeu-Dubourg&gt;.
}}
select distinct ?subject ?property 
where 
 { GRAPH &lt;http://dbpedia.org&gt;{?subject ?property &lt;http://dbpedia.org/resource/Jacques_de_Flesselles&gt;.
}}
select distinct ?subject ?property 
where 
 { GRAPH &lt;http://dbpedia.org&gt;{?subject ?property &lt;http://dbpedia.org/resource/Jean-Baptiste_Le_Moyne,_Sieur_de_Bienville&gt;.
}}
select distinct ?subject ?property 
where 
 { GRAPH &lt;http://dbpedia.org&gt;{?subject ?property &lt;http://dbpedia.org/resource/Jean-Baptiste_de_Lavalette&gt;.
}}
select distinct ?subject ?property 
where 
 { GRAPH &lt;http://dbpedia.org&gt;{?subject ?property &lt;http://dbpedia.org/resource/Jean-Charles_Chenu&gt;.
}}
select distinct ?subject ?property 
where 
 { GRAPH &lt;http://dbpedia.org&gt;{?subject ?property &lt;http://dbpedia.org/resource/Jean-Louis_Duport&gt;.
}}
select distinct ?subject ?property 
where 
 { GRAPH &lt;http://dbpedia.org&gt;{?subject ?property &lt;http://dbpedia.org/resource/Jean_Antoine_Arthur_Gris&gt;.
}}
select distinct ?subject ?property 
where 
 { GRAPH &lt;http://dbpedia.org&gt;{?subject ?property &lt;http://dbpedia.org/resource/Jean_Audran&gt;.
}}
select distinct ?subject ?property 
where 
 { GRAPH &lt;http://dbpedia.org&gt;{?subject ?property &lt;http://dbpedia.org/resource/Jean_Domat&gt;.
}}
select distinct ?subject ?property 
where 
 { GRAPH &lt;http://dbpedia.org&gt;{?subject ?property &lt;http://dbpedia.org/resource/Jean_de_Chelles&gt;.
}}
select distinct ?subject ?property 
where 
 { GRAPH &lt;http://dbpedia.org&gt;{?subject ?property &lt;http://dbpedia.org/resource/Jeanne_Hatto&gt;.
}}
select distinct ?subject ?property 
where 
 { GRAPH &lt;http://dbpedia.org&gt;{?subject ?property &lt;http://dbpedia.org/resource/Joseph_Hansen_(dancer)&gt;.
}}
select distinct ?subject ?property 
where 
 { GRAPH &lt;http://dbpedia.org&gt;{?subject ?property &lt;http://dbpedia.org/resource/Juan_Montalvo&gt;.
}}
select distinct ?subject ?property 
where 
 { GRAPH &lt;http://dbpedia.org&gt;{?subject ?property &lt;http://dbpedia.org/resource/Juana_Romani&gt;.
}}
select distinct ?subject ?property 
where 
 { GRAPH &lt;http://dbpedia.org&gt;{?subject ?property &lt;http://dbpedia.org/resource/Konstantin_Balmont&gt;.
}}
select distinct ?subject ?property 
where 
 { GRAPH &lt;http://dbpedia.org&gt;{?subject ?property &lt;http://dbpedia.org/resource/Leonor_Fini&gt;.
}}
select distinct ?subject ?property 
where 
 { GRAPH &lt;http://dbpedia.org&gt;{?subject ?property &lt;http://dbpedia.org/resource/Louis_Duport&gt;.
}}
select distinct ?subject ?property 
where 
 { GRAPH &lt;http://dbpedia.org&gt;{?subject ?property &lt;http://dbpedia.org/resource/Louis_Edmond_Duranty&gt;.
}}
select distinct ?subject ?property 
where 
 { GRAPH &lt;http://dbpedia.org&gt;{?subject ?property &lt;http://dbpedia.org/resource/Louis_Joseph_César_Ducornet&gt;.
}}
select distinct ?subject ?property 
where 
 { GRAPH &lt;http://dbpedia.org&gt;{?subject ?property &lt;http://dbpedia.org/resource/Louis_de_Sacy&gt;.
}}
select distinct ?subject ?property 
where 
 { GRAPH &lt;http://dbpedia.org&gt;{?subject ?property &lt;http://dbpedia.org/resource/Luca_Penni&gt;.
}}
select distinct ?subject ?property 
where 
 { GRAPH &lt;http://dbpedia.org&gt;{?subject ?property &lt;http://dbpedia.org/resource/Ludwig_Kalisch&gt;.
}}
select distinct ?subject ?property 
where 
 { GRAPH &lt;http://dbpedia.org&gt;{?subject ?property &lt;http://dbpedia.org/resource/Léon_Carvalho&gt;.
}}
select distinct ?subject ?property 
where 
 { GRAPH &lt;http://dbpedia.org&gt;{?subject ?property &lt;http://dbpedia.org/resource/Marcel-Paul_Schützenberger&gt;.
}}
select distinct ?subject ?property 
where 
 { GRAPH &lt;http://dbpedia.org&gt;{?subject ?property &lt;http://dbpedia.org/resource/Marcel_Bitsch&gt;.
}}
select distinct ?subject ?property 
where 
 { GRAPH &lt;http://dbpedia.org&gt;{?subject ?property &lt;http://dbpedia.org/resource/Marcel_Landowski&gt;.
}}
select distinct ?subject ?property 
where 
 { GRAPH &lt;http://dbpedia.org&gt;{?subject ?property &lt;http://dbpedia.org/resource/Marie-Dominique_Chenu&gt;.
}}
select distinct ?subject ?property 
where 
 { GRAPH &lt;http://dbpedia.org&gt;{?subject ?property &lt;http://dbpedia.org/resource/Marie_Fel&gt;.
}}
select distinct ?subject ?property 
where 
 { GRAPH &lt;http://dbpedia.org&gt;{?subject ?property &lt;http://dbpedia.org/resource/Martin_Carlin&gt;.
}}
select distinct ?subject ?property 
where 
 { GRAPH &lt;http://dbpedia.org&gt;{?subject ?property &lt;http://dbpedia.org/resource/Maryse_Choisy&gt;.
}}
select distinct ?subject ?property 
where 
 { GRAPH &lt;http://dbpedia.org&gt;{?subject ?property &lt;http://dbpedia.org/resource/Maurice_Gamelin&gt;.
}}
select distinct ?subject ?property 
where 
 { GRAPH &lt;http://dbpedia.org&gt;{?subject ?property &lt;http://dbpedia.org/resource/Max_Linder&gt;.
}}
select distinct ?subject ?property 
where 
 { GRAPH &lt;http://dbpedia.org&gt;{?subject ?property &lt;http://dbpedia.org/resource/Mickey_Finn_(guitarist)&gt;.
}}
select distinct ?subject ?property 
where 
 { GRAPH &lt;http://dbpedia.org&gt;{?subject ?property &lt;http://dbpedia.org/resource/Monique_Mélinand&gt;.
}}
select distinct ?subject ?property 
where 
 { GRAPH &lt;http://dbpedia.org&gt;{?subject ?property &lt;http://dbpedia.org/resource/Monique_Papon&gt;.
}}
select distinct ?subject ?property 
where 
 { GRAPH &lt;http://dbpedia.org&gt;{?subject ?property &lt;http://dbpedia.org/resource/Niccol?_Piccinni&gt;.
}}
select distinct ?subject ?property 
where 
 { GRAPH &lt;http://dbpedia.org&gt;{?subject ?property &lt;http://dbpedia.org/resource/Nicholas_of_Lyra&gt;.
}}
select distinct ?subject ?property 
where 
 { GRAPH &lt;http://dbpedia.org&gt;{?subject ?property &lt;http://dbpedia.org/resource/Nicolas_Bernier&gt;.
}}
select distinct ?subject ?property 
where 
 { GRAPH &lt;http://dbpedia.org&gt;{?subject ?property &lt;http://dbpedia.org/resource/Nicolas_Coustou&gt;.
}}
select distinct ?subject ?property 
where 
 { GRAPH &lt;http://dbpedia.org&gt;{?subject ?property &lt;http://dbpedia.org/resource/Nicolas_Fouché&gt;.
}}
select distinct ?subject ?property 
where 
 { GRAPH &lt;http://dbpedia.org&gt;{?subject ?property &lt;http://dbpedia.org/resource/Noël_Coypel&gt;.
}}
select distinct ?subject ?property 
where 
 { GRAPH &lt;http://dbpedia.org&gt;{?subject ?property &lt;http://dbpedia.org/resource/Octave_Tassaert&gt;.
}}
select distinct ?subject ?property 
where 
 { GRAPH &lt;http://dbpedia.org&gt;{?subject ?property &lt;http://dbpedia.org/resource/Olivier_Greif&gt;.
}}
select distinct ?subject ?property 
where 
 { GRAPH &lt;http://dbpedia.org&gt;{?subject ?property &lt;http://dbpedia.org/resource/Paul_Joseph_Barthez&gt;.
}}
select distinct ?subject ?property 
where 
 { GRAPH &lt;http://dbpedia.org&gt;{?subject ?property &lt;http://dbpedia.org/resource/Paul_Vidal&gt;.
}}
select distinct ?subject ?property 
where 
 { GRAPH &lt;http://dbpedia.org&gt;{?subject ?property &lt;http://dbpedia.org/resource/Paule_Maurice&gt;.
}}
select distinct ?subject ?property 
where 
 { GRAPH &lt;http://dbpedia.org&gt;{?subject ?property &lt;http://dbpedia.org/resource/Paulus_Aemilius_Veronensis&gt;.
}}
select distinct ?subject ?property 
where 
 { GRAPH &lt;http://dbpedia.org&gt;{?subject ?property &lt;http://dbpedia.org/resource/Peter_Berngardovich_Struve&gt;.
}}
select distinct ?subject ?property 
where 
 { GRAPH &lt;http://dbpedia.org&gt;{?subject ?property &lt;http://dbpedia.org/resource/Peter_Ryan_(racing_driver)&gt;.
}}
select distinct ?subject ?property 
where 
 { GRAPH &lt;http://dbpedia.org&gt;{?subject ?property &lt;http://dbpedia.org/resource/Philip_the_Chancellor&gt;.
}}
select distinct ?subject ?property 
where 
 { GRAPH &lt;http://dbpedia.org&gt;{?subject ?property &lt;http://dbpedia.org/resource/Philippe_Henriot&gt;.
}}
select distinct ?subject ?property 
where 
 { GRAPH &lt;http://dbpedia.org&gt;{?subject ?property &lt;http://dbpedia.org/resource/Pierre_Bertin_(actor)&gt;.
}}
select distinct ?subject ?property 
where 
 { GRAPH &lt;http://dbpedia.org&gt;{?subject ?property &lt;http://dbpedia.org/resource/Pierre_Ducornet&gt;.
}}
select distinct ?subject ?property 
where 
 { GRAPH &lt;http://dbpedia.org&gt;{?subject ?property &lt;http://dbpedia.org/resource/Pierre_Klossowski&gt;.
}}
select distinct ?subject ?property 
where 
 { GRAPH &lt;http://dbpedia.org&gt;{?subject ?property &lt;http://dbpedia.org/resource/Pol_Plançon&gt;.
}}
select distinct ?subject ?property 
where 
 { GRAPH &lt;http://dbpedia.org&gt;{?subject ?property &lt;http://dbpedia.org/resource/Prince_Zeid_bin_Hussein&gt;.
}}
select distinct ?subject ?property 
where 
 { GRAPH &lt;http://dbpedia.org&gt;{?subject ?property &lt;http://dbpedia.org/resource/Raoul_Pictet&gt;.
}}
select distinct ?subject ?property 
where 
 { GRAPH &lt;http://dbpedia.org&gt;{?subject ?property &lt;http://dbpedia.org/resource/Raoul_Salan&gt;.
}}
select distinct ?subject ?property 
where 
 { GRAPH &lt;http://dbpedia.org&gt;{?subject ?property &lt;http://dbpedia.org/resource/René_Pleven&gt;.
}}
select distinct ?subject ?property 
where 
 { GRAPH &lt;http://dbpedia.org&gt;{?subject ?property &lt;http://dbpedia.org/resource/René_Schützenberger&gt;.
}}
select distinct ?subject ?property 
where 
 { GRAPH &lt;http://dbpedia.org&gt;{?subject ?property &lt;http://dbpedia.org/resource/Renée_Vivien&gt;.
}}
select distinct ?subject ?property 
where 
 { GRAPH &lt;http://dbpedia.org&gt;{?subject ?property &lt;http://dbpedia.org/resource/Serge_Poliakoff&gt;.
}}
select distinct ?subject ?property 
where 
 { GRAPH &lt;http://dbpedia.org&gt;{?subject ?property &lt;http://dbpedia.org/resource/Sonia_Rykiel&gt;.
}}
select distinct ?subject ?property 
where 
 { GRAPH &lt;http://dbpedia.org&gt;{?subject ?property &lt;http://dbpedia.org/resource/Théodore-Pierre_Bertin&gt;.
}}
select distinct ?subject ?property 
where 
 { GRAPH &lt;http://dbpedia.org&gt;{?subject ?property &lt;http://dbpedia.org/resource/Théophraste_Renaudot&gt;.
}}
select distinct ?subject ?property 
where 
 { GRAPH &lt;http://dbpedia.org&gt;{?subject ?property &lt;http://dbpedia.org/resource/Ustazade_Silvestre_de_Sacy&gt;.
}}
select distinct ?subject ?property 
where 
 { GRAPH &lt;http://dbpedia.org&gt;{?subject ?property &lt;http://dbpedia.org/resource/Vincent_Auriol&gt;.
}}
select distinct ?subject ?property 
where 
 { GRAPH &lt;http://dbpedia.org&gt;{?subject ?property &lt;http://dbpedia.org/resource/Vincent_Vidal&gt;.
}}
select distinct ?subject ?property 
where 
 { GRAPH &lt;http://dbpedia.org&gt;{?subject ?property &lt;http://dbpedia.org/resource/Zygmunt_Krasi?ski&gt;.
}}
select distinct ?subject ?property 
where 
 { GRAPH &lt;http://dbpedia.org&gt;{?subject ?property &lt;http://dbpedia.org/resource/?mile_Flourens&gt;.
}}
select distinct ?subject ?property 
where 
 { GRAPH &lt;http://dbpedia.org&gt;{?subject ?property &lt;http://dbpedia.org/resource/?mile_Henriot_(writer)&gt;.
}}
select distinct ?subject ?property 
where 
 { GRAPH &lt;http://dbpedia.org&gt;{?subject ?property &lt;http://dbpedia.org/resource/?tienne-Alexandre_Bernier&gt;.
}}
select distinct ?subject ?property 
where 
 { GRAPH &lt;http://dbpedia.org&gt;{?subject ?property &lt;http://dbpedia.org/resource/?tienne-Louis_Malus&gt;.
}}
select distinct ?subject ?property 
where 
 { GRAPH &lt;http://dbpedia.org&gt;{?subject ?property &lt;http://dbpedia.org/resource/?tienne_Arago&gt;.
}}
select distinct ?subject ?property 
where 
 { GRAPH &lt;http://dbpedia.org&gt;{?subject ?property &lt;http://dbpedia.org/resource/?tienne_Bal?zs&gt;.
}}
select distinct ?subject ?property 
where 
 { GRAPH &lt;http://dbpedia.org&gt;{?subject ?property &lt;http://dbpedia.org/resource/?tienne_Clavière&gt;.
}}
select distinct ?subject ?property 
where 
 { GRAPH &lt;http://dbpedia.org&gt;{?subject ?property &lt;http://dbpedia.org/resource/?tienne_Dolet&gt;.
}}
select distinct ?subject ?property 
where 
 { GRAPH &lt;http://dbpedia.org&gt;{?subject ?property &lt;http://dbpedia.org/resource/?tienne_Eustache_Bruix&gt;.
}}
select distinct ?subject ?property 
where 
 { GRAPH &lt;http://dbpedia.org&gt;{?subject ?property &lt;http://dbpedia.org/resource/?tienne_Fourmont&gt;.
}}
select distinct ?subject ?property 
where 
 { GRAPH &lt;http://dbpedia.org&gt;{?subject ?property &lt;http://dbpedia.org/resource/?tienne_Jodelle&gt;.
}}
select distinct ?subject ?property 
where 
 { GRAPH &lt;http://dbpedia.org&gt;{?subject ?property &lt;http://dbpedia.org/resource/?tienne_Lenoir_(instrument_maker)&gt;.
}}
select distinct ?subject ?property 
where 
 { GRAPH &lt;http://dbpedia.org&gt;{?subject ?property &lt;http://dbpedia.org/resource/?tienne_Loulié&gt;.
}}
select distinct ?subject ?property 
where 
 { GRAPH &lt;http://dbpedia.org&gt;{?subject ?property &lt;http://dbpedia.org/resource/?tienne_Marcel&gt;.
}}
select distinct ?subject ?property 
where 
 { GRAPH &lt;http://dbpedia.org&gt;{?subject ?property &lt;http://dbpedia.org/resource/?tienne_Maurice_Falconet&gt;.
}}
select distinct ?subject ?property 
where 
 { GRAPH &lt;http://dbpedia.org&gt;{?subject ?property &lt;http://dbpedia.org/resource/?tienne_Méhul&gt;.
}}
select distinct ?subject ?property 
where 
 { GRAPH &lt;http://dbpedia.org&gt;{?subject ?property &lt;http://dbpedia.org/resource/?tienne_Pascal&gt;.
}}
select distinct ?subject ?property 
where 
 { GRAPH &lt;http://dbpedia.org&gt;{?subject ?property &lt;http://dbpedia.org/resource/?tienne_Pasquier&gt;.
}}
select distinct ?subject ?property 
where 
 { GRAPH &lt;http://dbpedia.org&gt;{?subject ?property &lt;http://dbpedia.org/resource/?tienne_Pernet&gt;.
}}
select distinct ?subject ?property 
where 
 { GRAPH &lt;http://dbpedia.org&gt;{?subject ?property &lt;http://dbpedia.org/resource/?tienne_Pierre_Ventenat&gt;.
}}
select distinct ?subject ?property 
where 
 { GRAPH &lt;http://dbpedia.org&gt;{?subject ?property &lt;http://dbpedia.org/resource/?tienne_Tempier&gt;.
}}
select distinct ?subject ?property 
where 
 { GRAPH &lt;http://dbpedia.org&gt;{?subject ?property &lt;http://dbpedia.org/resource/?tienne_Wasserzug&gt;.
}}
select distinct ?subject ?property 
where 
 { GRAPH &lt;http://dbpedia.org&gt;{?subject ?property &lt;http://dbpedia.org/resource/?tienne_Weill-Raynal&gt;.
}}
select distinct ?subject ?property 
where 
 { GRAPH &lt;http://dbpedia.org&gt;{?subject ?property &lt;http://dbpedia.org/resource/Arthur_Gamgee&gt;.
}}
select distinct ?subject ?property 
where 
 { GRAPH &lt;http://dbpedia.org&gt;{?subject ?property &lt;http://dbpedia.org/resource/Franck_Biancheri&gt;.
}}
select distinct ?subject ?property 
where 
 { GRAPH &lt;http://dbpedia.org&gt;{?subject ?property &lt;http://dbpedia.org/resource/Mike_Zwerin&gt;.
}}
select distinct ?subject ?property 
where 
 { GRAPH &lt;http://dbpedia.org&gt;{?subject ?property &lt;http://dbpedia.org/resource/DJ_Mehdi&gt;.
}}
select distinct ?subject ?property 
where 
 { GRAPH &lt;http://dbpedia.org&gt;{?subject ?property &lt;http://dbpedia.org/resource/Francine,_Princess_of_Montenegro&gt;.
}}
select distinct ?subject ?property 
where 
 { GRAPH &lt;http://dbpedia.org&gt;{?subject ?property &lt;http://dbpedia.org/resource/Ivan_Shmelyov&gt;.
}}
select distinct ?subject ?property 
where 
 { GRAPH &lt;http://dbpedia.org&gt;{?subject ?property &lt;http://dbpedia.org/resource/Jean-François_Houbigant&gt;.
}}
select distinct ?subject ?property 
where 
 { GRAPH &lt;http://dbpedia.org&gt;{?subject ?property &lt;http://dbpedia.org/resource/Jean-Pierre_Yvaral&gt;.
}}
select distinct ?subject ?property 
where 
 { GRAPH &lt;http://dbpedia.org&gt;{?subject ?property &lt;http://dbpedia.org/resource/Marek_Szwarc&gt;.
}}
select distinct ?subject ?property 
where 
 { GRAPH &lt;http://dbpedia.org&gt;{?subject ?property &lt;http://dbpedia.org/resource/Erika_Abels_d&apos;Albert&gt;.
}}
select distinct ?subject ?property 
where 
 { GRAPH &lt;http://dbpedia.org&gt;{?subject ?property &lt;http://dbpedia.org/resource/Ervin_Marton&gt;.
}}
select distinct ?subject ?property 
where 
 { GRAPH &lt;http://dbpedia.org&gt;{?subject ?property &lt;http://dbpedia.org/resource/Francis_Muguet&gt;.
}}
select distinct ?subject ?property 
where 
 { GRAPH &lt;http://dbpedia.org&gt;{?subject ?property &lt;http://dbpedia.org/resource/Henry_Plée&gt;.
}}
select distinct ?subject ?property 
where 
 { GRAPH &lt;http://dbpedia.org&gt;{?subject ?property &lt;http://dbpedia.org/resource/Malak_Jân_Nemati&gt;.
}}
select distinct ?subject ?property 
where 
 { GRAPH &lt;http://dbpedia.org&gt;{?subject ?property &lt;http://dbpedia.org/resource/Nicolas_Eekman&gt;.
}}
select distinct ?subject ?property 
where 
 { GRAPH &lt;http://dbpedia.org&gt;{?subject ?property &lt;http://dbpedia.org/resource/Paul_Collomb&gt;.
}}
select distinct ?subject ?property 
where 
 { GRAPH &lt;http://dbpedia.org&gt;{?subject ?property &lt;http://dbpedia.org/resource/Raimundo_Correia&gt;.
}}
select distinct ?subject ?property 
where 
 { GRAPH &lt;http://dbpedia.org&gt;{?subject ?property &lt;http://dbpedia.org/resource/Reginald_Gray_(artist)&gt;.
}}
select distinct ?subject ?property 
where 
 { GRAPH &lt;http://dbpedia.org&gt;{?subject ?property &lt;http://dbpedia.org/resource/Jacqueline_Marval&gt;.
}}
select distinct ?subject ?property 
where 
 { GRAPH &lt;http://dbpedia.org&gt;{?subject ?property &lt;http://dbpedia.org/resource/Jacques_Dauphin&gt;.
}}
select distinct ?subject ?property 
where 
 { GRAPH &lt;http://dbpedia.org&gt;{?subject ?property &lt;http://dbpedia.org/resource/Jacques_Guerlain&gt;.
}}
select distinct ?subject ?property 
where 
 { GRAPH &lt;http://dbpedia.org&gt;{?subject ?property &lt;http://dbpedia.org/resource/René_Margotton&gt;.
}}
select distinct ?subject ?property 
where 
 { GRAPH &lt;http://dbpedia.org&gt;{?subject ?property &lt;http://dbpedia.org/resource/Stephen_Sauvestre&gt;.
}}
select distinct ?subject ?property 
where 
 { GRAPH &lt;http://dbpedia.org&gt;{?subject ?property &lt;http://dbpedia.org/resource/Willy_Rizzo&gt;.
}}
select distinct ?subject ?property 
where 
 { GRAPH &lt;http://dbpedia.org&gt;{?subject ?property &lt;http://dbpedia.org/resource/?ric_Charden&gt;.
}}
select distinct ?subject ?property 
where 
 { GRAPH &lt;http://dbpedia.org&gt;{?subject ?property &lt;http://dbpedia.org/resource/Louis_Marin_(philosopher)&gt;.
}}
select distinct ?subject ?property 
where 
 { GRAPH &lt;http://dbpedia.org&gt;{?subject ?property &lt;http://dbpedia.org/resource/Louis_Marin_(politician)&gt;.
}}
select distinct ?subject ?property 
where 
 { GRAPH &lt;http://dbpedia.org&gt;{?subject ?property &lt;http://dbpedia.org/resource/Simon_Laks&gt;.
}}
select distinct ?subject ?property 
where 
 { GRAPH &lt;http://dbpedia.org&gt;{?subject ?property &lt;http://dbpedia.org/resource/Abel_Decaux&gt;.
}}
select distinct ?subject ?property 
where 
 { GRAPH &lt;http://dbpedia.org&gt;{?subject ?property &lt;http://dbpedia.org/resource/Adelaide_Filleul,_Marquise_de_Souza-Botelho&gt;.
}}
select distinct ?subject ?property 
where 
 { GRAPH &lt;http://dbpedia.org&gt;{?subject ?property &lt;http://dbpedia.org/resource/Adéodat_Boissard&gt;.
}}
select distinct ?subject ?property 
where 
 { GRAPH &lt;http://dbpedia.org&gt;{?subject ?property &lt;http://dbpedia.org/resource/Alain_Decaux&gt;.
}}
select distinct ?subject ?property 
where 
 { GRAPH &lt;http://dbpedia.org&gt;{?subject ?property &lt;http://dbpedia.org/resource/Anatole_Chauffard&gt;.
}}
select distinct ?subject ?property 
where 
 { GRAPH &lt;http://dbpedia.org&gt;{?subject ?property &lt;http://dbpedia.org/resource/André_Audinet&gt;.
}}
select distinct ?subject ?property 
where 
 { GRAPH &lt;http://dbpedia.org&gt;{?subject ?property &lt;http://dbpedia.org/resource/André_Berthon&gt;.
}}
select distinct ?subject ?property 
where 
 { GRAPH &lt;http://dbpedia.org&gt;{?subject ?property &lt;http://dbpedia.org/resource/André_Clavé&gt;.
}}
select distinct ?subject ?property 
where 
 { GRAPH &lt;http://dbpedia.org&gt;{?subject ?property &lt;http://dbpedia.org/resource/André_Green_(psychoanalyst)&gt;.
}}
select distinct ?subject ?property 
where 
 { GRAPH &lt;http://dbpedia.org&gt;{?subject ?property &lt;http://dbpedia.org/resource/André_Guinier&gt;.
}}
select distinct ?subject ?property 
where 
 { GRAPH &lt;http://dbpedia.org&gt;{?subject ?property &lt;http://dbpedia.org/resource/André_Mourlon&gt;.
}}
select distinct ?subject ?property 
where 
 { GRAPH &lt;http://dbpedia.org&gt;{?subject ?property &lt;http://dbpedia.org/resource/André_Tollet&gt;.
}}
select distinct ?subject ?property 
where 
 { GRAPH &lt;http://dbpedia.org&gt;{?subject ?property &lt;http://dbpedia.org/resource/Anne-Adrien-Pierre_de_Montmorency-Laval&gt;.
}}
select distinct ?subject ?property 
where 
 { GRAPH &lt;http://dbpedia.org&gt;{?subject ?property &lt;http://dbpedia.org/resource/Anne_Marie_Martinozzi&gt;.
}}
select distinct ?subject ?property 
where 
 { GRAPH &lt;http://dbpedia.org&gt;{?subject ?property &lt;http://dbpedia.org/resource/Antoine-François_Riccoboni&gt;.
}}
select distinct ?subject ?property 
where 
 { GRAPH &lt;http://dbpedia.org&gt;{?subject ?property &lt;http://dbpedia.org/resource/Antoine_Crozat&gt;.
}}
</system-out>
  </testcase>
  <testcase classname="lds.graph.GraphManagerTest" name="constrcutRecursivellyResourceGraphTest" time="0.435"/>
</testsuite>